[2019-05-09 10:16:57] RabbitPrint.WARNING:  | | | daftar_pesanan.php -> membuka halaman [] []
[2019-05-09 10:16:57] RabbitPrint.WARNING:  | | | daftar_pesanan.php -> sel_pesanan : SELECT psn.*, plg.pelanggan_nama	FROM pesanan psn JOIN pelanggan plg ON plg.pelanggan_id = psn.pesanan_pelanggan_id ORDER BY psn.pesanan_id DESC [] []
[2019-05-09 10:16:57] RabbitPrint.WARNING:  | | | daftar_pesanan.php -> jml. pesanan : 0 [] []
[2019-05-09 10:17:02] RabbitPrint.WARNING:  | | | data_pelanggan.php -> sel_pelanggan : SELECT * FROM pelanggan [] []
[2019-05-09 10:17:02] RabbitPrint.WARNING:  | | | data_pelanggan.php -> jml. pelanggan : 1 [] []
[2019-05-09 10:17:02] RabbitPrint.WARNING:  | | | lihat_pesanan.php -> load [] []
[2019-05-09 10:17:02] RabbitPrint.WARNING:  | | | lihat_pesanan.php -> sel_psn : SELECT * FROM pesanan WHERE pesanan_no_pesanan = 'PSN/20190504/001' [] []
[2019-05-09 10:17:02] RabbitPrint.WARNING:  | | | lihat_pesanan.php -> sel_plg : SELECT pelanggan_nama FROM pelanggan WHERE pelanggan_id = 3 [] []
[2019-05-09 10:17:02] RabbitPrint.WARNING:  | | | lihat_pesanan.php -> sel_detailpsn : SELECT * FROM detail_pesanan WHERE detail_pesanan_no_pesanan = 'PSN/20190504/001' [] []
[2019-05-09 10:17:16] RabbitPrint.WARNING:  | | | daftar_pesanan.php -> membuka halaman [] []
[2019-05-09 10:17:16] RabbitPrint.WARNING:  | | | daftar_pesanan.php -> sel_pesanan : SELECT psn.*, plg.pelanggan_nama	FROM pesanan psn JOIN pelanggan plg ON plg.pelanggan_id = psn.pesanan_pelanggan_id ORDER BY psn.pesanan_id DESC [] []
[2019-05-09 10:17:16] RabbitPrint.WARNING:  | | | daftar_pesanan.php -> jml. pesanan : 0 [] []
[2019-05-09 10:17:21] RabbitPrint.WARNING:  | | | data_pelanggan.php -> sel_pelanggan : SELECT * FROM pelanggan [] []
[2019-05-09 10:17:21] RabbitPrint.WARNING:  | | | data_pelanggan.php -> jml. pelanggan : 1 [] []
[2019-05-09 10:17:21] RabbitPrint.WARNING:  | | | functions.php -> getDetailPesananKey() -> selectkey : SELECT MAX(detail_pesanan_key) AS detail_key FROM detail_pesanan; [] []
[2019-05-09 10:17:21] RabbitPrint.WARNING:  | | | functions.php -> getDetailPesananKey() -> detail_key : 0000000005 [] []
[2019-05-09 10:17:21] RabbitPrint.WARNING:  | | | pesanan.php -> load [] []
[2019-05-09 10:20:39] RabbitPrint.WARNING:  | | | data_pelanggan.php -> sel_pelanggan : SELECT * FROM pelanggan [] []
[2019-05-09 10:20:39] RabbitPrint.WARNING:  | | | data_pelanggan.php -> jml. pelanggan : 1 [] []
[2019-05-09 10:20:39] RabbitPrint.WARNING:  | | | functions.php -> getDetailPesananKey() -> selectkey : SELECT MAX(detail_pesanan_key) AS detail_key FROM detail_pesanan; [] []
[2019-05-09 10:20:39] RabbitPrint.WARNING:  | | | functions.php -> getDetailPesananKey() -> detail_key : 0000000005 [] []
[2019-05-09 10:20:39] RabbitPrint.WARNING:  | | | pesanan.php -> load [] []
[2019-05-09 10:26:28] RabbitPrint.WARNING:  | | | data_pelanggan.php -> sel_pelanggan : SELECT * FROM pelanggan [] []
[2019-05-09 10:26:28] RabbitPrint.WARNING:  | | | data_pelanggan.php -> jml. pelanggan : 1 [] []
[2019-05-09 10:26:28] RabbitPrint.WARNING:  | | | functions.php -> getDetailPesananKey() -> selectkey : SELECT MAX(detail_pesanan_key) AS detail_key FROM detail_pesanan; [] []
[2019-05-09 10:26:28] RabbitPrint.WARNING:  | | | functions.php -> getDetailPesananKey() -> detail_key : 0000000005 [] []
[2019-05-09 10:26:28] RabbitPrint.WARNING:  | | | pesanan.php -> load [] []
[2019-05-09 10:28:55] RabbitPrint.WARNING:  | | | data_pelanggan.php -> sel_pelanggan : SELECT * FROM pelanggan [] []
[2019-05-09 10:28:55] RabbitPrint.WARNING:  | | | data_pelanggan.php -> jml. pelanggan : 1 [] []
[2019-05-09 10:28:55] RabbitPrint.WARNING:  | | | functions.php -> getDetailPesananKey() -> selectkey : SELECT MAX(detail_pesanan_key) AS detail_key FROM detail_pesanan; [] []
[2019-05-09 10:28:55] RabbitPrint.WARNING:  | | | functions.php -> getDetailPesananKey() -> detail_key : 0000000005 [] []
[2019-05-09 10:28:55] RabbitPrint.WARNING:  | | | pesanan.php -> load [] []
[2019-05-09 10:29:10] RabbitPrint.WARNING:  | | | data_pelanggan.php -> sel_pelanggan : SELECT * FROM pelanggan [] []
[2019-05-09 10:29:10] RabbitPrint.WARNING:  | | | data_pelanggan.php -> jml. pelanggan : 1 [] []
[2019-05-09 10:29:10] RabbitPrint.WARNING:  | | | functions.php -> getDetailPesananKey() -> selectkey : SELECT MAX(detail_pesanan_key) AS detail_key FROM detail_pesanan; [] []
[2019-05-09 10:29:10] RabbitPrint.WARNING:  | | | functions.php -> getDetailPesananKey() -> detail_key : 0000000005 [] []
[2019-05-09 10:29:10] RabbitPrint.WARNING:  | | | pesanan.php -> load [] []
[2019-05-09 10:29:28] RabbitPrint.WARNING:  | | | data_pelanggan.php -> sel_pelanggan : SELECT * FROM pelanggan [] []
[2019-05-09 10:29:28] RabbitPrint.WARNING:  | | | data_pelanggan.php -> jml. pelanggan : 1 [] []
[2019-05-09 10:29:28] RabbitPrint.WARNING:  | | | functions.php -> getDetailPesananKey() -> selectkey : SELECT MAX(detail_pesanan_key) AS detail_key FROM detail_pesanan; [] []
[2019-05-09 10:29:28] RabbitPrint.WARNING:  | | | functions.php -> getDetailPesananKey() -> detail_key : 0000000005 [] []
[2019-05-09 10:29:28] RabbitPrint.WARNING:  | | | pesanan.php -> load [] []
[2019-05-09 10:29:56] RabbitPrint.WARNING:  | | | data_pelanggan.php -> sel_pelanggan : SELECT * FROM pelanggan [] []
[2019-05-09 10:29:56] RabbitPrint.WARNING:  | | | data_pelanggan.php -> jml. pelanggan : 1 [] []
[2019-05-09 10:29:56] RabbitPrint.WARNING:  | | | functions.php -> getDetailPesananKey() -> selectkey : SELECT MAX(detail_pesanan_key) AS detail_key FROM detail_pesanan; [] []
[2019-05-09 10:29:56] RabbitPrint.WARNING:  | | | functions.php -> getDetailPesananKey() -> detail_key : 0000000005 [] []
[2019-05-09 10:29:56] RabbitPrint.WARNING:  | | | pesanan.php -> load [] []
[2019-05-09 10:30:03] RabbitPrint.WARNING:  | | | data_pelanggan.php -> sel_pelanggan : SELECT * FROM pelanggan [] []
[2019-05-09 10:30:03] RabbitPrint.WARNING:  | | | data_pelanggan.php -> jml. pelanggan : 1 [] []
[2019-05-09 10:30:03] RabbitPrint.WARNING:  | | | functions.php -> getDetailPesananKey() -> selectkey : SELECT MAX(detail_pesanan_key) AS detail_key FROM detail_pesanan; [] []
[2019-05-09 10:30:03] RabbitPrint.WARNING:  | | | functions.php -> getDetailPesananKey() -> detail_key : 0000000005 [] []
[2019-05-09 10:30:03] RabbitPrint.WARNING:  | | | pesanan.php -> load [] []
[2019-05-09 10:30:20] RabbitPrint.WARNING:  | | | data_pelanggan.php -> sel_pelanggan : SELECT * FROM pelanggan [] []
[2019-05-09 10:30:20] RabbitPrint.WARNING:  | | | data_pelanggan.php -> jml. pelanggan : 1 [] []
[2019-05-09 10:30:20] RabbitPrint.WARNING:  | | | functions.php -> getDetailPesananKey() -> selectkey : SELECT MAX(detail_pesanan_key) AS detail_key FROM detail_pesanan; [] []
[2019-05-09 10:30:20] RabbitPrint.WARNING:  | | | functions.php -> getDetailPesananKey() -> detail_key : 0000000005 [] []
[2019-05-09 10:30:20] RabbitPrint.WARNING:  | | | pesanan.php -> load [] []
[2019-05-09 10:30:31] RabbitPrint.WARNING:  | | | data_pelanggan.php -> sel_pelanggan : SELECT * FROM pelanggan [] []
[2019-05-09 10:30:31] RabbitPrint.WARNING:  | | | data_pelanggan.php -> jml. pelanggan : 1 [] []
[2019-05-09 10:30:31] RabbitPrint.WARNING:  | | | functions.php -> getDetailPesananKey() -> selectkey : SELECT MAX(detail_pesanan_key) AS detail_key FROM detail_pesanan; [] []
[2019-05-09 10:30:31] RabbitPrint.WARNING:  | | | functions.php -> getDetailPesananKey() -> detail_key : 0000000005 [] []
[2019-05-09 10:30:31] RabbitPrint.WARNING:  | | | pesanan.php -> load [] []
[2019-05-09 10:30:49] RabbitPrint.WARNING:  | | | data_pelanggan.php -> sel_pelanggan : SELECT * FROM pelanggan [] []
[2019-05-09 10:30:49] RabbitPrint.WARNING:  | | | data_pelanggan.php -> jml. pelanggan : 1 [] []
[2019-05-09 10:30:49] RabbitPrint.WARNING:  | | | functions.php -> getDetailPesananKey() -> selectkey : SELECT MAX(detail_pesanan_key) AS detail_key FROM detail_pesanan; [] []
[2019-05-09 10:30:49] RabbitPrint.WARNING:  | | | functions.php -> getDetailPesananKey() -> detail_key : 0000000005 [] []
[2019-05-09 10:30:49] RabbitPrint.WARNING:  | | | pesanan.php -> load [] []
[2019-05-09 10:30:57] RabbitPrint.WARNING:  | | | data_pelanggan.php -> sel_pelanggan : SELECT * FROM pelanggan [] []
[2019-05-09 10:30:57] RabbitPrint.WARNING:  | | | data_pelanggan.php -> jml. pelanggan : 1 [] []
[2019-05-09 10:30:57] RabbitPrint.WARNING:  | | | functions.php -> getDetailPesananKey() -> selectkey : SELECT MAX(detail_pesanan_key) AS detail_key FROM detail_pesanan; [] []
[2019-05-09 10:30:57] RabbitPrint.WARNING:  | | | functions.php -> getDetailPesananKey() -> detail_key : 0000000005 [] []
[2019-05-09 10:30:57] RabbitPrint.WARNING:  | | | pesanan.php -> load [] []
[2019-05-09 10:31:33] RabbitPrint.WARNING:  | | | data_pelanggan.php -> sel_pelanggan : SELECT * FROM pelanggan [] []
[2019-05-09 10:31:33] RabbitPrint.WARNING:  | | | data_pelanggan.php -> jml. pelanggan : 1 [] []
[2019-05-09 10:31:33] RabbitPrint.WARNING:  | | | functions.php -> getDetailPesananKey() -> selectkey : SELECT MAX(detail_pesanan_key) AS detail_key FROM detail_pesanan; [] []
[2019-05-09 10:31:33] RabbitPrint.WARNING:  | | | functions.php -> getDetailPesananKey() -> detail_key : 0000000005 [] []
[2019-05-09 10:31:33] RabbitPrint.WARNING:  | | | pesanan.php -> load [] []
[2019-05-09 10:34:06] RabbitPrint.WARNING:  | | | data_pelanggan.php -> sel_pelanggan : SELECT * FROM pelanggan [] []
[2019-05-09 10:34:06] RabbitPrint.WARNING:  | | | data_pelanggan.php -> jml. pelanggan : 1 [] []
[2019-05-09 10:34:06] RabbitPrint.WARNING:  | | | functions.php -> getDetailPesananKey() -> selectkey : SELECT MAX(detail_pesanan_key) AS detail_key FROM detail_pesanan; [] []
[2019-05-09 10:34:06] RabbitPrint.WARNING:  | | | functions.php -> getDetailPesananKey() -> detail_key : 0000000005 [] []
[2019-05-09 10:34:06] RabbitPrint.WARNING:  | | | pesanan.php -> load [] []
[2019-05-09 10:39:51] RabbitPrint.WARNING:  | | | data_pelanggan.php -> sel_pelanggan : SELECT * FROM pelanggan [] []
[2019-05-09 10:39:51] RabbitPrint.WARNING:  | | | data_pelanggan.php -> jml. pelanggan : 1 [] []
[2019-05-09 10:39:51] RabbitPrint.WARNING:  | | | functions.php -> getDetailPesananKey() -> selectkey : SELECT MAX(detail_pesanan_key) AS detail_key FROM detail_pesanan; [] []
[2019-05-09 10:39:51] RabbitPrint.WARNING:  | | | functions.php -> getDetailPesananKey() -> detail_key : 0000000005 [] []
[2019-05-09 10:39:51] RabbitPrint.WARNING:  | | | pesanan.php -> load [] []
[2019-05-09 10:40:24] RabbitPrint.WARNING:  | | | data_pelanggan.php -> sel_pelanggan : SELECT * FROM pelanggan [] []
[2019-05-09 10:40:24] RabbitPrint.WARNING:  | | | data_pelanggan.php -> jml. pelanggan : 1 [] []
[2019-05-09 10:40:24] RabbitPrint.WARNING:  | | | functions.php -> getDetailPesananKey() -> selectkey : SELECT MAX(detail_pesanan_key) AS detail_key FROM detail_pesanan; [] []
[2019-05-09 10:40:24] RabbitPrint.WARNING:  | | | functions.php -> getDetailPesananKey() -> detail_key : 0000000005 [] []
[2019-05-09 10:40:24] RabbitPrint.WARNING:  | | | pesanan.php -> load [] []
[2019-05-09 10:41:13] RabbitPrint.WARNING:  | | | data_pelanggan.php -> sel_pelanggan : SELECT * FROM pelanggan [] []
[2019-05-09 10:41:13] RabbitPrint.WARNING:  | | | data_pelanggan.php -> jml. pelanggan : 1 [] []
[2019-05-09 10:41:13] RabbitPrint.WARNING:  | | | functions.php -> getDetailPesananKey() -> selectkey : SELECT MAX(detail_pesanan_key) AS detail_key FROM detail_pesanan; [] []
[2019-05-09 10:41:13] RabbitPrint.WARNING:  | | | functions.php -> getDetailPesananKey() -> detail_key : 0000000005 [] []
[2019-05-09 10:41:13] RabbitPrint.WARNING:  | | | pesanan.php -> load [] []
[2019-05-09 10:41:28] RabbitPrint.WARNING:  | | | data_pelanggan.php -> sel_pelanggan : SELECT * FROM pelanggan [] []
[2019-05-09 10:41:28] RabbitPrint.WARNING:  | | | data_pelanggan.php -> jml. pelanggan : 1 [] []
[2019-05-09 10:41:28] RabbitPrint.WARNING:  | | | functions.php -> getDetailPesananKey() -> selectkey : SELECT MAX(detail_pesanan_key) AS detail_key FROM detail_pesanan; [] []
[2019-05-09 10:41:28] RabbitPrint.WARNING:  | | | functions.php -> getDetailPesananKey() -> detail_key : 0000000005 [] []
[2019-05-09 10:41:28] RabbitPrint.WARNING:  | | | pesanan.php -> load [] []
[2019-05-09 10:41:31] RabbitPrint.WARNING:  | | | data_pelanggan.php -> sel_pelanggan : SELECT * FROM pelanggan [] []
[2019-05-09 10:41:31] RabbitPrint.WARNING:  | | | data_pelanggan.php -> jml. pelanggan : 1 [] []
[2019-05-09 10:41:31] RabbitPrint.WARNING:  | | | functions.php -> getDetailPesananKey() -> selectkey : SELECT MAX(detail_pesanan_key) AS detail_key FROM detail_pesanan; [] []
[2019-05-09 10:41:31] RabbitPrint.WARNING:  | | | functions.php -> getDetailPesananKey() -> detail_key : 0000000005 [] []
[2019-05-09 10:41:31] RabbitPrint.WARNING:  | | | pesanan.php -> load [] []
[2019-05-09 10:42:17] RabbitPrint.WARNING:  | | | data_pelanggan.php -> sel_pelanggan : SELECT * FROM pelanggan [] []
[2019-05-09 10:42:17] RabbitPrint.WARNING:  | | | data_pelanggan.php -> jml. pelanggan : 1 [] []
[2019-05-09 10:42:17] RabbitPrint.WARNING:  | | | functions.php -> getDetailPesananKey() -> selectkey : SELECT MAX(detail_pesanan_key) AS detail_key FROM detail_pesanan; [] []
[2019-05-09 10:42:17] RabbitPrint.WARNING:  | | | functions.php -> getDetailPesananKey() -> detail_key : 0000000005 [] []
[2019-05-09 10:42:17] RabbitPrint.WARNING:  | | | pesanan.php -> load [] []
[2019-05-09 10:44:08] RabbitPrint.WARNING:  | | | data_pelanggan.php -> sel_pelanggan : SELECT * FROM pelanggan [] []
[2019-05-09 10:44:08] RabbitPrint.WARNING:  | | | data_pelanggan.php -> jml. pelanggan : 1 [] []
[2019-05-09 10:44:08] RabbitPrint.WARNING:  | | | functions.php -> getDetailPesananKey() -> selectkey : SELECT MAX(detail_pesanan_key) AS detail_key FROM detail_pesanan; [] []
[2019-05-09 10:44:08] RabbitPrint.WARNING:  | | | functions.php -> getDetailPesananKey() -> detail_key : 0000000005 [] []
[2019-05-09 10:44:08] RabbitPrint.WARNING:  | | | pesanan.php -> load [] []
[2019-05-09 10:45:13] RabbitPrint.WARNING:  | | | data_pelanggan.php -> sel_pelanggan : SELECT * FROM pelanggan [] []
[2019-05-09 10:45:13] RabbitPrint.WARNING:  | | | data_pelanggan.php -> jml. pelanggan : 1 [] []
[2019-05-09 10:45:13] RabbitPrint.WARNING:  | | | functions.php -> getDetailPesananKey() -> selectkey : SELECT MAX(detail_pesanan_key) AS detail_key FROM detail_pesanan; [] []
[2019-05-09 10:45:13] RabbitPrint.WARNING:  | | | functions.php -> getDetailPesananKey() -> detail_key : 0000000005 [] []
[2019-05-09 10:45:13] RabbitPrint.WARNING:  | | | pesanan.php -> load [] []
[2019-05-09 10:47:40] RabbitPrint.WARNING:  | | | data_pelanggan.php -> sel_pelanggan : SELECT * FROM pelanggan [] []
[2019-05-09 10:47:40] RabbitPrint.WARNING:  | | | data_pelanggan.php -> jml. pelanggan : 1 [] []
[2019-05-09 10:47:40] RabbitPrint.WARNING:  | | | functions.php -> getDetailPesananKey() -> selectkey : SELECT MAX(detail_pesanan_key) AS detail_key FROM detail_pesanan; [] []
[2019-05-09 10:47:40] RabbitPrint.WARNING:  | | | functions.php -> getDetailPesananKey() -> detail_key : 0000000005 [] []
[2019-05-09 10:47:40] RabbitPrint.WARNING:  | | | pesanan.php -> load [] []
[2019-05-09 10:48:23] RabbitPrint.WARNING:  | | | data_pelanggan.php -> sel_pelanggan : SELECT * FROM pelanggan [] []
[2019-05-09 10:48:23] RabbitPrint.WARNING:  | | | data_pelanggan.php -> jml. pelanggan : 1 [] []
[2019-05-09 10:48:23] RabbitPrint.WARNING:  | | | functions.php -> getDetailPesananKey() -> selectkey : SELECT MAX(detail_pesanan_key) AS detail_key FROM detail_pesanan; [] []
[2019-05-09 10:48:23] RabbitPrint.WARNING:  | | | functions.php -> getDetailPesananKey() -> detail_key : 0000000005 [] []
[2019-05-09 10:48:23] RabbitPrint.WARNING:  | | | pesanan.php -> load [] []
[2019-05-09 10:50:26] RabbitPrint.WARNING:  | | | data_pelanggan.php -> sel_pelanggan : SELECT * FROM pelanggan [] []
[2019-05-09 10:50:26] RabbitPrint.WARNING:  | | | data_pelanggan.php -> jml. pelanggan : 1 [] []
[2019-05-09 10:50:26] RabbitPrint.WARNING:  | | | functions.php -> getDetailPesananKey() -> selectkey : SELECT MAX(detail_pesanan_key) AS detail_key FROM detail_pesanan; [] []
[2019-05-09 10:50:26] RabbitPrint.WARNING:  | | | functions.php -> getDetailPesananKey() -> detail_key : 0000000005 [] []
[2019-05-09 10:50:26] RabbitPrint.WARNING:  | | | pesanan.php -> load [] []
[2019-05-09 10:50:51] RabbitPrint.WARNING:  | | | data_pelanggan.php -> sel_pelanggan : SELECT * FROM pelanggan [] []
[2019-05-09 10:50:51] RabbitPrint.WARNING:  | | | data_pelanggan.php -> jml. pelanggan : 1 [] []
[2019-05-09 10:50:51] RabbitPrint.WARNING:  | | | functions.php -> getDetailPesananKey() -> selectkey : SELECT MAX(detail_pesanan_key) AS detail_key FROM detail_pesanan; [] []
[2019-05-09 10:50:51] RabbitPrint.WARNING:  | | | functions.php -> getDetailPesananKey() -> detail_key : 0000000005 [] []
[2019-05-09 10:50:51] RabbitPrint.WARNING:  | | | pesanan.php -> load [] []
[2019-05-09 20:53:34] RabbitPrint.WARNING:  | | | proses_login.php -> cek user -> sql_user : SELECT * FROM s_user WHERE username LIKE 'superuser' AND password LIKE '21232f297a57a5a743894a0e4a801fc3' LIMIT 1 [] []
[2019-05-09 20:53:34] RabbitPrint.WARNING:  | | | proses_login.php -> id_user : 1 [] []
[2019-05-09 20:53:34] RabbitPrint.WARNING:  | | | proses_login.php -> insert ke s_login -> sql_login : INSERT INTO s_login (key_login, id_user, waktu_login, waktu_kadaluarsa, status, ip, pc_dan_browser) VALUES ('15574100143534', '1', '2019-05-09 20:53:34', '2019-05-10 20:53:34', '1', '127.0.0.1', 'mozilla/5.0 (windows nt 10.0; win64; x64) applewebkit/537.36 (khtml, like gecko) chrome/74.0.3729.131 safari/537.36') [] []
[2019-05-09 20:53:34] RabbitPrint.WARNING:  | | | proses_login.php -> insert ke s_login -> SUCCESS [] []
[2019-05-09 20:53:34] RabbitPrint.WARNING:  | | | proses_login.php -> LOGIN SUKSES!! [] []
[2019-05-09 20:53:42] RabbitPrint.WARNING:  | | | daftar_pesanan.php -> membuka halaman [] []
[2019-05-09 20:53:42] RabbitPrint.WARNING:  | | | daftar_pesanan.php -> sel_pesanan : SELECT psn.*, plg.pelanggan_nama	FROM pesanan psn JOIN pelanggan plg ON plg.pelanggan_id = psn.pesanan_pelanggan_id ORDER BY psn.pesanan_id DESC [] []
[2019-05-09 20:53:42] RabbitPrint.WARNING:  | | | daftar_pesanan.php -> jml. pesanan : 0 [] []
[2019-05-09 20:53:45] RabbitPrint.WARNING:  | | | data_pelanggan.php -> sel_pelanggan : SELECT * FROM pelanggan [] []
[2019-05-09 20:53:45] RabbitPrint.WARNING:  | | | data_pelanggan.php -> jml. pelanggan : 1 [] []
[2019-05-09 20:53:45] RabbitPrint.WARNING:  | | | functions.php -> getDetailPesananKey() -> selectkey : SELECT MAX(detail_pesanan_key) AS detail_key FROM detail_pesanan; [] []
[2019-05-09 20:53:45] RabbitPrint.WARNING:  | | | functions.php -> getDetailPesananKey() -> detail_key : 0000000005 [] []
[2019-05-09 20:53:45] RabbitPrint.WARNING:  | | | pesanan.php -> load [] []
[2019-05-09 21:02:23] RabbitPrint.WARNING:  | | | data_pelanggan.php -> sel_pelanggan : SELECT * FROM pelanggan [] []
[2019-05-09 21:02:23] RabbitPrint.WARNING:  | | | data_pelanggan.php -> jml. pelanggan : 1 [] []
[2019-05-09 21:02:23] RabbitPrint.WARNING:  | | | functions.php -> getDetailPesananKey() -> selectkey : SELECT MAX(detail_pesanan_key) AS detail_key FROM detail_pesanan; [] []
[2019-05-09 21:02:23] RabbitPrint.WARNING:  | | | functions.php -> getDetailPesananKey() -> detail_key : 0000000005 [] []
[2019-05-09 21:02:23] RabbitPrint.WARNING:  | | | pesanan.php -> load [] []
[2019-05-09 21:03:34] RabbitPrint.WARNING:  | | | data_pelanggan.php -> sel_pelanggan : SELECT * FROM pelanggan [] []
[2019-05-09 21:03:34] RabbitPrint.WARNING:  | | | data_pelanggan.php -> jml. pelanggan : 1 [] []
[2019-05-09 21:03:34] RabbitPrint.WARNING:  | | | functions.php -> getDetailPesananKey() -> selectkey : SELECT MAX(detail_pesanan_key) AS detail_key FROM detail_pesanan; [] []
[2019-05-09 21:03:34] RabbitPrint.WARNING:  | | | functions.php -> getDetailPesananKey() -> detail_key : 0000000005 [] []
[2019-05-09 21:03:34] RabbitPrint.WARNING:  | | | pesanan.php -> load [] []
[2019-05-09 21:18:33] RabbitPrint.WARNING:  | | | data_pelanggan.php -> sel_pelanggan : SELECT * FROM pelanggan [] []
[2019-05-09 21:18:33] RabbitPrint.WARNING:  | | | data_pelanggan.php -> jml. pelanggan : 1 [] []
[2019-05-09 21:18:33] RabbitPrint.WARNING:  | | | functions.php -> getDetailPesananKey() -> selectkey : SELECT MAX(detail_pesanan_key) AS detail_key FROM detail_pesanan; [] []
[2019-05-09 21:18:33] RabbitPrint.WARNING:  | | | functions.php -> getDetailPesananKey() -> detail_key : 0000000005 [] []
[2019-05-09 21:18:33] RabbitPrint.WARNING:  | | | pesanan.php -> load [] []
[2019-05-09 21:19:23] RabbitPrint.WARNING:  | | | functions.php -> getKodePesanan() -> selectkey : SELECT MAX(pesanan.pesanan_no_pesanan) AS psnkey FROM pesanan WHERE pesanan.pesanan_no_pesanan LIKE '%PSN-20190521%' [] []
[2019-05-09 21:19:23] RabbitPrint.WARNING:  | | | functions.php -> getKodePesanan() -> psn_key : PSN/20190521/001 [] []
[2019-05-09 21:19:23] RabbitPrint.WARNING:  | | | proses_pesanan.php -> load.. [] []
[2019-05-09 21:19:23] RabbitPrint.WARNING:  | | | proses_pesanan.php -> list_barang : Array [] []
[2019-05-09 21:19:23] RabbitPrint.WARNING:  | | | proses_pesanan.php -> insert ke pesanan -> sql_pesanan : INSERT INTO pesanan (cre_tms, upd_tms, cre_usr, upd_usr, pesanan_no_pesanan, pesanan_no_surat_jalan_masuk, pesanan_jenis_pesanan, pesanan_tanggal_pesanan, pesanan_pelanggan_id, pesanan_total_qty, pesanan_total_qty_packing) VALUES (NOW(), NOW(), 'superuser', 'superuser', 'PSN/20190521/001', 'VXV345', 'D', '2019-05-21', '4', 0, 0) [] []
[2019-05-09 21:19:23] RabbitPrint.WARNING:  | | | proses_pesanan.php -> insert ke pesanan -> BERHASIL [] []
[2019-05-09 21:19:23] RabbitPrint.WARNING:  | | | proses_pesanan.php -> page close. [] []
[2019-05-09 21:29:21] RabbitPrint.WARNING:  | | | data_pelanggan.php -> sel_pelanggan : SELECT * FROM pelanggan [] []
[2019-05-09 21:29:21] RabbitPrint.WARNING:  | | | data_pelanggan.php -> jml. pelanggan : 1 [] []
[2019-05-09 21:29:21] RabbitPrint.WARNING:  | | | functions.php -> getDetailPesananKey() -> selectkey : SELECT MAX(detail_pesanan_key) AS detail_key FROM detail_pesanan; [] []
[2019-05-09 21:29:21] RabbitPrint.WARNING:  | | | functions.php -> getDetailPesananKey() -> detail_key : 0000000005 [] []
[2019-05-09 21:29:21] RabbitPrint.WARNING:  | | | pesanan.php -> load [] []
[2019-05-09 21:30:33] RabbitPrint.WARNING:  | | | functions.php -> getKodePesanan() -> selectkey : SELECT MAX(pesanan.pesanan_no_pesanan) AS psnkey FROM pesanan WHERE pesanan.pesanan_no_pesanan LIKE '%PSN-20190516%' [] []
[2019-05-09 21:30:33] RabbitPrint.WARNING:  | | | functions.php -> getKodePesanan() -> psn_key : PSN/20190516/001 [] []
[2019-05-09 21:30:33] RabbitPrint.WARNING:  | | | proses_pesanan.php -> load.. [] []
[2019-05-09 21:30:33] RabbitPrint.WARNING:  | | | proses_pesanan.php -> list_barang : Array [] []
[2019-05-09 21:30:33] RabbitPrint.WARNING:  | | | proses_pesanan.php -> insert ke pesanan -> sql_pesanan : INSERT INTO pesanan (cre_tms, upd_tms, cre_usr, upd_usr, pesanan_no_pesanan, pesanan_no_surat_jalan_masuk, pesanan_jenis_pesanan, pesanan_tanggal_pesanan, pesanan_pelanggan_id, pesanan_total_qty, pesanan_total_qty_packing) VALUES (NOW(), NOW(), 'superuser', 'superuser', 'PSN/20190516/001', 'ASD4456', 'U', '2019-05-16', '6', 0, 0) [] []
[2019-05-09 21:30:33] RabbitPrint.WARNING:  | | | proses_pesanan.php -> insert ke pesanan -> BERHASIL [] []
[2019-05-09 21:30:33] RabbitPrint.WARNING:  | | | proses_pesanan.php -> insert ke detail_pesanan -> sql_detail : INSERT INTO detail_pesanan (cre_tms, upd_tms, cre_usr, upd_usr, detail_pesanan_no_pesanan, detail_pesanan_key, detail_pesanan_nama_barang, detail_pesanan_jenis_print, detail_pesanan_detail_kain, detail_pesanan_nama_warna, detail_pesanan_qty, detail_pesanan_satuan, detail_pesanan_jenis_packing, detail_pesanan_qty_packing, detail_pesanan_warna, detail_pesanan_keterangan) VALUES ( NOW(), NOW(), 'superuser', 'superuser', 'PSN/20190516/001', '0000000005', 'asdasd', 'asdasd', '1111', 'merah', 20, 'Kg', 'Roll', 1, 3, ''),( NOW(), NOW(), 'superuser', 'superuser', 'PSN/20190516/001', '0000000006', 'asdasd', 'asdasd', '1112', 'merah', 23, 'Kg', 'Roll', 1, 3, '') [] []
[2019-05-09 21:30:33] RabbitPrint.WARNING:  | | | proses_pesanan.php -> insert ke detail_pesanan -> BERHASIL [] []
[2019-05-09 21:30:36] RabbitPrint.WARNING:  | | | data_pelanggan.php -> sel_pelanggan : SELECT * FROM pelanggan [] []
[2019-05-09 21:30:36] RabbitPrint.WARNING:  | | | data_pelanggan.php -> jml. pelanggan : 1 [] []
[2019-05-09 21:30:36] RabbitPrint.WARNING:  | | | functions.php -> getDetailPesananKey() -> selectkey : SELECT MAX(detail_pesanan_key) AS detail_key FROM detail_pesanan; [] []
[2019-05-09 21:30:36] RabbitPrint.WARNING:  | | | functions.php -> getDetailPesananKey() -> detail_key : 0000000007 [] []
[2019-05-09 21:30:36] RabbitPrint.WARNING:  | | | pesanan.php -> load [] []
[2019-05-09 21:31:53] RabbitPrint.WARNING:  | | | functions.php -> getKodePesanan() -> selectkey : SELECT MAX(pesanan.pesanan_no_pesanan) AS psnkey FROM pesanan WHERE pesanan.pesanan_no_pesanan LIKE '%PSN-20190509%' [] []
[2019-05-09 21:31:53] RabbitPrint.WARNING:  | | | functions.php -> getKodePesanan() -> psn_key : PSN/20190509/001 [] []
[2019-05-09 21:31:53] RabbitPrint.WARNING:  | | | proses_pesanan.php -> load.. [] []
[2019-05-09 21:31:53] RabbitPrint.WARNING:  | | | proses_pesanan.php -> list_barang : Array [] []
[2019-05-09 21:31:53] RabbitPrint.WARNING:  | | | proses_pesanan.php -> insert ke pesanan -> sql_pesanan : INSERT INTO pesanan (cre_tms, upd_tms, cre_usr, upd_usr, pesanan_no_pesanan, pesanan_no_surat_jalan_masuk, pesanan_jenis_pesanan, pesanan_tanggal_pesanan, pesanan_pelanggan_id, pesanan_total_qty, pesanan_total_qty_packing) VALUES (NOW(), NOW(), 'superuser', 'superuser', 'PSN/20190509/001', 'FG454', 'A', '2019-05-09', '4', 0, 0) [] []
[2019-05-09 21:31:53] RabbitPrint.WARNING:  | | | proses_pesanan.php -> insert ke pesanan -> BERHASIL [] []
[2019-05-09 21:31:53] RabbitPrint.WARNING:  | | | proses_pesanan.php -> insert ke detail_pesanan -> sql_detail : INSERT INTO detail_pesanan (cre_tms, upd_tms, cre_usr, upd_usr, detail_pesanan_no_pesanan, detail_pesanan_key, detail_pesanan_nama_barang, detail_pesanan_jenis_print, detail_pesanan_detail_kain, detail_pesanan_nama_warna, detail_pesanan_ukuran, detail_pesanan_sisi_kanan, detail_pesanan_sisi_kiri, detail_pesanan_sisi_blkng, detail_pesanan_qty, detail_pesanan_satuan, detail_pesanan_qty_packing, detail_pesanan_jenis_packing, detail_pesanan_warna, detail_pesanan_keterangan) VALUES ( NOW(), NOW(), 'superuser', 'superuser', 'PSN/20190509/001', '0000000007', 'ghghgh', 'ghgh', '2311', 'merah', '1', 15, 15, 0, 15, 'PS', 30, 'PT', 5, ''),( NOW(), NOW(), 'superuser', 'superuser', 'PSN/20190509/001', '0000000007', 'ghghgh', 'ghgh', '2311', 'merah', '2', 15, 15, 0, 15, 'PS', 30, 'PT', 5, ''),( NOW(), NOW(), 'superuser', 'superuser', 'PSN/20190509/001', '0000000007', 'ghghgh', 'ghgh', '2311', 'merah', '3', 15, 15, 0, 15, 'PS', 30, 'PT', 5, ''),( NOW(), NOW(), 'superuser', 'superuser', 'PSN/20190509/001', '0000000007', 'ghghgh', 'ghgh', '2311', 'merah', '4', 15, 15, 0, 15, 'PS', 30, 'PT', 5, ''),( NOW(), NOW(), 'superuser', 'superuser', 'PSN/20190509/001', '0000000007', 'ghghgh', 'ghgh', '2311', 'merah', '5', 15, 15, 0, 15, 'PS', 30, 'PT', 5, '') [] []
[2019-05-09 21:31:53] RabbitPrint.WARNING:  | | | proses_pesanan.php -> insert ke detail_pesanan -> BERHASIL [] []
[2019-05-09 21:31:56] RabbitPrint.WARNING:  | | | data_pelanggan.php -> sel_pelanggan : SELECT * FROM pelanggan [] []
[2019-05-09 21:31:56] RabbitPrint.WARNING:  | | | data_pelanggan.php -> jml. pelanggan : 1 [] []
[2019-05-09 21:31:56] RabbitPrint.WARNING:  | | | functions.php -> getDetailPesananKey() -> selectkey : SELECT MAX(detail_pesanan_key) AS detail_key FROM detail_pesanan; [] []
[2019-05-09 21:31:56] RabbitPrint.WARNING:  | | | functions.php -> getDetailPesananKey() -> detail_key : 0000000008 [] []
[2019-05-09 21:31:56] RabbitPrint.WARNING:  | | | pesanan.php -> load [] []
[2019-05-09 21:35:11] RabbitPrint.WARNING:  | | | functions.php -> getKodePesanan() -> selectkey : SELECT MAX(pesanan.pesanan_no_pesanan) AS psnkey FROM pesanan WHERE pesanan.pesanan_no_pesanan LIKE '%PSN-20190503%' [] []
[2019-05-09 21:35:11] RabbitPrint.WARNING:  | | | functions.php -> getKodePesanan() -> psn_key : PSN/20190503/001 [] []
[2019-05-09 21:35:11] RabbitPrint.WARNING:  | | | proses_pesanan.php -> load.. [] []
[2019-05-09 21:35:11] RabbitPrint.WARNING:  | | | proses_pesanan.php -> list_barang : Array [] []
[2019-05-09 21:35:11] RabbitPrint.WARNING:  | | | proses_pesanan.php -> insert ke pesanan -> sql_pesanan : INSERT INTO pesanan (cre_tms, upd_tms, cre_usr, upd_usr, pesanan_no_pesanan, pesanan_no_surat_jalan_masuk, pesanan_jenis_pesanan, pesanan_tanggal_pesanan, pesanan_pelanggan_id, pesanan_total_qty, pesanan_total_qty_packing) VALUES (NOW(), NOW(), 'superuser', 'superuser', 'PSN/20190503/001', 'DFG4545', 'D', '2019-05-03', '8', 0, 0) [] []
[2019-05-09 21:35:11] RabbitPrint.WARNING:  | | | proses_pesanan.php -> insert ke pesanan -> BERHASIL [] []
[2019-05-09 21:35:11] RabbitPrint.WARNING:  | | | proses_pesanan.php -> page close. [] []
[2019-05-09 21:36:29] RabbitPrint.WARNING:  | | | data_pelanggan.php -> sel_pelanggan : SELECT * FROM pelanggan [] []
[2019-05-09 21:36:29] RabbitPrint.WARNING:  | | | data_pelanggan.php -> jml. pelanggan : 1 [] []
[2019-05-09 21:36:29] RabbitPrint.WARNING:  | | | functions.php -> getDetailPesananKey() -> selectkey : SELECT MAX(detail_pesanan_key) AS detail_key FROM detail_pesanan; [] []
[2019-05-09 21:36:29] RabbitPrint.WARNING:  | | | functions.php -> getDetailPesananKey() -> detail_key : 0000000008 [] []
[2019-05-09 21:36:29] RabbitPrint.WARNING:  | | | pesanan.php -> load [] []
[2019-05-09 21:36:48] RabbitPrint.WARNING:  | | | data_pelanggan.php -> sel_pelanggan : SELECT * FROM pelanggan [] []
[2019-05-09 21:36:48] RabbitPrint.WARNING:  | | | data_pelanggan.php -> jml. pelanggan : 1 [] []
[2019-05-09 21:36:48] RabbitPrint.WARNING:  | | | functions.php -> getDetailPesananKey() -> selectkey : SELECT MAX(detail_pesanan_key) AS detail_key FROM detail_pesanan; [] []
[2019-05-09 21:36:48] RabbitPrint.WARNING:  | | | functions.php -> getDetailPesananKey() -> detail_key : 0000000008 [] []
[2019-05-09 21:36:48] RabbitPrint.WARNING:  | | | pesanan.php -> load [] []
[2019-05-09 21:37:36] RabbitPrint.WARNING:  | | | functions.php -> getKodePesanan() -> selectkey : SELECT MAX(pesanan.pesanan_no_pesanan) AS psnkey FROM pesanan WHERE pesanan.pesanan_no_pesanan LIKE '%PSN-20190502%' [] []
[2019-05-09 21:37:36] RabbitPrint.WARNING:  | | | functions.php -> getKodePesanan() -> psn_key : PSN/20190502/001 [] []
[2019-05-09 21:37:36] RabbitPrint.WARNING:  | | | proses_pesanan.php -> load.. [] []
[2019-05-09 21:37:36] RabbitPrint.WARNING:  | | | proses_pesanan.php -> list_barang : Array [] []
[2019-05-09 21:37:36] RabbitPrint.WARNING:  | | | proses_pesanan.php -> insert ke pesanan -> sql_pesanan : INSERT INTO pesanan (cre_tms, upd_tms, cre_usr, upd_usr, pesanan_no_pesanan, pesanan_no_surat_jalan_masuk, pesanan_jenis_pesanan, pesanan_tanggal_pesanan, pesanan_pelanggan_id, pesanan_total_qty, pesanan_total_qty_packing) VALUES (NOW(), NOW(), 'superuser', 'superuser', 'PSN/20190502/001', 'QWE345', 'D', '2019-05-02', '2', 0, 0) [] []
[2019-05-09 21:37:36] RabbitPrint.WARNING:  | | | proses_pesanan.php -> insert ke pesanan -> BERHASIL [] []
[2019-05-09 21:37:36] RabbitPrint.WARNING:  | | | proses_pesanan.php -> insert ke detail_pesanan -> sql_detail : INSERT INTO detail_pesanan (cre_tms, upd_tms, cre_usr, upd_usr, detail_pesanan_no_pesanan, detail_pesanan_key, detail_pesanan_nama_barang, detail_pesanan_jenis_print, detail_pesanan_detail_kain, detail_pesanan_nama_warna, detail_pesanan_qty, detail_pesanan_satuan, detail_pesanan_jenis_packing, detail_pesanan_qty_packing, detail_pesanan_warna, detail_pesanan_keterangan) VALUES ( NOW(), NOW(), 'superuser', 'superuser', 'PSN/20190502/001', '', 'ddsf', 'sdfsdf', '', '', 0, 'PT', 'PT', 0, 3, 0),( NOW(), NOW(), 'superuser', 'superuser', 'PSN/20190502/001', '', 'ddsf', 'sdfsdf', '', '', 0, 'PT', 'PT', 0, 3, 0),( NOW(), NOW(), 'superuser', 'superuser', 'PSN/20190502/001', '', 'ddsf', 'sdfsdf', '', '', 0, 'PT', 'PT', 0, 3, 0) [] []
[2019-05-09 21:37:36] RabbitPrint.WARNING:  | | | proses_pesanan.php -> insert ke detail_pesanan -> BERHASIL [] []
[2019-05-09 21:37:38] RabbitPrint.WARNING:  | | | data_pelanggan.php -> sel_pelanggan : SELECT * FROM pelanggan [] []
[2019-05-09 21:37:38] RabbitPrint.WARNING:  | | | data_pelanggan.php -> jml. pelanggan : 1 [] []
[2019-05-09 21:37:38] RabbitPrint.WARNING:  | | | functions.php -> getDetailPesananKey() -> selectkey : SELECT MAX(detail_pesanan_key) AS detail_key FROM detail_pesanan; [] []
[2019-05-09 21:37:38] RabbitPrint.WARNING:  | | | functions.php -> getDetailPesananKey() -> detail_key : 0000000008 [] []
[2019-05-09 21:37:38] RabbitPrint.WARNING:  | | | pesanan.php -> load [] []
[2019-05-09 21:40:44] RabbitPrint.WARNING:  | | | data_pelanggan.php -> sel_pelanggan : SELECT * FROM pelanggan [] []
[2019-05-09 21:40:44] RabbitPrint.WARNING:  | | | data_pelanggan.php -> jml. pelanggan : 1 [] []
[2019-05-09 21:40:44] RabbitPrint.WARNING:  | | | functions.php -> getDetailPesananKey() -> selectkey : SELECT MAX(detail_pesanan_key) AS detail_key FROM detail_pesanan; [] []
[2019-05-09 21:40:44] RabbitPrint.WARNING:  | | | functions.php -> getDetailPesananKey() -> detail_key : 0000000008 [] []
[2019-05-09 21:40:44] RabbitPrint.WARNING:  | | | pesanan.php -> load [] []
[2019-05-09 21:45:57] RabbitPrint.WARNING:  | | | data_pelanggan.php -> sel_pelanggan : SELECT * FROM pelanggan [] []
[2019-05-09 21:45:57] RabbitPrint.WARNING:  | | | data_pelanggan.php -> jml. pelanggan : 1 [] []
[2019-05-09 21:45:57] RabbitPrint.WARNING:  | | | functions.php -> getDetailPesananKey() -> selectkey : SELECT MAX(detail_pesanan_key) AS detail_key FROM detail_pesanan; [] []
[2019-05-09 21:45:57] RabbitPrint.WARNING:  | | | functions.php -> getDetailPesananKey() -> detail_key : 0000000008 [] []
[2019-05-09 21:45:57] RabbitPrint.WARNING:  | | | pesanan.php -> load [] []
[2019-05-09 21:49:51] RabbitPrint.WARNING:  | | | data_pelanggan.php -> sel_pelanggan : SELECT * FROM pelanggan [] []
[2019-05-09 21:49:51] RabbitPrint.WARNING:  | | | data_pelanggan.php -> jml. pelanggan : 1 [] []
[2019-05-09 21:49:51] RabbitPrint.WARNING:  | | | functions.php -> getDetailPesananKey() -> selectkey : SELECT MAX(detail_pesanan_key) AS detail_key FROM detail_pesanan; [] []
[2019-05-09 21:49:51] RabbitPrint.WARNING:  | | | functions.php -> getDetailPesananKey() -> detail_key : 0000000008 [] []
[2019-05-09 21:49:51] RabbitPrint.WARNING:  | | | pesanan.php -> load [] []
[2019-05-09 21:59:41] RabbitPrint.WARNING:  | | | data_pelanggan.php -> sel_pelanggan : SELECT * FROM pelanggan [] []
[2019-05-09 21:59:41] RabbitPrint.WARNING:  | | | data_pelanggan.php -> jml. pelanggan : 1 [] []
[2019-05-09 21:59:41] RabbitPrint.WARNING:  | | | functions.php -> getDetailPesananKey() -> selectkey : SELECT MAX(detail_pesanan_key) AS detail_key FROM detail_pesanan; [] []
[2019-05-09 21:59:41] RabbitPrint.WARNING:  | | | functions.php -> getDetailPesananKey() -> detail_key : 0000000008 [] []
[2019-05-09 21:59:41] RabbitPrint.WARNING:  | | | pesanan.php -> load [] []
[2019-05-09 22:06:59] RabbitPrint.WARNING:  | | | data_pelanggan.php -> sel_pelanggan : SELECT * FROM pelanggan [] []
[2019-05-09 22:06:59] RabbitPrint.WARNING:  | | | data_pelanggan.php -> jml. pelanggan : 1 [] []
[2019-05-09 22:06:59] RabbitPrint.WARNING:  | | | functions.php -> getDetailPesananKey() -> selectkey : SELECT MAX(detail_pesanan_key) AS detail_key FROM detail_pesanan; [] []
[2019-05-09 22:06:59] RabbitPrint.WARNING:  | | | functions.php -> getDetailPesananKey() -> detail_key : 0000000008 [] []
[2019-05-09 22:06:59] RabbitPrint.WARNING:  | | | pesanan.php -> load [] []
[2019-05-09 22:09:39] RabbitPrint.WARNING:  | | | data_pelanggan.php -> sel_pelanggan : SELECT * FROM pelanggan [] []
[2019-05-09 22:09:39] RabbitPrint.WARNING:  | | | data_pelanggan.php -> jml. pelanggan : 1 [] []
[2019-05-09 22:09:39] RabbitPrint.WARNING:  | | | functions.php -> getDetailPesananKey() -> selectkey : SELECT MAX(detail_pesanan_key) AS detail_key FROM detail_pesanan; [] []
[2019-05-09 22:09:39] RabbitPrint.WARNING:  | | | functions.php -> getDetailPesananKey() -> detail_key : 0000000008 [] []
[2019-05-09 22:09:39] RabbitPrint.WARNING:  | | | pesanan.php -> load [] []
[2019-05-09 22:11:59] RabbitPrint.WARNING:  | | | data_pelanggan.php -> sel_pelanggan : SELECT * FROM pelanggan [] []
[2019-05-09 22:11:59] RabbitPrint.WARNING:  | | | data_pelanggan.php -> jml. pelanggan : 1 [] []
[2019-05-09 22:11:59] RabbitPrint.WARNING:  | | | functions.php -> getDetailPesananKey() -> selectkey : SELECT MAX(detail_pesanan_key) AS detail_key FROM detail_pesanan; [] []
[2019-05-09 22:11:59] RabbitPrint.WARNING:  | | | functions.php -> getDetailPesananKey() -> detail_key : 0000000008 [] []
[2019-05-09 22:11:59] RabbitPrint.WARNING:  | | | pesanan.php -> load [] []
[2019-05-09 22:14:43] RabbitPrint.WARNING:  | | | data_pelanggan.php -> sel_pelanggan : SELECT * FROM pelanggan [] []
[2019-05-09 22:14:43] RabbitPrint.WARNING:  | | | data_pelanggan.php -> jml. pelanggan : 1 [] []
[2019-05-09 22:14:43] RabbitPrint.WARNING:  | | | functions.php -> getDetailPesananKey() -> selectkey : SELECT MAX(detail_pesanan_key) AS detail_key FROM detail_pesanan; [] []
[2019-05-09 22:14:43] RabbitPrint.WARNING:  | | | functions.php -> getDetailPesananKey() -> detail_key : 0000000008 [] []
[2019-05-09 22:14:43] RabbitPrint.WARNING:  | | | pesanan.php -> load [] []
[2019-05-09 22:24:28] RabbitPrint.WARNING:  | | | data_pelanggan.php -> sel_pelanggan : SELECT * FROM pelanggan [] []
[2019-05-09 22:24:28] RabbitPrint.WARNING:  | | | data_pelanggan.php -> jml. pelanggan : 1 [] []
[2019-05-09 22:24:28] RabbitPrint.WARNING:  | | | functions.php -> getDetailPesananKey() -> selectkey : SELECT MAX(detail_pesanan_key) AS detail_key FROM detail_pesanan; [] []
[2019-05-09 22:24:28] RabbitPrint.WARNING:  | | | functions.php -> getDetailPesananKey() -> detail_key : 0000000008 [] []
[2019-05-09 22:24:28] RabbitPrint.WARNING:  | | | pesanan.php -> load [] []
[2019-05-09 22:25:26] RabbitPrint.WARNING:  | | | data_pelanggan.php -> sel_pelanggan : SELECT * FROM pelanggan [] []
[2019-05-09 22:25:26] RabbitPrint.WARNING:  | | | data_pelanggan.php -> jml. pelanggan : 1 [] []
[2019-05-09 22:25:26] RabbitPrint.WARNING:  | | | functions.php -> getDetailPesananKey() -> selectkey : SELECT MAX(detail_pesanan_key) AS detail_key FROM detail_pesanan; [] []
[2019-05-09 22:25:26] RabbitPrint.WARNING:  | | | functions.php -> getDetailPesananKey() -> detail_key : 0000000008 [] []
[2019-05-09 22:25:26] RabbitPrint.WARNING:  | | | pesanan.php -> load [] []
[2019-05-09 22:30:06] RabbitPrint.WARNING:  | | | functions.php -> getKodePesanan() -> selectkey : SELECT MAX(pesanan.pesanan_no_pesanan) AS psnkey FROM pesanan WHERE pesanan.pesanan_no_pesanan LIKE '%PSN-20190507%' [] []
[2019-05-09 22:30:06] RabbitPrint.WARNING:  | | | functions.php -> getKodePesanan() -> psn_key : PSN/20190507/001 [] []
[2019-05-09 22:30:06] RabbitPrint.WARNING:  | | | proses_pesanan.php -> load.. [] []
[2019-05-09 22:30:06] RabbitPrint.WARNING:  | | | proses_pesanan.php -> list_barang : Array [] []
[2019-05-09 22:30:06] RabbitPrint.WARNING:  | | | proses_pesanan.php -> insert ke pesanan -> sql_pesanan : INSERT INTO pesanan (cre_tms, upd_tms, cre_usr, upd_usr, pesanan_no_pesanan, pesanan_no_surat_jalan_masuk, pesanan_jenis_pesanan, pesanan_tanggal_pesanan, pesanan_pelanggan_id, pesanan_total_qty, pesanan_total_qty_packing) VALUES (NOW(), NOW(), 'superuser', 'superuser', 'PSN/20190507/001', 'ASASAS', 'D', '2019-05-07', '4', 0, 0) [] []
[2019-05-09 22:30:06] RabbitPrint.WARNING:  | | | proses_pesanan.php -> insert ke pesanan -> BERHASIL [] []
[2019-05-09 22:30:06] RabbitPrint.WARNING:  | | | proses_pesanan.php -> insert ke detail_pesanan -> sql_detail : INSERT INTO detail_pesanan (cre_tms, upd_tms, cre_usr, upd_usr, detail_pesanan_no_pesanan, detail_pesanan_key, detail_pesanan_nama_barang, detail_pesanan_jenis_print, detail_pesanan_detail_kain, detail_pesanan_nama_warna, detail_pesanan_qty, detail_pesanan_satuan, detail_pesanan_jenis_packing, detail_pesanan_qty_packing, detail_pesanan_warna, detail_pesanan_keterangan) VALUES ( NOW(), NOW(), 'superuser', 'superuser', 'PSN/20190507/001', '0000000008', 'a', 'a', '333', 'cccc', 12, 'Kg', 'Roll', 1, 3, ),( NOW(), NOW(), 'superuser', 'superuser', 'PSN/20190507/001', '0000000009', 'd', 'd', '333', '2', 22, 'PT', 'PT', 1, 3, ) [] []
[2019-05-09 22:30:06] RabbitPrint.WARNING:  | | | proses_pesanan.php -> insert ke detail_pesanan -> GAGAL : You have an error in your SQL syntax; check the manual that corresponds to your MySQL server version for the right syntax to use near '),( NOW(), NOW(), 'superuser', 'superuser', 'PSN/20190507/001', '0000000009', 'd' at line 1 [] []
[2019-05-09 22:32:29] RabbitPrint.WARNING:  | | | data_pelanggan.php -> sel_pelanggan : SELECT * FROM pelanggan [] []
[2019-05-09 22:32:29] RabbitPrint.WARNING:  | | | data_pelanggan.php -> jml. pelanggan : 1 [] []
[2019-05-09 22:32:29] RabbitPrint.WARNING:  | | | functions.php -> getDetailPesananKey() -> selectkey : SELECT MAX(detail_pesanan_key) AS detail_key FROM detail_pesanan; [] []
[2019-05-09 22:32:29] RabbitPrint.WARNING:  | | | functions.php -> getDetailPesananKey() -> detail_key : 0000000001 [] []
[2019-05-09 22:32:29] RabbitPrint.WARNING:  | | | pesanan.php -> load [] []
[2019-05-09 22:36:08] RabbitPrint.WARNING:  | | | data_pelanggan.php -> sel_pelanggan : SELECT * FROM pelanggan [] []
[2019-05-09 22:36:08] RabbitPrint.WARNING:  | | | data_pelanggan.php -> jml. pelanggan : 1 [] []
[2019-05-09 22:36:08] RabbitPrint.WARNING:  | | | functions.php -> getDetailPesananKey() -> selectkey : SELECT MAX(detail_pesanan_key) AS detail_key FROM detail_pesanan; [] []
[2019-05-09 22:36:08] RabbitPrint.WARNING:  | | | functions.php -> getDetailPesananKey() -> detail_key : 0000000001 [] []
[2019-05-09 22:36:08] RabbitPrint.WARNING:  | | | pesanan.php -> load [] []
[2019-05-09 22:37:23] RabbitPrint.WARNING:  | | | functions.php -> getKodePesanan() -> selectkey : SELECT MAX(pesanan.pesanan_no_pesanan) AS psnkey FROM pesanan WHERE pesanan.pesanan_no_pesanan LIKE '%PSN-20190507%' [] []
[2019-05-09 22:37:23] RabbitPrint.WARNING:  | | | functions.php -> getKodePesanan() -> psn_key : PSN/20190507/001 [] []
[2019-05-09 22:37:23] RabbitPrint.WARNING:  | | | proses_pesanan.php -> load.. [] []
[2019-05-09 22:37:23] RabbitPrint.WARNING:  | | | proses_pesanan.php -> list_barang : Array [] []
[2019-05-09 22:37:23] RabbitPrint.WARNING:  | | | proses_pesanan.php -> insert ke pesanan -> sql_pesanan : INSERT INTO pesanan (cre_tms, upd_tms, cre_usr, upd_usr, pesanan_no_pesanan, pesanan_no_surat_jalan_masuk, pesanan_jenis_pesanan, pesanan_tanggal_pesanan, pesanan_pelanggan_id, pesanan_total_qty, pesanan_total_qty_packing) VALUES (NOW(), NOW(), 'superuser', 'superuser', 'PSN/20190507/001', 'D123', 'D', '2019-05-07', '5', 0, 0) [] []
[2019-05-09 22:37:23] RabbitPrint.WARNING:  | | | proses_pesanan.php -> insert ke pesanan -> BERHASIL [] []
[2019-05-09 22:37:23] RabbitPrint.WARNING:  | | | proses_pesanan.php -> insert ke detail_pesanan -> sql_detail : INSERT INTO detail_pesanan (cre_tms, upd_tms, cre_usr, upd_usr, detail_pesanan_no_pesanan, detail_pesanan_key, detail_pesanan_nama_barang, detail_pesanan_jenis_print, detail_pesanan_detail_kain, detail_pesanan_nama_warna, detail_pesanan_ukuran, detail_pesanan_qty, detail_pesanan_satuan, detail_pesanan_jenis_packing, detail_pesanan_qty_packing, detail_pesanan_warna, detail_pesanan_keterangan) VALUES ( NOW(), NOW(), 'superuser', 'superuser', 'PSN/20190507/001', '0000000001', 'q', 'q', '2333', 'sdfsdf', '', 50, 'PT', 'PT', 1, 4, ''),( NOW(), NOW(), 'superuser', 'superuser', 'PSN/20190507/001', '0000000002', 'e', 'e', '3111', 'aweasd', '', 70, 'PT', 'PT', 1, 4, '') [] []
[2019-05-09 22:37:23] RabbitPrint.WARNING:  | | | proses_pesanan.php -> insert ke detail_pesanan -> BERHASIL [] []
[2019-05-09 22:37:26] RabbitPrint.WARNING:  | | | data_pelanggan.php -> sel_pelanggan : SELECT * FROM pelanggan [] []
[2019-05-09 22:37:26] RabbitPrint.WARNING:  | | | data_pelanggan.php -> jml. pelanggan : 1 [] []
[2019-05-09 22:37:26] RabbitPrint.WARNING:  | | | functions.php -> getDetailPesananKey() -> selectkey : SELECT MAX(detail_pesanan_key) AS detail_key FROM detail_pesanan; [] []
[2019-05-09 22:37:26] RabbitPrint.WARNING:  | | | functions.php -> getDetailPesananKey() -> detail_key : 0000000003 [] []
[2019-05-09 22:37:26] RabbitPrint.WARNING:  | | | pesanan.php -> load [] []
[2019-05-09 23:05:17] RabbitPrint.WARNING:  | | | data_pelanggan.php -> sel_pelanggan : SELECT * FROM pelanggan [] []
[2019-05-09 23:05:17] RabbitPrint.WARNING:  | | | data_pelanggan.php -> jml. pelanggan : 1 [] []
[2019-05-09 23:05:17] RabbitPrint.WARNING:  | | | functions.php -> getDetailPesananKey() -> selectkey : SELECT MAX(detail_pesanan_key) AS detail_key FROM detail_pesanan; [] []
[2019-05-09 23:05:17] RabbitPrint.WARNING:  | | | functions.php -> getDetailPesananKey() -> detail_key : 0000000003 [] []
[2019-05-09 23:05:17] RabbitPrint.WARNING:  | | | pesanan.php -> load [] []
[2019-05-09 23:07:26] RabbitPrint.WARNING:  | | | data_pelanggan.php -> sel_pelanggan : SELECT * FROM pelanggan [] []
[2019-05-09 23:07:26] RabbitPrint.WARNING:  | | | data_pelanggan.php -> jml. pelanggan : 1 [] []
[2019-05-09 23:07:26] RabbitPrint.WARNING:  | | | functions.php -> getDetailPesananKey() -> selectkey : SELECT MAX(detail_pesanan_key) AS detail_key FROM detail_pesanan; [] []
[2019-05-09 23:07:26] RabbitPrint.WARNING:  | | | functions.php -> getDetailPesananKey() -> detail_key : 0000000003 [] []
[2019-05-09 23:07:26] RabbitPrint.WARNING:  | | | pesanan.php -> load [] []
[2019-05-09 23:10:05] RabbitPrint.WARNING:  | | | data_pelanggan.php -> sel_pelanggan : SELECT * FROM pelanggan [] []
[2019-05-09 23:10:05] RabbitPrint.WARNING:  | | | data_pelanggan.php -> jml. pelanggan : 1 [] []
[2019-05-09 23:10:05] RabbitPrint.WARNING:  | | | functions.php -> getDetailPesananKey() -> selectkey : SELECT MAX(detail_pesanan_key) AS detail_key FROM detail_pesanan; [] []
[2019-05-09 23:10:05] RabbitPrint.WARNING:  | | | functions.php -> getDetailPesananKey() -> detail_key : 0000000003 [] []
[2019-05-09 23:10:05] RabbitPrint.WARNING:  | | | pesanan.php -> load [] []
[2019-05-09 23:11:06] RabbitPrint.WARNING:  | | | data_pelanggan.php -> sel_pelanggan : SELECT * FROM pelanggan [] []
[2019-05-09 23:11:06] RabbitPrint.WARNING:  | | | data_pelanggan.php -> jml. pelanggan : 1 [] []
[2019-05-09 23:11:06] RabbitPrint.WARNING:  | | | functions.php -> getDetailPesananKey() -> selectkey : SELECT MAX(detail_pesanan_key) AS detail_key FROM detail_pesanan; [] []
[2019-05-09 23:11:06] RabbitPrint.WARNING:  | | | functions.php -> getDetailPesananKey() -> detail_key : 0000000003 [] []
[2019-05-09 23:11:06] RabbitPrint.WARNING:  | | | pesanan.php -> load [] []
[2019-05-09 23:13:03] RabbitPrint.WARNING:  | | | data_pelanggan.php -> sel_pelanggan : SELECT * FROM pelanggan [] []
[2019-05-09 23:13:03] RabbitPrint.WARNING:  | | | data_pelanggan.php -> jml. pelanggan : 1 [] []
[2019-05-09 23:13:03] RabbitPrint.WARNING:  | | | functions.php -> getDetailPesananKey() -> selectkey : SELECT MAX(detail_pesanan_key) AS detail_key FROM detail_pesanan; [] []
[2019-05-09 23:13:03] RabbitPrint.WARNING:  | | | functions.php -> getDetailPesananKey() -> detail_key : 0000000003 [] []
[2019-05-09 23:13:03] RabbitPrint.WARNING:  | | | pesanan.php -> load [] []
