[2019-06-03 17:19:23] RabbitPrint.WARNING:  | | | data_pelanggan.php -> sel_pelanggan : SELECT * FROM pelanggan [] []
[2019-06-03 17:19:23] RabbitPrint.WARNING:  | | | data_pelanggan.php -> jml. pelanggan : 1 [] []
[2019-06-03 17:19:23] RabbitPrint.WARNING:  | | | functions.php -> getDetailPesananKey() -> selectkey : SELECT MAX(detail_pesanan_key) AS detail_key FROM detail_pesanan; [] []
[2019-06-03 17:19:23] RabbitPrint.WARNING:  | | | functions.php -> getDetailPesananKey() -> detail_key : 0000000034 [] []
[2019-06-03 17:19:23] RabbitPrint.WARNING:  | | | pesanan.php -> load [] []
[2019-06-03 17:19:26] RabbitPrint.WARNING:  | | | data_pelanggan.php -> sel_pelanggan : SELECT * FROM pelanggan [] []
[2019-06-03 17:19:26] RabbitPrint.WARNING:  | | | data_pelanggan.php -> jml. pelanggan : 1 [] []
[2019-06-03 17:19:26] RabbitPrint.WARNING:  | | | functions.php -> getDetailPesananKey() -> selectkey : SELECT MAX(detail_pesanan_key) AS detail_key FROM detail_pesanan; [] []
[2019-06-03 17:19:26] RabbitPrint.WARNING:  | | | functions.php -> getDetailPesananKey() -> detail_key : 0000000034 [] []
[2019-06-03 17:19:26] RabbitPrint.WARNING:  | | | pesanan.php -> load [] []
[2019-06-03 17:19:43] RabbitPrint.WARNING:  | | | proses_login.php -> cek user -> sql_user : SELECT * FROM s_user WHERE username LIKE 'superuser' AND password LIKE '21232f297a57a5a743894a0e4a801fc3' LIMIT 1 [] []
[2019-06-03 17:19:43] RabbitPrint.WARNING:  | | | proses_login.php -> id_user : 1 [] []
[2019-06-03 17:19:43] RabbitPrint.WARNING:  | | | proses_login.php -> insert ke s_login -> sql_login : INSERT INTO s_login (key_login, id_user, waktu_login, waktu_kadaluarsa, status, ip, pc_dan_browser) VALUES ('15595571833949', '1', '2019-06-03 17:19:43', '2019-06-04 17:19:43', '1', '::1', 'mozilla/5.0 (windows nt 10.0; win64; x64) applewebkit/537.36 (khtml, like gecko) chrome/74.0.3729.169 safari/537.36') [] []
[2019-06-03 17:19:43] RabbitPrint.WARNING:  | | | proses_login.php -> insert ke s_login -> SUCCESS [] []
[2019-06-03 17:19:43] RabbitPrint.WARNING:  | | | proses_login.php -> LOGIN SUKSES!! [] []
[2019-06-03 17:20:00] RabbitPrint.WARNING:  | | | daftar_pesanan.php -> membuka halaman [] []
[2019-06-03 17:20:00] RabbitPrint.WARNING:  | | | daftar_pesanan.php -> sel_pesanan : SELECT psn.*, plg.pelanggan_nama	FROM pesanan psn JOIN pelanggan plg ON plg.pelanggan_id = psn.pesanan_pelanggan_id ORDER BY psn.pesanan_id DESC [] []
[2019-06-03 17:20:01] RabbitPrint.WARNING:  | | | daftar_pesanan.php -> jml. pesanan : 0 [] []
[2019-06-03 17:20:30] RabbitPrint.WARNING:  | | | daftar_pesanan.php -> membuka halaman [] []
[2019-06-03 17:20:30] RabbitPrint.WARNING:  | | | daftar_pesanan.php -> sel_pesanan : SELECT psn.*, plg.pelanggan_nama	FROM pesanan psn JOIN pelanggan plg ON plg.pelanggan_id = psn.pesanan_pelanggan_id ORDER BY psn.pesanan_id DESC [] []
[2019-06-03 17:20:30] RabbitPrint.WARNING:  | | | daftar_pesanan.php -> jml. pesanan : 0 [] []
[2019-06-03 17:20:37] RabbitPrint.WARNING:  | | | pelanggan.php -> membuka halaman [] []
[2019-06-03 17:20:37] RabbitPrint.WARNING:  | | | pelanggan.php -> sel_pelanggan : SELECT * FROM pelanggan [] []
[2019-06-03 17:20:37] RabbitPrint.WARNING:  | | | pelanggan.php -> jml. pelanggan : 0 [] []
[2019-06-03 17:21:23] RabbitPrint.WARNING:  | | | pelanggan.php -> membuka halaman [] []
[2019-06-03 17:21:23] RabbitPrint.WARNING:  | | | pelanggan.php -> sel_pelanggan : SELECT * FROM pelanggan [] []
[2019-06-03 17:21:23] RabbitPrint.WARNING:  | | | pelanggan.php -> jml. pelanggan : 0 [] []
[2019-06-03 17:21:44] RabbitPrint.WARNING:  | | | pelanggan.php -> membuka halaman [] []
[2019-06-03 17:21:44] RabbitPrint.WARNING:  | | | pelanggan.php -> sel_pelanggan : SELECT * FROM pelanggan [] []
[2019-06-03 17:21:44] RabbitPrint.WARNING:  | | | pelanggan.php -> jml. pelanggan : 0 [] []
[2019-06-03 17:21:48] RabbitPrint.WARNING:  | | | pelanggan.php -> membuka halaman [] []
[2019-06-03 17:21:48] RabbitPrint.WARNING:  | | | pelanggan.php -> sel_pelanggan : SELECT * FROM pelanggan [] []
[2019-06-03 17:21:48] RabbitPrint.WARNING:  | | | pelanggan.php -> jml. pelanggan : 0 [] []
[2019-06-03 17:22:01] RabbitPrint.WARNING:  | | | pelanggan.php -> membuka halaman [] []
[2019-06-03 17:22:01] RabbitPrint.WARNING:  | | | pelanggan.php -> sel_pelanggan : SELECT * FROM pelanggan [] []
[2019-06-03 17:22:01] RabbitPrint.WARNING:  | | | pelanggan.php -> jml. pelanggan : 0 [] []
[2019-06-03 17:22:17] RabbitPrint.WARNING:  | | | pelanggan.php -> membuka halaman [] []
[2019-06-03 17:22:17] RabbitPrint.WARNING:  | | | pelanggan.php -> sel_pelanggan : SELECT * FROM pelanggan [] []
[2019-06-03 17:22:17] RabbitPrint.WARNING:  | | | pelanggan.php -> jml. pelanggan : 0 [] []
[2019-06-03 17:22:41] RabbitPrint.WARNING:  | | | pelanggan.php -> membuka halaman [] []
[2019-06-03 17:22:41] RabbitPrint.WARNING:  | | | pelanggan.php -> sel_pelanggan : SELECT * FROM pelanggan [] []
[2019-06-03 17:22:41] RabbitPrint.WARNING:  | | | pelanggan.php -> jml. pelanggan : 0 [] []
[2019-06-03 17:23:19] RabbitPrint.WARNING:  | | | pelanggan.php -> membuka halaman [] []
[2019-06-03 17:23:19] RabbitPrint.WARNING:  | | | pelanggan.php -> sel_pelanggan : SELECT * FROM pelanggan [] []
[2019-06-03 17:23:19] RabbitPrint.WARNING:  | | | pelanggan.php -> jml. pelanggan : 0 [] []
[2019-06-03 17:23:25] RabbitPrint.WARNING:  | | | pelanggan.php -> membuka halaman [] []
[2019-06-03 17:23:25] RabbitPrint.WARNING:  | | | pelanggan.php -> sel_pelanggan : SELECT * FROM pelanggan [] []
[2019-06-03 17:23:25] RabbitPrint.WARNING:  | | | pelanggan.php -> jml. pelanggan : 0 [] []
[2019-06-03 17:23:44] RabbitPrint.WARNING:  | | | daftar_pesanan.php -> membuka halaman [] []
[2019-06-03 17:23:44] RabbitPrint.WARNING:  | | | daftar_pesanan.php -> sel_pesanan : SELECT psn.*, plg.pelanggan_nama	FROM pesanan psn JOIN pelanggan plg ON plg.pelanggan_id = psn.pesanan_pelanggan_id ORDER BY psn.pesanan_id DESC [] []
[2019-06-03 17:23:44] RabbitPrint.WARNING:  | | | daftar_pesanan.php -> jml. pesanan : 0 [] []
[2019-06-03 17:24:21] RabbitPrint.WARNING:  | | | data_pelanggan.php -> sel_pelanggan : SELECT * FROM pelanggan [] []
[2019-06-03 17:24:21] RabbitPrint.WARNING:  | | | data_pelanggan.php -> jml. pelanggan : 1 [] []
[2019-06-03 17:24:21] RabbitPrint.WARNING:  | | | functions.php -> getDetailPesananKey() -> selectkey : SELECT MAX(detail_pesanan_key) AS detail_key FROM detail_pesanan; [] []
[2019-06-03 17:24:21] RabbitPrint.WARNING:  | | | functions.php -> getDetailPesananKey() -> detail_key : 0000000034 [] []
[2019-06-03 17:24:21] RabbitPrint.WARNING:  | | | pesanan.php -> load [] []
[2019-06-03 17:25:32] RabbitPrint.WARNING:  | | | daftar_surat_jalan.php -> membuka halaman [] []
[2019-06-03 17:25:32] RabbitPrint.WARNING:  | | | daftar_surat_)jalan.php -> sel_daftar_surat_jalan : SELECT * FROM surat_jalan ORDER BY surat_jalan_id DESC [] []
[2019-06-03 17:25:32] RabbitPrint.WARNING:  | | | daftar_surat_jalan.php -> sel_plg -> SELECT pelanggan_nama FROM pelanggan WHERE pelanggan_id = 4 [] []
[2019-06-03 17:25:32] RabbitPrint.WARNING:  | | | daftar_surat_jalan.php -> sel_user -> SELECT nama FROM s_user WHERE username = 'superuser' [] []
[2019-06-03 17:25:32] RabbitPrint.WARNING:  | | | daftar_surat_jalan.php -> sel_plg -> SELECT pelanggan_nama FROM pelanggan WHERE pelanggan_id = 2 [] []
[2019-06-03 17:25:32] RabbitPrint.WARNING:  | | | daftar_surat_jalan.php -> sel_user -> SELECT nama FROM s_user WHERE username = 'superuser' [] []
[2019-06-03 17:25:32] RabbitPrint.WARNING:  | | | daftar_surat_jalan.php -> sel_plg -> SELECT pelanggan_nama FROM pelanggan WHERE pelanggan_id = 4 [] []
[2019-06-03 17:25:32] RabbitPrint.WARNING:  | | | daftar_surat_jalan.php -> sel_user -> SELECT nama FROM s_user WHERE username = 'superuser' [] []
[2019-06-03 17:25:32] RabbitPrint.WARNING:  | | | daftar_surat_jalan.php -> sel_plg -> SELECT pelanggan_nama FROM pelanggan WHERE pelanggan_id = 8 [] []
[2019-06-03 17:25:32] RabbitPrint.WARNING:  | | | daftar_surat_jalan.php -> sel_user -> SELECT nama FROM s_user WHERE username = 'superuser' [] []
[2019-06-03 17:25:32] RabbitPrint.WARNING:  | | | daftar_surat_jalan.php -> sel_plg -> SELECT pelanggan_nama FROM pelanggan WHERE pelanggan_id = 4 [] []
[2019-06-03 17:25:32] RabbitPrint.WARNING:  | | | daftar_surat_jalan.php -> sel_user -> SELECT nama FROM s_user WHERE username = 'superuser' [] []
[2019-06-03 17:26:02] RabbitPrint.WARNING:  | | | daftar_surat_jalan.php -> membuka halaman [] []
[2019-06-03 17:26:02] RabbitPrint.WARNING:  | | | daftar_surat_)jalan.php -> sel_daftar_surat_jalan : SELECT * FROM surat_jalan ORDER BY surat_jalan_id DESC [] []
[2019-06-03 17:26:02] RabbitPrint.WARNING:  | | | daftar_surat_jalan.php -> sel_plg -> SELECT pelanggan_nama FROM pelanggan WHERE pelanggan_id = 4 [] []
[2019-06-03 17:26:02] RabbitPrint.WARNING:  | | | daftar_surat_jalan.php -> sel_user -> SELECT nama FROM s_user WHERE username = 'superuser' [] []
[2019-06-03 17:26:02] RabbitPrint.WARNING:  | | | daftar_surat_jalan.php -> sel_plg -> SELECT pelanggan_nama FROM pelanggan WHERE pelanggan_id = 2 [] []
[2019-06-03 17:26:02] RabbitPrint.WARNING:  | | | daftar_surat_jalan.php -> sel_user -> SELECT nama FROM s_user WHERE username = 'superuser' [] []
[2019-06-03 17:26:02] RabbitPrint.WARNING:  | | | daftar_surat_jalan.php -> sel_plg -> SELECT pelanggan_nama FROM pelanggan WHERE pelanggan_id = 4 [] []
[2019-06-03 17:26:02] RabbitPrint.WARNING:  | | | daftar_surat_jalan.php -> sel_user -> SELECT nama FROM s_user WHERE username = 'superuser' [] []
[2019-06-03 17:26:02] RabbitPrint.WARNING:  | | | daftar_surat_jalan.php -> sel_plg -> SELECT pelanggan_nama FROM pelanggan WHERE pelanggan_id = 8 [] []
[2019-06-03 17:26:02] RabbitPrint.WARNING:  | | | daftar_surat_jalan.php -> sel_user -> SELECT nama FROM s_user WHERE username = 'superuser' [] []
[2019-06-03 17:26:02] RabbitPrint.WARNING:  | | | daftar_surat_jalan.php -> sel_plg -> SELECT pelanggan_nama FROM pelanggan WHERE pelanggan_id = 4 [] []
[2019-06-03 17:26:02] RabbitPrint.WARNING:  | | | daftar_surat_jalan.php -> sel_user -> SELECT nama FROM s_user WHERE username = 'superuser' [] []
[2019-06-03 17:26:09] RabbitPrint.WARNING:  | | | daftar_pesanan.php -> membuka halaman [] []
[2019-06-03 17:26:09] RabbitPrint.WARNING:  | | | daftar_pesanan.php -> sel_pesanan : SELECT psn.*, plg.pelanggan_nama	FROM pesanan psn JOIN pelanggan plg ON plg.pelanggan_id = psn.pesanan_pelanggan_id ORDER BY psn.pesanan_id DESC [] []
[2019-06-03 17:26:09] RabbitPrint.WARNING:  | | | daftar_pesanan.php -> jml. pesanan : 0 [] []
[2019-06-03 17:26:12] RabbitPrint.WARNING:  | | | daftar_surat_jalan.php -> membuka halaman [] []
[2019-06-03 17:26:12] RabbitPrint.WARNING:  | | | daftar_surat_)jalan.php -> sel_daftar_surat_jalan : SELECT * FROM surat_jalan ORDER BY surat_jalan_id DESC [] []
[2019-06-03 17:26:12] RabbitPrint.WARNING:  | | | daftar_surat_jalan.php -> sel_plg -> SELECT pelanggan_nama FROM pelanggan WHERE pelanggan_id = 4 [] []
[2019-06-03 17:26:12] RabbitPrint.WARNING:  | | | daftar_surat_jalan.php -> sel_user -> SELECT nama FROM s_user WHERE username = 'superuser' [] []
[2019-06-03 17:26:12] RabbitPrint.WARNING:  | | | daftar_surat_jalan.php -> sel_plg -> SELECT pelanggan_nama FROM pelanggan WHERE pelanggan_id = 2 [] []
[2019-06-03 17:26:12] RabbitPrint.WARNING:  | | | daftar_surat_jalan.php -> sel_user -> SELECT nama FROM s_user WHERE username = 'superuser' [] []
[2019-06-03 17:26:12] RabbitPrint.WARNING:  | | | daftar_surat_jalan.php -> sel_plg -> SELECT pelanggan_nama FROM pelanggan WHERE pelanggan_id = 4 [] []
[2019-06-03 17:26:12] RabbitPrint.WARNING:  | | | daftar_surat_jalan.php -> sel_user -> SELECT nama FROM s_user WHERE username = 'superuser' [] []
[2019-06-03 17:26:12] RabbitPrint.WARNING:  | | | daftar_surat_jalan.php -> sel_plg -> SELECT pelanggan_nama FROM pelanggan WHERE pelanggan_id = 8 [] []
[2019-06-03 17:26:12] RabbitPrint.WARNING:  | | | daftar_surat_jalan.php -> sel_user -> SELECT nama FROM s_user WHERE username = 'superuser' [] []
[2019-06-03 17:26:12] RabbitPrint.WARNING:  | | | daftar_surat_jalan.php -> sel_plg -> SELECT pelanggan_nama FROM pelanggan WHERE pelanggan_id = 4 [] []
[2019-06-03 17:26:12] RabbitPrint.WARNING:  | | | daftar_surat_jalan.php -> sel_user -> SELECT nama FROM s_user WHERE username = 'superuser' [] []
[2019-06-03 17:26:16] RabbitPrint.WARNING:  | | | daftar_invoice.php -> membuka halaman [] []
[2019-06-03 17:26:16] RabbitPrint.WARNING:  | | | daftar_invoice.php -> sel_invoice : SELECT inv.*, plg.pelanggan_nama FROM invoice_keluar inv JOIN pelanggan plg ON plg.pelanggan_id = inv.invoice_keluar_pelanggan_id ORDER BY inv.invoice_keluar_id DESC [] []
[2019-06-03 17:26:16] RabbitPrint.WARNING:  | | | data_pelanggan.php -> sel_pelanggan : SELECT p.* FROM pelanggan p JOIN invoice_keluar inv ON p.pelanggan_id = inv.invoice_keluar_pelanggan_id WHERE p.pelanggan_id > 0 GROUP BY p.pelanggan_nama; [] []
[2019-06-03 17:26:43] RabbitPrint.WARNING:  | | | daftar_invoice.php -> membuka halaman [] []
[2019-06-03 17:26:43] RabbitPrint.WARNING:  | | | daftar_invoice.php -> sel_invoice : SELECT inv.*, plg.pelanggan_nama FROM invoice_keluar inv JOIN pelanggan plg ON plg.pelanggan_id = inv.invoice_keluar_pelanggan_id ORDER BY inv.invoice_keluar_id DESC [] []
[2019-06-03 17:26:43] RabbitPrint.WARNING:  | | | data_pelanggan.php -> sel_pelanggan : SELECT p.* FROM pelanggan p JOIN invoice_keluar inv ON p.pelanggan_id = inv.invoice_keluar_pelanggan_id WHERE p.pelanggan_id > 0 GROUP BY p.pelanggan_nama; [] []
[2019-06-03 17:26:45] RabbitPrint.WARNING:  | | | tambah_invoice.php -> membuka halaman [] []
[2019-06-03 17:26:45] RabbitPrint.WARNING:  | | | tambah_invoice.php -> sel_pelanggan : SELECT p.* FROM pelanggan p JOIN surat_jalan sj ON p.pelanggan_id = sj.surat_jalan_pelanggan_id WHERE p.pelanggan_id > 0 AND sj.surat_jalan_status = 'B' GROUP BY p.pelanggan_nama [] []
[2019-06-03 17:26:45] RabbitPrint.WARNING:  | | | tambah_invoice.php -> sel_sj : SELECT p.pelanggan_nama, p.pelanggan_telp, p.pelanggan_alamat, sj.*, sjd.surat_jalan_detail_nama_barang, sjd.surat_jalan_detail_jenis_print, sjd.surat_jalan_detail_satuan_qty FROM surat_jalan sj JOIN surat_jalan_detail sjd ON sjd.surat_jalan_detail_surat_jalan_key = sj.surat_jalan_key JOIN pelanggan p ON p.pelanggan_id = sj.surat_jalan_pelanggan_id WHERE sj.surat_jalan_pelanggan_id = AND sj.surat_jalan_status = 'B' AND sj.surat_jalan_tanggal LIKE '2019-%' GROUP BY sjd.surat_jalan_detail_surat_jalan_key, sjd.surat_jalan_detail_nama_barang ORDER BY sjd.surat_jalan_detail_surat_jalan_key [] []
[2019-06-03 17:26:52] RabbitPrint.WARNING:  | | | daftar_invoice.php -> membuka halaman [] []
[2019-06-03 17:26:52] RabbitPrint.WARNING:  | | | daftar_invoice.php -> sel_invoice : SELECT inv.*, plg.pelanggan_nama FROM invoice_keluar inv JOIN pelanggan plg ON plg.pelanggan_id = inv.invoice_keluar_pelanggan_id ORDER BY inv.invoice_keluar_id DESC [] []
[2019-06-03 17:26:52] RabbitPrint.WARNING:  | | | data_pelanggan.php -> sel_pelanggan : SELECT p.* FROM pelanggan p JOIN invoice_keluar inv ON p.pelanggan_id = inv.invoice_keluar_pelanggan_id WHERE p.pelanggan_id > 0 GROUP BY p.pelanggan_nama; [] []
[2019-06-03 17:27:34] RabbitPrint.WARNING:  | | | daftar_invoice.php -> membuka halaman [] []
[2019-06-03 17:27:34] RabbitPrint.WARNING:  | | | daftar_invoice.php -> sel_invoice : SELECT inv.*, plg.pelanggan_nama FROM invoice_keluar inv JOIN pelanggan plg ON plg.pelanggan_id = inv.invoice_keluar_pelanggan_id ORDER BY inv.invoice_keluar_id DESC [] []
[2019-06-03 17:27:34] RabbitPrint.WARNING:  | | | data_pelanggan.php -> sel_pelanggan : SELECT p.* FROM pelanggan p JOIN invoice_keluar inv ON p.pelanggan_id = inv.invoice_keluar_pelanggan_id WHERE p.pelanggan_id > 0 GROUP BY p.pelanggan_nama; [] []
[2019-06-03 17:28:06] RabbitPrint.WARNING:  | | | daftar_invoice.php -> membuka halaman [] []
[2019-06-03 17:28:06] RabbitPrint.WARNING:  | | | daftar_invoice.php -> sel_invoice : SELECT inv.*, plg.pelanggan_nama FROM invoice_keluar inv JOIN pelanggan plg ON plg.pelanggan_id = inv.invoice_keluar_pelanggan_id ORDER BY inv.invoice_keluar_id DESC [] []
[2019-06-03 17:28:06] RabbitPrint.WARNING:  | | | data_pelanggan.php -> sel_pelanggan : SELECT p.* FROM pelanggan p JOIN invoice_keluar inv ON p.pelanggan_id = inv.invoice_keluar_pelanggan_id WHERE p.pelanggan_id > 0 GROUP BY p.pelanggan_nama; [] []
[2019-06-03 17:28:16] RabbitPrint.WARNING:  | | | tambah_invoice.php -> membuka halaman [] []
[2019-06-03 17:28:16] RabbitPrint.WARNING:  | | | tambah_invoice.php -> sel_pelanggan : SELECT p.* FROM pelanggan p JOIN surat_jalan sj ON p.pelanggan_id = sj.surat_jalan_pelanggan_id WHERE p.pelanggan_id > 0 AND sj.surat_jalan_status = 'B' GROUP BY p.pelanggan_nama [] []
[2019-06-03 17:28:16] RabbitPrint.WARNING:  | | | tambah_invoice.php -> sel_sj : SELECT p.pelanggan_nama, p.pelanggan_telp, p.pelanggan_alamat, sj.*, sjd.surat_jalan_detail_nama_barang, sjd.surat_jalan_detail_jenis_print, sjd.surat_jalan_detail_satuan_qty FROM surat_jalan sj JOIN surat_jalan_detail sjd ON sjd.surat_jalan_detail_surat_jalan_key = sj.surat_jalan_key JOIN pelanggan p ON p.pelanggan_id = sj.surat_jalan_pelanggan_id WHERE sj.surat_jalan_pelanggan_id = AND sj.surat_jalan_status = 'B' AND sj.surat_jalan_tanggal LIKE '2019-%' GROUP BY sjd.surat_jalan_detail_surat_jalan_key, sjd.surat_jalan_detail_nama_barang ORDER BY sjd.surat_jalan_detail_surat_jalan_key [] []
[2019-06-03 17:28:48] RabbitPrint.WARNING:  | | | tambah_invoice.php -> membuka halaman [] []
[2019-06-03 17:28:48] RabbitPrint.WARNING:  | | | tambah_invoice.php -> sel_pelanggan : SELECT p.* FROM pelanggan p JOIN surat_jalan sj ON p.pelanggan_id = sj.surat_jalan_pelanggan_id WHERE p.pelanggan_id > 0 AND sj.surat_jalan_status = 'B' GROUP BY p.pelanggan_nama [] []
[2019-06-03 17:28:48] RabbitPrint.WARNING:  | | | tambah_invoice.php -> sel_sj : SELECT p.pelanggan_nama, p.pelanggan_telp, p.pelanggan_alamat, sj.*, sjd.surat_jalan_detail_nama_barang, sjd.surat_jalan_detail_jenis_print, sjd.surat_jalan_detail_satuan_qty FROM surat_jalan sj JOIN surat_jalan_detail sjd ON sjd.surat_jalan_detail_surat_jalan_key = sj.surat_jalan_key JOIN pelanggan p ON p.pelanggan_id = sj.surat_jalan_pelanggan_id WHERE sj.surat_jalan_pelanggan_id = AND sj.surat_jalan_status = 'B' AND sj.surat_jalan_tanggal LIKE '2019-%' GROUP BY sjd.surat_jalan_detail_surat_jalan_key, sjd.surat_jalan_detail_nama_barang ORDER BY sjd.surat_jalan_detail_surat_jalan_key [] []
[2019-06-03 17:29:12] RabbitPrint.WARNING:  | | | tambah_invoice.php -> membuka halaman [] []
[2019-06-03 17:29:12] RabbitPrint.WARNING:  | | | tambah_invoice.php -> sel_pelanggan : SELECT p.* FROM pelanggan p JOIN surat_jalan sj ON p.pelanggan_id = sj.surat_jalan_pelanggan_id WHERE p.pelanggan_id > 0 AND sj.surat_jalan_status = 'B' GROUP BY p.pelanggan_nama [] []
[2019-06-03 17:29:12] RabbitPrint.WARNING:  | | | tambah_invoice.php -> sel_sj : SELECT p.pelanggan_nama, p.pelanggan_telp, p.pelanggan_alamat, sj.*, sjd.surat_jalan_detail_nama_barang, sjd.surat_jalan_detail_jenis_print, sjd.surat_jalan_detail_satuan_qty FROM surat_jalan sj JOIN surat_jalan_detail sjd ON sjd.surat_jalan_detail_surat_jalan_key = sj.surat_jalan_key JOIN pelanggan p ON p.pelanggan_id = sj.surat_jalan_pelanggan_id WHERE sj.surat_jalan_pelanggan_id = AND sj.surat_jalan_status = 'B' AND sj.surat_jalan_tanggal LIKE '2019-%' GROUP BY sjd.surat_jalan_detail_surat_jalan_key, sjd.surat_jalan_detail_nama_barang ORDER BY sjd.surat_jalan_detail_surat_jalan_key [] []
[2019-06-03 17:29:34] RabbitPrint.WARNING:  | | | tambah_invoice.php -> membuka halaman [] []
[2019-06-03 17:29:34] RabbitPrint.WARNING:  | | | tambah_invoice.php -> sel_pelanggan : SELECT p.* FROM pelanggan p JOIN surat_jalan sj ON p.pelanggan_id = sj.surat_jalan_pelanggan_id WHERE p.pelanggan_id > 0 AND sj.surat_jalan_status = 'B' GROUP BY p.pelanggan_nama [] []
[2019-06-03 17:29:34] RabbitPrint.WARNING:  | | | tambah_invoice.php -> sel_sj : SELECT p.pelanggan_nama, p.pelanggan_telp, p.pelanggan_alamat, sj.*, sjd.surat_jalan_detail_nama_barang, sjd.surat_jalan_detail_jenis_print, sjd.surat_jalan_detail_satuan_qty FROM surat_jalan sj JOIN surat_jalan_detail sjd ON sjd.surat_jalan_detail_surat_jalan_key = sj.surat_jalan_key JOIN pelanggan p ON p.pelanggan_id = sj.surat_jalan_pelanggan_id WHERE sj.surat_jalan_pelanggan_id = AND sj.surat_jalan_status = 'B' AND sj.surat_jalan_tanggal LIKE '2019-%' GROUP BY sjd.surat_jalan_detail_surat_jalan_key, sjd.surat_jalan_detail_nama_barang ORDER BY sjd.surat_jalan_detail_surat_jalan_key [] []
[2019-06-03 17:29:47] RabbitPrint.WARNING:  | | | tambah_invoice.php -> membuka halaman [] []
[2019-06-03 17:29:47] RabbitPrint.WARNING:  | | | tambah_invoice.php -> sel_pelanggan : SELECT p.* FROM pelanggan p JOIN surat_jalan sj ON p.pelanggan_id = sj.surat_jalan_pelanggan_id WHERE p.pelanggan_id > 0 AND sj.surat_jalan_status = 'B' GROUP BY p.pelanggan_nama [] []
[2019-06-03 17:29:47] RabbitPrint.WARNING:  | | | tambah_invoice.php -> sel_sj : SELECT p.pelanggan_nama, p.pelanggan_telp, p.pelanggan_alamat, sj.*, sjd.surat_jalan_detail_nama_barang, sjd.surat_jalan_detail_jenis_print, sjd.surat_jalan_detail_satuan_qty FROM surat_jalan sj JOIN surat_jalan_detail sjd ON sjd.surat_jalan_detail_surat_jalan_key = sj.surat_jalan_key JOIN pelanggan p ON p.pelanggan_id = sj.surat_jalan_pelanggan_id WHERE sj.surat_jalan_pelanggan_id = 2 AND sj.surat_jalan_status = 'B' AND sj.surat_jalan_tanggal LIKE '2019-05%' GROUP BY sjd.surat_jalan_detail_surat_jalan_key, sjd.surat_jalan_detail_nama_barang ORDER BY sjd.surat_jalan_detail_surat_jalan_key [] []
[2019-06-03 17:29:47] RabbitPrint.WARNING:  | | | tambah_invoice.php -> jml. pelanggan : 0 [] []
[2019-06-03 17:30:08] RabbitPrint.WARNING:  | | | daftar_invoice.php -> membuka halaman [] []
[2019-06-03 17:30:08] RabbitPrint.WARNING:  | | | daftar_invoice.php -> sel_invoice : SELECT inv.*, plg.pelanggan_nama FROM invoice_keluar inv JOIN pelanggan plg ON plg.pelanggan_id = inv.invoice_keluar_pelanggan_id ORDER BY inv.invoice_keluar_id DESC [] []
[2019-06-03 17:30:08] RabbitPrint.WARNING:  | | | data_pelanggan.php -> sel_pelanggan : SELECT p.* FROM pelanggan p JOIN invoice_keluar inv ON p.pelanggan_id = inv.invoice_keluar_pelanggan_id WHERE p.pelanggan_id > 0 GROUP BY p.pelanggan_nama; [] []
[2019-06-03 17:30:16] RabbitPrint.WARNING:  | | | tambah_invoice.php -> membuka halaman [] []
[2019-06-03 17:30:16] RabbitPrint.WARNING:  | | | tambah_invoice.php -> sel_pelanggan : SELECT p.* FROM pelanggan p JOIN surat_jalan sj ON p.pelanggan_id = sj.surat_jalan_pelanggan_id WHERE p.pelanggan_id > 0 AND sj.surat_jalan_status = 'B' GROUP BY p.pelanggan_nama [] []
[2019-06-03 17:30:16] RabbitPrint.WARNING:  | | | tambah_invoice.php -> sel_sj : SELECT p.pelanggan_nama, p.pelanggan_telp, p.pelanggan_alamat, sj.*, sjd.surat_jalan_detail_nama_barang, sjd.surat_jalan_detail_jenis_print, sjd.surat_jalan_detail_satuan_qty FROM surat_jalan sj JOIN surat_jalan_detail sjd ON sjd.surat_jalan_detail_surat_jalan_key = sj.surat_jalan_key JOIN pelanggan p ON p.pelanggan_id = sj.surat_jalan_pelanggan_id WHERE sj.surat_jalan_pelanggan_id = AND sj.surat_jalan_status = 'B' AND sj.surat_jalan_tanggal LIKE '2019-%' GROUP BY sjd.surat_jalan_detail_surat_jalan_key, sjd.surat_jalan_detail_nama_barang ORDER BY sjd.surat_jalan_detail_surat_jalan_key [] []
[2019-06-03 17:30:19] RabbitPrint.WARNING:  | | | daftar_surat_jalan.php -> membuka halaman [] []
[2019-06-03 17:30:19] RabbitPrint.WARNING:  | | | daftar_surat_)jalan.php -> sel_daftar_surat_jalan : SELECT * FROM surat_jalan ORDER BY surat_jalan_id DESC [] []
[2019-06-03 17:30:19] RabbitPrint.WARNING:  | | | daftar_surat_jalan.php -> sel_plg -> SELECT pelanggan_nama FROM pelanggan WHERE pelanggan_id = 4 [] []
[2019-06-03 17:30:19] RabbitPrint.WARNING:  | | | daftar_surat_jalan.php -> sel_user -> SELECT nama FROM s_user WHERE username = 'superuser' [] []
[2019-06-03 17:30:19] RabbitPrint.WARNING:  | | | daftar_surat_jalan.php -> sel_plg -> SELECT pelanggan_nama FROM pelanggan WHERE pelanggan_id = 2 [] []
[2019-06-03 17:30:19] RabbitPrint.WARNING:  | | | daftar_surat_jalan.php -> sel_user -> SELECT nama FROM s_user WHERE username = 'superuser' [] []
[2019-06-03 17:30:19] RabbitPrint.WARNING:  | | | daftar_surat_jalan.php -> sel_plg -> SELECT pelanggan_nama FROM pelanggan WHERE pelanggan_id = 4 [] []
[2019-06-03 17:30:19] RabbitPrint.WARNING:  | | | daftar_surat_jalan.php -> sel_user -> SELECT nama FROM s_user WHERE username = 'superuser' [] []
[2019-06-03 17:30:19] RabbitPrint.WARNING:  | | | daftar_surat_jalan.php -> sel_plg -> SELECT pelanggan_nama FROM pelanggan WHERE pelanggan_id = 8 [] []
[2019-06-03 17:30:19] RabbitPrint.WARNING:  | | | daftar_surat_jalan.php -> sel_user -> SELECT nama FROM s_user WHERE username = 'superuser' [] []
[2019-06-03 17:30:19] RabbitPrint.WARNING:  | | | daftar_surat_jalan.php -> sel_plg -> SELECT pelanggan_nama FROM pelanggan WHERE pelanggan_id = 4 [] []
[2019-06-03 17:30:19] RabbitPrint.WARNING:  | | | daftar_surat_jalan.php -> sel_user -> SELECT nama FROM s_user WHERE username = 'superuser' [] []
[2019-06-03 17:30:22] RabbitPrint.WARNING:  | | | daftar_pesanan.php -> membuka halaman [] []
[2019-06-03 17:30:22] RabbitPrint.WARNING:  | | | daftar_pesanan.php -> sel_pesanan : SELECT psn.*, plg.pelanggan_nama	FROM pesanan psn JOIN pelanggan plg ON plg.pelanggan_id = psn.pesanan_pelanggan_id ORDER BY psn.pesanan_id DESC [] []
[2019-06-03 17:30:22] RabbitPrint.WARNING:  | | | daftar_pesanan.php -> jml. pesanan : 0 [] []
[2019-06-03 17:30:25] RabbitPrint.WARNING:  | | | data_pelanggan.php -> sel_pelanggan : SELECT * FROM pelanggan [] []
[2019-06-03 17:30:25] RabbitPrint.WARNING:  | | | data_pelanggan.php -> jml. pelanggan : 1 [] []
[2019-06-03 17:30:25] RabbitPrint.WARNING:  | | | functions.php -> getDetailPesananKey() -> selectkey : SELECT MAX(detail_pesanan_key) AS detail_key FROM detail_pesanan; [] []
[2019-06-03 17:30:25] RabbitPrint.WARNING:  | | | functions.php -> getDetailPesananKey() -> detail_key : 0000000034 [] []
[2019-06-03 17:30:25] RabbitPrint.WARNING:  | | | pesanan.php -> load [] []
[2019-06-03 17:30:28] RabbitPrint.WARNING:  | | | daftar_pesanan.php -> membuka halaman [] []
[2019-06-03 17:30:28] RabbitPrint.WARNING:  | | | daftar_pesanan.php -> sel_pesanan : SELECT psn.*, plg.pelanggan_nama	FROM pesanan psn JOIN pelanggan plg ON plg.pelanggan_id = psn.pesanan_pelanggan_id ORDER BY psn.pesanan_id DESC [] []
[2019-06-03 17:30:28] RabbitPrint.WARNING:  | | | daftar_pesanan.php -> jml. pesanan : 0 [] []
[2019-06-03 17:30:29] RabbitPrint.WARNING:  | | | daftar_surat_jalan.php -> membuka halaman [] []
[2019-06-03 17:30:29] RabbitPrint.WARNING:  | | | daftar_surat_)jalan.php -> sel_daftar_surat_jalan : SELECT * FROM surat_jalan ORDER BY surat_jalan_id DESC [] []
[2019-06-03 17:30:29] RabbitPrint.WARNING:  | | | daftar_surat_jalan.php -> sel_plg -> SELECT pelanggan_nama FROM pelanggan WHERE pelanggan_id = 4 [] []
[2019-06-03 17:30:29] RabbitPrint.WARNING:  | | | daftar_surat_jalan.php -> sel_user -> SELECT nama FROM s_user WHERE username = 'superuser' [] []
[2019-06-03 17:30:29] RabbitPrint.WARNING:  | | | daftar_surat_jalan.php -> sel_plg -> SELECT pelanggan_nama FROM pelanggan WHERE pelanggan_id = 2 [] []
[2019-06-03 17:30:29] RabbitPrint.WARNING:  | | | daftar_surat_jalan.php -> sel_user -> SELECT nama FROM s_user WHERE username = 'superuser' [] []
[2019-06-03 17:30:29] RabbitPrint.WARNING:  | | | daftar_surat_jalan.php -> sel_plg -> SELECT pelanggan_nama FROM pelanggan WHERE pelanggan_id = 4 [] []
[2019-06-03 17:30:29] RabbitPrint.WARNING:  | | | daftar_surat_jalan.php -> sel_user -> SELECT nama FROM s_user WHERE username = 'superuser' [] []
[2019-06-03 17:30:29] RabbitPrint.WARNING:  | | | daftar_surat_jalan.php -> sel_plg -> SELECT pelanggan_nama FROM pelanggan WHERE pelanggan_id = 8 [] []
[2019-06-03 17:30:29] RabbitPrint.WARNING:  | | | daftar_surat_jalan.php -> sel_user -> SELECT nama FROM s_user WHERE username = 'superuser' [] []
[2019-06-03 17:30:29] RabbitPrint.WARNING:  | | | daftar_surat_jalan.php -> sel_plg -> SELECT pelanggan_nama FROM pelanggan WHERE pelanggan_id = 4 [] []
[2019-06-03 17:30:29] RabbitPrint.WARNING:  | | | daftar_surat_jalan.php -> sel_user -> SELECT nama FROM s_user WHERE username = 'superuser' [] []
[2019-06-03 17:30:31] RabbitPrint.WARNING:  | | | daftar_pesanan.php -> membuka halaman [] []
[2019-06-03 17:30:31] RabbitPrint.WARNING:  | | | daftar_pesanan.php -> sel_pesanan : SELECT psn.*, plg.pelanggan_nama	FROM pesanan psn JOIN pelanggan plg ON plg.pelanggan_id = psn.pesanan_pelanggan_id ORDER BY psn.pesanan_id DESC [] []
[2019-06-03 17:30:31] RabbitPrint.WARNING:  | | | daftar_pesanan.php -> jml. pesanan : 0 [] []
[2019-06-03 17:30:34] RabbitPrint.WARNING:  | | | data_pelanggan.php -> sel_pelanggan : SELECT * FROM pelanggan [] []
[2019-06-03 17:30:34] RabbitPrint.WARNING:  | | | data_pelanggan.php -> jml. pelanggan : 1 [] []
[2019-06-03 17:30:34] RabbitPrint.WARNING:  | | | lihat_pesanan.php -> load [] []
[2019-06-03 17:30:34] RabbitPrint.WARNING:  | | | lihat_pesanan.php -> sel_psn : SELECT * FROM pesanan WHERE pesanan_no_pesanan = 'PSN/20190521/002' [] []
[2019-06-03 17:30:34] RabbitPrint.WARNING:  | | | lihat_pesanan.php -> sel_plg : SELECT pelanggan_nama FROM pelanggan WHERE pelanggan_id = 4 [] []
[2019-06-03 17:30:34] RabbitPrint.WARNING:  | | | lihat_pesanan.php -> sel_detailpsn : SELECT * FROM detail_pesanan WHERE detail_pesanan_no_pesanan = 'PSN/20190521/002' [] []
[2019-06-03 17:31:13] RabbitPrint.WARNING:  | | | daftar_pesanan.php -> membuka halaman [] []
[2019-06-03 17:31:13] RabbitPrint.WARNING:  | | | daftar_pesanan.php -> sel_pesanan : SELECT psn.*, plg.pelanggan_nama	FROM pesanan psn JOIN pelanggan plg ON plg.pelanggan_id = psn.pesanan_pelanggan_id ORDER BY psn.pesanan_id DESC [] []
[2019-06-03 17:31:13] RabbitPrint.WARNING:  | | | daftar_pesanan.php -> jml. pesanan : 0 [] []
