[2019-05-31 14:37:23] RabbitPrint.WARNING:  | | | data_pelanggan.php -> sel_pelanggan : SELECT * FROM pelanggan [] []
[2019-05-31 14:37:23] RabbitPrint.WARNING:  | | | data_pelanggan.php -> jml. pelanggan : 1 [] []
[2019-05-31 14:37:23] RabbitPrint.WARNING:  | | | functions.php -> getDetailPesananKey() -> selectkey : SELECT MAX(detail_pesanan_key) AS detail_key FROM detail_pesanan; [] []
[2019-05-31 14:37:23] RabbitPrint.WARNING:  | | | functions.php -> getDetailPesananKey() -> detail_key : 0000000034 [] []
[2019-05-31 14:37:23] RabbitPrint.WARNING:  | | | pesanan.php -> load [] []
[2019-05-31 14:37:44] RabbitPrint.WARNING:  | | | proses_login.php -> cek user -> sql_user : SELECT * FROM s_user WHERE username LIKE 'superuser' AND password LIKE '21232f297a57a5a743894a0e4a801fc3' LIMIT 1 [] []
[2019-05-31 14:37:44] RabbitPrint.WARNING:  | | | proses_login.php -> id_user : 1 [] []
[2019-05-31 14:37:44] RabbitPrint.WARNING:  | | | proses_login.php -> insert ke s_login -> sql_login : INSERT INTO s_login (key_login, id_user, waktu_login, waktu_kadaluarsa, status, ip, pc_dan_browser) VALUES ('15592882645000', '1', '2019-05-31 14:37:44', '2019-06-01 14:37:44', '1', '::1', 'mozilla/5.0 (windows nt 10.0; win64; x64) applewebkit/537.36 (khtml, like gecko) chrome/74.0.3729.169 safari/537.36') [] []
[2019-05-31 14:37:44] RabbitPrint.WARNING:  | | | proses_login.php -> insert ke s_login -> SUCCESS [] []
[2019-05-31 14:37:44] RabbitPrint.WARNING:  | | | proses_login.php -> LOGIN SUKSES!! [] []
[2019-05-31 14:37:52] RabbitPrint.WARNING:  | | | daftar_pesanan.php -> membuka halaman [] []
[2019-05-31 14:37:52] RabbitPrint.WARNING:  | | | daftar_pesanan.php -> sel_pesanan : SELECT psn.*, plg.pelanggan_nama	FROM pesanan psn JOIN pelanggan plg ON plg.pelanggan_id = psn.pesanan_pelanggan_id ORDER BY psn.pesanan_id DESC [] []
[2019-05-31 14:37:52] RabbitPrint.WARNING:  | | | daftar_pesanan.php -> jml. pesanan : 0 [] []
[2019-05-31 14:38:00] RabbitPrint.WARNING:  | | | data_pelanggan.php -> sel_pelanggan : SELECT * FROM pelanggan [] []
[2019-05-31 14:38:00] RabbitPrint.WARNING:  | | | data_pelanggan.php -> jml. pelanggan : 1 [] []
[2019-05-31 14:38:00] RabbitPrint.WARNING:  | | | functions.php -> getDetailPesananKey() -> selectkey : SELECT MAX(detail_pesanan_key) AS detail_key FROM detail_pesanan; [] []
[2019-05-31 14:38:00] RabbitPrint.WARNING:  | | | functions.php -> getDetailPesananKey() -> detail_key : 0000000034 [] []
[2019-05-31 14:38:00] RabbitPrint.WARNING:  | | | pesanan.php -> load [] []
[2019-05-31 14:52:41] RabbitPrint.WARNING:  | | | data_pelanggan.php -> sel_pelanggan : SELECT * FROM pelanggan [] []
[2019-05-31 14:52:41] RabbitPrint.WARNING:  | | | data_pelanggan.php -> jml. pelanggan : 1 [] []
[2019-05-31 14:52:41] RabbitPrint.WARNING:  | | | functions.php -> getDetailPesananKey() -> selectkey : SELECT MAX(detail_pesanan_key) AS detail_key FROM detail_pesanan; [] []
[2019-05-31 14:52:41] RabbitPrint.WARNING:  | | | functions.php -> getDetailPesananKey() -> detail_key : 0000000034 [] []
[2019-05-31 14:52:41] RabbitPrint.WARNING:  | | | pesanan.php -> load [] []
[2019-05-31 14:53:42] RabbitPrint.WARNING:  | | | data_pelanggan.php -> sel_pelanggan : SELECT * FROM pelanggan [] []
[2019-05-31 14:53:42] RabbitPrint.WARNING:  | | | data_pelanggan.php -> jml. pelanggan : 1 [] []
[2019-05-31 14:53:42] RabbitPrint.WARNING:  | | | functions.php -> getDetailPesananKey() -> selectkey : SELECT MAX(detail_pesanan_key) AS detail_key FROM detail_pesanan; [] []
[2019-05-31 14:53:42] RabbitPrint.WARNING:  | | | functions.php -> getDetailPesananKey() -> detail_key : 0000000034 [] []
[2019-05-31 14:53:42] RabbitPrint.WARNING:  | | | pesanan.php -> load [] []
[2019-05-31 14:56:36] RabbitPrint.WARNING:  | | | data_pelanggan.php -> sel_pelanggan : SELECT * FROM pelanggan [] []
[2019-05-31 14:56:36] RabbitPrint.WARNING:  | | | data_pelanggan.php -> jml. pelanggan : 1 [] []
[2019-05-31 14:56:36] RabbitPrint.WARNING:  | | | functions.php -> getDetailPesananKey() -> selectkey : SELECT MAX(detail_pesanan_key) AS detail_key FROM detail_pesanan; [] []
[2019-05-31 14:56:36] RabbitPrint.WARNING:  | | | functions.php -> getDetailPesananKey() -> detail_key : 0000000034 [] []
[2019-05-31 14:56:36] RabbitPrint.WARNING:  | | | pesanan.php -> load [] []
[2019-05-31 14:56:53] RabbitPrint.WARNING:  | | | data_pelanggan.php -> sel_pelanggan : SELECT * FROM pelanggan [] []
[2019-05-31 14:56:53] RabbitPrint.WARNING:  | | | data_pelanggan.php -> jml. pelanggan : 1 [] []
[2019-05-31 14:56:53] RabbitPrint.WARNING:  | | | functions.php -> getDetailPesananKey() -> selectkey : SELECT MAX(detail_pesanan_key) AS detail_key FROM detail_pesanan; [] []
[2019-05-31 14:56:53] RabbitPrint.WARNING:  | | | functions.php -> getDetailPesananKey() -> detail_key : 0000000034 [] []
[2019-05-31 14:56:53] RabbitPrint.WARNING:  | | | pesanan.php -> load [] []
[2019-05-31 15:00:49] RabbitPrint.WARNING:  | | | data_pelanggan.php -> sel_pelanggan : SELECT * FROM pelanggan [] []
[2019-05-31 15:00:49] RabbitPrint.WARNING:  | | | data_pelanggan.php -> jml. pelanggan : 1 [] []
[2019-05-31 15:00:49] RabbitPrint.WARNING:  | | | functions.php -> getDetailPesananKey() -> selectkey : SELECT MAX(detail_pesanan_key) AS detail_key FROM detail_pesanan; [] []
[2019-05-31 15:00:49] RabbitPrint.WARNING:  | | | functions.php -> getDetailPesananKey() -> detail_key : 0000000034 [] []
[2019-05-31 15:00:49] RabbitPrint.WARNING:  | | | pesanan.php -> load [] []
[2019-05-31 15:06:29] RabbitPrint.WARNING:  | | | data_pelanggan.php -> sel_pelanggan : SELECT * FROM pelanggan [] []
[2019-05-31 15:06:29] RabbitPrint.WARNING:  | | | data_pelanggan.php -> jml. pelanggan : 1 [] []
[2019-05-31 15:06:29] RabbitPrint.WARNING:  | | | functions.php -> getDetailPesananKey() -> selectkey : SELECT MAX(detail_pesanan_key) AS detail_key FROM detail_pesanan; [] []
[2019-05-31 15:06:29] RabbitPrint.WARNING:  | | | functions.php -> getDetailPesananKey() -> detail_key : 0000000034 [] []
[2019-05-31 15:06:29] RabbitPrint.WARNING:  | | | pesanan.php -> load [] []
[2019-05-31 15:09:23] RabbitPrint.WARNING:  | | | data_pelanggan.php -> sel_pelanggan : SELECT * FROM pelanggan [] []
[2019-05-31 15:09:23] RabbitPrint.WARNING:  | | | data_pelanggan.php -> jml. pelanggan : 1 [] []
[2019-05-31 15:09:23] RabbitPrint.WARNING:  | | | functions.php -> getDetailPesananKey() -> selectkey : SELECT MAX(detail_pesanan_key) AS detail_key FROM detail_pesanan; [] []
[2019-05-31 15:09:23] RabbitPrint.WARNING:  | | | functions.php -> getDetailPesananKey() -> detail_key : 0000000034 [] []
[2019-05-31 15:09:23] RabbitPrint.WARNING:  | | | pesanan.php -> load [] []
[2019-05-31 15:13:11] RabbitPrint.WARNING:  | | | data_pelanggan.php -> sel_pelanggan : SELECT * FROM pelanggan [] []
[2019-05-31 15:13:11] RabbitPrint.WARNING:  | | | data_pelanggan.php -> jml. pelanggan : 1 [] []
[2019-05-31 15:13:11] RabbitPrint.WARNING:  | | | functions.php -> getDetailPesananKey() -> selectkey : SELECT MAX(detail_pesanan_key) AS detail_key FROM detail_pesanan; [] []
[2019-05-31 15:13:11] RabbitPrint.WARNING:  | | | functions.php -> getDetailPesananKey() -> detail_key : 0000000034 [] []
[2019-05-31 15:13:11] RabbitPrint.WARNING:  | | | pesanan.php -> load [] []
[2019-05-31 15:13:49] RabbitPrint.WARNING:  | | | data_pelanggan.php -> sel_pelanggan : SELECT * FROM pelanggan [] []
[2019-05-31 15:13:49] RabbitPrint.WARNING:  | | | data_pelanggan.php -> jml. pelanggan : 1 [] []
[2019-05-31 15:13:49] RabbitPrint.WARNING:  | | | functions.php -> getDetailPesananKey() -> selectkey : SELECT MAX(detail_pesanan_key) AS detail_key FROM detail_pesanan; [] []
[2019-05-31 15:13:49] RabbitPrint.WARNING:  | | | functions.php -> getDetailPesananKey() -> detail_key : 0000000034 [] []
[2019-05-31 15:13:49] RabbitPrint.WARNING:  | | | pesanan.php -> load [] []
[2019-05-31 15:15:07] RabbitPrint.WARNING:  | | | data_pelanggan.php -> sel_pelanggan : SELECT * FROM pelanggan [] []
[2019-05-31 15:15:07] RabbitPrint.WARNING:  | | | data_pelanggan.php -> jml. pelanggan : 1 [] []
[2019-05-31 15:15:07] RabbitPrint.WARNING:  | | | functions.php -> getDetailPesananKey() -> selectkey : SELECT MAX(detail_pesanan_key) AS detail_key FROM detail_pesanan; [] []
[2019-05-31 15:15:07] RabbitPrint.WARNING:  | | | functions.php -> getDetailPesananKey() -> detail_key : 0000000034 [] []
[2019-05-31 15:15:07] RabbitPrint.WARNING:  | | | pesanan.php -> load [] []
[2019-05-31 15:15:59] RabbitPrint.WARNING:  | | | data_pelanggan.php -> sel_pelanggan : SELECT * FROM pelanggan [] []
[2019-05-31 15:15:59] RabbitPrint.WARNING:  | | | data_pelanggan.php -> jml. pelanggan : 1 [] []
[2019-05-31 15:15:59] RabbitPrint.WARNING:  | | | functions.php -> getDetailPesananKey() -> selectkey : SELECT MAX(detail_pesanan_key) AS detail_key FROM detail_pesanan; [] []
[2019-05-31 15:15:59] RabbitPrint.WARNING:  | | | functions.php -> getDetailPesananKey() -> detail_key : 0000000034 [] []
[2019-05-31 15:15:59] RabbitPrint.WARNING:  | | | pesanan.php -> load [] []
[2019-05-31 19:20:46] RabbitPrint.WARNING:  | | | data_pelanggan.php -> sel_pelanggan : SELECT * FROM pelanggan [] []
[2019-05-31 19:20:46] RabbitPrint.WARNING:  | | | data_pelanggan.php -> jml. pelanggan : 1 [] []
[2019-05-31 19:20:46] RabbitPrint.WARNING:  | | | functions.php -> getDetailPesananKey() -> selectkey : SELECT MAX(detail_pesanan_key) AS detail_key FROM detail_pesanan; [] []
[2019-05-31 19:20:46] RabbitPrint.WARNING:  | | | functions.php -> getDetailPesananKey() -> detail_key : 0000000034 [] []
[2019-05-31 19:20:46] RabbitPrint.WARNING:  | | | pesanan.php -> load [] []
[2019-05-31 19:21:27] RabbitPrint.WARNING:  | | | data_pelanggan.php -> sel_pelanggan : SELECT * FROM pelanggan [] []
[2019-05-31 19:21:27] RabbitPrint.WARNING:  | | | data_pelanggan.php -> jml. pelanggan : 1 [] []
[2019-05-31 19:21:27] RabbitPrint.WARNING:  | | | functions.php -> getDetailPesananKey() -> selectkey : SELECT MAX(detail_pesanan_key) AS detail_key FROM detail_pesanan; [] []
[2019-05-31 19:21:27] RabbitPrint.WARNING:  | | | functions.php -> getDetailPesananKey() -> detail_key : 0000000034 [] []
[2019-05-31 19:21:27] RabbitPrint.WARNING:  | | | pesanan.php -> load [] []
[2019-05-31 19:26:37] RabbitPrint.WARNING:  | | | data_pelanggan.php -> sel_pelanggan : SELECT * FROM pelanggan [] []
[2019-05-31 19:26:37] RabbitPrint.WARNING:  | | | data_pelanggan.php -> jml. pelanggan : 1 [] []
[2019-05-31 19:26:37] RabbitPrint.WARNING:  | | | functions.php -> getDetailPesananKey() -> selectkey : SELECT MAX(detail_pesanan_key) AS detail_key FROM detail_pesanan; [] []
[2019-05-31 19:26:37] RabbitPrint.WARNING:  | | | functions.php -> getDetailPesananKey() -> detail_key : 0000000034 [] []
[2019-05-31 19:26:37] RabbitPrint.WARNING:  | | | pesanan.php -> load [] []
[2019-05-31 19:31:03] RabbitPrint.WARNING:  | | | data_pelanggan.php -> sel_pelanggan : SELECT * FROM pelanggan [] []
[2019-05-31 19:31:03] RabbitPrint.WARNING:  | | | data_pelanggan.php -> jml. pelanggan : 1 [] []
[2019-05-31 19:31:03] RabbitPrint.WARNING:  | | | functions.php -> getDetailPesananKey() -> selectkey : SELECT MAX(detail_pesanan_key) AS detail_key FROM detail_pesanan; [] []
[2019-05-31 19:31:03] RabbitPrint.WARNING:  | | | functions.php -> getDetailPesananKey() -> detail_key : 0000000034 [] []
[2019-05-31 19:31:03] RabbitPrint.WARNING:  | | | pesanan.php -> load [] []
[2019-05-31 19:34:10] RabbitPrint.WARNING:  | | | data_pelanggan.php -> sel_pelanggan : SELECT * FROM pelanggan [] []
[2019-05-31 19:34:10] RabbitPrint.WARNING:  | | | data_pelanggan.php -> jml. pelanggan : 1 [] []
[2019-05-31 19:34:10] RabbitPrint.WARNING:  | | | functions.php -> getDetailPesananKey() -> selectkey : SELECT MAX(detail_pesanan_key) AS detail_key FROM detail_pesanan; [] []
[2019-05-31 19:34:10] RabbitPrint.WARNING:  | | | functions.php -> getDetailPesananKey() -> detail_key : 0000000034 [] []
[2019-05-31 19:34:10] RabbitPrint.WARNING:  | | | pesanan.php -> load [] []
[2019-05-31 19:35:21] RabbitPrint.WARNING:  | | | data_pelanggan.php -> sel_pelanggan : SELECT * FROM pelanggan [] []
[2019-05-31 19:35:21] RabbitPrint.WARNING:  | | | data_pelanggan.php -> jml. pelanggan : 1 [] []
[2019-05-31 19:35:21] RabbitPrint.WARNING:  | | | functions.php -> getDetailPesananKey() -> selectkey : SELECT MAX(detail_pesanan_key) AS detail_key FROM detail_pesanan; [] []
[2019-05-31 19:35:21] RabbitPrint.WARNING:  | | | functions.php -> getDetailPesananKey() -> detail_key : 0000000034 [] []
[2019-05-31 19:35:21] RabbitPrint.WARNING:  | | | pesanan.php -> load [] []
[2019-05-31 19:38:06] RabbitPrint.WARNING:  | | | data_pelanggan.php -> sel_pelanggan : SELECT * FROM pelanggan [] []
[2019-05-31 19:38:06] RabbitPrint.WARNING:  | | | data_pelanggan.php -> jml. pelanggan : 1 [] []
[2019-05-31 19:38:06] RabbitPrint.WARNING:  | | | functions.php -> getDetailPesananKey() -> selectkey : SELECT MAX(detail_pesanan_key) AS detail_key FROM detail_pesanan; [] []
[2019-05-31 19:38:06] RabbitPrint.WARNING:  | | | functions.php -> getDetailPesananKey() -> detail_key : 0000000034 [] []
[2019-05-31 19:38:06] RabbitPrint.WARNING:  | | | pesanan.php -> load [] []
[2019-05-31 19:38:31] RabbitPrint.WARNING:  | | | data_pelanggan.php -> sel_pelanggan : SELECT * FROM pelanggan [] []
[2019-05-31 19:38:31] RabbitPrint.WARNING:  | | | data_pelanggan.php -> jml. pelanggan : 1 [] []
[2019-05-31 19:38:31] RabbitPrint.WARNING:  | | | functions.php -> getDetailPesananKey() -> selectkey : SELECT MAX(detail_pesanan_key) AS detail_key FROM detail_pesanan; [] []
[2019-05-31 19:38:31] RabbitPrint.WARNING:  | | | functions.php -> getDetailPesananKey() -> detail_key : 0000000034 [] []
[2019-05-31 19:38:31] RabbitPrint.WARNING:  | | | pesanan.php -> load [] []
[2019-05-31 20:03:39] RabbitPrint.WARNING:  | | | data_pelanggan.php -> sel_pelanggan : SELECT * FROM pelanggan [] []
[2019-05-31 20:03:39] RabbitPrint.WARNING:  | | | data_pelanggan.php -> jml. pelanggan : 1 [] []
[2019-05-31 20:03:39] RabbitPrint.WARNING:  | | | functions.php -> getDetailPesananKey() -> selectkey : SELECT MAX(detail_pesanan_key) AS detail_key FROM detail_pesanan; [] []
[2019-05-31 20:03:39] RabbitPrint.WARNING:  | | | functions.php -> getDetailPesananKey() -> detail_key : 0000000034 [] []
[2019-05-31 20:03:39] RabbitPrint.WARNING:  | | | pesanan.php -> load [] []
[2019-05-31 20:29:44] RabbitPrint.WARNING:  | | | data_pelanggan.php -> sel_pelanggan : SELECT * FROM pelanggan [] []
[2019-05-31 20:29:44] RabbitPrint.WARNING:  | | | data_pelanggan.php -> jml. pelanggan : 1 [] []
[2019-05-31 20:29:44] RabbitPrint.WARNING:  | | | functions.php -> getDetailPesananKey() -> selectkey : SELECT MAX(detail_pesanan_key) AS detail_key FROM detail_pesanan; [] []
[2019-05-31 20:29:44] RabbitPrint.WARNING:  | | | functions.php -> getDetailPesananKey() -> detail_key : 0000000034 [] []
[2019-05-31 20:29:44] RabbitPrint.WARNING:  | | | pesanan.php -> load [] []
[2019-05-31 20:34:03] RabbitPrint.WARNING:  | | | data_pelanggan.php -> sel_pelanggan : SELECT * FROM pelanggan [] []
[2019-05-31 20:34:03] RabbitPrint.WARNING:  | | | data_pelanggan.php -> jml. pelanggan : 1 [] []
[2019-05-31 20:34:03] RabbitPrint.WARNING:  | | | functions.php -> getDetailPesananKey() -> selectkey : SELECT MAX(detail_pesanan_key) AS detail_key FROM detail_pesanan; [] []
[2019-05-31 20:34:03] RabbitPrint.WARNING:  | | | functions.php -> getDetailPesananKey() -> detail_key : 0000000034 [] []
[2019-05-31 20:34:03] RabbitPrint.WARNING:  | | | pesanan.php -> load [] []
[2019-05-31 20:34:44] RabbitPrint.WARNING:  | | | data_pelanggan.php -> sel_pelanggan : SELECT * FROM pelanggan [] []
[2019-05-31 20:34:44] RabbitPrint.WARNING:  | | | data_pelanggan.php -> jml. pelanggan : 1 [] []
[2019-05-31 20:34:44] RabbitPrint.WARNING:  | | | functions.php -> getDetailPesananKey() -> selectkey : SELECT MAX(detail_pesanan_key) AS detail_key FROM detail_pesanan; [] []
[2019-05-31 20:34:44] RabbitPrint.WARNING:  | | | functions.php -> getDetailPesananKey() -> detail_key : 0000000034 [] []
[2019-05-31 20:34:44] RabbitPrint.WARNING:  | | | pesanan.php -> load [] []
[2019-05-31 20:37:12] RabbitPrint.WARNING:  | | | data_pelanggan.php -> sel_pelanggan : SELECT * FROM pelanggan [] []
[2019-05-31 20:37:12] RabbitPrint.WARNING:  | | | data_pelanggan.php -> jml. pelanggan : 1 [] []
[2019-05-31 20:37:12] RabbitPrint.WARNING:  | | | functions.php -> getDetailPesananKey() -> selectkey : SELECT MAX(detail_pesanan_key) AS detail_key FROM detail_pesanan; [] []
[2019-05-31 20:37:12] RabbitPrint.WARNING:  | | | functions.php -> getDetailPesananKey() -> detail_key : 0000000034 [] []
[2019-05-31 20:37:12] RabbitPrint.WARNING:  | | | pesanan.php -> load [] []
[2019-05-31 20:45:09] RabbitPrint.WARNING:  | | | data_pelanggan.php -> sel_pelanggan : SELECT * FROM pelanggan [] []
[2019-05-31 20:45:09] RabbitPrint.WARNING:  | | | data_pelanggan.php -> jml. pelanggan : 1 [] []
[2019-05-31 20:45:09] RabbitPrint.WARNING:  | | | functions.php -> getDetailPesananKey() -> selectkey : SELECT MAX(detail_pesanan_key) AS detail_key FROM detail_pesanan; [] []
[2019-05-31 20:45:09] RabbitPrint.WARNING:  | | | functions.php -> getDetailPesananKey() -> detail_key : 0000000034 [] []
[2019-05-31 20:45:09] RabbitPrint.WARNING:  | | | pesanan.php -> load [] []
[2019-05-31 20:47:54] RabbitPrint.WARNING:  | | | data_pelanggan.php -> sel_pelanggan : SELECT * FROM pelanggan [] []
[2019-05-31 20:47:54] RabbitPrint.WARNING:  | | | data_pelanggan.php -> jml. pelanggan : 1 [] []
[2019-05-31 20:47:54] RabbitPrint.WARNING:  | | | functions.php -> getDetailPesananKey() -> selectkey : SELECT MAX(detail_pesanan_key) AS detail_key FROM detail_pesanan; [] []
[2019-05-31 20:47:54] RabbitPrint.WARNING:  | | | functions.php -> getDetailPesananKey() -> detail_key : 0000000034 [] []
[2019-05-31 20:47:54] RabbitPrint.WARNING:  | | | pesanan.php -> load [] []
[2019-05-31 20:48:50] RabbitPrint.WARNING:  | | | data_pelanggan.php -> sel_pelanggan : SELECT * FROM pelanggan [] []
[2019-05-31 20:48:50] RabbitPrint.WARNING:  | | | data_pelanggan.php -> jml. pelanggan : 1 [] []
[2019-05-31 20:48:50] RabbitPrint.WARNING:  | | | functions.php -> getDetailPesananKey() -> selectkey : SELECT MAX(detail_pesanan_key) AS detail_key FROM detail_pesanan; [] []
[2019-05-31 20:48:50] RabbitPrint.WARNING:  | | | functions.php -> getDetailPesananKey() -> detail_key : 0000000034 [] []
[2019-05-31 20:48:50] RabbitPrint.WARNING:  | | | pesanan.php -> load [] []
[2019-05-31 20:51:47] RabbitPrint.WARNING:  | | | data_pelanggan.php -> sel_pelanggan : SELECT * FROM pelanggan [] []
[2019-05-31 20:51:47] RabbitPrint.WARNING:  | | | data_pelanggan.php -> jml. pelanggan : 1 [] []
[2019-05-31 20:51:47] RabbitPrint.WARNING:  | | | functions.php -> getDetailPesananKey() -> selectkey : SELECT MAX(detail_pesanan_key) AS detail_key FROM detail_pesanan; [] []
[2019-05-31 20:51:47] RabbitPrint.WARNING:  | | | functions.php -> getDetailPesananKey() -> detail_key : 0000000034 [] []
[2019-05-31 20:51:47] RabbitPrint.WARNING:  | | | pesanan.php -> load [] []
[2019-05-31 20:52:56] RabbitPrint.WARNING:  | | | data_pelanggan.php -> sel_pelanggan : SELECT * FROM pelanggan [] []
[2019-05-31 20:52:56] RabbitPrint.WARNING:  | | | data_pelanggan.php -> jml. pelanggan : 1 [] []
[2019-05-31 20:52:56] RabbitPrint.WARNING:  | | | functions.php -> getDetailPesananKey() -> selectkey : SELECT MAX(detail_pesanan_key) AS detail_key FROM detail_pesanan; [] []
[2019-05-31 20:52:56] RabbitPrint.WARNING:  | | | functions.php -> getDetailPesananKey() -> detail_key : 0000000034 [] []
[2019-05-31 20:52:56] RabbitPrint.WARNING:  | | | pesanan.php -> load [] []
[2019-05-31 20:54:19] RabbitPrint.WARNING:  | | | data_pelanggan.php -> sel_pelanggan : SELECT * FROM pelanggan [] []
[2019-05-31 20:54:19] RabbitPrint.WARNING:  | | | data_pelanggan.php -> jml. pelanggan : 1 [] []
[2019-05-31 20:54:19] RabbitPrint.WARNING:  | | | functions.php -> getDetailPesananKey() -> selectkey : SELECT MAX(detail_pesanan_key) AS detail_key FROM detail_pesanan; [] []
[2019-05-31 20:54:19] RabbitPrint.WARNING:  | | | functions.php -> getDetailPesananKey() -> detail_key : 0000000034 [] []
[2019-05-31 20:54:19] RabbitPrint.WARNING:  | | | pesanan.php -> load [] []
[2019-05-31 20:57:29] RabbitPrint.WARNING:  | | | data_pelanggan.php -> sel_pelanggan : SELECT * FROM pelanggan [] []
[2019-05-31 20:57:29] RabbitPrint.WARNING:  | | | data_pelanggan.php -> jml. pelanggan : 1 [] []
[2019-05-31 20:57:29] RabbitPrint.WARNING:  | | | functions.php -> getDetailPesananKey() -> selectkey : SELECT MAX(detail_pesanan_key) AS detail_key FROM detail_pesanan; [] []
[2019-05-31 20:57:29] RabbitPrint.WARNING:  | | | functions.php -> getDetailPesananKey() -> detail_key : 0000000034 [] []
[2019-05-31 20:57:29] RabbitPrint.WARNING:  | | | pesanan.php -> load [] []
[2019-05-31 20:57:57] RabbitPrint.WARNING:  | | | data_pelanggan.php -> sel_pelanggan : SELECT * FROM pelanggan [] []
[2019-05-31 20:57:57] RabbitPrint.WARNING:  | | | data_pelanggan.php -> jml. pelanggan : 1 [] []
[2019-05-31 20:57:57] RabbitPrint.WARNING:  | | | functions.php -> getDetailPesananKey() -> selectkey : SELECT MAX(detail_pesanan_key) AS detail_key FROM detail_pesanan; [] []
[2019-05-31 20:57:57] RabbitPrint.WARNING:  | | | functions.php -> getDetailPesananKey() -> detail_key : 0000000034 [] []
[2019-05-31 20:57:57] RabbitPrint.WARNING:  | | | pesanan.php -> load [] []
[2019-05-31 21:00:00] RabbitPrint.WARNING:  | | | data_pelanggan.php -> sel_pelanggan : SELECT * FROM pelanggan [] []
[2019-05-31 21:00:00] RabbitPrint.WARNING:  | | | data_pelanggan.php -> jml. pelanggan : 1 [] []
[2019-05-31 21:00:00] RabbitPrint.WARNING:  | | | functions.php -> getDetailPesananKey() -> selectkey : SELECT MAX(detail_pesanan_key) AS detail_key FROM detail_pesanan; [] []
[2019-05-31 21:00:00] RabbitPrint.WARNING:  | | | functions.php -> getDetailPesananKey() -> detail_key : 0000000034 [] []
[2019-05-31 21:00:00] RabbitPrint.WARNING:  | | | pesanan.php -> load [] []
[2019-05-31 21:04:10] RabbitPrint.WARNING:  | | | data_pelanggan.php -> sel_pelanggan : SELECT * FROM pelanggan [] []
[2019-05-31 21:04:10] RabbitPrint.WARNING:  | | | data_pelanggan.php -> jml. pelanggan : 1 [] []
[2019-05-31 21:04:10] RabbitPrint.WARNING:  | | | functions.php -> getDetailPesananKey() -> selectkey : SELECT MAX(detail_pesanan_key) AS detail_key FROM detail_pesanan; [] []
[2019-05-31 21:04:10] RabbitPrint.WARNING:  | | | functions.php -> getDetailPesananKey() -> detail_key : 0000000034 [] []
[2019-05-31 21:04:10] RabbitPrint.WARNING:  | | | pesanan.php -> load [] []
[2019-05-31 21:05:29] RabbitPrint.WARNING:  | | | data_pelanggan.php -> sel_pelanggan : SELECT * FROM pelanggan [] []
[2019-05-31 21:05:29] RabbitPrint.WARNING:  | | | data_pelanggan.php -> jml. pelanggan : 1 [] []
[2019-05-31 21:05:29] RabbitPrint.WARNING:  | | | functions.php -> getDetailPesananKey() -> selectkey : SELECT MAX(detail_pesanan_key) AS detail_key FROM detail_pesanan; [] []
[2019-05-31 21:05:29] RabbitPrint.WARNING:  | | | functions.php -> getDetailPesananKey() -> detail_key : 0000000034 [] []
[2019-05-31 21:05:29] RabbitPrint.WARNING:  | | | pesanan.php -> load [] []
[2019-05-31 21:09:47] RabbitPrint.WARNING:  | | | data_pelanggan.php -> sel_pelanggan : SELECT * FROM pelanggan [] []
[2019-05-31 21:09:47] RabbitPrint.WARNING:  | | | data_pelanggan.php -> jml. pelanggan : 1 [] []
[2019-05-31 21:09:47] RabbitPrint.WARNING:  | | | functions.php -> getDetailPesananKey() -> selectkey : SELECT MAX(detail_pesanan_key) AS detail_key FROM detail_pesanan; [] []
[2019-05-31 21:09:47] RabbitPrint.WARNING:  | | | functions.php -> getDetailPesananKey() -> detail_key : 0000000034 [] []
[2019-05-31 21:09:47] RabbitPrint.WARNING:  | | | pesanan.php -> load [] []
[2019-05-31 21:19:08] RabbitPrint.WARNING:  | | | data_pelanggan.php -> sel_pelanggan : SELECT * FROM pelanggan [] []
[2019-05-31 21:19:08] RabbitPrint.WARNING:  | | | data_pelanggan.php -> jml. pelanggan : 1 [] []
[2019-05-31 21:19:08] RabbitPrint.WARNING:  | | | functions.php -> getDetailPesananKey() -> selectkey : SELECT MAX(detail_pesanan_key) AS detail_key FROM detail_pesanan; [] []
[2019-05-31 21:19:08] RabbitPrint.WARNING:  | | | functions.php -> getDetailPesananKey() -> detail_key : 0000000034 [] []
[2019-05-31 21:19:08] RabbitPrint.WARNING:  | | | pesanan.php -> load [] []
[2019-05-31 21:19:41] RabbitPrint.WARNING:  | | | data_pelanggan.php -> sel_pelanggan : SELECT * FROM pelanggan [] []
[2019-05-31 21:19:41] RabbitPrint.WARNING:  | | | data_pelanggan.php -> jml. pelanggan : 1 [] []
[2019-05-31 21:19:41] RabbitPrint.WARNING:  | | | functions.php -> getDetailPesananKey() -> selectkey : SELECT MAX(detail_pesanan_key) AS detail_key FROM detail_pesanan; [] []
[2019-05-31 21:19:41] RabbitPrint.WARNING:  | | | functions.php -> getDetailPesananKey() -> detail_key : 0000000034 [] []
[2019-05-31 21:19:41] RabbitPrint.WARNING:  | | | pesanan.php -> load [] []
[2019-05-31 21:24:02] RabbitPrint.WARNING:  | | | data_pelanggan.php -> sel_pelanggan : SELECT * FROM pelanggan [] []
[2019-05-31 21:24:02] RabbitPrint.WARNING:  | | | data_pelanggan.php -> jml. pelanggan : 1 [] []
[2019-05-31 21:24:02] RabbitPrint.WARNING:  | | | functions.php -> getDetailPesananKey() -> selectkey : SELECT MAX(detail_pesanan_key) AS detail_key FROM detail_pesanan; [] []
[2019-05-31 21:24:02] RabbitPrint.WARNING:  | | | functions.php -> getDetailPesananKey() -> detail_key : 0000000034 [] []
[2019-05-31 21:24:02] RabbitPrint.WARNING:  | | | pesanan.php -> load [] []
[2019-05-31 21:24:45] RabbitPrint.WARNING:  | | | data_pelanggan.php -> sel_pelanggan : SELECT * FROM pelanggan [] []
[2019-05-31 21:24:45] RabbitPrint.WARNING:  | | | data_pelanggan.php -> jml. pelanggan : 1 [] []
[2019-05-31 21:24:45] RabbitPrint.WARNING:  | | | functions.php -> getDetailPesananKey() -> selectkey : SELECT MAX(detail_pesanan_key) AS detail_key FROM detail_pesanan; [] []
[2019-05-31 21:24:45] RabbitPrint.WARNING:  | | | functions.php -> getDetailPesananKey() -> detail_key : 0000000034 [] []
[2019-05-31 21:24:45] RabbitPrint.WARNING:  | | | pesanan.php -> load [] []
[2019-05-31 21:25:38] RabbitPrint.WARNING:  | | | data_pelanggan.php -> sel_pelanggan : SELECT * FROM pelanggan [] []
[2019-05-31 21:25:38] RabbitPrint.WARNING:  | | | data_pelanggan.php -> jml. pelanggan : 1 [] []
[2019-05-31 21:25:38] RabbitPrint.WARNING:  | | | functions.php -> getDetailPesananKey() -> selectkey : SELECT MAX(detail_pesanan_key) AS detail_key FROM detail_pesanan; [] []
[2019-05-31 21:25:38] RabbitPrint.WARNING:  | | | functions.php -> getDetailPesananKey() -> detail_key : 0000000034 [] []
[2019-05-31 21:25:38] RabbitPrint.WARNING:  | | | pesanan.php -> load [] []
[2019-05-31 21:55:35] RabbitPrint.WARNING:  | | | data_pelanggan.php -> sel_pelanggan : SELECT * FROM pelanggan [] []
[2019-05-31 21:55:35] RabbitPrint.WARNING:  | | | data_pelanggan.php -> jml. pelanggan : 1 [] []
[2019-05-31 21:55:35] RabbitPrint.WARNING:  | | | functions.php -> getDetailPesananKey() -> selectkey : SELECT MAX(detail_pesanan_key) AS detail_key FROM detail_pesanan; [] []
[2019-05-31 21:55:35] RabbitPrint.WARNING:  | | | functions.php -> getDetailPesananKey() -> detail_key : 0000000034 [] []
[2019-05-31 21:55:35] RabbitPrint.WARNING:  | | | pesanan.php -> load [] []
[2019-05-31 21:57:25] RabbitPrint.WARNING:  | | | data_pelanggan.php -> sel_pelanggan : SELECT * FROM pelanggan [] []
[2019-05-31 21:57:25] RabbitPrint.WARNING:  | | | data_pelanggan.php -> jml. pelanggan : 1 [] []
[2019-05-31 21:57:25] RabbitPrint.WARNING:  | | | functions.php -> getDetailPesananKey() -> selectkey : SELECT MAX(detail_pesanan_key) AS detail_key FROM detail_pesanan; [] []
[2019-05-31 21:57:25] RabbitPrint.WARNING:  | | | functions.php -> getDetailPesananKey() -> detail_key : 0000000034 [] []
[2019-05-31 21:57:25] RabbitPrint.WARNING:  | | | pesanan.php -> load [] []
[2019-05-31 21:58:12] RabbitPrint.WARNING:  | | | data_pelanggan.php -> sel_pelanggan : SELECT * FROM pelanggan [] []
[2019-05-31 21:58:12] RabbitPrint.WARNING:  | | | data_pelanggan.php -> jml. pelanggan : 1 [] []
[2019-05-31 21:58:12] RabbitPrint.WARNING:  | | | functions.php -> getDetailPesananKey() -> selectkey : SELECT MAX(detail_pesanan_key) AS detail_key FROM detail_pesanan; [] []
[2019-05-31 21:58:12] RabbitPrint.WARNING:  | | | functions.php -> getDetailPesananKey() -> detail_key : 0000000034 [] []
[2019-05-31 21:58:12] RabbitPrint.WARNING:  | | | pesanan.php -> load [] []
[2019-05-31 21:59:21] RabbitPrint.WARNING:  | | | data_pelanggan.php -> sel_pelanggan : SELECT * FROM pelanggan [] []
[2019-05-31 21:59:21] RabbitPrint.WARNING:  | | | data_pelanggan.php -> jml. pelanggan : 1 [] []
[2019-05-31 21:59:21] RabbitPrint.WARNING:  | | | functions.php -> getDetailPesananKey() -> selectkey : SELECT MAX(detail_pesanan_key) AS detail_key FROM detail_pesanan; [] []
[2019-05-31 21:59:21] RabbitPrint.WARNING:  | | | functions.php -> getDetailPesananKey() -> detail_key : 0000000034 [] []
[2019-05-31 21:59:21] RabbitPrint.WARNING:  | | | pesanan.php -> load [] []
[2019-05-31 22:00:24] RabbitPrint.WARNING:  | | | data_pelanggan.php -> sel_pelanggan : SELECT * FROM pelanggan [] []
[2019-05-31 22:00:24] RabbitPrint.WARNING:  | | | data_pelanggan.php -> jml. pelanggan : 1 [] []
[2019-05-31 22:00:24] RabbitPrint.WARNING:  | | | functions.php -> getDetailPesananKey() -> selectkey : SELECT MAX(detail_pesanan_key) AS detail_key FROM detail_pesanan; [] []
[2019-05-31 22:00:24] RabbitPrint.WARNING:  | | | functions.php -> getDetailPesananKey() -> detail_key : 0000000034 [] []
[2019-05-31 22:00:24] RabbitPrint.WARNING:  | | | pesanan.php -> load [] []
[2019-05-31 22:01:08] RabbitPrint.WARNING:  | | | data_pelanggan.php -> sel_pelanggan : SELECT * FROM pelanggan [] []
[2019-05-31 22:01:08] RabbitPrint.WARNING:  | | | data_pelanggan.php -> jml. pelanggan : 1 [] []
[2019-05-31 22:01:08] RabbitPrint.WARNING:  | | | functions.php -> getDetailPesananKey() -> selectkey : SELECT MAX(detail_pesanan_key) AS detail_key FROM detail_pesanan; [] []
[2019-05-31 22:01:08] RabbitPrint.WARNING:  | | | functions.php -> getDetailPesananKey() -> detail_key : 0000000034 [] []
[2019-05-31 22:01:08] RabbitPrint.WARNING:  | | | pesanan.php -> load [] []
[2019-05-31 22:17:21] RabbitPrint.WARNING:  | | | data_pelanggan.php -> sel_pelanggan : SELECT * FROM pelanggan [] []
[2019-05-31 22:17:21] RabbitPrint.WARNING:  | | | data_pelanggan.php -> jml. pelanggan : 1 [] []
[2019-05-31 22:17:21] RabbitPrint.WARNING:  | | | functions.php -> getDetailPesananKey() -> selectkey : SELECT MAX(detail_pesanan_key) AS detail_key FROM detail_pesanan; [] []
[2019-05-31 22:17:21] RabbitPrint.WARNING:  | | | functions.php -> getDetailPesananKey() -> detail_key : 0000000034 [] []
[2019-05-31 22:17:21] RabbitPrint.WARNING:  | | | pesanan.php -> load [] []
[2019-05-31 22:18:44] RabbitPrint.WARNING:  | | | data_pelanggan.php -> sel_pelanggan : SELECT * FROM pelanggan [] []
[2019-05-31 22:18:44] RabbitPrint.WARNING:  | | | data_pelanggan.php -> jml. pelanggan : 1 [] []
[2019-05-31 22:18:44] RabbitPrint.WARNING:  | | | functions.php -> getDetailPesananKey() -> selectkey : SELECT MAX(detail_pesanan_key) AS detail_key FROM detail_pesanan; [] []
[2019-05-31 22:18:44] RabbitPrint.WARNING:  | | | functions.php -> getDetailPesananKey() -> detail_key : 0000000034 [] []
[2019-05-31 22:18:44] RabbitPrint.WARNING:  | | | pesanan.php -> load [] []
[2019-05-31 22:20:38] RabbitPrint.WARNING:  | | | data_pelanggan.php -> sel_pelanggan : SELECT * FROM pelanggan [] []
[2019-05-31 22:20:38] RabbitPrint.WARNING:  | | | data_pelanggan.php -> jml. pelanggan : 1 [] []
[2019-05-31 22:20:38] RabbitPrint.WARNING:  | | | functions.php -> getDetailPesananKey() -> selectkey : SELECT MAX(detail_pesanan_key) AS detail_key FROM detail_pesanan; [] []
[2019-05-31 22:20:38] RabbitPrint.WARNING:  | | | functions.php -> getDetailPesananKey() -> detail_key : 0000000034 [] []
[2019-05-31 22:20:38] RabbitPrint.WARNING:  | | | pesanan.php -> load [] []
[2019-05-31 22:22:32] RabbitPrint.WARNING:  | | | data_pelanggan.php -> sel_pelanggan : SELECT * FROM pelanggan [] []
[2019-05-31 22:22:32] RabbitPrint.WARNING:  | | | data_pelanggan.php -> jml. pelanggan : 1 [] []
[2019-05-31 22:22:32] RabbitPrint.WARNING:  | | | functions.php -> getDetailPesananKey() -> selectkey : SELECT MAX(detail_pesanan_key) AS detail_key FROM detail_pesanan; [] []
[2019-05-31 22:22:32] RabbitPrint.WARNING:  | | | functions.php -> getDetailPesananKey() -> detail_key : 0000000034 [] []
[2019-05-31 22:22:32] RabbitPrint.WARNING:  | | | pesanan.php -> load [] []
[2019-05-31 22:22:44] RabbitPrint.WARNING:  | | | data_pelanggan.php -> sel_pelanggan : SELECT * FROM pelanggan [] []
[2019-05-31 22:22:44] RabbitPrint.WARNING:  | | | data_pelanggan.php -> jml. pelanggan : 1 [] []
[2019-05-31 22:22:44] RabbitPrint.WARNING:  | | | functions.php -> getDetailPesananKey() -> selectkey : SELECT MAX(detail_pesanan_key) AS detail_key FROM detail_pesanan; [] []
[2019-05-31 22:22:44] RabbitPrint.WARNING:  | | | functions.php -> getDetailPesananKey() -> detail_key : 0000000034 [] []
[2019-05-31 22:22:44] RabbitPrint.WARNING:  | | | pesanan.php -> load [] []
[2019-05-31 23:03:56] RabbitPrint.WARNING:  | | | data_pelanggan.php -> sel_pelanggan : SELECT * FROM pelanggan [] []
[2019-05-31 23:03:56] RabbitPrint.WARNING:  | | | data_pelanggan.php -> jml. pelanggan : 1 [] []
[2019-05-31 23:03:56] RabbitPrint.WARNING:  | | | functions.php -> getDetailPesananKey() -> selectkey : SELECT MAX(detail_pesanan_key) AS detail_key FROM detail_pesanan; [] []
[2019-05-31 23:03:56] RabbitPrint.WARNING:  | | | functions.php -> getDetailPesananKey() -> detail_key : 0000000034 [] []
[2019-05-31 23:03:56] RabbitPrint.WARNING:  | | | pesanan.php -> load [] []
[2019-05-31 23:05:09] RabbitPrint.WARNING:  | | | data_pelanggan.php -> sel_pelanggan : SELECT * FROM pelanggan [] []
[2019-05-31 23:05:09] RabbitPrint.WARNING:  | | | data_pelanggan.php -> jml. pelanggan : 1 [] []
[2019-05-31 23:05:09] RabbitPrint.WARNING:  | | | functions.php -> getDetailPesananKey() -> selectkey : SELECT MAX(detail_pesanan_key) AS detail_key FROM detail_pesanan; [] []
[2019-05-31 23:05:09] RabbitPrint.WARNING:  | | | functions.php -> getDetailPesananKey() -> detail_key : 0000000034 [] []
[2019-05-31 23:05:09] RabbitPrint.WARNING:  | | | pesanan.php -> load [] []
[2019-05-31 23:05:27] RabbitPrint.WARNING:  | | | data_pelanggan.php -> sel_pelanggan : SELECT * FROM pelanggan [] []
[2019-05-31 23:05:27] RabbitPrint.WARNING:  | | | data_pelanggan.php -> jml. pelanggan : 1 [] []
[2019-05-31 23:05:27] RabbitPrint.WARNING:  | | | functions.php -> getDetailPesananKey() -> selectkey : SELECT MAX(detail_pesanan_key) AS detail_key FROM detail_pesanan; [] []
[2019-05-31 23:05:27] RabbitPrint.WARNING:  | | | functions.php -> getDetailPesananKey() -> detail_key : 0000000034 [] []
[2019-05-31 23:05:27] RabbitPrint.WARNING:  | | | pesanan.php -> load [] []
