[2019-09-26 21:04:22] RabbitPrint.WARNING:  | | | proses_login.php -> cek user -> sql_user : SELECT * FROM s_user WHERE username LIKE 'superuser' AND password LIKE '21232f297a57a5a743894a0e4a801fc3' LIMIT 1 [] []
[2019-09-26 21:04:22] RabbitPrint.WARNING:  | | | proses_login.php -> id_user : 1 [] []
[2019-09-26 21:04:22] RabbitPrint.WARNING:  | | | proses_login.php -> insert ke s_login -> sql_login : INSERT INTO s_login (key_login, id_user, waktu_login, waktu_kadaluarsa, status, ip, pc_dan_browser) VALUES ('15695066626754', '1', '2019-09-26 21:04:22', '2019-09-27 21:04:22', '1', '::1', 'mozilla/5.0 (windows nt 10.0; win64; x64) applewebkit/537.36 (khtml, like gecko) chrome/77.0.3865.90 safari/537.36') [] []
[2019-09-26 21:04:22] RabbitPrint.WARNING:  | | | proses_login.php -> insert ke s_login -> SUCCESS [] []
[2019-09-26 21:04:22] RabbitPrint.WARNING:  | | | proses_login.php -> LOGIN SUKSES!! [] []
[2019-09-26 21:08:03] RabbitPrint.WARNING:  | | | pelanggan.php -> membuka halaman [] []
[2019-09-26 21:08:03] RabbitPrint.WARNING:  | | | pelanggan.php -> sel_pelanggan : SELECT * FROM pelanggan [] []
[2019-09-26 21:08:03] RabbitPrint.WARNING:  | | | pelanggan.php -> jml. pelanggan : 0 [] []
[2019-09-26 21:08:10] RabbitPrint.WARNING:  | | | daftar_surat_jalan.php -> membuka halaman [] []
[2019-09-26 21:08:10] RabbitPrint.WARNING:  | | | daftar_surat_)jalan.php -> sel_daftar_surat_jalan : SELECT * FROM surat_jalan ORDER BY surat_jalan_id DESC [] []
[2019-09-26 21:08:10] RabbitPrint.WARNING:  | | | daftar_surat_jalan.php -> sel_plg -> SELECT pelanggan_nama FROM pelanggan WHERE pelanggan_id = 3 [] []
[2019-09-26 21:08:10] RabbitPrint.WARNING:  | | | daftar_surat_jalan.php -> sel_user -> SELECT nama FROM s_user WHERE username = 'superuser' [] []
[2019-09-26 21:08:10] RabbitPrint.WARNING:  | | | daftar_surat_jalan.php -> sel_plg -> SELECT pelanggan_nama FROM pelanggan WHERE pelanggan_id = 6 [] []
[2019-09-26 21:08:10] RabbitPrint.WARNING:  | | | daftar_surat_jalan.php -> sel_user -> SELECT nama FROM s_user WHERE username = 'superuser' [] []
[2019-09-26 21:10:14] RabbitPrint.WARNING:  | | | pelanggan.php -> membuka halaman [] []
[2019-09-26 21:10:14] RabbitPrint.WARNING:  | | | pelanggan.php -> sel_pelanggan : SELECT * FROM pelanggan [] []
[2019-09-26 21:10:14] RabbitPrint.WARNING:  | | | pelanggan.php -> jml. pelanggan : 0 [] []
[2019-09-26 21:11:05] RabbitPrint.WARNING:  | | | pelanggan.php -> membuka halaman [] []
[2019-09-26 21:11:05] RabbitPrint.WARNING:  | | | pelanggan.php -> sel_pelanggan : SELECT * FROM pelanggan [] []
[2019-09-26 21:11:05] RabbitPrint.WARNING:  | | | pelanggan.php -> jml. pelanggan : 0 [] []
[2019-09-26 21:11:24] RabbitPrint.WARNING:  | | | pelanggan.php -> membuka halaman [] []
[2019-09-26 21:11:24] RabbitPrint.WARNING:  | | | pelanggan.php -> sel_pelanggan : SELECT * FROM pelanggan [] []
[2019-09-26 21:11:24] RabbitPrint.WARNING:  | | | pelanggan.php -> jml. pelanggan : 0 [] []
[2019-09-26 21:11:47] RabbitPrint.WARNING:  | | | pelanggan.php -> membuka halaman [] []
[2019-09-26 21:11:47] RabbitPrint.WARNING:  | | | pelanggan.php -> sel_pelanggan : SELECT * FROM pelanggan [] []
[2019-09-26 21:11:47] RabbitPrint.WARNING:  | | | pelanggan.php -> jml. pelanggan : 0 [] []
[2019-09-26 21:12:00] RabbitPrint.WARNING:  | | | pelanggan.php -> membuka halaman [] []
[2019-09-26 21:12:00] RabbitPrint.WARNING:  | | | pelanggan.php -> sel_pelanggan : SELECT * FROM pelanggan [] []
[2019-09-26 21:12:00] RabbitPrint.WARNING:  | | | pelanggan.php -> jml. pelanggan : 0 [] []
[2019-09-26 21:12:39] RabbitPrint.WARNING:  | | | pelanggan.php -> membuka halaman [] []
[2019-09-26 21:12:39] RabbitPrint.WARNING:  | | | pelanggan.php -> sel_pelanggan : SELECT * FROM pelanggan [] []
[2019-09-26 21:12:39] RabbitPrint.WARNING:  | | | pelanggan.php -> jml. pelanggan : 0 [] []
[2019-09-26 21:12:50] RabbitPrint.WARNING:  | | | pelanggan.php -> membuka halaman [] []
[2019-09-26 21:12:50] RabbitPrint.WARNING:  | | | pelanggan.php -> sel_pelanggan : SELECT * FROM pelanggan [] []
[2019-09-26 21:12:50] RabbitPrint.WARNING:  | | | pelanggan.php -> jml. pelanggan : 0 [] []
[2019-09-26 21:13:04] RabbitPrint.WARNING:  | | | pelanggan.php -> membuka halaman [] []
[2019-09-26 21:13:04] RabbitPrint.WARNING:  | | | pelanggan.php -> sel_pelanggan : SELECT * FROM pelanggan [] []
[2019-09-26 21:13:04] RabbitPrint.WARNING:  | | | pelanggan.php -> jml. pelanggan : 0 [] []
[2019-09-26 21:13:30] RabbitPrint.WARNING:  | | | pelanggan.php -> membuka halaman [] []
[2019-09-26 21:13:30] RabbitPrint.WARNING:  | | | pelanggan.php -> sel_pelanggan : SELECT * FROM pelanggan [] []
[2019-09-26 21:13:30] RabbitPrint.WARNING:  | | | pelanggan.php -> jml. pelanggan : 0 [] []
[2019-09-26 21:22:22] RabbitPrint.WARNING:  | | | pelanggan.php -> membuka halaman [] []
[2019-09-26 21:22:22] RabbitPrint.WARNING:  | | | pelanggan.php -> sel_pelanggan : SELECT * FROM pelanggan [] []
[2019-09-26 21:22:22] RabbitPrint.WARNING:  | | | pelanggan.php -> jml. pelanggan : 0 [] []
[2019-09-26 21:22:37] RabbitPrint.WARNING:  | | | pelanggan.php -> membuka halaman [] []
[2019-09-26 21:22:37] RabbitPrint.WARNING:  | | | pelanggan.php -> sel_pelanggan : SELECT * FROM pelanggan [] []
[2019-09-26 21:22:37] RabbitPrint.WARNING:  | | | pelanggan.php -> jml. pelanggan : 0 [] []
[2019-09-26 21:23:05] RabbitPrint.WARNING:  | | | pelanggan.php -> membuka halaman [] []
[2019-09-26 21:23:05] RabbitPrint.WARNING:  | | | pelanggan.php -> sel_pelanggan : SELECT * FROM pelanggan [] []
[2019-09-26 21:23:05] RabbitPrint.WARNING:  | | | pelanggan.php -> jml. pelanggan : 0 [] []
[2019-09-26 21:23:12] RabbitPrint.WARNING:  | | | pelanggan.php -> membuka halaman [] []
[2019-09-26 21:23:12] RabbitPrint.WARNING:  | | | pelanggan.php -> sel_pelanggan : SELECT * FROM pelanggan [] []
[2019-09-26 21:23:12] RabbitPrint.WARNING:  | | | pelanggan.php -> jml. pelanggan : 0 [] []
[2019-09-26 21:23:14] RabbitPrint.WARNING:  | | | pelanggan.php -> membuka halaman [] []
[2019-09-26 21:23:14] RabbitPrint.WARNING:  | | | pelanggan.php -> sel_pelanggan : SELECT * FROM pelanggan [] []
[2019-09-26 21:23:14] RabbitPrint.WARNING:  | | | pelanggan.php -> jml. pelanggan : 0 [] []
[2019-09-26 21:23:16] RabbitPrint.WARNING:  | | | pelanggan.php -> membuka halaman [] []
[2019-09-26 21:23:16] RabbitPrint.WARNING:  | | | pelanggan.php -> sel_pelanggan : SELECT * FROM pelanggan [] []
[2019-09-26 21:23:16] RabbitPrint.WARNING:  | | | pelanggan.php -> jml. pelanggan : 0 [] []
[2019-09-26 21:23:18] RabbitPrint.WARNING:  | | | pelanggan.php -> membuka halaman [] []
[2019-09-26 21:23:18] RabbitPrint.WARNING:  | | | pelanggan.php -> sel_pelanggan : SELECT * FROM pelanggan [] []
[2019-09-26 21:23:18] RabbitPrint.WARNING:  | | | pelanggan.php -> jml. pelanggan : 0 [] []
[2019-09-26 21:23:20] RabbitPrint.WARNING:  | | | pelanggan.php -> membuka halaman [] []
[2019-09-26 21:23:20] RabbitPrint.WARNING:  | | | pelanggan.php -> sel_pelanggan : SELECT * FROM pelanggan [] []
[2019-09-26 21:23:20] RabbitPrint.WARNING:  | | | pelanggan.php -> jml. pelanggan : 0 [] []
[2019-09-26 21:23:22] RabbitPrint.WARNING:  | | | pelanggan.php -> membuka halaman [] []
[2019-09-26 21:23:22] RabbitPrint.WARNING:  | | | pelanggan.php -> sel_pelanggan : SELECT * FROM pelanggan [] []
[2019-09-26 21:23:22] RabbitPrint.WARNING:  | | | pelanggan.php -> jml. pelanggan : 0 [] []
[2019-09-26 21:24:41] RabbitPrint.WARNING:  | | | pelanggan.php -> membuka halaman [] []
[2019-09-26 21:24:41] RabbitPrint.WARNING:  | | | pelanggan.php -> sel_pelanggan : SELECT * FROM pelanggan [] []
[2019-09-26 21:24:41] RabbitPrint.WARNING:  | | | pelanggan.php -> jml. pelanggan : 0 [] []
[2019-09-26 21:24:52] RabbitPrint.WARNING:  | | | proses_login.php -> cek user -> sql_user : SELECT * FROM s_user WHERE username LIKE 'superuser' AND password LIKE '21232f297a57a5a743894a0e4a801fc3' LIMIT 1 [] []
[2019-09-26 21:24:52] RabbitPrint.WARNING:  | | | proses_login.php -> id_user : 1 [] []
[2019-09-26 21:24:52] RabbitPrint.WARNING:  | | | proses_login.php -> insert ke s_login -> sql_login : INSERT INTO s_login (key_login, id_user, waktu_login, waktu_kadaluarsa, status, ip, pc_dan_browser) VALUES ('15695078925075', '1', '2019-09-26 21:24:52', '2019-09-27 21:24:52', '1', '::1', 'mozilla/5.0 (windows nt 10.0; win64; x64; rv:69.0) gecko/20100101 firefox/69.0') [] []
[2019-09-26 21:24:52] RabbitPrint.WARNING:  | | | proses_login.php -> insert ke s_login -> SUCCESS [] []
[2019-09-26 21:24:52] RabbitPrint.WARNING:  | | | proses_login.php -> LOGIN SUKSES!! [] []
[2019-09-26 21:28:16] RabbitPrint.WARNING:  | | | pelanggan.php -> membuka halaman [] []
[2019-09-26 21:28:16] RabbitPrint.WARNING:  | | | pelanggan.php -> sel_pelanggan : SELECT * FROM pelanggan [] []
[2019-09-26 21:28:16] RabbitPrint.WARNING:  | | | pelanggan.php -> jml. pelanggan : 0 [] []
[2019-09-26 21:28:44] RabbitPrint.WARNING:  | | | pelanggan.php -> membuka halaman [] []
[2019-09-26 21:28:44] RabbitPrint.WARNING:  | | | pelanggan.php -> sel_pelanggan : SELECT * FROM pelanggan [] []
[2019-09-26 21:28:44] RabbitPrint.WARNING:  | | | pelanggan.php -> jml. pelanggan : 0 [] []
[2019-09-26 21:29:02] RabbitPrint.WARNING:  | | | pelanggan.php -> membuka halaman [] []
[2019-09-26 21:29:02] RabbitPrint.WARNING:  | | | pelanggan.php -> sel_pelanggan : SELECT * FROM pelanggan [] []
[2019-09-26 21:29:02] RabbitPrint.WARNING:  | | | pelanggan.php -> jml. pelanggan : 0 [] []
[2019-09-26 21:29:22] RabbitPrint.WARNING:  | | | proses_daftar_pelanggan.php -> hapus_pelanggan [] []
[2019-09-26 21:29:22] RabbitPrint.WARNING:  | | | proses_daftar_pelanggan.php -> del_pelanggan : DELETE FROM pelanggan WHERE pelanggan_id = 27 [] []
[2019-09-26 21:29:22] RabbitPrint.WARNING:  | | | proses_daftar_pelanggan.php -> del_pelanggan -> BERHASIL [] []
[2019-09-26 21:29:26] RabbitPrint.WARNING:  | | | pelanggan.php -> membuka halaman [] []
[2019-09-26 21:29:26] RabbitPrint.WARNING:  | | | pelanggan.php -> sel_pelanggan : SELECT * FROM pelanggan [] []
[2019-09-26 21:29:26] RabbitPrint.WARNING:  | | | pelanggan.php -> jml. pelanggan : 0 [] []
[2019-09-26 21:31:50] RabbitPrint.WARNING:  | | | daftar_pesanan.php -> membuka halaman [] []
[2019-09-26 21:31:50] RabbitPrint.WARNING:  | | | daftar_pesanan.php -> sel_pesanan : SELECT psn.*, plg.pelanggan_nama	FROM pesanan psn JOIN pelanggan plg ON plg.pelanggan_id = psn.pesanan_pelanggan_id ORDER BY psn.pesanan_id DESC [] []
[2019-09-26 21:31:50] RabbitPrint.WARNING:  | | | daftar_pesanan.php -> jml. pesanan : 0 [] []
[2019-09-26 21:31:57] RabbitPrint.WARNING:  | | | data_pelanggan.php -> sel_pelanggan : SELECT * FROM pelanggan [] []
[2019-09-26 21:31:57] RabbitPrint.WARNING:  | | | data_pelanggan.php -> jml. pelanggan : 1 [] []
[2019-09-26 21:31:57] RabbitPrint.WARNING:  | | | functions.php -> getDetailPesananKey() -> selectkey : SELECT MAX(detail_pesanan_key) AS detail_key FROM detail_pesanan; [] []
[2019-09-26 21:31:57] RabbitPrint.WARNING:  | | | functions.php -> getDetailPesananKey() -> detail_key : 0000000010 [] []
[2019-09-26 21:31:57] RabbitPrint.WARNING:  | | | pesanan.php -> load [] []
[2019-09-26 21:34:22] RabbitPrint.WARNING:  | | | functions.php -> getKodePesanan() -> selectkey : SELECT MAX(pesanan.pesanan_no_pesanan) AS psnkey FROM pesanan WHERE pesanan.pesanan_no_pesanan LIKE '%PSN/20190926/%' [] []
[2019-09-26 21:34:22] RabbitPrint.WARNING:  | | | functions.php -> getKodePesanan() -> psn_key : PSN/20190926/001 [] []
[2019-09-26 21:34:22] RabbitPrint.WARNING:  | | | proses_pesanan.php -> load.. [] []
[2019-09-26 21:34:22] RabbitPrint.WARNING:  | | | proses_pesanan.php -> string query detail_pesanan -> sql_detail : INSERT INTO detail_pesanan (cre_tms, upd_tms, cre_usr, upd_usr, detail_pesanan_no_pesanan, detail_pesanan_key, detail_pesanan_nama_barang, detail_pesanan_jenis_print, detail_pesanan_warna, detail_pesanan_detail_kain, detail_pesanan_nama_warna, detail_pesanan_ukuran, detail_pesanan_sisi_kanan, detail_pesanan_sisi_kiri, detail_pesanan_sisi_blkng, detail_pesanan_qty, detail_pesanan_satuan, detail_pesanan_qty_packing, detail_pesanan_jenis_packing, detail_pesanan_keterangan) VALUES ( NOW(), NOW(), 'superuser', 'superuser', 'PSN/20190926/001', '0000000010', 'KAIN J', 'MOTIF J', 3, 'J01', 'BIRU', '', 0, 0, 0, 20, 'Kg', 1, 'Roll', ''),( NOW(), NOW(), 'superuser', 'superuser', 'PSN/20190926/001', '0000000011', 'KAIN J', 'MOTIF J', 3, 'J02', 'MERAH', '', 0, 0, 0, 20, 'Kg', 4, 'Roll', '') [] []
[2019-09-26 21:34:22] RabbitPrint.WARNING:  | | | proses_pesanan.php -> string query pesanan -> sql_pesanan : INSERT INTO pesanan (cre_tms, upd_tms, cre_usr, upd_usr, pesanan_no_pesanan, pesanan_no_surat_jalan_masuk, pesanan_jenis_pesanan, pesanan_tanggal_pesanan, pesanan_pelanggan_id, pesanan_total_qty, pesanan_total_qty_packing) VALUES (NOW(), NOW(), 'superuser', 'superuser', 'PSN/20190926/001', 'JJ0101', 'U', '2019-09-26', '1', 100, 5) [] []
[2019-09-26 21:34:22] RabbitPrint.WARNING:  | | | proses_pesanan.php -> insert ke pesanan -> sql_pesanan : INSERT INTO pesanan (cre_tms, upd_tms, cre_usr, upd_usr, pesanan_no_pesanan, pesanan_no_surat_jalan_masuk, pesanan_jenis_pesanan, pesanan_tanggal_pesanan, pesanan_pelanggan_id, pesanan_total_qty, pesanan_total_qty_packing) VALUES (NOW(), NOW(), 'superuser', 'superuser', 'PSN/20190926/001', 'JJ0101', 'U', '2019-09-26', '1', 100, 5) [] []
[2019-09-26 21:34:22] RabbitPrint.WARNING:  | | | proses_pesanan.php -> insert ke pesanan -> BERHASIL [] []
[2019-09-26 21:34:22] RabbitPrint.WARNING:  | | | proses_pesanan.php -> insert ke detail_pesanan -> BERHASIL [] []
[2019-09-26 21:34:29] RabbitPrint.WARNING:  | | | data_pelanggan.php -> sel_pelanggan : SELECT * FROM pelanggan [] []
[2019-09-26 21:34:29] RabbitPrint.WARNING:  | | | data_pelanggan.php -> jml. pelanggan : 1 [] []
[2019-09-26 21:34:29] RabbitPrint.WARNING:  | | | functions.php -> getDetailPesananKey() -> selectkey : SELECT MAX(detail_pesanan_key) AS detail_key FROM detail_pesanan; [] []
[2019-09-26 21:34:29] RabbitPrint.WARNING:  | | | functions.php -> getDetailPesananKey() -> detail_key : 0000000012 [] []
[2019-09-26 21:34:29] RabbitPrint.WARNING:  | | | pesanan.php -> load [] []
[2019-09-26 21:34:36] RabbitPrint.WARNING:  | | | daftar_pesanan.php -> membuka halaman [] []
[2019-09-26 21:34:36] RabbitPrint.WARNING:  | | | daftar_pesanan.php -> sel_pesanan : SELECT psn.*, plg.pelanggan_nama	FROM pesanan psn JOIN pelanggan plg ON plg.pelanggan_id = psn.pesanan_pelanggan_id ORDER BY psn.pesanan_id DESC [] []
[2019-09-26 21:34:36] RabbitPrint.WARNING:  | | | daftar_pesanan.php -> jml. pesanan : 0 [] []
[2019-09-26 21:38:08] RabbitPrint.WARNING:  | | | daftar_surat_jalan.php -> membuka halaman [] []
[2019-09-26 21:38:08] RabbitPrint.WARNING:  | | | daftar_surat_)jalan.php -> sel_daftar_surat_jalan : SELECT * FROM surat_jalan ORDER BY surat_jalan_id DESC [] []
[2019-09-26 21:38:08] RabbitPrint.WARNING:  | | | daftar_surat_jalan.php -> sel_plg -> SELECT pelanggan_nama FROM pelanggan WHERE pelanggan_id = 3 [] []
[2019-09-26 21:38:08] RabbitPrint.WARNING:  | | | daftar_surat_jalan.php -> sel_user -> SELECT nama FROM s_user WHERE username = 'superuser' [] []
[2019-09-26 21:38:08] RabbitPrint.WARNING:  | | | daftar_surat_jalan.php -> sel_plg -> SELECT pelanggan_nama FROM pelanggan WHERE pelanggan_id = 6 [] []
[2019-09-26 21:38:08] RabbitPrint.WARNING:  | | | daftar_surat_jalan.php -> sel_user -> SELECT nama FROM s_user WHERE username = 'superuser' [] []
[2019-09-26 21:38:13] RabbitPrint.WARNING:  | | | daftar_invoice.php -> membuka halaman [] []
[2019-09-26 21:38:13] RabbitPrint.WARNING:  | | | daftar_invoice.php -> sel_invoice : SELECT inv.*, plg.pelanggan_nama FROM invoice_keluar inv JOIN pelanggan plg ON plg.pelanggan_id = inv.invoice_keluar_pelanggan_id ORDER BY inv.invoice_keluar_id DESC [] []
[2019-09-26 21:38:13] RabbitPrint.WARNING:  | | | data_pelanggan.php -> sel_pelanggan : SELECT p.* FROM pelanggan p JOIN invoice_keluar inv ON p.pelanggan_id = inv.invoice_keluar_pelanggan_id WHERE p.pelanggan_id > 0 GROUP BY p.pelanggan_nama; [] []
[2019-09-26 21:38:13] RabbitPrint.WARNING:  | | | daftar_invoice.php -> jml. invoice : 0 [] []
[2019-09-26 21:38:13] RabbitPrint.WARNING:  | | | data_pelanggan.php -> jml. pelanggan : 1 [] []
[2019-09-26 21:41:01] RabbitPrint.WARNING:  | | | tambah_invoice.php -> membuka halaman [] []
[2019-09-26 21:41:01] RabbitPrint.WARNING:  | | | tambah_invoice.php -> sel_pelanggan : SELECT p.* FROM pelanggan p JOIN surat_jalan sj ON p.pelanggan_id = sj.surat_jalan_pelanggan_id WHERE p.pelanggan_id > 0 AND sj.surat_jalan_status = 'B' GROUP BY p.pelanggan_nama [] []
[2019-09-26 21:41:01] RabbitPrint.WARNING:  | | | tambah_invoice.php -> sel_sj : SELECT p.pelanggan_nama, p.pelanggan_telp, p.pelanggan_alamat, sj.*, sjd.surat_jalan_detail_nama_barang, sjd.surat_jalan_detail_jenis_print, sjd.surat_jalan_detail_satuan_qty FROM surat_jalan sj JOIN surat_jalan_detail sjd ON sjd.surat_jalan_detail_surat_jalan_key = sj.surat_jalan_key JOIN pelanggan p ON p.pelanggan_id = sj.surat_jalan_pelanggan_id WHERE sj.surat_jalan_pelanggan_id = AND sj.surat_jalan_status = 'B' AND sj.surat_jalan_tanggal LIKE '-%' GROUP BY sjd.surat_jalan_detail_surat_jalan_key, sjd.surat_jalan_detail_nama_barang ORDER BY sjd.surat_jalan_detail_surat_jalan_key [] []
[2019-09-26 21:41:13] RabbitPrint.WARNING:  | | | daftar_invoice.php -> membuka halaman [] []
[2019-09-26 21:41:13] RabbitPrint.WARNING:  | | | daftar_invoice.php -> sel_invoice : SELECT inv.*, plg.pelanggan_nama FROM invoice_keluar inv JOIN pelanggan plg ON plg.pelanggan_id = inv.invoice_keluar_pelanggan_id ORDER BY inv.invoice_keluar_id DESC [] []
[2019-09-26 21:41:13] RabbitPrint.WARNING:  | | | data_pelanggan.php -> sel_pelanggan : SELECT p.* FROM pelanggan p JOIN invoice_keluar inv ON p.pelanggan_id = inv.invoice_keluar_pelanggan_id WHERE p.pelanggan_id > 0 GROUP BY p.pelanggan_nama; [] []
[2019-09-26 21:41:13] RabbitPrint.WARNING:  | | | daftar_invoice.php -> jml. invoice : 0 [] []
[2019-09-26 21:41:13] RabbitPrint.WARNING:  | | | data_pelanggan.php -> jml. pelanggan : 1 [] []
[2019-09-26 21:41:35] RabbitPrint.WARNING:  | | | cetak_invoice.php -> sel_invoice : SELECT dinv.*, inv.*, sj.surat_jalan_nomor, sj.surat_jalan_tanggal FROM invoice_keluar inv JOIN invoice_keluar_detail dinv ON dinv.invoice_keluar_detail_no_invoice = inv.invoice_keluar_no_invoice JOIN surat_jalan sj ON sj.surat_jalan_key = dinv.invoice_keluar_detail_surat_jalan_nomor WHERE inv.invoice_keluar_tanggal_kirim BETWEEN '2019-09-01' AND '2019-09-30' AND inv.invoice_keluar_pelanggan_id = 6 [] []
[2019-09-26 21:41:35] RabbitPrint.WARNING:  | | | cetak_invoice.php -> sel_plg : SELECT pelanggan_nama FROM pelanggan WHERE pelanggan_id = 6 [] []
[2019-09-26 21:41:44] RabbitPrint.WARNING:  | | | daftar_invoice.php -> membuka halaman [] []
[2019-09-26 21:41:45] RabbitPrint.WARNING:  | | | daftar_invoice.php -> sel_invoice : SELECT inv.*, plg.pelanggan_nama FROM invoice_keluar inv JOIN pelanggan plg ON plg.pelanggan_id = inv.invoice_keluar_pelanggan_id ORDER BY inv.invoice_keluar_id DESC [] []
[2019-09-26 21:41:45] RabbitPrint.WARNING:  | | | data_pelanggan.php -> sel_pelanggan : SELECT p.* FROM pelanggan p JOIN invoice_keluar inv ON p.pelanggan_id = inv.invoice_keluar_pelanggan_id WHERE p.pelanggan_id > 0 GROUP BY p.pelanggan_nama; [] []
[2019-09-26 21:41:45] RabbitPrint.WARNING:  | | | daftar_invoice.php -> jml. invoice : 0 [] []
[2019-09-26 21:41:45] RabbitPrint.WARNING:  | | | data_pelanggan.php -> jml. pelanggan : 1 [] []
[2019-09-26 21:41:47] RabbitPrint.WARNING:  | | | daftar_invoice.php -> membuka halaman [] []
[2019-09-26 21:41:47] RabbitPrint.WARNING:  | | | daftar_invoice.php -> sel_invoice : SELECT inv.*, plg.pelanggan_nama FROM invoice_keluar inv JOIN pelanggan plg ON plg.pelanggan_id = inv.invoice_keluar_pelanggan_id ORDER BY inv.invoice_keluar_id DESC [] []
[2019-09-26 21:41:47] RabbitPrint.WARNING:  | | | data_pelanggan.php -> sel_pelanggan : SELECT p.* FROM pelanggan p JOIN invoice_keluar inv ON p.pelanggan_id = inv.invoice_keluar_pelanggan_id WHERE p.pelanggan_id > 0 GROUP BY p.pelanggan_nama; [] []
[2019-09-26 21:41:47] RabbitPrint.WARNING:  | | | daftar_invoice.php -> jml. invoice : 0 [] []
[2019-09-26 21:41:47] RabbitPrint.WARNING:  | | | data_pelanggan.php -> jml. pelanggan : 1 [] []
[2019-09-26 21:42:11] RabbitPrint.WARNING:  | | | cetak_invoice.php -> sel_invoice : SELECT dinv.*, inv.*, sj.surat_jalan_nomor, sj.surat_jalan_tanggal FROM invoice_keluar inv JOIN invoice_keluar_detail dinv ON dinv.invoice_keluar_detail_no_invoice = inv.invoice_keluar_no_invoice JOIN surat_jalan sj ON sj.surat_jalan_key = dinv.invoice_keluar_detail_surat_jalan_nomor WHERE inv.invoice_keluar_tanggal_kirim BETWEEN '2019-07-01' AND '2019-09-30' AND inv.invoice_keluar_pelanggan_id = 6 [] []
[2019-09-26 21:42:11] RabbitPrint.WARNING:  | | | cetak_invoice.php -> sel_plg : SELECT pelanggan_nama FROM pelanggan WHERE pelanggan_id = 6 [] []
[2019-09-26 21:42:21] RabbitPrint.WARNING:  | | | daftar_invoice.php -> membuka halaman [] []
[2019-09-26 21:42:21] RabbitPrint.WARNING:  | | | daftar_invoice.php -> sel_invoice : SELECT inv.*, plg.pelanggan_nama FROM invoice_keluar inv JOIN pelanggan plg ON plg.pelanggan_id = inv.invoice_keluar_pelanggan_id ORDER BY inv.invoice_keluar_id DESC [] []
[2019-09-26 21:42:21] RabbitPrint.WARNING:  | | | data_pelanggan.php -> sel_pelanggan : SELECT p.* FROM pelanggan p JOIN invoice_keluar inv ON p.pelanggan_id = inv.invoice_keluar_pelanggan_id WHERE p.pelanggan_id > 0 GROUP BY p.pelanggan_nama; [] []
[2019-09-26 21:42:21] RabbitPrint.WARNING:  | | | daftar_invoice.php -> jml. invoice : 0 [] []
[2019-09-26 21:42:21] RabbitPrint.WARNING:  | | | data_pelanggan.php -> jml. pelanggan : 1 [] []
[2019-09-26 21:49:08] RabbitPrint.WARNING:  | | | daftar_invoice.php -> membuka halaman [] []
[2019-09-26 21:49:08] RabbitPrint.WARNING:  | | | daftar_invoice.php -> sel_invoice : SELECT inv.*, plg.pelanggan_nama FROM invoice_keluar inv JOIN pelanggan plg ON plg.pelanggan_id = inv.invoice_keluar_pelanggan_id ORDER BY inv.invoice_keluar_id DESC [] []
[2019-09-26 21:49:08] RabbitPrint.WARNING:  | | | data_pelanggan.php -> sel_pelanggan : SELECT p.* FROM pelanggan p JOIN invoice_keluar inv ON p.pelanggan_id = inv.invoice_keluar_pelanggan_id WHERE p.pelanggan_id > 0 GROUP BY p.pelanggan_nama; [] []
[2019-09-26 21:49:08] RabbitPrint.WARNING:  | | | daftar_invoice.php -> jml. invoice : 0 [] []
[2019-09-26 21:49:08] RabbitPrint.WARNING:  | | | data_pelanggan.php -> jml. pelanggan : 1 [] []
[2019-09-26 21:52:03] RabbitPrint.WARNING:  | | | daftar_invoice.php -> membuka halaman [] []
[2019-09-26 21:52:03] RabbitPrint.WARNING:  | | | daftar_invoice.php -> sel_invoice : SELECT inv.*, plg.pelanggan_nama FROM invoice_keluar inv JOIN pelanggan plg ON plg.pelanggan_id = inv.invoice_keluar_pelanggan_id ORDER BY inv.invoice_keluar_id DESC [] []
[2019-09-26 21:52:03] RabbitPrint.WARNING:  | | | data_pelanggan.php -> sel_pelanggan : SELECT p.* FROM pelanggan p JOIN invoice_keluar inv ON p.pelanggan_id = inv.invoice_keluar_pelanggan_id WHERE p.pelanggan_id > 0 GROUP BY p.pelanggan_nama; [] []
[2019-09-26 21:52:03] RabbitPrint.WARNING:  | | | daftar_invoice.php -> jml. invoice : 0 [] []
[2019-09-26 21:52:03] RabbitPrint.WARNING:  | | | data_pelanggan.php -> jml. pelanggan : 1 [] []
[2019-09-26 21:52:31] RabbitPrint.WARNING:  | | | daftar_invoice.php -> membuka halaman [] []
[2019-09-26 21:52:31] RabbitPrint.WARNING:  | | | daftar_invoice.php -> sel_invoice : SELECT inv.*, plg.pelanggan_nama FROM invoice_keluar inv JOIN pelanggan plg ON plg.pelanggan_id = inv.invoice_keluar_pelanggan_id ORDER BY inv.invoice_keluar_id DESC [] []
[2019-09-26 21:52:31] RabbitPrint.WARNING:  | | | data_pelanggan.php -> sel_pelanggan : SELECT p.* FROM pelanggan p JOIN invoice_keluar inv ON p.pelanggan_id = inv.invoice_keluar_pelanggan_id WHERE p.pelanggan_id > 0 GROUP BY p.pelanggan_nama; [] []
[2019-09-26 21:52:31] RabbitPrint.WARNING:  | | | daftar_invoice.php -> jml. invoice : 0 [] []
[2019-09-26 21:52:31] RabbitPrint.WARNING:  | | | data_pelanggan.php -> jml. pelanggan : 1 [] []
[2019-09-26 21:53:25] RabbitPrint.WARNING:  | | | daftar_invoice.php -> membuka halaman [] []
[2019-09-26 21:53:25] RabbitPrint.WARNING:  | | | daftar_invoice.php -> sel_invoice : SELECT inv.*, plg.pelanggan_nama FROM invoice_keluar inv JOIN pelanggan plg ON plg.pelanggan_id = inv.invoice_keluar_pelanggan_id ORDER BY inv.invoice_keluar_id DESC [] []
[2019-09-26 21:53:25] RabbitPrint.WARNING:  | | | data_pelanggan.php -> sel_pelanggan : SELECT p.* FROM pelanggan p JOIN invoice_keluar inv ON p.pelanggan_id = inv.invoice_keluar_pelanggan_id WHERE p.pelanggan_id > 0 GROUP BY p.pelanggan_nama; [] []
[2019-09-26 21:53:25] RabbitPrint.WARNING:  | | | daftar_invoice.php -> jml. invoice : 0 [] []
[2019-09-26 21:53:25] RabbitPrint.WARNING:  | | | data_pelanggan.php -> jml. pelanggan : 1 [] []
[2019-09-26 21:55:34] RabbitPrint.WARNING:  | | | daftar_invoice.php -> membuka halaman [] []
[2019-09-26 21:55:34] RabbitPrint.WARNING:  | | | daftar_invoice.php -> sel_invoice : SELECT inv.*, plg.pelanggan_nama FROM invoice_keluar inv JOIN pelanggan plg ON plg.pelanggan_id = inv.invoice_keluar_pelanggan_id ORDER BY inv.invoice_keluar_id DESC [] []
[2019-09-26 21:55:34] RabbitPrint.WARNING:  | | | data_pelanggan.php -> sel_pelanggan : SELECT p.* FROM pelanggan p JOIN invoice_keluar inv ON p.pelanggan_id = inv.invoice_keluar_pelanggan_id WHERE p.pelanggan_id > 0 GROUP BY p.pelanggan_nama; [] []
[2019-09-26 21:55:34] RabbitPrint.WARNING:  | | | daftar_invoice.php -> jml. invoice : 0 [] []
[2019-09-26 21:55:34] RabbitPrint.WARNING:  | | | data_pelanggan.php -> jml. pelanggan : 1 [] []
[2019-09-26 22:11:10] RabbitPrint.WARNING:  | | | daftar_invoice.php -> membuka halaman [] []
[2019-09-26 22:11:10] RabbitPrint.WARNING:  | | | daftar_invoice.php -> sel_invoice : SELECT inv.*, plg.pelanggan_nama FROM invoice_keluar inv JOIN pelanggan plg ON plg.pelanggan_id = inv.invoice_keluar_pelanggan_id ORDER BY inv.invoice_keluar_id DESC [] []
[2019-09-26 22:11:10] RabbitPrint.WARNING:  | | | data_pelanggan.php -> sel_pelanggan : SELECT p.* FROM pelanggan p JOIN invoice_keluar inv ON p.pelanggan_id = inv.invoice_keluar_pelanggan_id WHERE p.pelanggan_id > 0 GROUP BY p.pelanggan_nama; [] []
[2019-09-26 22:11:10] RabbitPrint.WARNING:  | | | daftar_invoice.php -> jml. invoice : 0 [] []
[2019-09-26 22:11:10] RabbitPrint.WARNING:  | | | data_pelanggan.php -> jml. pelanggan : 1 [] []
[2019-09-26 22:12:09] RabbitPrint.WARNING:  | | | daftar_invoice.php -> membuka halaman [] []
[2019-09-26 22:12:09] RabbitPrint.WARNING:  | | | daftar_invoice.php -> sel_invoice : SELECT inv.*, plg.pelanggan_nama FROM invoice_keluar inv JOIN pelanggan plg ON plg.pelanggan_id = inv.invoice_keluar_pelanggan_id ORDER BY inv.invoice_keluar_id DESC [] []
[2019-09-26 22:12:09] RabbitPrint.WARNING:  | | | data_pelanggan.php -> sel_pelanggan : SELECT p.* FROM pelanggan p JOIN invoice_keluar inv ON p.pelanggan_id = inv.invoice_keluar_pelanggan_id WHERE p.pelanggan_id > 0 GROUP BY p.pelanggan_nama; [] []
[2019-09-26 22:12:09] RabbitPrint.WARNING:  | | | daftar_invoice.php -> jml. invoice : 0 [] []
[2019-09-26 22:12:09] RabbitPrint.WARNING:  | | | data_pelanggan.php -> jml. pelanggan : 1 [] []
[2019-09-26 22:13:33] RabbitPrint.WARNING:  | | | daftar_invoice.php -> membuka halaman [] []
[2019-09-26 22:13:33] RabbitPrint.WARNING:  | | | daftar_invoice.php -> sel_invoice : SELECT inv.*, plg.pelanggan_nama FROM invoice_keluar inv JOIN pelanggan plg ON plg.pelanggan_id = inv.invoice_keluar_pelanggan_id ORDER BY inv.invoice_keluar_id DESC [] []
[2019-09-26 22:13:33] RabbitPrint.WARNING:  | | | data_pelanggan.php -> sel_pelanggan : SELECT p.* FROM pelanggan p JOIN invoice_keluar inv ON p.pelanggan_id = inv.invoice_keluar_pelanggan_id WHERE p.pelanggan_id > 0 GROUP BY p.pelanggan_nama; [] []
[2019-09-26 22:13:33] RabbitPrint.WARNING:  | | | daftar_invoice.php -> jml. invoice : 0 [] []
[2019-09-26 22:13:33] RabbitPrint.WARNING:  | | | data_pelanggan.php -> jml. pelanggan : 1 [] []
[2019-09-26 22:14:25] RabbitPrint.WARNING:  | | | daftar_invoice.php -> membuka halaman [] []
[2019-09-26 22:14:25] RabbitPrint.WARNING:  | | | daftar_invoice.php -> sel_invoice : SELECT inv.*, plg.pelanggan_nama FROM invoice_keluar inv JOIN pelanggan plg ON plg.pelanggan_id = inv.invoice_keluar_pelanggan_id ORDER BY inv.invoice_keluar_id DESC [] []
[2019-09-26 22:14:25] RabbitPrint.WARNING:  | | | data_pelanggan.php -> sel_pelanggan : SELECT p.* FROM pelanggan p JOIN invoice_keluar inv ON p.pelanggan_id = inv.invoice_keluar_pelanggan_id WHERE p.pelanggan_id > 0 GROUP BY p.pelanggan_nama; [] []
[2019-09-26 22:14:25] RabbitPrint.WARNING:  | | | daftar_invoice.php -> jml. invoice : 0 [] []
[2019-09-26 22:14:25] RabbitPrint.WARNING:  | | | data_pelanggan.php -> jml. pelanggan : 1 [] []
[2019-09-26 22:31:07] RabbitPrint.WARNING:  | | | daftar_invoice.php -> membuka halaman [] []
[2019-09-26 22:31:07] RabbitPrint.WARNING:  | | | daftar_invoice.php -> sel_invoice : SELECT inv.*, plg.pelanggan_nama FROM invoice_keluar inv JOIN pelanggan plg ON plg.pelanggan_id = inv.invoice_keluar_pelanggan_id ORDER BY inv.invoice_keluar_id DESC [] []
[2019-09-26 22:31:07] RabbitPrint.WARNING:  | | | data_pelanggan.php -> sel_pelanggan : SELECT p.* FROM pelanggan p JOIN invoice_keluar inv ON p.pelanggan_id = inv.invoice_keluar_pelanggan_id WHERE p.pelanggan_id > 0 GROUP BY p.pelanggan_nama; [] []
[2019-09-26 22:31:07] RabbitPrint.WARNING:  | | | daftar_invoice.php -> jml. invoice : 0 [] []
[2019-09-26 22:31:07] RabbitPrint.WARNING:  | | | data_pelanggan.php -> jml. pelanggan : 1 [] []
[2019-09-26 22:31:12] RabbitPrint.WARNING:  | | | proses_daftar_pelanggan.php -> hapus_pelanggan [] []
[2019-09-26 22:31:12] RabbitPrint.WARNING:  | | | proses_daftar_pelanggan.php -> del_pelanggan : DELETE FROM pelanggan WHERE pelanggan_id = 1 [] []
[2019-09-26 22:31:12] RabbitPrint.WARNING:  | | | proses_daftar_pelanggan.php -> del_pelanggan -> BERHASIL [] []
[2019-09-26 22:31:16] RabbitPrint.WARNING:  | | | daftar_invoice.php -> membuka halaman [] []
[2019-09-26 22:31:16] RabbitPrint.WARNING:  | | | daftar_invoice.php -> sel_invoice : SELECT inv.*, plg.pelanggan_nama FROM invoice_keluar inv JOIN pelanggan plg ON plg.pelanggan_id = inv.invoice_keluar_pelanggan_id ORDER BY inv.invoice_keluar_id DESC [] []
[2019-09-26 22:31:16] RabbitPrint.WARNING:  | | | data_pelanggan.php -> sel_pelanggan : SELECT p.* FROM pelanggan p JOIN invoice_keluar inv ON p.pelanggan_id = inv.invoice_keluar_pelanggan_id WHERE p.pelanggan_id > 0 GROUP BY p.pelanggan_nama; [] []
[2019-09-26 22:31:16] RabbitPrint.WARNING:  | | | daftar_invoice.php -> jml. invoice : 0 [] []
[2019-09-26 22:31:16] RabbitPrint.WARNING:  | | | data_pelanggan.php -> jml. pelanggan : 1 [] []
[2019-09-26 22:31:21] RabbitPrint.WARNING:  | | | daftar_invoice.php -> membuka halaman [] []
[2019-09-26 22:31:21] RabbitPrint.WARNING:  | | | daftar_invoice.php -> sel_invoice : SELECT inv.*, plg.pelanggan_nama FROM invoice_keluar inv JOIN pelanggan plg ON plg.pelanggan_id = inv.invoice_keluar_pelanggan_id ORDER BY inv.invoice_keluar_id DESC [] []
[2019-09-26 22:31:21] RabbitPrint.WARNING:  | | | data_pelanggan.php -> sel_pelanggan : SELECT p.* FROM pelanggan p JOIN invoice_keluar inv ON p.pelanggan_id = inv.invoice_keluar_pelanggan_id WHERE p.pelanggan_id > 0 GROUP BY p.pelanggan_nama; [] []
[2019-09-26 22:31:21] RabbitPrint.WARNING:  | | | daftar_invoice.php -> jml. invoice : 0 [] []
[2019-09-26 22:31:21] RabbitPrint.WARNING:  | | | data_pelanggan.php -> jml. pelanggan : 1 [] []
[2019-09-26 22:31:44] RabbitPrint.WARNING:  | | | daftar_invoice.php -> membuka halaman [] []
[2019-09-26 22:31:44] RabbitPrint.WARNING:  | | | daftar_invoice.php -> sel_invoice : SELECT inv.*, plg.pelanggan_nama FROM invoice_keluar inv JOIN pelanggan plg ON plg.pelanggan_id = inv.invoice_keluar_pelanggan_id ORDER BY inv.invoice_keluar_id DESC [] []
[2019-09-26 22:31:44] RabbitPrint.WARNING:  | | | data_pelanggan.php -> sel_pelanggan : SELECT p.* FROM pelanggan p JOIN invoice_keluar inv ON p.pelanggan_id = inv.invoice_keluar_pelanggan_id WHERE p.pelanggan_id > 0 GROUP BY p.pelanggan_nama; [] []
[2019-09-26 22:31:44] RabbitPrint.WARNING:  | | | daftar_invoice.php -> jml. invoice : 0 [] []
[2019-09-26 22:31:44] RabbitPrint.WARNING:  | | | data_pelanggan.php -> jml. pelanggan : 1 [] []
[2019-09-26 22:31:53] RabbitPrint.WARNING:  | | | proses_daftar_pelanggan.php -> hapus_pelanggan [] []
[2019-09-26 22:31:53] RabbitPrint.WARNING:  | | | proses_daftar_pelanggan.php -> del_pelanggan : DELETE FROM pelanggan WHERE pelanggan_id = 1 [] []
[2019-09-26 22:31:53] RabbitPrint.WARNING:  | | | proses_daftar_pelanggan.php -> del_pelanggan -> BERHASIL [] []
[2019-09-26 22:31:57] RabbitPrint.WARNING:  | | | daftar_invoice.php -> membuka halaman [] []
[2019-09-26 22:31:57] RabbitPrint.WARNING:  | | | daftar_invoice.php -> sel_invoice : SELECT inv.*, plg.pelanggan_nama FROM invoice_keluar inv JOIN pelanggan plg ON plg.pelanggan_id = inv.invoice_keluar_pelanggan_id ORDER BY inv.invoice_keluar_id DESC [] []
[2019-09-26 22:31:57] RabbitPrint.WARNING:  | | | data_pelanggan.php -> sel_pelanggan : SELECT p.* FROM pelanggan p JOIN invoice_keluar inv ON p.pelanggan_id = inv.invoice_keluar_pelanggan_id WHERE p.pelanggan_id > 0 GROUP BY p.pelanggan_nama; [] []
[2019-09-26 22:31:57] RabbitPrint.WARNING:  | | | daftar_invoice.php -> jml. invoice : 0 [] []
[2019-09-26 22:31:57] RabbitPrint.WARNING:  | | | data_pelanggan.php -> jml. pelanggan : 1 [] []
[2019-09-26 22:32:39] RabbitPrint.WARNING:  | | | daftar_invoice.php -> membuka halaman [] []
[2019-09-26 22:32:39] RabbitPrint.WARNING:  | | | daftar_invoice.php -> sel_invoice : SELECT inv.*, plg.pelanggan_nama FROM invoice_keluar inv JOIN pelanggan plg ON plg.pelanggan_id = inv.invoice_keluar_pelanggan_id ORDER BY inv.invoice_keluar_id DESC [] []
[2019-09-26 22:32:39] RabbitPrint.WARNING:  | | | data_pelanggan.php -> sel_pelanggan : SELECT p.* FROM pelanggan p JOIN invoice_keluar inv ON p.pelanggan_id = inv.invoice_keluar_pelanggan_id WHERE p.pelanggan_id > 0 GROUP BY p.pelanggan_nama; [] []
[2019-09-26 22:32:39] RabbitPrint.WARNING:  | | | daftar_invoice.php -> jml. invoice : 0 [] []
[2019-09-26 22:32:39] RabbitPrint.WARNING:  | | | data_pelanggan.php -> jml. pelanggan : 1 [] []
[2019-09-26 22:32:45] RabbitPrint.WARNING:  | | | proses_daftar_invoice.php -> hapus_pelanggan [] []
[2019-09-26 22:32:45] RabbitPrint.WARNING:  | | | proses_daftar_invoice.php -> del_pelanggan : DELETE FROM invoice_keluar WHERE invoice_keluar_id = 1 [] []
[2019-09-26 22:32:45] RabbitPrint.WARNING:  | | | proses_daftar_invoice.php -> del_pelanggan -> BERHASIL [] []
[2019-09-26 22:32:48] RabbitPrint.WARNING:  | | | daftar_invoice.php -> membuka halaman [] []
[2019-09-26 22:32:48] RabbitPrint.WARNING:  | | | daftar_invoice.php -> sel_invoice : SELECT inv.*, plg.pelanggan_nama FROM invoice_keluar inv JOIN pelanggan plg ON plg.pelanggan_id = inv.invoice_keluar_pelanggan_id ORDER BY inv.invoice_keluar_id DESC [] []
[2019-09-26 22:32:48] RabbitPrint.WARNING:  | | | data_pelanggan.php -> sel_pelanggan : SELECT p.* FROM pelanggan p JOIN invoice_keluar inv ON p.pelanggan_id = inv.invoice_keluar_pelanggan_id WHERE p.pelanggan_id > 0 GROUP BY p.pelanggan_nama; [] []
