[2019-04-13 03:08:59] RabbitPrint.WARNING:  | | | proses_login.php -> cek user -> sql_user : SELECT * FROM s_user WHERE username LIKE 'superuser' AND password LIKE '21232f297a57a5a743894a0e4a801fc3' LIMIT 1 [] []
[2019-04-13 03:08:59] RabbitPrint.WARNING:  | | | proses_login.php -> id_user : 1 [] []
[2019-04-13 03:08:59] RabbitPrint.WARNING:  | | | proses_login.php -> insert ke s_login -> sql_login : INSERT INTO s_login (key_login, id_user, waktu_login, waktu_kadaluarsa, status, ip, pc_dan_browser) VALUES ('15550997391489', '1', '2019-04-13 03:08:59', '2019-04-14 03:08:59', '1', '127.0.0.1', 'mozilla/5.0 (windows nt 10.0; win64; x64; rv:66.0) gecko/20100101 firefox/66.0') [] []
[2019-04-13 03:08:59] RabbitPrint.WARNING:  | | | proses_login.php -> insert ke s_login -> SUCCESS [] []
[2019-04-13 03:08:59] RabbitPrint.WARNING:  | | | proses_login.php -> LOGIN SUKSES!! [] []
[2019-04-13 03:09:09] RabbitPrint.WARNING:  | | | daftar_pesanan.php -> membuka halaman [] []
[2019-04-13 03:09:09] RabbitPrint.WARNING:  | | | daftar_pesanan.php -> sel_pesanan : SELECT psn.*, plg.pelanggan_nama	FROM pesanan psn JOIN pelanggan plg ON plg.pelanggan_id = psn.pesanan_pelanggan_id ORDER BY psn.pesanan_id DESC [] []
[2019-04-13 03:09:09] RabbitPrint.WARNING:  | | | daftar_pesanan.php -> jml. pesanan : 0 [] []
[2019-04-13 03:09:12] RabbitPrint.WARNING:  | | | data_pelanggan.php -> sel_pelanggan : SELECT * FROM pelanggan [] []
[2019-04-13 03:09:12] RabbitPrint.WARNING:  | | | data_pelanggan.php -> jml. pelanggan : 1 [] []
[2019-04-13 03:09:12] RabbitPrint.WARNING:  | | | lihat_pesanan.php -> load [] []
[2019-04-13 03:09:12] RabbitPrint.WARNING:  | | | lihat_pesanan.php -> sel_psn : SELECT * FROM pesanan WHERE pesanan_no_pesanan = 'PSN-190319-001' [] []
[2019-04-13 03:09:12] RabbitPrint.WARNING:  | | | lihat_pesanan.php -> sel_plg : SELECT pelanggan_nama FROM pelanggan WHERE pelanggan_id = 4 [] []
[2019-04-13 03:09:12] RabbitPrint.WARNING:  | | | lihat_pesanan.php -> sel_detailpsn : SELECT * FROM detail_pesanan WHERE detail_pesanan_no_pesanan = 'PSN-190319-001' [] []
[2019-04-13 03:10:59] RabbitPrint.WARNING:  | | | data_pelanggan.php -> sel_pelanggan : SELECT * FROM pelanggan [] []
[2019-04-13 03:10:59] RabbitPrint.WARNING:  | | | data_pelanggan.php -> jml. pelanggan : 1 [] []
[2019-04-13 03:10:59] RabbitPrint.WARNING:  | | | lihat_pesanan.php -> load [] []
[2019-04-13 03:10:59] RabbitPrint.WARNING:  | | | lihat_pesanan.php -> sel_psn : SELECT * FROM pesanan WHERE pesanan_no_pesanan = 'PSN-190319-001' [] []
[2019-04-13 03:10:59] RabbitPrint.WARNING:  | | | lihat_pesanan.php -> sel_plg : SELECT pelanggan_nama FROM pelanggan WHERE pelanggan_id = 4 [] []
[2019-04-13 03:10:59] RabbitPrint.WARNING:  | | | lihat_pesanan.php -> sel_detailpsn : SELECT * FROM detail_pesanan WHERE detail_pesanan_no_pesanan = 'PSN-190319-001' [] []
[2019-04-13 03:11:21] RabbitPrint.WARNING:  | | | data_pelanggan.php -> sel_pelanggan : SELECT * FROM pelanggan [] []
[2019-04-13 03:11:21] RabbitPrint.WARNING:  | | | data_pelanggan.php -> jml. pelanggan : 1 [] []
[2019-04-13 03:11:21] RabbitPrint.WARNING:  | | | lihat_pesanan.php -> load [] []
[2019-04-13 03:11:21] RabbitPrint.WARNING:  | | | lihat_pesanan.php -> sel_psn : SELECT * FROM pesanan WHERE pesanan_no_pesanan = 'PSN-190319-001' [] []
[2019-04-13 03:11:21] RabbitPrint.WARNING:  | | | lihat_pesanan.php -> sel_plg : SELECT pelanggan_nama FROM pelanggan WHERE pelanggan_id = 4 [] []
[2019-04-13 03:11:21] RabbitPrint.WARNING:  | | | lihat_pesanan.php -> sel_detailpsn : SELECT * FROM detail_pesanan WHERE detail_pesanan_no_pesanan = 'PSN-190319-001' [] []
[2019-04-13 03:47:22] RabbitPrint.WARNING:  | | | data_pelanggan.php -> sel_pelanggan : SELECT * FROM pelanggan [] []
[2019-04-13 03:47:22] RabbitPrint.WARNING:  | | | data_pelanggan.php -> jml. pelanggan : 1 [] []
[2019-04-13 03:47:22] RabbitPrint.WARNING:  | | | lihat_pesanan.php -> load [] []
[2019-04-13 03:47:22] RabbitPrint.WARNING:  | | | lihat_pesanan.php -> sel_psn : SELECT * FROM pesanan WHERE pesanan_no_pesanan = 'PSN-190319-001' [] []
[2019-04-13 03:47:22] RabbitPrint.WARNING:  | | | lihat_pesanan.php -> sel_plg : SELECT pelanggan_nama FROM pelanggan WHERE pelanggan_id = 4 [] []
[2019-04-13 03:47:22] RabbitPrint.WARNING:  | | | lihat_pesanan.php -> sel_detailpsn : SELECT * FROM detail_pesanan WHERE detail_pesanan_no_pesanan = 'PSN-190319-001' [] []
[2019-04-13 03:48:31] RabbitPrint.WARNING:  | | | data_pelanggan.php -> sel_pelanggan : SELECT * FROM pelanggan [] []
[2019-04-13 03:48:31] RabbitPrint.WARNING:  | | | data_pelanggan.php -> jml. pelanggan : 1 [] []
[2019-04-13 03:48:31] RabbitPrint.WARNING:  | | | lihat_pesanan.php -> load [] []
[2019-04-13 03:48:31] RabbitPrint.WARNING:  | | | lihat_pesanan.php -> sel_psn : SELECT * FROM pesanan WHERE pesanan_no_pesanan = 'PSN-190319-001' [] []
[2019-04-13 03:48:31] RabbitPrint.WARNING:  | | | lihat_pesanan.php -> sel_plg : SELECT pelanggan_nama FROM pelanggan WHERE pelanggan_id = 4 [] []
[2019-04-13 03:48:31] RabbitPrint.WARNING:  | | | lihat_pesanan.php -> sel_detailpsn : SELECT * FROM detail_pesanan WHERE detail_pesanan_no_pesanan = 'PSN-190319-001' [] []
[2019-04-13 03:49:12] RabbitPrint.WARNING:  | | | data_pelanggan.php -> sel_pelanggan : SELECT * FROM pelanggan [] []
[2019-04-13 03:49:12] RabbitPrint.WARNING:  | | | data_pelanggan.php -> jml. pelanggan : 1 [] []
[2019-04-13 03:49:12] RabbitPrint.WARNING:  | | | lihat_pesanan.php -> load [] []
[2019-04-13 03:49:12] RabbitPrint.WARNING:  | | | lihat_pesanan.php -> sel_psn : SELECT * FROM pesanan WHERE pesanan_no_pesanan = 'PSN-190319-001' [] []
[2019-04-13 03:49:12] RabbitPrint.WARNING:  | | | lihat_pesanan.php -> sel_plg : SELECT pelanggan_nama FROM pelanggan WHERE pelanggan_id = 4 [] []
[2019-04-13 03:49:12] RabbitPrint.WARNING:  | | | lihat_pesanan.php -> sel_detailpsn : SELECT * FROM detail_pesanan WHERE detail_pesanan_no_pesanan = 'PSN-190319-001' [] []
[2019-04-13 03:49:41] RabbitPrint.WARNING:  | | | proses_lihat_pesanan.php -> load.. [] []
[2019-04-13 03:49:41] RabbitPrint.WARNING:  | | | proses_lihat_pesanan.php -> upd_pesanan : UPDATE pesanan SET upd_tms = NOW(), pesanan_no_surat_jalan_masuk = ASD123, pesanan_total_qty = 0, pesanan_total_qty_packing = 0 WHERE pesanan_no_pesanan = PSN-190319-001 [] []
[2019-04-13 03:49:41] RabbitPrint.WARNING:  | | | proses_lihat_pesanan.php -> list_barang : Array [] []
[2019-04-13 03:49:41] RabbitPrint.WARNING:  | | | proses_lihat_pesanan.php -> update detail_pesanan -> sql_detail : UPDATE detail_pesanan SET upd_tms = NOW(), detail_pesanan_nama_barang = qwerty asd, detail_pesanan_jenis_print = qweerty zxc, detail_pesanan_warna = 4, detail_pesanan_satuan = Kg, detail_pesanan_jenis_packing = Roll WHERE detail_pesanan_id =  [] []
[2019-04-13 03:49:41] RabbitPrint.WARNING:  | | | proses_lihat_pesanan.php -> update ke detail_pesanan -> BERHASIL [] []
[2019-04-13 03:49:44] RabbitPrint.WARNING:  | | | data_pelanggan.php -> sel_pelanggan : SELECT * FROM pelanggan [] []
[2019-04-13 03:49:44] RabbitPrint.WARNING:  | | | data_pelanggan.php -> jml. pelanggan : 1 [] []
[2019-04-13 03:49:44] RabbitPrint.WARNING:  | | | lihat_pesanan.php -> load [] []
[2019-04-13 03:49:44] RabbitPrint.WARNING:  | | | lihat_pesanan.php -> sel_psn : SELECT * FROM pesanan WHERE pesanan_no_pesanan = 'PSN-190319-001' [] []
[2019-04-13 03:49:44] RabbitPrint.WARNING:  | | | lihat_pesanan.php -> sel_plg : SELECT pelanggan_nama FROM pelanggan WHERE pelanggan_id = 4 [] []
[2019-04-13 03:49:44] RabbitPrint.WARNING:  | | | lihat_pesanan.php -> sel_detailpsn : SELECT * FROM detail_pesanan WHERE detail_pesanan_no_pesanan = 'PSN-190319-001' [] []
[2019-04-13 03:49:50] RabbitPrint.WARNING:  | | | data_pelanggan.php -> sel_pelanggan : SELECT * FROM pelanggan [] []
[2019-04-13 03:49:50] RabbitPrint.WARNING:  | | | data_pelanggan.php -> jml. pelanggan : 1 [] []
[2019-04-13 03:49:50] RabbitPrint.WARNING:  | | | lihat_pesanan.php -> load [] []
[2019-04-13 03:49:50] RabbitPrint.WARNING:  | | | lihat_pesanan.php -> sel_psn : SELECT * FROM pesanan WHERE pesanan_no_pesanan = 'PSN-190319-001' [] []
[2019-04-13 03:49:50] RabbitPrint.WARNING:  | | | lihat_pesanan.php -> sel_plg : SELECT pelanggan_nama FROM pelanggan WHERE pelanggan_id = 4 [] []
[2019-04-13 03:49:50] RabbitPrint.WARNING:  | | | lihat_pesanan.php -> sel_detailpsn : SELECT * FROM detail_pesanan WHERE detail_pesanan_no_pesanan = 'PSN-190319-001' [] []
[2019-04-13 03:52:00] RabbitPrint.WARNING:  | | | proses_login.php -> cek user -> sql_user : SELECT * FROM s_user WHERE username LIKE 'superuser' AND password LIKE '21232f297a57a5a743894a0e4a801fc3' LIMIT 1 [] []
[2019-04-13 03:52:00] RabbitPrint.WARNING:  | | | proses_login.php -> id_user : 1 [] []
[2019-04-13 03:52:00] RabbitPrint.WARNING:  | | | proses_login.php -> insert ke s_login -> sql_login : INSERT INTO s_login (key_login, id_user, waktu_login, waktu_kadaluarsa, status, ip, pc_dan_browser) VALUES ('15551023206774', '1', '2019-04-13 03:52:00', '2019-04-14 03:52:00', '1', '127.0.0.1', 'mozilla/5.0 (windows nt 10.0; win64; x64) applewebkit/537.36 (khtml, like gecko) chrome/73.0.3683.103 safari/537.36') [] []
[2019-04-13 03:52:00] RabbitPrint.WARNING:  | | | proses_login.php -> insert ke s_login -> SUCCESS [] []
[2019-04-13 03:52:00] RabbitPrint.WARNING:  | | | proses_login.php -> LOGIN SUKSES!! [] []
[2019-04-13 03:52:06] RabbitPrint.WARNING:  | | | daftar_pesanan.php -> membuka halaman [] []
[2019-04-13 03:52:06] RabbitPrint.WARNING:  | | | daftar_pesanan.php -> sel_pesanan : SELECT psn.*, plg.pelanggan_nama	FROM pesanan psn JOIN pelanggan plg ON plg.pelanggan_id = psn.pesanan_pelanggan_id ORDER BY psn.pesanan_id DESC [] []
[2019-04-13 03:52:06] RabbitPrint.WARNING:  | | | daftar_pesanan.php -> jml. pesanan : 0 [] []
[2019-04-13 03:52:13] RabbitPrint.WARNING:  | | | data_pelanggan.php -> sel_pelanggan : SELECT * FROM pelanggan [] []
[2019-04-13 03:52:13] RabbitPrint.WARNING:  | | | data_pelanggan.php -> jml. pelanggan : 1 [] []
[2019-04-13 03:52:13] RabbitPrint.WARNING:  | | | lihat_pesanan.php -> load [] []
[2019-04-13 03:52:13] RabbitPrint.WARNING:  | | | lihat_pesanan.php -> sel_psn : SELECT * FROM pesanan WHERE pesanan_no_pesanan = 'PSN-190319-001' [] []
[2019-04-13 03:52:13] RabbitPrint.WARNING:  | | | lihat_pesanan.php -> sel_plg : SELECT pelanggan_nama FROM pelanggan WHERE pelanggan_id = 4 [] []
[2019-04-13 03:52:13] RabbitPrint.WARNING:  | | | lihat_pesanan.php -> sel_detailpsn : SELECT * FROM detail_pesanan WHERE detail_pesanan_no_pesanan = 'PSN-190319-001' [] []
[2019-04-13 03:54:39] RabbitPrint.WARNING:  | | | proses_lihat_pesanan.php -> load.. [] []
[2019-04-13 03:54:39] RabbitPrint.WARNING:  | | | proses_lihat_pesanan.php -> upd_pesanan : UPDATE pesanan SET upd_tms = NOW(), pesanan_no_surat_jalan_masuk = ASD123, pesanan_total_qty = 0, pesanan_total_qty_packing = 0 WHERE pesanan_no_pesanan = PSN-190319-001 [] []
[2019-04-13 03:54:39] RabbitPrint.WARNING:  | | | proses_lihat_pesanan.php -> list_barang : Array [] []
[2019-04-13 03:54:39] RabbitPrint.WARNING:  | | | proses_lihat_pesanan.php -> update detail_pesanan -> sql_detail : UPDATE detail_pesanan SET upd_tms = NOW(), detail_pesanan_nama_barang = qwerty Asd, detail_pesanan_jenis_print = qweerty, detail_pesanan_warna = 4, detail_pesanan_satuan = Kg, detail_pesanan_jenis_packing = Roll WHERE detail_pesanan_id =  [] []
[2019-04-13 03:54:39] RabbitPrint.WARNING:  | | | proses_lihat_pesanan.php -> update ke detail_pesanan -> BERHASIL [] []
[2019-04-13 03:55:16] RabbitPrint.WARNING:  | | | data_pelanggan.php -> sel_pelanggan : SELECT * FROM pelanggan [] []
[2019-04-13 03:55:16] RabbitPrint.WARNING:  | | | data_pelanggan.php -> jml. pelanggan : 1 [] []
[2019-04-13 03:55:16] RabbitPrint.WARNING:  | | | lihat_pesanan.php -> load [] []
[2019-04-13 03:55:16] RabbitPrint.WARNING:  | | | lihat_pesanan.php -> sel_psn : SELECT * FROM pesanan WHERE pesanan_no_pesanan = 'PSN-190319-001' [] []
[2019-04-13 03:55:16] RabbitPrint.WARNING:  | | | lihat_pesanan.php -> sel_plg : SELECT pelanggan_nama FROM pelanggan WHERE pelanggan_id = 4 [] []
[2019-04-13 03:55:16] RabbitPrint.WARNING:  | | | lihat_pesanan.php -> sel_detailpsn : SELECT * FROM detail_pesanan WHERE detail_pesanan_no_pesanan = 'PSN-190319-001' [] []
[2019-04-13 04:05:28] RabbitPrint.WARNING:  | | | data_pelanggan.php -> sel_pelanggan : SELECT * FROM pelanggan [] []
[2019-04-13 04:05:28] RabbitPrint.WARNING:  | | | data_pelanggan.php -> jml. pelanggan : 1 [] []
[2019-04-13 04:05:28] RabbitPrint.WARNING:  | | | lihat_pesanan.php -> load [] []
[2019-04-13 04:05:28] RabbitPrint.WARNING:  | | | lihat_pesanan.php -> sel_psn : SELECT * FROM pesanan WHERE pesanan_no_pesanan = 'PSN-190319-001' [] []
[2019-04-13 04:05:28] RabbitPrint.WARNING:  | | | lihat_pesanan.php -> sel_plg : SELECT pelanggan_nama FROM pelanggan WHERE pelanggan_id = 4 [] []
[2019-04-13 04:05:28] RabbitPrint.WARNING:  | | | lihat_pesanan.php -> sel_detailpsn : SELECT * FROM detail_pesanan WHERE detail_pesanan_no_pesanan = 'PSN-190319-001' [] []
[2019-04-13 04:05:48] RabbitPrint.WARNING:  | | | proses_lihat_pesanan.php -> load.. [] []
[2019-04-13 04:05:48] RabbitPrint.WARNING:  | | | proses_lihat_pesanan.php -> upd_pesanan : UPDATE pesanan SET upd_tms = NOW(), pesanan_no_surat_jalan_masuk = ASD123, pesanan_total_qty = 0, pesanan_total_qty_packing = 0 WHERE pesanan_no_pesanan = PSN-190319-001 [] []
[2019-04-13 04:05:48] RabbitPrint.WARNING:  | | | proses_lihat_pesanan.php -> list_barang : Array [] []
[2019-04-13 04:05:48] RabbitPrint.WARNING:  | | | proses_lihat_pesanan.php -> update detail_pesanan -> sql_detail : UPDATE detail_pesanan SET upd_tms = NOW(), detail_pesanan_nama_barang = qwerty asd, detail_pesanan_jenis_print = qweerty asd, detail_pesanan_warna = 4, detail_pesanan_detail_kain = , detail_pesanan_qty = 22, detail_pesanan_satuan = Kg, detail_pesanan_jenis_packing = Roll, detail_pesanan_qty_packing = 2 WHERE detail_pesanan_id =  [] []
[2019-04-13 04:05:48] RabbitPrint.WARNING:  | | | proses_lihat_pesanan.php -> update detail_pesanan -> sql_detail : UPDATE detail_pesanan SET upd_tms = NOW(), detail_pesanan_nama_barang = qwerty asd, detail_pesanan_jenis_print = qweerty asd, detail_pesanan_warna = 4, detail_pesanan_detail_kain = , detail_pesanan_qty = 23, detail_pesanan_satuan = Kg, detail_pesanan_jenis_packing = Roll, detail_pesanan_qty_packing = 1 WHERE detail_pesanan_id =  [] []
[2019-04-13 04:05:48] RabbitPrint.WARNING:  | | | proses_lihat_pesanan.php -> update detail_pesanan -> sql_detail : UPDATE detail_pesanan SET upd_tms = NOW(), detail_pesanan_nama_barang = qwerty asd, detail_pesanan_jenis_print = qweerty asd, detail_pesanan_warna = 4, detail_pesanan_detail_kain = , detail_pesanan_qty = 25, detail_pesanan_satuan = Kg, detail_pesanan_jenis_packing = Roll, detail_pesanan_qty_packing = 2 WHERE detail_pesanan_id =  [] []
[2019-04-13 04:05:48] RabbitPrint.WARNING:  | | | proses_lihat_pesanan.php -> update ke detail_pesanan -> BERHASIL [] []
[2019-04-13 04:05:55] RabbitPrint.WARNING:  | | | data_pelanggan.php -> sel_pelanggan : SELECT * FROM pelanggan [] []
[2019-04-13 04:05:55] RabbitPrint.WARNING:  | | | data_pelanggan.php -> jml. pelanggan : 1 [] []
[2019-04-13 04:05:55] RabbitPrint.WARNING:  | | | lihat_pesanan.php -> load [] []
[2019-04-13 04:05:55] RabbitPrint.WARNING:  | | | lihat_pesanan.php -> sel_psn : SELECT * FROM pesanan WHERE pesanan_no_pesanan = 'PSN-190319-001' [] []
[2019-04-13 04:05:55] RabbitPrint.WARNING:  | | | lihat_pesanan.php -> sel_plg : SELECT pelanggan_nama FROM pelanggan WHERE pelanggan_id = 4 [] []
[2019-04-13 04:05:55] RabbitPrint.WARNING:  | | | lihat_pesanan.php -> sel_detailpsn : SELECT * FROM detail_pesanan WHERE detail_pesanan_no_pesanan = 'PSN-190319-001' [] []
[2019-04-13 04:10:15] RabbitPrint.WARNING:  | | | data_pelanggan.php -> sel_pelanggan : SELECT * FROM pelanggan [] []
[2019-04-13 04:10:15] RabbitPrint.WARNING:  | | | data_pelanggan.php -> jml. pelanggan : 1 [] []
[2019-04-13 04:10:15] RabbitPrint.WARNING:  | | | lihat_pesanan.php -> load [] []
[2019-04-13 04:10:15] RabbitPrint.WARNING:  | | | lihat_pesanan.php -> sel_psn : SELECT * FROM pesanan WHERE pesanan_no_pesanan = 'PSN-190319-001' [] []
[2019-04-13 04:10:15] RabbitPrint.WARNING:  | | | lihat_pesanan.php -> sel_plg : SELECT pelanggan_nama FROM pelanggan WHERE pelanggan_id = 4 [] []
[2019-04-13 04:10:15] RabbitPrint.WARNING:  | | | lihat_pesanan.php -> sel_detailpsn : SELECT * FROM detail_pesanan WHERE detail_pesanan_no_pesanan = 'PSN-190319-001' [] []
[2019-04-13 04:13:05] RabbitPrint.WARNING:  | | | data_pelanggan.php -> sel_pelanggan : SELECT * FROM pelanggan [] []
[2019-04-13 04:13:05] RabbitPrint.WARNING:  | | | data_pelanggan.php -> jml. pelanggan : 1 [] []
[2019-04-13 04:13:05] RabbitPrint.WARNING:  | | | lihat_pesanan.php -> load [] []
[2019-04-13 04:13:05] RabbitPrint.WARNING:  | | | lihat_pesanan.php -> sel_psn : SELECT * FROM pesanan WHERE pesanan_no_pesanan = 'PSN-190319-001' [] []
[2019-04-13 04:13:05] RabbitPrint.WARNING:  | | | lihat_pesanan.php -> sel_plg : SELECT pelanggan_nama FROM pelanggan WHERE pelanggan_id = 4 [] []
[2019-04-13 04:13:05] RabbitPrint.WARNING:  | | | lihat_pesanan.php -> sel_detailpsn : SELECT * FROM detail_pesanan WHERE detail_pesanan_no_pesanan = 'PSN-190319-001' [] []
[2019-04-13 04:13:25] RabbitPrint.WARNING:  | | | proses_lihat_pesanan.php -> load.. [] []
[2019-04-13 04:13:25] RabbitPrint.WARNING:  | | | proses_lihat_pesanan.php -> upd_pesanan : UPDATE pesanan SET upd_tms = NOW(), pesanan_no_surat_jalan_masuk = ASD123, pesanan_total_qty = 0, pesanan_total_qty_packing = 0 WHERE pesanan_no_pesanan = PSN-190319-001 [] []
[2019-04-13 04:13:25] RabbitPrint.WARNING:  | | | proses_lihat_pesanan.php -> list_barang : [{"detail_pesanan_nama_barang":"qwerty 123","detail_pesanan_jenis_print":"qweert 343","detail_pesanan_warna":"4","detail_pesanan_satuan":"Kg","detail_pesanan_jenis_packing":"Roll","packing_list":[{"detail_pesanan_id":"1","detail_pesanan_detail_kain":"","detail_pesanan_qty":"22","detail_pesanan_qty_packing":"2"},{"detail_pesanan_id":"2","detail_pesanan_detail_kain":"","detail_pesanan_qty":"23","detail_pesanan_qty_packing":"1"},{"detail_pesanan_id":"3","detail_pesanan_detail_kain":"","detail_pesanan_qty":"25","detail_pesanan_qty_packing":"2"}]}] [] []
[2019-04-13 04:13:25] RabbitPrint.WARNING:  | | | proses_lihat_pesanan.php -> update detail_pesanan -> sql_detail : UPDATE detail_pesanan SET upd_tms = NOW(), detail_pesanan_nama_barang = 'qwerty 123', detail_pesanan_jenis_print = 'qweert 343', detail_pesanan_warna = 4, detail_pesanan_detail_kain = '', detail_pesanan_qty = 22, detail_pesanan_satuan = 'Kg', detail_pesanan_jenis_packing = 'Roll', detail_pesanan_qty_packing = 2 WHERE detail_pesanan_id = 1 [] []
[2019-04-13 04:13:25] RabbitPrint.WARNING:  | | | proses_lihat_pesanan.php -> update detail_pesanan -> sql_detail : UPDATE detail_pesanan SET upd_tms = NOW(), detail_pesanan_nama_barang = 'qwerty 123', detail_pesanan_jenis_print = 'qweert 343', detail_pesanan_warna = 4, detail_pesanan_detail_kain = '', detail_pesanan_qty = 23, detail_pesanan_satuan = 'Kg', detail_pesanan_jenis_packing = 'Roll', detail_pesanan_qty_packing = 1 WHERE detail_pesanan_id = 2 [] []
[2019-04-13 04:13:25] RabbitPrint.WARNING:  | | | proses_lihat_pesanan.php -> update detail_pesanan -> sql_detail : UPDATE detail_pesanan SET upd_tms = NOW(), detail_pesanan_nama_barang = 'qwerty 123', detail_pesanan_jenis_print = 'qweert 343', detail_pesanan_warna = 4, detail_pesanan_detail_kain = '', detail_pesanan_qty = 25, detail_pesanan_satuan = 'Kg', detail_pesanan_jenis_packing = 'Roll', detail_pesanan_qty_packing = 2 WHERE detail_pesanan_id = 3 [] []
[2019-04-13 04:13:25] RabbitPrint.WARNING:  | | | proses_lihat_pesanan.php -> update ke detail_pesanan -> BERHASIL [] []
[2019-04-13 04:13:28] RabbitPrint.WARNING:  | | | data_pelanggan.php -> sel_pelanggan : SELECT * FROM pelanggan [] []
[2019-04-13 04:13:28] RabbitPrint.WARNING:  | | | data_pelanggan.php -> jml. pelanggan : 1 [] []
[2019-04-13 04:13:28] RabbitPrint.WARNING:  | | | lihat_pesanan.php -> load [] []
[2019-04-13 04:13:28] RabbitPrint.WARNING:  | | | lihat_pesanan.php -> sel_psn : SELECT * FROM pesanan WHERE pesanan_no_pesanan = 'PSN-190319-001' [] []
[2019-04-13 04:13:28] RabbitPrint.WARNING:  | | | lihat_pesanan.php -> sel_plg : SELECT pelanggan_nama FROM pelanggan WHERE pelanggan_id = 4 [] []
[2019-04-13 04:13:28] RabbitPrint.WARNING:  | | | lihat_pesanan.php -> sel_detailpsn : SELECT * FROM detail_pesanan WHERE detail_pesanan_no_pesanan = 'PSN-190319-001' [] []
