[2019-07-22 11:58:52] RabbitPrint.WARNING:  | | | daftar_surat_jalan.php -> membuka halaman [] []
[2019-07-22 11:58:52] RabbitPrint.WARNING:  | | | daftar_surat_)jalan.php -> sel_daftar_surat_jalan : SELECT * FROM surat_jalan ORDER BY surat_jalan_id DESC [] []
[2019-07-22 11:58:52] RabbitPrint.WARNING:  | | | daftar_surat_jalan.php -> sel_plg -> SELECT pelanggan_nama FROM pelanggan WHERE pelanggan_id = 3 [] []
[2019-07-22 11:58:52] RabbitPrint.WARNING:  | | | daftar_surat_jalan.php -> sel_user -> SELECT nama FROM s_user WHERE username = 'superuser' [] []
[2019-07-22 11:58:56] RabbitPrint.WARNING:  | | | proses_login.php -> cek user -> sql_user : SELECT * FROM s_user WHERE username LIKE 'superuser' AND password LIKE '21232f297a57a5a743894a0e4a801fc3' LIMIT 1 [] []
[2019-07-22 11:58:56] RabbitPrint.WARNING:  | | | proses_login.php -> id_user : 1 [] []
[2019-07-22 11:58:56] RabbitPrint.WARNING:  | | | proses_login.php -> insert ke s_login -> sql_login : INSERT INTO s_login (key_login, id_user, waktu_login, waktu_kadaluarsa, status, ip, pc_dan_browser) VALUES ('15637715364040', '1', '2019-07-22 11:58:56', '2019-07-23 11:58:56', '1', '::1', 'mozilla/5.0 (windows nt 10.0; win64; x64; rv:68.0) gecko/20100101 firefox/68.0') [] []
[2019-07-22 11:58:56] RabbitPrint.WARNING:  | | | proses_login.php -> insert ke s_login -> SUCCESS [] []
[2019-07-22 11:58:56] RabbitPrint.WARNING:  | | | proses_login.php -> LOGIN SUKSES!! [] []
[2019-07-22 11:59:02] RabbitPrint.WARNING:  | | | daftar_invoice.php -> membuka halaman [] []
[2019-07-22 11:59:02] RabbitPrint.WARNING:  | | | daftar_invoice.php -> sel_invoice : SELECT inv.*, plg.pelanggan_nama FROM invoice_keluar inv JOIN pelanggan plg ON plg.pelanggan_id = inv.invoice_keluar_pelanggan_id ORDER BY inv.invoice_keluar_id DESC [] []
[2019-07-22 11:59:02] RabbitPrint.WARNING:  | | | data_pelanggan.php -> sel_pelanggan : SELECT p.* FROM pelanggan p JOIN invoice_keluar inv ON p.pelanggan_id = inv.invoice_keluar_pelanggan_id WHERE p.pelanggan_id > 0 GROUP BY p.pelanggan_nama; [] []
[2019-07-22 11:59:04] RabbitPrint.WARNING:  | | | daftar_surat_jalan.php -> membuka halaman [] []
[2019-07-22 11:59:04] RabbitPrint.WARNING:  | | | daftar_surat_)jalan.php -> sel_daftar_surat_jalan : SELECT * FROM surat_jalan ORDER BY surat_jalan_id DESC [] []
[2019-07-22 11:59:04] RabbitPrint.WARNING:  | | | daftar_surat_jalan.php -> sel_plg -> SELECT pelanggan_nama FROM pelanggan WHERE pelanggan_id = 3 [] []
[2019-07-22 11:59:04] RabbitPrint.WARNING:  | | | daftar_surat_jalan.php -> sel_user -> SELECT nama FROM s_user WHERE username = 'superuser' [] []
[2019-07-22 11:59:08] RabbitPrint.WARNING:  | | | cetak_surat_jalan.php -> sel_pesanan : SELECT sj.*, p.pelanggan_nama, p.pelanggan_telp, p.pelanggan_alamat, u.nama AS createby FROM surat_jalan sj JOIN pelanggan p ON p.pelanggan_id = sj.surat_jalan_pelanggan_id JOIN s_user u ON u.username = sj.cre_usr WHERE sj.surat_jalan_key = 'SRJ/20190721/001' [] []
[2019-07-22 11:59:08] RabbitPrint.WARNING:  | | | cetak_surat_jalan.php -> sel_detailsj : SELECT sj.*, dp.* FROM surat_jalan_detail sj JOIN detail_pesanan dp ON dp.detail_pesanan_key = sj.surat_jalan_detail_pesanan_key WHERE surat_jalan_detail_surat_jalan_key = 'SRJ/20190721/001' [] []
[2019-07-22 11:59:50] RabbitPrint.WARNING:  | | | cetak_surat_jalan.php -> sel_pesanan : SELECT sj.*, p.pelanggan_nama, p.pelanggan_telp, p.pelanggan_alamat, u.nama AS createby FROM surat_jalan sj JOIN pelanggan p ON p.pelanggan_id = sj.surat_jalan_pelanggan_id JOIN s_user u ON u.username = sj.cre_usr WHERE sj.surat_jalan_key = 'SRJ/20190721/001' [] []
[2019-07-22 11:59:50] RabbitPrint.WARNING:  | | | cetak_surat_jalan.php -> sel_detailsj : SELECT sj.*, dp.* FROM surat_jalan_detail sj JOIN detail_pesanan dp ON dp.detail_pesanan_key = sj.surat_jalan_detail_pesanan_key WHERE surat_jalan_detail_surat_jalan_key = 'SRJ/20190721/001' [] []
[2019-07-22 12:00:05] RabbitPrint.WARNING:  | | | cetak_surat_jalan.php -> sel_pesanan : SELECT sj.*, p.pelanggan_nama, p.pelanggan_telp, p.pelanggan_alamat, u.nama AS createby FROM surat_jalan sj JOIN pelanggan p ON p.pelanggan_id = sj.surat_jalan_pelanggan_id JOIN s_user u ON u.username = sj.cre_usr WHERE sj.surat_jalan_key = 'SRJ/20190721/001' [] []
[2019-07-22 12:00:05] RabbitPrint.WARNING:  | | | cetak_surat_jalan.php -> sel_detailsj : SELECT sj.*, dp.* FROM surat_jalan_detail sj JOIN detail_pesanan dp ON dp.detail_pesanan_key = sj.surat_jalan_detail_pesanan_key WHERE surat_jalan_detail_surat_jalan_key = 'SRJ/20190721/001' [] []
[2019-07-22 12:00:49] RabbitPrint.WARNING:  | | | cetak_surat_jalan.php -> sel_pesanan : SELECT sj.*, p.pelanggan_nama, p.pelanggan_telp, p.pelanggan_alamat, u.nama AS createby FROM surat_jalan sj JOIN pelanggan p ON p.pelanggan_id = sj.surat_jalan_pelanggan_id JOIN s_user u ON u.username = sj.cre_usr WHERE sj.surat_jalan_key = 'SRJ/20190721/001' [] []
[2019-07-22 12:00:49] RabbitPrint.WARNING:  | | | cetak_surat_jalan.php -> sel_detailsj : SELECT sj.*, dp.* FROM surat_jalan_detail sj JOIN detail_pesanan dp ON dp.detail_pesanan_key = sj.surat_jalan_detail_pesanan_key WHERE surat_jalan_detail_surat_jalan_key = 'SRJ/20190721/001' [] []
[2019-07-22 12:01:08] RabbitPrint.WARNING:  | | | cetak_surat_jalan.php -> sel_pesanan : SELECT sj.*, p.pelanggan_nama, p.pelanggan_telp, p.pelanggan_alamat, u.nama AS createby FROM surat_jalan sj JOIN pelanggan p ON p.pelanggan_id = sj.surat_jalan_pelanggan_id JOIN s_user u ON u.username = sj.cre_usr WHERE sj.surat_jalan_key = 'SRJ/20190721/001' [] []
[2019-07-22 12:01:08] RabbitPrint.WARNING:  | | | cetak_surat_jalan.php -> sel_detailsj : SELECT sj.*, dp.* FROM surat_jalan_detail sj JOIN detail_pesanan dp ON dp.detail_pesanan_key = sj.surat_jalan_detail_pesanan_key WHERE surat_jalan_detail_surat_jalan_key = 'SRJ/20190721/001' [] []
[2019-07-22 12:03:24] RabbitPrint.WARNING:  | | | cetak_surat_jalan.php -> sel_pesanan : SELECT sj.*, p.pelanggan_nama, p.pelanggan_telp, p.pelanggan_alamat, u.nama AS createby FROM surat_jalan sj JOIN pelanggan p ON p.pelanggan_id = sj.surat_jalan_pelanggan_id JOIN s_user u ON u.username = sj.cre_usr WHERE sj.surat_jalan_key = 'SRJ/20190721/001' [] []
[2019-07-22 12:03:24] RabbitPrint.WARNING:  | | | cetak_surat_jalan.php -> sel_detailsj : SELECT sj.*, dp.* FROM surat_jalan_detail sj JOIN detail_pesanan dp ON dp.detail_pesanan_key = sj.surat_jalan_detail_pesanan_key WHERE surat_jalan_detail_surat_jalan_key = 'SRJ/20190721/001' [] []
[2019-07-22 12:03:42] RabbitPrint.WARNING:  | | | cetak_surat_jalan.php -> sel_pesanan : SELECT sj.*, p.pelanggan_nama, p.pelanggan_telp, p.pelanggan_alamat, u.nama AS createby FROM surat_jalan sj JOIN pelanggan p ON p.pelanggan_id = sj.surat_jalan_pelanggan_id JOIN s_user u ON u.username = sj.cre_usr WHERE sj.surat_jalan_key = 'SRJ/20190721/001' [] []
[2019-07-22 12:03:42] RabbitPrint.WARNING:  | | | cetak_surat_jalan.php -> sel_detailsj : SELECT sj.*, dp.* FROM surat_jalan_detail sj JOIN detail_pesanan dp ON dp.detail_pesanan_key = sj.surat_jalan_detail_pesanan_key WHERE surat_jalan_detail_surat_jalan_key = 'SRJ/20190721/001' [] []
[2019-07-22 12:04:06] RabbitPrint.WARNING:  | | | cetak_surat_jalan.php -> sel_pesanan : SELECT sj.*, p.pelanggan_nama, p.pelanggan_telp, p.pelanggan_alamat, u.nama AS createby FROM surat_jalan sj JOIN pelanggan p ON p.pelanggan_id = sj.surat_jalan_pelanggan_id JOIN s_user u ON u.username = sj.cre_usr WHERE sj.surat_jalan_key = 'SRJ/20190721/001' [] []
[2019-07-22 12:04:06] RabbitPrint.WARNING:  | | | cetak_surat_jalan.php -> sel_detailsj : SELECT sj.*, dp.* FROM surat_jalan_detail sj JOIN detail_pesanan dp ON dp.detail_pesanan_key = sj.surat_jalan_detail_pesanan_key WHERE surat_jalan_detail_surat_jalan_key = 'SRJ/20190721/001' [] []
[2019-07-22 12:04:22] RabbitPrint.WARNING:  | | | cetak_surat_jalan.php -> sel_pesanan : SELECT sj.*, p.pelanggan_nama, p.pelanggan_telp, p.pelanggan_alamat, u.nama AS createby FROM surat_jalan sj JOIN pelanggan p ON p.pelanggan_id = sj.surat_jalan_pelanggan_id JOIN s_user u ON u.username = sj.cre_usr WHERE sj.surat_jalan_key = 'SRJ/20190721/001' [] []
[2019-07-22 12:04:22] RabbitPrint.WARNING:  | | | cetak_surat_jalan.php -> sel_detailsj : SELECT sj.*, dp.* FROM surat_jalan_detail sj JOIN detail_pesanan dp ON dp.detail_pesanan_key = sj.surat_jalan_detail_pesanan_key WHERE surat_jalan_detail_surat_jalan_key = 'SRJ/20190721/001' [] []
[2019-07-22 12:05:42] RabbitPrint.WARNING:  | | | cetak_surat_jalan.php -> sel_pesanan : SELECT sj.*, p.pelanggan_nama, p.pelanggan_telp, p.pelanggan_alamat, u.nama AS createby FROM surat_jalan sj JOIN pelanggan p ON p.pelanggan_id = sj.surat_jalan_pelanggan_id JOIN s_user u ON u.username = sj.cre_usr WHERE sj.surat_jalan_key = 'SRJ/20190721/001' [] []
[2019-07-22 12:05:42] RabbitPrint.WARNING:  | | | cetak_surat_jalan.php -> sel_detailsj : SELECT sj.*, dp.* FROM surat_jalan_detail sj JOIN detail_pesanan dp ON dp.detail_pesanan_key = sj.surat_jalan_detail_pesanan_key WHERE surat_jalan_detail_surat_jalan_key = 'SRJ/20190721/001' [] []
[2019-07-22 12:06:20] RabbitPrint.WARNING:  | | | cetak_surat_jalan.php -> sel_pesanan : SELECT sj.*, p.pelanggan_nama, p.pelanggan_telp, p.pelanggan_alamat, u.nama AS createby FROM surat_jalan sj JOIN pelanggan p ON p.pelanggan_id = sj.surat_jalan_pelanggan_id JOIN s_user u ON u.username = sj.cre_usr WHERE sj.surat_jalan_key = 'SRJ/20190721/001' [] []
[2019-07-22 12:06:20] RabbitPrint.WARNING:  | | | cetak_surat_jalan.php -> sel_detailsj : SELECT sj.*, dp.* FROM surat_jalan_detail sj JOIN detail_pesanan dp ON dp.detail_pesanan_key = sj.surat_jalan_detail_pesanan_key WHERE surat_jalan_detail_surat_jalan_key = 'SRJ/20190721/001' [] []
[2019-07-22 12:06:38] RabbitPrint.WARNING:  | | | cetak_surat_jalan.php -> sel_pesanan : SELECT sj.*, p.pelanggan_nama, p.pelanggan_telp, p.pelanggan_alamat, u.nama AS createby FROM surat_jalan sj JOIN pelanggan p ON p.pelanggan_id = sj.surat_jalan_pelanggan_id JOIN s_user u ON u.username = sj.cre_usr WHERE sj.surat_jalan_key = 'SRJ/20190721/001' [] []
[2019-07-22 12:06:38] RabbitPrint.WARNING:  | | | cetak_surat_jalan.php -> sel_detailsj : SELECT sj.*, dp.* FROM surat_jalan_detail sj JOIN detail_pesanan dp ON dp.detail_pesanan_key = sj.surat_jalan_detail_pesanan_key WHERE surat_jalan_detail_surat_jalan_key = 'SRJ/20190721/001' [] []
[2019-07-22 12:06:51] RabbitPrint.WARNING:  | | | cetak_surat_jalan.php -> sel_pesanan : SELECT sj.*, p.pelanggan_nama, p.pelanggan_telp, p.pelanggan_alamat, u.nama AS createby FROM surat_jalan sj JOIN pelanggan p ON p.pelanggan_id = sj.surat_jalan_pelanggan_id JOIN s_user u ON u.username = sj.cre_usr WHERE sj.surat_jalan_key = 'SRJ/20190721/001' [] []
[2019-07-22 12:06:51] RabbitPrint.WARNING:  | | | cetak_surat_jalan.php -> sel_detailsj : SELECT sj.*, dp.* FROM surat_jalan_detail sj JOIN detail_pesanan dp ON dp.detail_pesanan_key = sj.surat_jalan_detail_pesanan_key WHERE surat_jalan_detail_surat_jalan_key = 'SRJ/20190721/001' [] []
[2019-07-22 12:07:12] RabbitPrint.WARNING:  | | | cetak_surat_jalan.php -> sel_pesanan : SELECT sj.*, p.pelanggan_nama, p.pelanggan_telp, p.pelanggan_alamat, u.nama AS createby FROM surat_jalan sj JOIN pelanggan p ON p.pelanggan_id = sj.surat_jalan_pelanggan_id JOIN s_user u ON u.username = sj.cre_usr WHERE sj.surat_jalan_key = 'SRJ/20190721/001' [] []
[2019-07-22 12:07:12] RabbitPrint.WARNING:  | | | cetak_surat_jalan.php -> sel_detailsj : SELECT sj.*, dp.* FROM surat_jalan_detail sj JOIN detail_pesanan dp ON dp.detail_pesanan_key = sj.surat_jalan_detail_pesanan_key WHERE surat_jalan_detail_surat_jalan_key = 'SRJ/20190721/001' [] []
[2019-07-22 12:07:29] RabbitPrint.WARNING:  | | | cetak_surat_jalan.php -> sel_pesanan : SELECT sj.*, p.pelanggan_nama, p.pelanggan_telp, p.pelanggan_alamat, u.nama AS createby FROM surat_jalan sj JOIN pelanggan p ON p.pelanggan_id = sj.surat_jalan_pelanggan_id JOIN s_user u ON u.username = sj.cre_usr WHERE sj.surat_jalan_key = 'SRJ/20190721/001' [] []
[2019-07-22 12:07:30] RabbitPrint.WARNING:  | | | cetak_surat_jalan.php -> sel_detailsj : SELECT sj.*, dp.* FROM surat_jalan_detail sj JOIN detail_pesanan dp ON dp.detail_pesanan_key = sj.surat_jalan_detail_pesanan_key WHERE surat_jalan_detail_surat_jalan_key = 'SRJ/20190721/001' [] []
