[2019-10-03 20:58:42] RabbitPrint.WARNING:  | | | proses_login.php -> cek user -> sql_user : SELECT * FROM s_user WHERE username LIKE 'superuser' AND password LIKE '21232f297a57a5a743894a0e4a801fc3' LIMIT 1 [] []
[2019-10-03 20:58:42] RabbitPrint.WARNING:  | | | proses_login.php -> id_user : 1 [] []
[2019-10-03 20:58:42] RabbitPrint.WARNING:  | | | proses_login.php -> insert ke s_login -> sql_login : INSERT INTO s_login (key_login, id_user, waktu_login, waktu_kadaluarsa, status, ip, pc_dan_browser) VALUES ('15701111227228', '1', '2019-10-03 20:58:42', '2019-10-04 20:58:42', '1', '::1', 'mozilla/5.0 (windows nt 10.0; win64; x64; rv:69.0) gecko/20100101 firefox/69.0') [] []
[2019-10-03 20:58:42] RabbitPrint.WARNING:  | | | proses_login.php -> insert ke s_login -> SUCCESS [] []
[2019-10-03 20:58:42] RabbitPrint.WARNING:  | | | proses_login.php -> LOGIN SUKSES!! [] []
[2019-10-03 20:58:53] RabbitPrint.WARNING:  | | | pelanggan.php -> membuka halaman [] []
[2019-10-03 20:58:53] RabbitPrint.WARNING:  | | | pelanggan.php -> sel_pelanggan : SELECT * FROM pelanggan [] []
[2019-10-03 20:58:53] RabbitPrint.WARNING:  | | | pelanggan.php -> jml. pelanggan : 0 [] []
[2019-10-03 20:59:04] RabbitPrint.WARNING:  | | | proses_daftar_pelanggan.php -> hapus_pelanggan [] []
[2019-10-03 20:59:04] RabbitPrint.WARNING:  | | | proses_daftar_pelanggan.php -> del_pelanggan : DELETE FROM pelanggan WHERE pelanggan_id = 26 [] []
[2019-10-03 20:59:04] RabbitPrint.WARNING:  | | | proses_daftar_pelanggan.php -> del_pelanggan -> BERHASIL [] []
[2019-10-03 20:59:08] RabbitPrint.WARNING:  | | | pelanggan.php -> membuka halaman [] []
[2019-10-03 20:59:08] RabbitPrint.WARNING:  | | | pelanggan.php -> sel_pelanggan : SELECT * FROM pelanggan [] []
[2019-10-03 20:59:08] RabbitPrint.WARNING:  | | | pelanggan.php -> jml. pelanggan : 0 [] []
[2019-10-03 20:59:16] RabbitPrint.WARNING:  | | | daftar_pesanan.php -> membuka halaman [] []
[2019-10-03 20:59:16] RabbitPrint.WARNING:  | | | daftar_pesanan.php -> sel_pesanan : SELECT psn.*, plg.pelanggan_nama	FROM pesanan psn JOIN pelanggan plg ON plg.pelanggan_id = psn.pesanan_pelanggan_id ORDER BY psn.pesanan_id DESC [] []
[2019-10-03 20:59:17] RabbitPrint.WARNING:  | | | daftar_pesanan.php -> jml. pesanan : 0 [] []
[2019-10-03 20:59:22] RabbitPrint.WARNING:  | | | daftar_surat_jalan.php -> membuka halaman [] []
[2019-10-03 20:59:22] RabbitPrint.WARNING:  | | | daftar_surat_)jalan.php -> sel_daftar_surat_jalan : SELECT * FROM surat_jalan ORDER BY surat_jalan_id DESC [] []
[2019-10-03 20:59:22] RabbitPrint.WARNING:  | | | daftar_surat_jalan.php -> sel_plg -> SELECT pelanggan_nama FROM pelanggan WHERE pelanggan_id = 3 [] []
[2019-10-03 20:59:22] RabbitPrint.WARNING:  | | | daftar_surat_jalan.php -> sel_user -> SELECT nama FROM s_user WHERE username = 'superuser' [] []
[2019-10-03 20:59:22] RabbitPrint.WARNING:  | | | daftar_surat_jalan.php -> sel_plg -> SELECT pelanggan_nama FROM pelanggan WHERE pelanggan_id = 6 [] []
[2019-10-03 20:59:22] RabbitPrint.WARNING:  | | | daftar_surat_jalan.php -> sel_user -> SELECT nama FROM s_user WHERE username = 'superuser' [] []
[2019-10-03 20:59:28] RabbitPrint.WARNING:  | | | daftar_invoice.php -> membuka halaman [] []
[2019-10-03 20:59:28] RabbitPrint.WARNING:  | | | daftar_invoice.php -> sel_invoice : SELECT inv.*, plg.pelanggan_nama FROM invoice_keluar inv JOIN pelanggan plg ON plg.pelanggan_id = inv.invoice_keluar_pelanggan_id ORDER BY inv.invoice_keluar_id DESC [] []
[2019-10-03 20:59:28] RabbitPrint.WARNING:  | | | data_pelanggan.php -> sel_pelanggan : SELECT p.* FROM pelanggan p JOIN invoice_keluar inv ON p.pelanggan_id = inv.invoice_keluar_pelanggan_id WHERE p.pelanggan_id > 0 GROUP BY p.pelanggan_nama; [] []
[2019-10-03 20:59:33] RabbitPrint.WARNING:  | | | tambah_invoice.php -> membuka halaman [] []
[2019-10-03 20:59:33] RabbitPrint.WARNING:  | | | tambah_invoice.php -> sel_pelanggan : SELECT p.* FROM pelanggan p JOIN surat_jalan sj ON p.pelanggan_id = sj.surat_jalan_pelanggan_id WHERE p.pelanggan_id > 0 AND sj.surat_jalan_status = 'B' GROUP BY p.pelanggan_nama [] []
[2019-10-03 20:59:33] RabbitPrint.WARNING:  | | | tambah_invoice.php -> sel_sj : SELECT p.pelanggan_nama, p.pelanggan_telp, p.pelanggan_alamat, sj.*, sjd.surat_jalan_detail_nama_barang, sjd.surat_jalan_detail_jenis_print, sjd.surat_jalan_detail_satuan_qty FROM surat_jalan sj JOIN surat_jalan_detail sjd ON sjd.surat_jalan_detail_surat_jalan_key = sj.surat_jalan_key JOIN pelanggan p ON p.pelanggan_id = sj.surat_jalan_pelanggan_id WHERE sj.surat_jalan_pelanggan_id = AND sj.surat_jalan_status = 'B' AND sj.surat_jalan_tanggal LIKE '-%' GROUP BY sjd.surat_jalan_detail_surat_jalan_key, sjd.surat_jalan_detail_nama_barang ORDER BY sjd.surat_jalan_detail_surat_jalan_key [] []
[2019-10-03 20:59:47] RabbitPrint.WARNING:  | | | tambah_invoice.php -> membuka halaman [] []
[2019-10-03 20:59:47] RabbitPrint.WARNING:  | | | tambah_invoice.php -> sel_pelanggan : SELECT p.* FROM pelanggan p JOIN surat_jalan sj ON p.pelanggan_id = sj.surat_jalan_pelanggan_id WHERE p.pelanggan_id > 0 AND sj.surat_jalan_status = 'B' GROUP BY p.pelanggan_nama [] []
[2019-10-03 20:59:47] RabbitPrint.WARNING:  | | | tambah_invoice.php -> sel_sj : SELECT p.pelanggan_nama, p.pelanggan_telp, p.pelanggan_alamat, sj.*, sjd.surat_jalan_detail_nama_barang, sjd.surat_jalan_detail_jenis_print, sjd.surat_jalan_detail_satuan_qty FROM surat_jalan sj JOIN surat_jalan_detail sjd ON sjd.surat_jalan_detail_surat_jalan_key = sj.surat_jalan_key JOIN pelanggan p ON p.pelanggan_id = sj.surat_jalan_pelanggan_id WHERE sj.surat_jalan_pelanggan_id = 3 AND sj.surat_jalan_status = 'B' AND sj.surat_jalan_tanggal LIKE '2019-06%' GROUP BY sjd.surat_jalan_detail_surat_jalan_key, sjd.surat_jalan_detail_nama_barang ORDER BY sjd.surat_jalan_detail_surat_jalan_key [] []
[2019-10-03 20:59:59] RabbitPrint.WARNING:  | | | tambah_invoice.php -> membuka halaman [] []
[2019-10-03 20:59:59] RabbitPrint.WARNING:  | | | tambah_invoice.php -> sel_pelanggan : SELECT p.* FROM pelanggan p JOIN surat_jalan sj ON p.pelanggan_id = sj.surat_jalan_pelanggan_id WHERE p.pelanggan_id > 0 AND sj.surat_jalan_status = 'B' GROUP BY p.pelanggan_nama [] []
[2019-10-03 20:59:59] RabbitPrint.WARNING:  | | | tambah_invoice.php -> sel_sj : SELECT p.pelanggan_nama, p.pelanggan_telp, p.pelanggan_alamat, sj.*, sjd.surat_jalan_detail_nama_barang, sjd.surat_jalan_detail_jenis_print, sjd.surat_jalan_detail_satuan_qty FROM surat_jalan sj JOIN surat_jalan_detail sjd ON sjd.surat_jalan_detail_surat_jalan_key = sj.surat_jalan_key JOIN pelanggan p ON p.pelanggan_id = sj.surat_jalan_pelanggan_id WHERE sj.surat_jalan_pelanggan_id = 3 AND sj.surat_jalan_status = 'B' AND sj.surat_jalan_tanggal LIKE '2019-07%' GROUP BY sjd.surat_jalan_detail_surat_jalan_key, sjd.surat_jalan_detail_nama_barang ORDER BY sjd.surat_jalan_detail_surat_jalan_key [] []
[2019-10-03 20:59:59] RabbitPrint.WARNING:  | | | tambah_invoice.php -> jml. pelanggan : 0 [] []
[2019-10-03 21:00:16] RabbitPrint.WARNING:  | | | functions.php -> getKodeInvoice() -> selectkey : SELECT MAX(inv.invoice_keluar_no_invoice) AS psnkey FROM invoice_keluar inv WHERE inv.invoice_keluar_no_invoice LIKE '%INV/20191003/%' [] []
[2019-10-03 21:00:16] RabbitPrint.WARNING:  | | | functions.php -> getKodeInvoice() -> psn_key : INV/20191003/001 [] []
[2019-10-03 21:00:16] RabbitPrint.WARNING:  | | | tambah_invoice.php -> simpan_invoice [START] [] []
[2019-10-03 21:00:16] RabbitPrint.WARNING:  | | | tambah_invoice.php -> insert ke invoice -> sql : INSERT INTO invoice_keluar (cre_tms, upd_tms, cre_usr, upd_usr, invoice_keluar_no_invoice, invoice_keluar_pelanggan_id, invoice_keluar_tanggal_kirim, invoice_keluar_total_harga) VALUES (NOW(), NOW(), 'superuser', 'superuser', 'INV/20191003/001', 3, '2019-10-03', 600000) [] []
[2019-10-03 21:00:16] RabbitPrint.WARNING:  | | | tambah_invoice.php -> insert ke invoice_keluar_detail -> sql_detail : INSERT INTO invoice_keluar_detail (cre_tms, upd_tms, cre_usr, upd_usr, invoice_keluar_detail_no_invoice, invoice_keluar_detail_surat_jalan_nomor, invoice_keluar_detail_jenis_print, invoice_keluar_detail_total_barang, invoice_keluar_detail_satuan, invoice_keluar_detail_harga, invoice_keluar_detail_subtotal_harga) VALUES ( NOW(), NOW(), 'superuser', 'superuser', 'INV/20191003/001', 'SRJ/20190727/002', 'ADSASDASD', 30, 'PS', 20000, 600000) [] []
[2019-10-03 21:00:16] RabbitPrint.WARNING:  | | | tambah_invoice.php -> query_upd : UPDATE surat_jalan s SET s.surat_jalan_status = 'I' WHERE s.surat_jalan_key IN ('SRJ/20190727/002') [] []
[2019-10-03 21:00:16] RabbitPrint.WARNING:  | | | tambah_invoice.php -> insert ke invoice_keluar_detail -> BERHASIL [] []
[2019-10-03 21:00:16] RabbitPrint.WARNING:  | | | tambah_invoice.php -> simpan_invoice [END] [] []
[2019-10-03 21:00:18] RabbitPrint.WARNING:  | | | tambah_invoice.php -> membuka halaman [] []
[2019-10-03 21:00:18] RabbitPrint.WARNING:  | | | tambah_invoice.php -> sel_pelanggan : SELECT p.* FROM pelanggan p JOIN surat_jalan sj ON p.pelanggan_id = sj.surat_jalan_pelanggan_id WHERE p.pelanggan_id > 0 AND sj.surat_jalan_status = 'B' GROUP BY p.pelanggan_nama [] []
[2019-10-03 21:00:18] RabbitPrint.WARNING:  | | | tambah_invoice.php -> sel_sj : SELECT p.pelanggan_nama, p.pelanggan_telp, p.pelanggan_alamat, sj.*, sjd.surat_jalan_detail_nama_barang, sjd.surat_jalan_detail_jenis_print, sjd.surat_jalan_detail_satuan_qty FROM surat_jalan sj JOIN surat_jalan_detail sjd ON sjd.surat_jalan_detail_surat_jalan_key = sj.surat_jalan_key JOIN pelanggan p ON p.pelanggan_id = sj.surat_jalan_pelanggan_id WHERE sj.surat_jalan_pelanggan_id = AND sj.surat_jalan_status = 'B' AND sj.surat_jalan_tanggal LIKE '-%' GROUP BY sjd.surat_jalan_detail_surat_jalan_key, sjd.surat_jalan_detail_nama_barang ORDER BY sjd.surat_jalan_detail_surat_jalan_key [] []
[2019-10-03 21:00:25] RabbitPrint.WARNING:  | | | daftar_invoice.php -> membuka halaman [] []
[2019-10-03 21:00:25] RabbitPrint.WARNING:  | | | daftar_invoice.php -> sel_invoice : SELECT inv.*, plg.pelanggan_nama FROM invoice_keluar inv JOIN pelanggan plg ON plg.pelanggan_id = inv.invoice_keluar_pelanggan_id ORDER BY inv.invoice_keluar_id DESC [] []
[2019-10-03 21:00:25] RabbitPrint.WARNING:  | | | data_pelanggan.php -> sel_pelanggan : SELECT p.* FROM pelanggan p JOIN invoice_keluar inv ON p.pelanggan_id = inv.invoice_keluar_pelanggan_id WHERE p.pelanggan_id > 0 GROUP BY p.pelanggan_nama; [] []
[2019-10-03 21:00:25] RabbitPrint.WARNING:  | | | daftar_invoice.php -> jml. invoice : 0 [] []
[2019-10-03 21:00:26] RabbitPrint.WARNING:  | | | data_pelanggan.php -> jml. pelanggan : 1 [] []
[2019-10-03 21:00:50] RabbitPrint.WARNING:  | | | cetak_invoice.php -> sel_invoice : SELECT dinv.*, inv.*, sj.surat_jalan_nomor, sj.surat_jalan_tanggal FROM invoice_keluar inv JOIN invoice_keluar_detail dinv ON dinv.invoice_keluar_detail_no_invoice = inv.invoice_keluar_no_invoice JOIN surat_jalan sj ON sj.surat_jalan_key = dinv.invoice_keluar_detail_surat_jalan_nomor WHERE inv.invoice_keluar_tanggal_kirim BETWEEN '2019-07-01' AND '2019-10-31' AND inv.invoice_keluar_pelanggan_id = 3 [] []
[2019-10-03 21:00:50] RabbitPrint.WARNING:  | | | cetak_invoice.php -> sel_plg : SELECT pelanggan_nama FROM pelanggan WHERE pelanggan_id = 3 [] []
[2019-10-03 21:01:12] RabbitPrint.WARNING:  | | | daftar_invoice.php -> membuka halaman [] []
[2019-10-03 21:01:12] RabbitPrint.WARNING:  | | | daftar_invoice.php -> sel_invoice : SELECT inv.*, plg.pelanggan_nama FROM invoice_keluar inv JOIN pelanggan plg ON plg.pelanggan_id = inv.invoice_keluar_pelanggan_id ORDER BY inv.invoice_keluar_id DESC [] []
[2019-10-03 21:01:12] RabbitPrint.WARNING:  | | | data_pelanggan.php -> sel_pelanggan : SELECT p.* FROM pelanggan p JOIN invoice_keluar inv ON p.pelanggan_id = inv.invoice_keluar_pelanggan_id WHERE p.pelanggan_id > 0 GROUP BY p.pelanggan_nama; [] []
[2019-10-03 21:01:12] RabbitPrint.WARNING:  | | | daftar_invoice.php -> jml. invoice : 0 [] []
[2019-10-03 21:01:12] RabbitPrint.WARNING:  | | | data_pelanggan.php -> jml. pelanggan : 1 [] []
[2019-10-03 21:01:20] RabbitPrint.WARNING:  | | | proses_daftar_invoice.php -> hapus_pelanggan [] []
[2019-10-03 21:01:20] RabbitPrint.WARNING:  | | | proses_daftar_invoice.php -> del_pelanggan : DELETE FROM invoice_keluar WHERE invoice_keluar_id = 1 [] []
[2019-10-03 21:01:20] RabbitPrint.WARNING:  | | | proses_daftar_invoice.php -> del_pelanggan -> BERHASIL [] []
[2019-10-03 21:01:25] RabbitPrint.WARNING:  | | | daftar_invoice.php -> membuka halaman [] []
[2019-10-03 21:01:25] RabbitPrint.WARNING:  | | | daftar_invoice.php -> sel_invoice : SELECT inv.*, plg.pelanggan_nama FROM invoice_keluar inv JOIN pelanggan plg ON plg.pelanggan_id = inv.invoice_keluar_pelanggan_id ORDER BY inv.invoice_keluar_id DESC [] []
[2019-10-03 21:01:25] RabbitPrint.WARNING:  | | | data_pelanggan.php -> sel_pelanggan : SELECT p.* FROM pelanggan p JOIN invoice_keluar inv ON p.pelanggan_id = inv.invoice_keluar_pelanggan_id WHERE p.pelanggan_id > 0 GROUP BY p.pelanggan_nama; [] []
[2019-10-03 21:01:33] RabbitPrint.WARNING:  | | | daftar_surat_jalan.php -> membuka halaman [] []
[2019-10-03 21:01:33] RabbitPrint.WARNING:  | | | daftar_surat_)jalan.php -> sel_daftar_surat_jalan : SELECT * FROM surat_jalan ORDER BY surat_jalan_id DESC [] []
[2019-10-03 21:01:33] RabbitPrint.WARNING:  | | | daftar_surat_jalan.php -> sel_plg -> SELECT pelanggan_nama FROM pelanggan WHERE pelanggan_id = 3 [] []
[2019-10-03 21:01:33] RabbitPrint.WARNING:  | | | daftar_surat_jalan.php -> sel_user -> SELECT nama FROM s_user WHERE username = 'superuser' [] []
[2019-10-03 21:01:33] RabbitPrint.WARNING:  | | | daftar_surat_jalan.php -> sel_plg -> SELECT pelanggan_nama FROM pelanggan WHERE pelanggan_id = 6 [] []
[2019-10-03 21:01:33] RabbitPrint.WARNING:  | | | daftar_surat_jalan.php -> sel_user -> SELECT nama FROM s_user WHERE username = 'superuser' [] []
[2019-10-03 21:02:50] RabbitPrint.WARNING:  | | | daftar_surat_jalan.php -> membuka halaman [] []
[2019-10-03 21:02:50] RabbitPrint.WARNING:  | | | daftar_surat_)jalan.php -> sel_daftar_surat_jalan : SELECT * FROM surat_jalan ORDER BY surat_jalan_id DESC [] []
[2019-10-03 21:02:50] RabbitPrint.WARNING:  | | | daftar_surat_jalan.php -> sel_plg -> SELECT pelanggan_nama FROM pelanggan WHERE pelanggan_id = 3 [] []
[2019-10-03 21:02:50] RabbitPrint.WARNING:  | | | daftar_surat_jalan.php -> sel_user -> SELECT nama FROM s_user WHERE username = 'superuser' [] []
[2019-10-03 21:02:50] RabbitPrint.WARNING:  | | | daftar_surat_jalan.php -> sel_plg -> SELECT pelanggan_nama FROM pelanggan WHERE pelanggan_id = 6 [] []
[2019-10-03 21:02:50] RabbitPrint.WARNING:  | | | daftar_surat_jalan.php -> sel_user -> SELECT nama FROM s_user WHERE username = 'superuser' [] []
[2019-10-03 21:03:03] RabbitPrint.WARNING:  | | | daftar_surat_jalan.php -> membuka halaman [] []
[2019-10-03 21:03:03] RabbitPrint.WARNING:  | | | daftar_surat_)jalan.php -> sel_daftar_surat_jalan : SELECT * FROM surat_jalan ORDER BY surat_jalan_id DESC [] []
[2019-10-03 21:03:03] RabbitPrint.WARNING:  | | | daftar_surat_jalan.php -> sel_plg -> SELECT pelanggan_nama FROM pelanggan WHERE pelanggan_id = 3 [] []
[2019-10-03 21:03:03] RabbitPrint.WARNING:  | | | daftar_surat_jalan.php -> sel_user -> SELECT nama FROM s_user WHERE username = 'superuser' [] []
[2019-10-03 21:03:03] RabbitPrint.WARNING:  | | | daftar_surat_jalan.php -> sel_plg -> SELECT pelanggan_nama FROM pelanggan WHERE pelanggan_id = 6 [] []
[2019-10-03 21:03:03] RabbitPrint.WARNING:  | | | daftar_surat_jalan.php -> sel_user -> SELECT nama FROM s_user WHERE username = 'superuser' [] []
[2019-10-03 21:03:21] RabbitPrint.WARNING:  | | | daftar_surat_jalan.php -> membuka halaman [] []
[2019-10-03 21:03:21] RabbitPrint.WARNING:  | | | daftar_surat_)jalan.php -> sel_daftar_surat_jalan : SELECT * FROM surat_jalan ORDER BY surat_jalan_id DESC [] []
[2019-10-03 21:03:21] RabbitPrint.WARNING:  | | | daftar_surat_jalan.php -> sel_plg -> SELECT pelanggan_nama FROM pelanggan WHERE pelanggan_id = 3 [] []
[2019-10-03 21:03:21] RabbitPrint.WARNING:  | | | daftar_surat_jalan.php -> sel_user -> SELECT nama FROM s_user WHERE username = 'superuser' [] []
[2019-10-03 21:03:21] RabbitPrint.WARNING:  | | | daftar_surat_jalan.php -> sel_plg -> SELECT pelanggan_nama FROM pelanggan WHERE pelanggan_id = 6 [] []
[2019-10-03 21:03:21] RabbitPrint.WARNING:  | | | daftar_surat_jalan.php -> sel_user -> SELECT nama FROM s_user WHERE username = 'superuser' [] []
[2019-10-03 21:04:19] RabbitPrint.WARNING:  | | | daftar_surat_jalan.php -> membuka halaman [] []
[2019-10-03 21:04:19] RabbitPrint.WARNING:  | | | daftar_surat_)jalan.php -> sel_daftar_surat_jalan : SELECT * FROM surat_jalan ORDER BY surat_jalan_id DESC [] []
[2019-10-03 21:04:19] RabbitPrint.WARNING:  | | | daftar_surat_jalan.php -> sel_plg -> SELECT pelanggan_nama FROM pelanggan WHERE pelanggan_id = 3 [] []
[2019-10-03 21:04:19] RabbitPrint.WARNING:  | | | daftar_surat_jalan.php -> sel_user -> SELECT nama FROM s_user WHERE username = 'superuser' [] []
[2019-10-03 21:04:19] RabbitPrint.WARNING:  | | | daftar_surat_jalan.php -> sel_plg -> SELECT pelanggan_nama FROM pelanggan WHERE pelanggan_id = 6 [] []
[2019-10-03 21:04:19] RabbitPrint.WARNING:  | | | daftar_surat_jalan.php -> sel_user -> SELECT nama FROM s_user WHERE username = 'superuser' [] []
[2019-10-03 21:04:28] RabbitPrint.WARNING:  | | | cetak_surat_jalan.php -> sel_pesanan : SELECT sj.*, p.pelanggan_nama, p.pelanggan_telp, p.pelanggan_alamat, u.nama AS createby FROM surat_jalan sj JOIN pelanggan p ON p.pelanggan_id = sj.surat_jalan_pelanggan_id JOIN s_user u ON u.username = sj.cre_usr WHERE sj.surat_jalan_key = 'SRJ/20190727/002' [] []
[2019-10-03 21:04:28] RabbitPrint.WARNING:  | | | cetak_surat_jalan.php -> sel_detailsj : SELECT sj.*, dp.* FROM surat_jalan_detail sj JOIN detail_pesanan dp ON dp.detail_pesanan_key = sj.surat_jalan_detail_pesanan_key WHERE surat_jalan_detail_surat_jalan_key = 'SRJ/20190727/002' [] []
[2019-10-03 21:05:27] RabbitPrint.WARNING:  | | | daftar_surat_jalan.php -> membuka halaman [] []
[2019-10-03 21:05:27] RabbitPrint.WARNING:  | | | daftar_surat_)jalan.php -> sel_daftar_surat_jalan : SELECT * FROM surat_jalan ORDER BY surat_jalan_id DESC [] []
[2019-10-03 21:05:27] RabbitPrint.WARNING:  | | | daftar_surat_jalan.php -> sel_plg -> SELECT pelanggan_nama FROM pelanggan WHERE pelanggan_id = 3 [] []
[2019-10-03 21:05:27] RabbitPrint.WARNING:  | | | daftar_surat_jalan.php -> sel_user -> SELECT nama FROM s_user WHERE username = 'superuser' [] []
[2019-10-03 21:05:27] RabbitPrint.WARNING:  | | | daftar_surat_jalan.php -> sel_plg -> SELECT pelanggan_nama FROM pelanggan WHERE pelanggan_id = 6 [] []
[2019-10-03 21:05:27] RabbitPrint.WARNING:  | | | daftar_surat_jalan.php -> sel_user -> SELECT nama FROM s_user WHERE username = 'superuser' [] []
[2019-10-03 21:05:42] RabbitPrint.WARNING:  | | | daftar_surat_jalan.php -> membuka halaman [] []
[2019-10-03 21:05:42] RabbitPrint.WARNING:  | | | daftar_surat_)jalan.php -> sel_daftar_surat_jalan : SELECT * FROM surat_jalan ORDER BY surat_jalan_id DESC [] []
[2019-10-03 21:05:42] RabbitPrint.WARNING:  | | | daftar_surat_jalan.php -> sel_plg -> SELECT pelanggan_nama FROM pelanggan WHERE pelanggan_id = 3 [] []
[2019-10-03 21:05:42] RabbitPrint.WARNING:  | | | daftar_surat_jalan.php -> sel_user -> SELECT nama FROM s_user WHERE username = 'superuser' [] []
[2019-10-03 21:05:42] RabbitPrint.WARNING:  | | | daftar_surat_jalan.php -> sel_plg -> SELECT pelanggan_nama FROM pelanggan WHERE pelanggan_id = 6 [] []
[2019-10-03 21:05:42] RabbitPrint.WARNING:  | | | daftar_surat_jalan.php -> sel_user -> SELECT nama FROM s_user WHERE username = 'superuser' [] []
[2019-10-03 21:06:03] RabbitPrint.WARNING:  | | | daftar_surat_jalan.php -> membuka halaman [] []
[2019-10-03 21:06:03] RabbitPrint.WARNING:  | | | daftar_surat_)jalan.php -> sel_daftar_surat_jalan : SELECT * FROM surat_jalan ORDER BY surat_jalan_id DESC [] []
[2019-10-03 21:06:03] RabbitPrint.WARNING:  | | | daftar_surat_jalan.php -> sel_plg -> SELECT pelanggan_nama FROM pelanggan WHERE pelanggan_id = 3 [] []
[2019-10-03 21:06:03] RabbitPrint.WARNING:  | | | daftar_surat_jalan.php -> sel_user -> SELECT nama FROM s_user WHERE username = 'superuser' [] []
[2019-10-03 21:06:03] RabbitPrint.WARNING:  | | | daftar_surat_jalan.php -> sel_plg -> SELECT pelanggan_nama FROM pelanggan WHERE pelanggan_id = 6 [] []
[2019-10-03 21:06:03] RabbitPrint.WARNING:  | | | daftar_surat_jalan.php -> sel_user -> SELECT nama FROM s_user WHERE username = 'superuser' [] []
[2019-10-03 21:06:23] RabbitPrint.WARNING:  | | | daftar_surat_jalan.php -> membuka halaman [] []
[2019-10-03 21:06:23] RabbitPrint.WARNING:  | | | daftar_surat_)jalan.php -> sel_daftar_surat_jalan : SELECT * FROM surat_jalan ORDER BY surat_jalan_id DESC [] []
[2019-10-03 21:06:23] RabbitPrint.WARNING:  | | | daftar_surat_jalan.php -> sel_plg -> SELECT pelanggan_nama FROM pelanggan WHERE pelanggan_id = 3 [] []
[2019-10-03 21:06:23] RabbitPrint.WARNING:  | | | daftar_surat_jalan.php -> sel_user -> SELECT nama FROM s_user WHERE username = 'superuser' [] []
[2019-10-03 21:06:23] RabbitPrint.WARNING:  | | | daftar_surat_jalan.php -> sel_plg -> SELECT pelanggan_nama FROM pelanggan WHERE pelanggan_id = 6 [] []
[2019-10-03 21:06:23] RabbitPrint.WARNING:  | | | daftar_surat_jalan.php -> sel_user -> SELECT nama FROM s_user WHERE username = 'superuser' [] []
[2019-10-03 21:06:36] RabbitPrint.WARNING:  | | | daftar_surat_jalan.php -> membuka halaman [] []
[2019-10-03 21:06:36] RabbitPrint.WARNING:  | | | daftar_surat_)jalan.php -> sel_daftar_surat_jalan : SELECT * FROM surat_jalan ORDER BY surat_jalan_id DESC [] []
[2019-10-03 21:06:36] RabbitPrint.WARNING:  | | | daftar_surat_jalan.php -> sel_plg -> SELECT pelanggan_nama FROM pelanggan WHERE pelanggan_id = 3 [] []
[2019-10-03 21:06:36] RabbitPrint.WARNING:  | | | daftar_surat_jalan.php -> sel_user -> SELECT nama FROM s_user WHERE username = 'superuser' [] []
[2019-10-03 21:06:36] RabbitPrint.WARNING:  | | | daftar_surat_jalan.php -> sel_plg -> SELECT pelanggan_nama FROM pelanggan WHERE pelanggan_id = 6 [] []
[2019-10-03 21:06:36] RabbitPrint.WARNING:  | | | daftar_surat_jalan.php -> sel_user -> SELECT nama FROM s_user WHERE username = 'superuser' [] []
[2019-10-03 21:06:49] RabbitPrint.WARNING:  | | | daftar_surat_jalan.php -> membuka halaman [] []
[2019-10-03 21:06:49] RabbitPrint.WARNING:  | | | daftar_surat_)jalan.php -> sel_daftar_surat_jalan : SELECT * FROM surat_jalan ORDER BY surat_jalan_id DESC [] []
[2019-10-03 21:06:49] RabbitPrint.WARNING:  | | | daftar_surat_jalan.php -> sel_plg -> SELECT pelanggan_nama FROM pelanggan WHERE pelanggan_id = 3 [] []
[2019-10-03 21:06:49] RabbitPrint.WARNING:  | | | daftar_surat_jalan.php -> sel_user -> SELECT nama FROM s_user WHERE username = 'superuser' [] []
[2019-10-03 21:06:49] RabbitPrint.WARNING:  | | | daftar_surat_jalan.php -> sel_plg -> SELECT pelanggan_nama FROM pelanggan WHERE pelanggan_id = 6 [] []
[2019-10-03 21:06:49] RabbitPrint.WARNING:  | | | daftar_surat_jalan.php -> sel_user -> SELECT nama FROM s_user WHERE username = 'superuser' [] []
[2019-10-03 21:07:48] RabbitPrint.WARNING:  | | | daftar_surat_jalan.php -> membuka halaman [] []
[2019-10-03 21:07:48] RabbitPrint.WARNING:  | | | daftar_surat_)jalan.php -> sel_daftar_surat_jalan : SELECT * FROM surat_jalan ORDER BY surat_jalan_id DESC [] []
[2019-10-03 21:07:48] RabbitPrint.WARNING:  | | | daftar_surat_jalan.php -> sel_plg -> SELECT pelanggan_nama FROM pelanggan WHERE pelanggan_id = 3 [] []
[2019-10-03 21:07:48] RabbitPrint.WARNING:  | | | daftar_surat_jalan.php -> sel_user -> SELECT nama FROM s_user WHERE username = 'superuser' [] []
[2019-10-03 21:07:48] RabbitPrint.WARNING:  | | | daftar_surat_jalan.php -> sel_plg -> SELECT pelanggan_nama FROM pelanggan WHERE pelanggan_id = 6 [] []
[2019-10-03 21:07:48] RabbitPrint.WARNING:  | | | daftar_surat_jalan.php -> sel_user -> SELECT nama FROM s_user WHERE username = 'superuser' [] []
[2019-10-03 21:26:29] RabbitPrint.WARNING:  | | | daftar_surat_jalan.php -> membuka halaman [] []
[2019-10-03 21:26:29] RabbitPrint.WARNING:  | | | daftar_surat_)jalan.php -> sel_daftar_surat_jalan : SELECT * FROM surat_jalan ORDER BY surat_jalan_id DESC [] []
[2019-10-03 21:26:29] RabbitPrint.WARNING:  | | | daftar_surat_jalan.php -> sel_plg -> SELECT pelanggan_nama FROM pelanggan WHERE pelanggan_id = 3 [] []
[2019-10-03 21:26:29] RabbitPrint.WARNING:  | | | daftar_surat_jalan.php -> sel_user -> SELECT nama FROM s_user WHERE username = 'superuser' [] []
[2019-10-03 21:26:29] RabbitPrint.WARNING:  | | | daftar_surat_jalan.php -> sel_plg -> SELECT pelanggan_nama FROM pelanggan WHERE pelanggan_id = 6 [] []
[2019-10-03 21:26:29] RabbitPrint.WARNING:  | | | daftar_surat_jalan.php -> sel_user -> SELECT nama FROM s_user WHERE username = 'superuser' [] []
[2019-10-03 21:26:40] RabbitPrint.WARNING:  | | | daftar_surat_jalan.php -> membuka halaman [] []
[2019-10-03 21:26:40] RabbitPrint.WARNING:  | | | daftar_surat_)jalan.php -> sel_daftar_surat_jalan : SELECT * FROM surat_jalan ORDER BY surat_jalan_id DESC [] []
[2019-10-03 21:26:40] RabbitPrint.WARNING:  | | | daftar_surat_jalan.php -> sel_plg -> SELECT pelanggan_nama FROM pelanggan WHERE pelanggan_id = 3 [] []
[2019-10-03 21:26:40] RabbitPrint.WARNING:  | | | daftar_surat_jalan.php -> sel_user -> SELECT nama FROM s_user WHERE username = 'superuser' [] []
[2019-10-03 21:26:40] RabbitPrint.WARNING:  | | | daftar_surat_jalan.php -> sel_plg -> SELECT pelanggan_nama FROM pelanggan WHERE pelanggan_id = 6 [] []
[2019-10-03 21:26:40] RabbitPrint.WARNING:  | | | daftar_surat_jalan.php -> sel_user -> SELECT nama FROM s_user WHERE username = 'superuser' [] []
[2019-10-03 21:27:17] RabbitPrint.WARNING:  | | | daftar_surat_jalan.php -> membuka halaman [] []
[2019-10-03 21:27:17] RabbitPrint.WARNING:  | | | daftar_surat_)jalan.php -> sel_daftar_surat_jalan : SELECT * FROM surat_jalan ORDER BY surat_jalan_id DESC [] []
[2019-10-03 21:27:17] RabbitPrint.WARNING:  | | | daftar_surat_jalan.php -> sel_plg -> SELECT pelanggan_nama FROM pelanggan WHERE pelanggan_id = 3 [] []
[2019-10-03 21:27:17] RabbitPrint.WARNING:  | | | daftar_surat_jalan.php -> sel_user -> SELECT nama FROM s_user WHERE username = 'superuser' [] []
[2019-10-03 21:27:17] RabbitPrint.WARNING:  | | | daftar_surat_jalan.php -> sel_plg -> SELECT pelanggan_nama FROM pelanggan WHERE pelanggan_id = 6 [] []
[2019-10-03 21:27:17] RabbitPrint.WARNING:  | | | daftar_surat_jalan.php -> sel_user -> SELECT nama FROM s_user WHERE username = 'superuser' [] []
[2019-10-03 21:28:26] RabbitPrint.WARNING:  | | | daftar_surat_jalan.php -> membuka halaman [] []
[2019-10-03 21:28:26] RabbitPrint.WARNING:  | | | daftar_surat_)jalan.php -> sel_daftar_surat_jalan : SELECT * FROM surat_jalan ORDER BY surat_jalan_id DESC [] []
[2019-10-03 21:28:26] RabbitPrint.WARNING:  | | | daftar_surat_jalan.php -> sel_plg -> SELECT pelanggan_nama FROM pelanggan WHERE pelanggan_id = 3 [] []
[2019-10-03 21:28:26] RabbitPrint.WARNING:  | | | daftar_surat_jalan.php -> sel_user -> SELECT nama FROM s_user WHERE username = 'superuser' [] []
[2019-10-03 21:28:26] RabbitPrint.WARNING:  | | | daftar_surat_jalan.php -> sel_plg -> SELECT pelanggan_nama FROM pelanggan WHERE pelanggan_id = 6 [] []
[2019-10-03 21:28:26] RabbitPrint.WARNING:  | | | daftar_surat_jalan.php -> sel_user -> SELECT nama FROM s_user WHERE username = 'superuser' [] []
[2019-10-03 21:28:42] RabbitPrint.WARNING:  | | | daftar_surat_jalan.php -> membuka halaman [] []
[2019-10-03 21:28:42] RabbitPrint.WARNING:  | | | daftar_surat_)jalan.php -> sel_daftar_surat_jalan : SELECT * FROM surat_jalan ORDER BY surat_jalan_id DESC [] []
[2019-10-03 21:28:42] RabbitPrint.WARNING:  | | | daftar_surat_jalan.php -> sel_plg -> SELECT pelanggan_nama FROM pelanggan WHERE pelanggan_id = 3 [] []
[2019-10-03 21:28:42] RabbitPrint.WARNING:  | | | daftar_surat_jalan.php -> sel_user -> SELECT nama FROM s_user WHERE username = 'superuser' [] []
[2019-10-03 21:28:42] RabbitPrint.WARNING:  | | | daftar_surat_jalan.php -> sel_plg -> SELECT pelanggan_nama FROM pelanggan WHERE pelanggan_id = 6 [] []
[2019-10-03 21:28:42] RabbitPrint.WARNING:  | | | daftar_surat_jalan.php -> sel_user -> SELECT nama FROM s_user WHERE username = 'superuser' [] []
[2019-10-03 21:30:49] RabbitPrint.WARNING:  | | | daftar_surat_jalan.php -> membuka halaman [] []
[2019-10-03 21:30:49] RabbitPrint.WARNING:  | | | daftar_surat_)jalan.php -> sel_daftar_surat_jalan : SELECT * FROM surat_jalan ORDER BY surat_jalan_id DESC [] []
[2019-10-03 21:30:49] RabbitPrint.WARNING:  | | | daftar_surat_jalan.php -> sel_plg -> SELECT pelanggan_nama FROM pelanggan WHERE pelanggan_id = 3 [] []
[2019-10-03 21:30:49] RabbitPrint.WARNING:  | | | daftar_surat_jalan.php -> sel_user -> SELECT nama FROM s_user WHERE username = 'superuser' [] []
[2019-10-03 21:30:49] RabbitPrint.WARNING:  | | | daftar_surat_jalan.php -> sel_plg -> SELECT pelanggan_nama FROM pelanggan WHERE pelanggan_id = 6 [] []
[2019-10-03 21:30:49] RabbitPrint.WARNING:  | | | daftar_surat_jalan.php -> sel_user -> SELECT nama FROM s_user WHERE username = 'superuser' [] []
[2019-10-03 21:31:01] RabbitPrint.WARNING:  | | | daftar_surat_jalan.php -> membuka halaman [] []
[2019-10-03 21:31:01] RabbitPrint.WARNING:  | | | daftar_surat_)jalan.php -> sel_daftar_surat_jalan : SELECT * FROM surat_jalan ORDER BY surat_jalan_id DESC [] []
[2019-10-03 21:31:01] RabbitPrint.WARNING:  | | | daftar_surat_jalan.php -> sel_plg -> SELECT pelanggan_nama FROM pelanggan WHERE pelanggan_id = 3 [] []
[2019-10-03 21:31:01] RabbitPrint.WARNING:  | | | daftar_surat_jalan.php -> sel_user -> SELECT nama FROM s_user WHERE username = 'superuser' [] []
[2019-10-03 21:31:01] RabbitPrint.WARNING:  | | | daftar_surat_jalan.php -> sel_plg -> SELECT pelanggan_nama FROM pelanggan WHERE pelanggan_id = 6 [] []
[2019-10-03 21:31:01] RabbitPrint.WARNING:  | | | daftar_surat_jalan.php -> sel_user -> SELECT nama FROM s_user WHERE username = 'superuser' [] []
[2019-10-03 21:32:07] RabbitPrint.WARNING:  | | | daftar_surat_jalan.php -> membuka halaman [] []
[2019-10-03 21:32:07] RabbitPrint.WARNING:  | | | daftar_surat_)jalan.php -> sel_daftar_surat_jalan : SELECT * FROM surat_jalan ORDER BY surat_jalan_id DESC [] []
[2019-10-03 21:32:07] RabbitPrint.WARNING:  | | | daftar_surat_jalan.php -> sel_plg -> SELECT pelanggan_nama FROM pelanggan WHERE pelanggan_id = 3 [] []
[2019-10-03 21:32:07] RabbitPrint.WARNING:  | | | daftar_surat_jalan.php -> sel_user -> SELECT nama FROM s_user WHERE username = 'superuser' [] []
[2019-10-03 21:32:07] RabbitPrint.WARNING:  | | | daftar_surat_jalan.php -> sel_plg -> SELECT pelanggan_nama FROM pelanggan WHERE pelanggan_id = 6 [] []
[2019-10-03 21:32:07] RabbitPrint.WARNING:  | | | daftar_surat_jalan.php -> sel_user -> SELECT nama FROM s_user WHERE username = 'superuser' [] []
[2019-10-03 21:32:44] RabbitPrint.WARNING:  | | | daftar_surat_jalan.php -> membuka halaman [] []
[2019-10-03 21:32:44] RabbitPrint.WARNING:  | | | daftar_surat_)jalan.php -> sel_daftar_surat_jalan : SELECT * FROM surat_jalan ORDER BY surat_jalan_id DESC [] []
[2019-10-03 21:32:44] RabbitPrint.WARNING:  | | | daftar_surat_jalan.php -> sel_plg -> SELECT pelanggan_nama FROM pelanggan WHERE pelanggan_id = 3 [] []
[2019-10-03 21:32:44] RabbitPrint.WARNING:  | | | daftar_surat_jalan.php -> sel_user -> SELECT nama FROM s_user WHERE username = 'superuser' [] []
[2019-10-03 21:32:44] RabbitPrint.WARNING:  | | | daftar_surat_jalan.php -> sel_plg -> SELECT pelanggan_nama FROM pelanggan WHERE pelanggan_id = 6 [] []
[2019-10-03 21:32:44] RabbitPrint.WARNING:  | | | daftar_surat_jalan.php -> sel_user -> SELECT nama FROM s_user WHERE username = 'superuser' [] []
[2019-10-03 21:32:51] RabbitPrint.WARNING:  | | | proses_daftar_sjalan.php -> hapus_srtjalan [] []
[2019-10-03 21:32:51] RabbitPrint.WARNING:  | | | proses_daftar_sjalan.php -> del_srtjalan : DELETE FROM surat_jalan WHERE surat_jalan_key = 'SRJ/20190727/001' [] []
[2019-10-03 21:32:51] RabbitPrint.WARNING:  | | | proses_daftar_sjalan.php -> del_srtjalan -> BERHASIL [] []
[2019-10-03 21:32:51] RabbitPrint.WARNING:  | | | proses_daftar_sjalan.php -> del_detailpsn : DELETE FROM surat_jalan_detail WHERE surat_jalan_detail_surat_jalan_key = 'SRJ/20190727/001' [] []
[2019-10-03 21:32:51] RabbitPrint.WARNING:  | | | proses_daftar_sjalan.php -> del_detailpsn -> BERHASIL [] []
[2019-10-03 21:32:54] RabbitPrint.WARNING:  | | | daftar_surat_jalan.php -> membuka halaman [] []
[2019-10-03 21:32:54] RabbitPrint.WARNING:  | | | daftar_surat_)jalan.php -> sel_daftar_surat_jalan : SELECT * FROM surat_jalan ORDER BY surat_jalan_id DESC [] []
[2019-10-03 21:32:54] RabbitPrint.WARNING:  | | | daftar_surat_jalan.php -> sel_plg -> SELECT pelanggan_nama FROM pelanggan WHERE pelanggan_id = 3 [] []
[2019-10-03 21:32:54] RabbitPrint.WARNING:  | | | daftar_surat_jalan.php -> sel_user -> SELECT nama FROM s_user WHERE username = 'superuser' [] []
[2019-10-03 21:41:24] RabbitPrint.WARNING:  | | | daftar_pesanan.php -> membuka halaman [] []
[2019-10-03 21:41:24] RabbitPrint.WARNING:  | | | daftar_pesanan.php -> sel_pesanan : SELECT psn.*, plg.pelanggan_nama	FROM pesanan psn JOIN pelanggan plg ON plg.pelanggan_id = psn.pesanan_pelanggan_id ORDER BY psn.pesanan_id DESC [] []
[2019-10-03 21:41:24] RabbitPrint.WARNING:  | | | daftar_pesanan.php -> jml. pesanan : 0 [] []
[2019-10-03 21:41:36] RabbitPrint.WARNING:  | | | daftar_surat_jalan.php -> membuka halaman [] []
[2019-10-03 21:41:36] RabbitPrint.WARNING:  | | | daftar_surat_)jalan.php -> sel_daftar_surat_jalan : SELECT * FROM surat_jalan ORDER BY surat_jalan_id DESC [] []
[2019-10-03 21:41:36] RabbitPrint.WARNING:  | | | daftar_surat_jalan.php -> sel_plg -> SELECT pelanggan_nama FROM pelanggan WHERE pelanggan_id = 3 [] []
[2019-10-03 21:41:36] RabbitPrint.WARNING:  | | | daftar_surat_jalan.php -> sel_user -> SELECT nama FROM s_user WHERE username = 'superuser' [] []
[2019-10-03 21:41:41] RabbitPrint.WARNING:  | | | daftar_pesanan.php -> membuka halaman [] []
[2019-10-03 21:41:41] RabbitPrint.WARNING:  | | | daftar_pesanan.php -> sel_pesanan : SELECT psn.*, plg.pelanggan_nama	FROM pesanan psn JOIN pelanggan plg ON plg.pelanggan_id = psn.pesanan_pelanggan_id ORDER BY psn.pesanan_id DESC [] []
[2019-10-03 21:41:41] RabbitPrint.WARNING:  | | | daftar_pesanan.php -> jml. pesanan : 0 [] []
[2019-10-03 21:41:46] RabbitPrint.WARNING:  | | | surat_jalan.php -> load [] []
[2019-10-03 21:41:46] RabbitPrint.WARNING:  | | | lihat_pesanan.php -> sel_psn : SELECT psn.*, dps.*, plg.pelanggan_nama AS pesanan_nama_plg, sj.surat_jalan_detail_subtotal_pack FROM pesanan psn JOIN detail_pesanan dps ON dps.detail_pesanan_no_pesanan = psn.pesanan_no_pesanan JOIN pelanggan plg ON plg.pelanggan_id = psn.pesanan_pelanggan_id LEFT JOIN surat_jalan_detail sj ON sj.surat_jalan_detail_pesanan_key = dps.detail_pesanan_key WHERE psn.pesanan_no_pesanan = 'PSN/20190721/001' [] []
[2019-10-03 21:41:55] RabbitPrint.WARNING:  | | | daftar_surat_jalan.php -> membuka halaman [] []
[2019-10-03 21:41:55] RabbitPrint.WARNING:  | | | daftar_surat_)jalan.php -> sel_daftar_surat_jalan : SELECT * FROM surat_jalan ORDER BY surat_jalan_id DESC [] []
[2019-10-03 21:41:55] RabbitPrint.WARNING:  | | | daftar_surat_jalan.php -> sel_plg -> SELECT pelanggan_nama FROM pelanggan WHERE pelanggan_id = 3 [] []
[2019-10-03 21:41:55] RabbitPrint.WARNING:  | | | daftar_surat_jalan.php -> sel_user -> SELECT nama FROM s_user WHERE username = 'superuser' [] []
[2019-10-03 21:42:00] RabbitPrint.WARNING:  | | | daftar_pesanan.php -> membuka halaman [] []
[2019-10-03 21:42:00] RabbitPrint.WARNING:  | | | daftar_pesanan.php -> sel_pesanan : SELECT psn.*, plg.pelanggan_nama	FROM pesanan psn JOIN pelanggan plg ON plg.pelanggan_id = psn.pesanan_pelanggan_id ORDER BY psn.pesanan_id DESC [] []
[2019-10-03 21:42:00] RabbitPrint.WARNING:  | | | daftar_pesanan.php -> jml. pesanan : 0 [] []
[2019-10-03 21:42:03] RabbitPrint.WARNING:  | | | surat_jalan.php -> load [] []
[2019-10-03 21:42:03] RabbitPrint.WARNING:  | | | lihat_pesanan.php -> sel_psn : SELECT psn.*, dps.*, plg.pelanggan_nama AS pesanan_nama_plg, sj.surat_jalan_detail_subtotal_pack FROM pesanan psn JOIN detail_pesanan dps ON dps.detail_pesanan_no_pesanan = psn.pesanan_no_pesanan JOIN pelanggan plg ON plg.pelanggan_id = psn.pesanan_pelanggan_id LEFT JOIN surat_jalan_detail sj ON sj.surat_jalan_detail_pesanan_key = dps.detail_pesanan_key WHERE psn.pesanan_no_pesanan = 'PSN/20190727/001' [] []
[2019-10-03 21:42:11] RabbitPrint.WARNING:  | | | proses_surat_jalan.php -> buat_suratjalan [] []
[2019-10-03 21:42:11] RabbitPrint.WARNING:  | | | functions.php -> getKodeSuratJalan() -> selectkey : SELECT MAX(surat_jalan.surat_jalan_key) AS psnkey FROM surat_jalan WHERE surat_jalan.surat_jalan_key LIKE '%SRJ/20191003/%' [] []
[2019-10-03 21:42:11] RabbitPrint.WARNING:  | | | functions.php -> getKodeSuratJalan() -> psn_key : SRJ/20191003/001 [] []
[2019-10-03 21:42:11] RabbitPrint.WARNING:  | | | proses_surat_jalan.php -> list_barang : [{"surat_jalan_detail_pesanan_key":"0000000004","surat_jalan_detail_nama_barang":"KAKAKA","surat_jalan_detail_jenis_print":"KAKAKA","surat_jalan_detail_warna":"2","surat_jalan_detail_kain":"KAKA20","surat_jalan_detail_nama_warna":"BIRU","surat_jalan_detail_ukuran":"XS","surat_jalan_detail_subtotal_qty":"20","surat_jalan_detail_satuan_qty":"PS","surat_jalan_detail_subtotal_pack":"60","surat_jalan_detail_satuan_pack":"PT","surat_jalan_detail_keterangan":"1 BP KANAN"},{"surat_jalan_detail_pesanan_key":"0000000005","surat_jalan_detail_nama_barang":"KAKAKA","surat_jalan_detail_jenis_print":"KAKAKA","surat_jalan_detail_warna":"2","surat_jalan_detail_kain":"KAKA20","surat_jalan_detail_nama_warna":"BIRU","surat_jalan_detail_ukuran":"S","surat_jalan_detail_subtotal_qty":"20","surat_jalan_detail_satuan_qty":"PS","surat_jalan_detail_subtotal_pack":"60","surat_jalan_detail_satuan_pack":"PT","surat_jalan_detail_keterangan":""},{"surat_jalan_detail_pesanan_key":"0000000006","surat_jalan_detail_nama_barang":"KAKAKA","surat_jalan_detail_jenis_print":"KAKAKA","surat_jalan_detail_warna":"2","surat_jalan_detail_kain":"KAKA20","surat_jalan_detail_nama_warna":"BIRU","surat_jalan_detail_ukuran":"M","surat_jalan_detail_subtotal_qty":"20","surat_jalan_detail_satuan_qty":"PS","surat_jalan_detail_subtotal_pack":"60","surat_jalan_detail_satuan_pack":"PT","surat_jalan_detail_keterangan":""},{"surat_jalan_detail_pesanan_key":"0000000007","surat_jalan_detail_nama_barang":"KAKAKA","surat_jalan_detail_jenis_print":"KAKAKA","surat_jalan_detail_warna":"2","surat_jalan_detail_kain":"P911","surat_jalan_detail_nama_warna":"MERAH","surat_jalan_detail_ukuran":"M","surat_jalan_detail_subtotal_qty":"25","surat_jalan_detail_satuan_qty":"PS","surat_jalan_detail_subtotal_pack":"75","surat_jalan_detail_satuan_pack":"PT","surat_jalan_detail_keterangan":""},{"surat_jalan_detail_pesanan_key":"0000000008","surat_jalan_detail_nama_barang":"KAKAKA","surat_jalan_detail_jenis_print":"KAKAKA","surat_jalan_detail_warna":"2","surat_jalan_detail_kain":"P911","surat_jalan_detail_nama_warna":"MERAH","surat_jalan_detail_ukuran":"L","surat_jalan_detail_subtotal_qty":"25","surat_jalan_detail_satuan_qty":"PS","surat_jalan_detail_subtotal_pack":"75","surat_jalan_detail_satuan_pack":"PT","surat_jalan_detail_keterangan":""},{"surat_jalan_detail_pesanan_key":"0000000009","surat_jalan_detail_nama_barang":"KAKAKA","surat_jalan_detail_jenis_print":"KAKAKA","surat_jalan_detail_warna":"2","surat_jalan_detail_kain":"P911","surat_jalan_detail_nama_warna":"MERAH","surat_jalan_detail_ukuran":"XL","surat_jalan_detail_subtotal_qty":"25","surat_jalan_detail_satuan_qty":"PS","surat_jalan_detail_subtotal_pack":"75","surat_jalan_detail_satuan_pack":"PT","surat_jalan_detail_keterangan":""}] [] []
[2019-10-03 21:42:11] RabbitPrint.WARNING:  | | | proses_surat_jalan.php -> insert ke surat_jalan -> sql_pesanan :  [] []
[2019-10-03 21:42:11] RabbitPrint.WARNING:  | | | proses_surat_jalan.php -> insert ke surat_jalan -> BERHASIL [] []
[2019-10-03 21:42:11] RabbitPrint.WARNING:  | | | proses_surat_jalan.php -> insert ke surat_jalan_detail -> sql_detail : INSERT INTO surat_jalan_detail (cre_tms, upd_tms, cre_usr, upd_usr, surat_jalan_detail_surat_jalan_key, surat_jalan_detail_kain, surat_jalan_detail_nama_warna, surat_jalan_detail_pesanan_key, surat_jalan_detail_nama_barang, surat_jalan_detail_jenis_print, surat_jalan_detail_warna, surat_jalan_detail_ukuran, surat_jalan_detail_subtotal_qty, surat_jalan_detail_satuan_qty, surat_jalan_detail_subtotal_pack, surat_jalan_detail_satuan_pack, surat_jalan_detail_keterangan) VALUES ( NOW(), NOW(), 'superuser', 'superuser', 'SRJ/20191003/001', 'KAKA20', 'BIRU', '0000000004', 'KAKAKA', 'KAKAKA', 2, 'XS', 20, 'PS', 60, 'PT', '1 BP KANAN'),( NOW(), NOW(), 'superuser', 'superuser', 'SRJ/20191003/001', 'KAKA20', 'BIRU', '0000000005', 'KAKAKA', 'KAKAKA', 2, 'S', 20, 'PS', 60, 'PT', ''),( NOW(), NOW(), 'superuser', 'superuser', 'SRJ/20191003/001', 'KAKA20', 'BIRU', '0000000006', 'KAKAKA', 'KAKAKA', 2, 'M', 20, 'PS', 60, 'PT', ''),( NOW(), NOW(), 'superuser', 'superuser', 'SRJ/20191003/001', 'P911', 'MERAH', '0000000007', 'KAKAKA', 'KAKAKA', 2, 'M', 25, 'PS', 75, 'PT', ''),( NOW(), NOW(), 'superuser', 'superuser', 'SRJ/20191003/001', 'P911', 'MERAH', '0000000008', 'KAKAKA', 'KAKAKA', 2, 'L', 25, 'PS', 75, 'PT', ''),( NOW(), NOW(), 'superuser', 'superuser', 'SRJ/20191003/001', 'P911', 'MERAH', '0000000009', 'KAKAKA', 'KAKAKA', 2, 'XL', 25, 'PS', 75, 'PT', '') [] []
[2019-10-03 21:42:11] RabbitPrint.WARNING:  | | | proses_surat_jalan.php -> insert ke surat_jalan_detail -> BERHASIL [] []
[2019-10-03 21:42:11] RabbitPrint.WARNING:  | | | proses_surat_jalan.php -> response : Array [] []
[2019-10-03 21:42:11] RabbitPrint.WARNING:  | | | proses_surat_jalan.php -> sql_pesanan : INSERT INTO surat_jalan (cre_tms, upd_tms, cre_usr, upd_usr, surat_jalan_key, surat_jalan_nomor, surat_jalan_tanggal, surat_jalan_jenis_pesanan, surat_jalan_pelanggan_id, surat_jalan_no_pesanan, surat_jalan_total, surat_jalan_status) VALUES (NOW(), NOW(), 'superuser', 'superuser', 'SRJ/20191003/001', 'JH6786', '2019-10-03', 'A', 6, 'PSN/20190727/001', 135, 'B') [] []
[2019-10-03 21:42:11] RabbitPrint.WARNING:  | | | proses_surat_jalan.php -> insert ke surat_jalan -> BERHASIL [] []
[2019-10-03 21:42:11] RabbitPrint.WARNING:  | | | proses_surat_jalan.php -> response : Array [] []
[2019-10-03 21:42:13] RabbitPrint.WARNING:  | | | cetak_surat_jalan.php -> sel_pesanan : SELECT sj.*, p.pelanggan_nama, p.pelanggan_telp, p.pelanggan_alamat, u.nama AS createby FROM surat_jalan sj JOIN pelanggan p ON p.pelanggan_id = sj.surat_jalan_pelanggan_id JOIN s_user u ON u.username = sj.cre_usr WHERE sj.surat_jalan_key = 'SRJ/20191003/001' [] []
[2019-10-03 21:42:13] RabbitPrint.WARNING:  | | | cetak_surat_jalan.php -> sel_detailsj : SELECT sj.*, dp.* FROM surat_jalan_detail sj JOIN detail_pesanan dp ON dp.detail_pesanan_key = sj.surat_jalan_detail_pesanan_key WHERE surat_jalan_detail_surat_jalan_key = 'SRJ/20191003/001' [] []
[2019-10-03 21:42:25] RabbitPrint.WARNING:  | | | surat_jalan.php -> load [] []
[2019-10-03 21:42:25] RabbitPrint.WARNING:  | | | lihat_pesanan.php -> sel_psn : SELECT psn.*, dps.*, plg.pelanggan_nama AS pesanan_nama_plg, sj.surat_jalan_detail_subtotal_pack FROM pesanan psn JOIN detail_pesanan dps ON dps.detail_pesanan_no_pesanan = psn.pesanan_no_pesanan JOIN pelanggan plg ON plg.pelanggan_id = psn.pesanan_pelanggan_id LEFT JOIN surat_jalan_detail sj ON sj.surat_jalan_detail_pesanan_key = dps.detail_pesanan_key WHERE psn.pesanan_no_pesanan = 'PSN/20190727/001' [] []
[2019-10-03 21:42:34] RabbitPrint.WARNING:  | | | daftar_surat_jalan.php -> membuka halaman [] []
[2019-10-03 21:42:34] RabbitPrint.WARNING:  | | | daftar_surat_)jalan.php -> sel_daftar_surat_jalan : SELECT * FROM surat_jalan ORDER BY surat_jalan_id DESC [] []
[2019-10-03 21:42:34] RabbitPrint.WARNING:  | | | daftar_surat_jalan.php -> sel_plg -> SELECT pelanggan_nama FROM pelanggan WHERE pelanggan_id = 6 [] []
[2019-10-03 21:42:34] RabbitPrint.WARNING:  | | | daftar_surat_jalan.php -> sel_user -> SELECT nama FROM s_user WHERE username = 'superuser' [] []
[2019-10-03 21:42:34] RabbitPrint.WARNING:  | | | daftar_surat_jalan.php -> sel_plg -> SELECT pelanggan_nama FROM pelanggan WHERE pelanggan_id = 3 [] []
[2019-10-03 21:42:34] RabbitPrint.WARNING:  | | | daftar_surat_jalan.php -> sel_user -> SELECT nama FROM s_user WHERE username = 'superuser' [] []
[2019-10-03 21:42:37] RabbitPrint.WARNING:  | | | daftar_surat_jalan.php -> membuka halaman [] []
[2019-10-03 21:42:37] RabbitPrint.WARNING:  | | | daftar_surat_)jalan.php -> sel_daftar_surat_jalan : SELECT * FROM surat_jalan ORDER BY surat_jalan_id DESC [] []
[2019-10-03 21:42:37] RabbitPrint.WARNING:  | | | daftar_surat_jalan.php -> sel_plg -> SELECT pelanggan_nama FROM pelanggan WHERE pelanggan_id = 6 [] []
[2019-10-03 21:42:37] RabbitPrint.WARNING:  | | | daftar_surat_jalan.php -> sel_user -> SELECT nama FROM s_user WHERE username = 'superuser' [] []
[2019-10-03 21:42:37] RabbitPrint.WARNING:  | | | daftar_surat_jalan.php -> sel_plg -> SELECT pelanggan_nama FROM pelanggan WHERE pelanggan_id = 3 [] []
[2019-10-03 21:42:37] RabbitPrint.WARNING:  | | | daftar_surat_jalan.php -> sel_user -> SELECT nama FROM s_user WHERE username = 'superuser' [] []
[2019-10-03 21:42:43] RabbitPrint.WARNING:  | | | cetak_surat_jalan.php -> sel_pesanan : SELECT sj.*, p.pelanggan_nama, p.pelanggan_telp, p.pelanggan_alamat, u.nama AS createby FROM surat_jalan sj JOIN pelanggan p ON p.pelanggan_id = sj.surat_jalan_pelanggan_id JOIN s_user u ON u.username = sj.cre_usr WHERE sj.surat_jalan_key = 'SRJ/20191003/001' [] []
[2019-10-03 21:42:43] RabbitPrint.WARNING:  | | | cetak_surat_jalan.php -> sel_detailsj : SELECT sj.*, dp.* FROM surat_jalan_detail sj JOIN detail_pesanan dp ON dp.detail_pesanan_key = sj.surat_jalan_detail_pesanan_key WHERE surat_jalan_detail_surat_jalan_key = 'SRJ/20191003/001' [] []
[2019-10-03 21:42:55] RabbitPrint.WARNING:  | | | proses_daftar_sjalan.php -> hapus_srtjalan [] []
[2019-10-03 21:42:55] RabbitPrint.WARNING:  | | | proses_daftar_sjalan.php -> del_srtjalan : DELETE FROM surat_jalan WHERE surat_jalan_key = 'SRJ/20191003/001' [] []
[2019-10-03 21:42:55] RabbitPrint.WARNING:  | | | proses_daftar_sjalan.php -> del_srtjalan -> BERHASIL [] []
[2019-10-03 21:42:55] RabbitPrint.WARNING:  | | | proses_daftar_sjalan.php -> del_detailpsn : DELETE FROM surat_jalan_detail WHERE surat_jalan_detail_surat_jalan_key = 'SRJ/20191003/001' [] []
[2019-10-03 21:42:55] RabbitPrint.WARNING:  | | | proses_daftar_sjalan.php -> del_detailpsn -> BERHASIL [] []
[2019-10-03 21:42:58] RabbitPrint.WARNING:  | | | daftar_surat_jalan.php -> membuka halaman [] []
[2019-10-03 21:42:58] RabbitPrint.WARNING:  | | | daftar_surat_)jalan.php -> sel_daftar_surat_jalan : SELECT * FROM surat_jalan ORDER BY surat_jalan_id DESC [] []
[2019-10-03 21:42:58] RabbitPrint.WARNING:  | | | daftar_surat_jalan.php -> sel_plg -> SELECT pelanggan_nama FROM pelanggan WHERE pelanggan_id = 3 [] []
[2019-10-03 21:42:58] RabbitPrint.WARNING:  | | | daftar_surat_jalan.php -> sel_user -> SELECT nama FROM s_user WHERE username = 'superuser' [] []
[2019-10-03 21:43:02] RabbitPrint.WARNING:  | | | proses_daftar_sjalan.php -> hapus_srtjalan [] []
[2019-10-03 21:43:02] RabbitPrint.WARNING:  | | | proses_daftar_sjalan.php -> del_srtjalan : DELETE FROM surat_jalan WHERE surat_jalan_key = 'SRJ/20190727/002' [] []
[2019-10-03 21:43:02] RabbitPrint.WARNING:  | | | proses_daftar_sjalan.php -> del_srtjalan -> BERHASIL [] []
[2019-10-03 21:43:02] RabbitPrint.WARNING:  | | | proses_daftar_sjalan.php -> del_detailpsn : DELETE FROM surat_jalan_detail WHERE surat_jalan_detail_surat_jalan_key = 'SRJ/20190727/002' [] []
[2019-10-03 21:43:02] RabbitPrint.WARNING:  | | | proses_daftar_sjalan.php -> del_detailpsn -> BERHASIL [] []
[2019-10-03 21:43:06] RabbitPrint.WARNING:  | | | daftar_surat_jalan.php -> membuka halaman [] []
[2019-10-03 21:43:06] RabbitPrint.WARNING:  | | | daftar_surat_)jalan.php -> sel_daftar_surat_jalan : SELECT * FROM surat_jalan ORDER BY surat_jalan_id DESC [] []
[2019-10-03 21:43:11] RabbitPrint.WARNING:  | | | daftar_invoice.php -> membuka halaman [] []
[2019-10-03 21:43:11] RabbitPrint.WARNING:  | | | daftar_invoice.php -> sel_invoice : SELECT inv.*, plg.pelanggan_nama FROM invoice_keluar inv JOIN pelanggan plg ON plg.pelanggan_id = inv.invoice_keluar_pelanggan_id ORDER BY inv.invoice_keluar_id DESC [] []
[2019-10-03 21:43:11] RabbitPrint.WARNING:  | | | data_pelanggan.php -> sel_pelanggan : SELECT p.* FROM pelanggan p JOIN invoice_keluar inv ON p.pelanggan_id = inv.invoice_keluar_pelanggan_id WHERE p.pelanggan_id > 0 GROUP BY p.pelanggan_nama; [] []
[2019-10-03 21:43:49] RabbitPrint.WARNING:  | | | daftar_pesanan.php -> membuka halaman [] []
[2019-10-03 21:43:49] RabbitPrint.WARNING:  | | | daftar_pesanan.php -> sel_pesanan : SELECT psn.*, plg.pelanggan_nama	FROM pesanan psn JOIN pelanggan plg ON plg.pelanggan_id = psn.pesanan_pelanggan_id ORDER BY psn.pesanan_id DESC [] []
[2019-10-03 21:43:49] RabbitPrint.WARNING:  | | | daftar_pesanan.php -> jml. pesanan : 0 [] []
[2019-10-03 21:44:21] RabbitPrint.WARNING:  | | | daftar_pesanan.php -> membuka halaman [] []
[2019-10-03 21:44:21] RabbitPrint.WARNING:  | | | daftar_pesanan.php -> sel_pesanan : SELECT psn.*, plg.pelanggan_nama	FROM pesanan psn JOIN pelanggan plg ON plg.pelanggan_id = psn.pesanan_pelanggan_id ORDER BY psn.pesanan_id DESC [] []
[2019-10-03 21:44:26] RabbitPrint.WARNING:  | | | logout.php -> user akan logout : 1 [] []
[2019-10-03 21:44:26] RabbitPrint.WARNING:  | | | logout.php -> upd_login : UPDATE s_login SET status = 0 WHERE id_user = 1 [] []
[2019-10-03 21:44:26] RabbitPrint.WARNING:  | | | logout.php -> LOGOUT SUCCESS! [] []
[2019-10-03 21:44:35] RabbitPrint.WARNING:  | | | proses_login.php -> cek user -> sql_user : SELECT * FROM s_user WHERE username LIKE 'superuser' AND password LIKE '21232f297a57a5a743894a0e4a801fc3' LIMIT 1 [] []
[2019-10-03 21:44:35] RabbitPrint.WARNING:  | | | proses_login.php -> id_user : 1 [] []
[2019-10-03 21:44:35] RabbitPrint.WARNING:  | | | proses_login.php -> insert ke s_login -> sql_login : INSERT INTO s_login (key_login, id_user, waktu_login, waktu_kadaluarsa, status, ip, pc_dan_browser) VALUES ('15701138753395', '1', '2019-10-03 21:44:35', '2019-10-04 21:44:35', '1', '::1', 'mozilla/5.0 (windows nt 10.0; win64; x64; rv:69.0) gecko/20100101 firefox/69.0') [] []
[2019-10-03 21:44:35] RabbitPrint.WARNING:  | | | proses_login.php -> insert ke s_login -> SUCCESS [] []
[2019-10-03 21:44:35] RabbitPrint.WARNING:  | | | proses_login.php -> LOGIN SUKSES!! [] []
[2019-10-03 21:44:45] RabbitPrint.WARNING:  | | | daftar_pesanan.php -> membuka halaman [] []
[2019-10-03 21:44:45] RabbitPrint.WARNING:  | | | daftar_pesanan.php -> sel_pesanan : SELECT psn.*, plg.pelanggan_nama	FROM pesanan psn JOIN pelanggan plg ON plg.pelanggan_id = psn.pesanan_pelanggan_id ORDER BY psn.pesanan_id DESC [] []
[2019-10-03 21:44:48] RabbitPrint.WARNING:  | | | data_pelanggan.php -> sel_pelanggan : SELECT * FROM pelanggan [] []
[2019-10-03 21:44:48] RabbitPrint.WARNING:  | | | data_pelanggan.php -> jml. pelanggan : 1 [] []
[2019-10-03 21:44:48] RabbitPrint.WARNING:  | | | functions.php -> getDetailPesananKey() -> selectkey : SELECT MAX(detail_pesanan_key) AS detail_key FROM detail_pesanan; [] []
[2019-10-03 21:44:48] RabbitPrint.WARNING:  | | | functions.php -> getDetailPesananKey() -> detail_key : 0000000001 [] []
[2019-10-03 21:44:48] RabbitPrint.WARNING:  | | | pesanan.php -> load [] []
[2019-10-03 21:46:54] RabbitPrint.WARNING:  | | | functions.php -> getKodePesanan() -> selectkey : SELECT MAX(pesanan.pesanan_no_pesanan) AS psnkey FROM pesanan WHERE pesanan.pesanan_no_pesanan LIKE '%PSN/20191003/%' [] []
[2019-10-03 21:46:54] RabbitPrint.WARNING:  | | | functions.php -> getKodePesanan() -> psn_key : PSN/20191003/001 [] []
[2019-10-03 21:46:54] RabbitPrint.WARNING:  | | | proses_pesanan.php -> load.. [] []
[2019-10-03 21:46:54] RabbitPrint.WARNING:  | | | proses_pesanan.php -> string query detail_pesanan -> sql_detail : INSERT INTO detail_pesanan (cre_tms, upd_tms, cre_usr, upd_usr, detail_pesanan_no_pesanan, detail_pesanan_key, detail_pesanan_nama_barang, detail_pesanan_jenis_print, detail_pesanan_warna, detail_pesanan_detail_kain, detail_pesanan_nama_warna, detail_pesanan_ukuran, detail_pesanan_sisi_kanan, detail_pesanan_sisi_kiri, detail_pesanan_sisi_blkng, detail_pesanan_qty, detail_pesanan_satuan, detail_pesanan_qty_packing, detail_pesanan_jenis_packing, detail_pesanan_keterangan) VALUES ( NOW(), NOW(), 'superuser', 'superuser', 'PSN/20191003/001', '0000000001', 'KAIN POLOS', 'PRINT TAYO', 4, '001', 'BIRU', '', 0, 0, 0, 20, 'Kg', 5, 'Roll', ''),( NOW(), NOW(), 'superuser', 'superuser', 'PSN/20191003/001', '0000000002', 'KAIN POLOS', 'PRINT TAYO', 4, '002', 'MERAH', '', 0, 0, 0, 20, 'Kg', 5, 'Roll', ''),( NOW(), NOW(), 'superuser', 'superuser', 'PSN/20191003/001', '0000000003', 'KAIN POLOS', 'PRINT TAYO', 4, '003', 'HITAM', '', 0, 0, 0, 20, 'Kg', 5, 'Roll', ''),( NOW(), NOW(), 'superuser', 'superuser', 'PSN/20191003/001', '0000000004', 'KAIN POLOS', 'PRINT TAYO', 4, '004', 'ABU-ABU', '', 0, 0, 0, 20, 'Kg', 5, 'Roll', '') [] []
[2019-10-03 21:46:54] RabbitPrint.WARNING:  | | | proses_pesanan.php -> string query pesanan -> sql_pesanan : INSERT INTO pesanan (cre_tms, upd_tms, cre_usr, upd_usr, pesanan_no_pesanan, pesanan_no_surat_jalan_masuk, pesanan_jenis_pesanan, pesanan_tanggal_pesanan, pesanan_pelanggan_id, pesanan_total_qty, pesanan_total_qty_packing) VALUES (NOW(), NOW(), 'superuser', 'superuser', 'PSN/20191003/001', 'S03/10/2019', 'U', '2019-10-03', '2', 400, 20) [] []
[2019-10-03 21:46:54] RabbitPrint.WARNING:  | | | proses_pesanan.php -> insert ke pesanan -> sql_pesanan : INSERT INTO pesanan (cre_tms, upd_tms, cre_usr, upd_usr, pesanan_no_pesanan, pesanan_no_surat_jalan_masuk, pesanan_jenis_pesanan, pesanan_tanggal_pesanan, pesanan_pelanggan_id, pesanan_total_qty, pesanan_total_qty_packing) VALUES (NOW(), NOW(), 'superuser', 'superuser', 'PSN/20191003/001', 'S03/10/2019', 'U', '2019-10-03', '2', 400, 20) [] []
[2019-10-03 21:46:54] RabbitPrint.WARNING:  | | | proses_pesanan.php -> insert ke pesanan -> BERHASIL [] []
[2019-10-03 21:46:54] RabbitPrint.WARNING:  | | | proses_pesanan.php -> insert ke detail_pesanan -> BERHASIL [] []
[2019-10-03 21:46:57] RabbitPrint.WARNING:  | | | data_pelanggan.php -> sel_pelanggan : SELECT * FROM pelanggan [] []
[2019-10-03 21:46:57] RabbitPrint.WARNING:  | | | data_pelanggan.php -> jml. pelanggan : 1 [] []
[2019-10-03 21:46:57] RabbitPrint.WARNING:  | | | functions.php -> getDetailPesananKey() -> selectkey : SELECT MAX(detail_pesanan_key) AS detail_key FROM detail_pesanan; [] []
[2019-10-03 21:46:57] RabbitPrint.WARNING:  | | | functions.php -> getDetailPesananKey() -> detail_key : 0000000005 [] []
[2019-10-03 21:46:57] RabbitPrint.WARNING:  | | | pesanan.php -> load [] []
[2019-10-03 21:47:02] RabbitPrint.WARNING:  | | | daftar_pesanan.php -> membuka halaman [] []
[2019-10-03 21:47:02] RabbitPrint.WARNING:  | | | daftar_pesanan.php -> sel_pesanan : SELECT psn.*, plg.pelanggan_nama	FROM pesanan psn JOIN pelanggan plg ON plg.pelanggan_id = psn.pesanan_pelanggan_id ORDER BY psn.pesanan_id DESC [] []
[2019-10-03 21:47:02] RabbitPrint.WARNING:  | | | daftar_pesanan.php -> jml. pesanan : 0 [] []
[2019-10-03 21:47:07] RabbitPrint.WARNING:  | | | surat_jalan.php -> load [] []
[2019-10-03 21:47:07] RabbitPrint.WARNING:  | | | lihat_pesanan.php -> sel_psn : SELECT psn.*, dps.*, plg.pelanggan_nama AS pesanan_nama_plg, sj.surat_jalan_detail_subtotal_pack FROM pesanan psn JOIN detail_pesanan dps ON dps.detail_pesanan_no_pesanan = psn.pesanan_no_pesanan JOIN pelanggan plg ON plg.pelanggan_id = psn.pesanan_pelanggan_id LEFT JOIN surat_jalan_detail sj ON sj.surat_jalan_detail_pesanan_key = dps.detail_pesanan_key WHERE psn.pesanan_no_pesanan = 'PSN/20191003/001' [] []
[2019-10-03 21:47:12] RabbitPrint.WARNING:  | | | proses_surat_jalan.php -> buat_suratjalan [] []
[2019-10-03 21:47:12] RabbitPrint.WARNING:  | | | functions.php -> getKodeSuratJalan() -> selectkey : SELECT MAX(surat_jalan.surat_jalan_key) AS psnkey FROM surat_jalan WHERE surat_jalan.surat_jalan_key LIKE '%SRJ/20191003/%' [] []
[2019-10-03 21:47:12] RabbitPrint.WARNING:  | | | functions.php -> getKodeSuratJalan() -> psn_key : SRJ/20191003/001 [] []
[2019-10-03 21:47:12] RabbitPrint.WARNING:  | | | proses_surat_jalan.php -> list_barang : [{"surat_jalan_detail_pesanan_key":"0000000001","surat_jalan_detail_nama_barang":"KAIN POLOS","surat_jalan_detail_jenis_print":"PRINT TAYO","surat_jalan_detail_warna":"4","surat_jalan_detail_kain":"001","surat_jalan_detail_nama_warna":"BIRU","surat_jalan_detail_ukuran":"","surat_jalan_detail_subtotal_qty":"20","surat_jalan_detail_satuan_qty":"Kg","surat_jalan_detail_subtotal_pack":"5","surat_jalan_detail_satuan_pack":"Roll","surat_jalan_detail_keterangan":""},{"surat_jalan_detail_pesanan_key":"0000000002","surat_jalan_detail_nama_barang":"KAIN POLOS","surat_jalan_detail_jenis_print":"PRINT TAYO","surat_jalan_detail_warna":"4","surat_jalan_detail_kain":"002","surat_jalan_detail_nama_warna":"MERAH","surat_jalan_detail_ukuran":"","surat_jalan_detail_subtotal_qty":"20","surat_jalan_detail_satuan_qty":"Kg","surat_jalan_detail_subtotal_pack":"5","surat_jalan_detail_satuan_pack":"Roll","surat_jalan_detail_keterangan":""},{"surat_jalan_detail_pesanan_key":"0000000003","surat_jalan_detail_nama_barang":"KAIN POLOS","surat_jalan_detail_jenis_print":"PRINT TAYO","surat_jalan_detail_warna":"4","surat_jalan_detail_kain":"003","surat_jalan_detail_nama_warna":"HITAM","surat_jalan_detail_ukuran":"","surat_jalan_detail_subtotal_qty":"20","surat_jalan_detail_satuan_qty":"Kg","surat_jalan_detail_subtotal_pack":"5","surat_jalan_detail_satuan_pack":"Roll","surat_jalan_detail_keterangan":""},{"surat_jalan_detail_pesanan_key":"0000000004","surat_jalan_detail_nama_barang":"KAIN POLOS","surat_jalan_detail_jenis_print":"PRINT TAYO","surat_jalan_detail_warna":"4","surat_jalan_detail_kain":"004","surat_jalan_detail_nama_warna":"ABU-ABU","surat_jalan_detail_ukuran":"","surat_jalan_detail_subtotal_qty":"20","surat_jalan_detail_satuan_qty":"Kg","surat_jalan_detail_subtotal_pack":"5","surat_jalan_detail_satuan_pack":"Roll","surat_jalan_detail_keterangan":""}] [] []
[2019-10-03 21:47:12] RabbitPrint.WARNING:  | | | proses_surat_jalan.php -> insert ke surat_jalan -> sql_pesanan :  [] []
[2019-10-03 21:47:12] RabbitPrint.WARNING:  | | | proses_surat_jalan.php -> insert ke surat_jalan -> BERHASIL [] []
[2019-10-03 21:47:12] RabbitPrint.WARNING:  | | | proses_surat_jalan.php -> insert ke surat_jalan_detail -> sql_detail : INSERT INTO surat_jalan_detail (cre_tms, upd_tms, cre_usr, upd_usr, surat_jalan_detail_surat_jalan_key, surat_jalan_detail_kain, surat_jalan_detail_nama_warna, surat_jalan_detail_pesanan_key, surat_jalan_detail_nama_barang, surat_jalan_detail_jenis_print, surat_jalan_detail_warna, surat_jalan_detail_ukuran, surat_jalan_detail_subtotal_qty, surat_jalan_detail_satuan_qty, surat_jalan_detail_subtotal_pack, surat_jalan_detail_satuan_pack, surat_jalan_detail_keterangan) VALUES ( NOW(), NOW(), 'superuser', 'superuser', 'SRJ/20191003/001', '001', 'BIRU', '0000000001', 'KAIN POLOS', 'PRINT TAYO', 4, '', 20, 'Kg', 5, 'Roll', ''),( NOW(), NOW(), 'superuser', 'superuser', 'SRJ/20191003/001', '002', 'MERAH', '0000000002', 'KAIN POLOS', 'PRINT TAYO', 4, '', 20, 'Kg', 5, 'Roll', ''),( NOW(), NOW(), 'superuser', 'superuser', 'SRJ/20191003/001', '003', 'HITAM', '0000000003', 'KAIN POLOS', 'PRINT TAYO', 4, '', 20, 'Kg', 5, 'Roll', ''),( NOW(), NOW(), 'superuser', 'superuser', 'SRJ/20191003/001', '004', 'ABU-ABU', '0000000004', 'KAIN POLOS', 'PRINT TAYO', 4, '', 20, 'Kg', 5, 'Roll', '') [] []
[2019-10-03 21:47:12] RabbitPrint.WARNING:  | | | proses_surat_jalan.php -> insert ke surat_jalan_detail -> BERHASIL [] []
[2019-10-03 21:47:12] RabbitPrint.WARNING:  | | | proses_surat_jalan.php -> response : Array [] []
[2019-10-03 21:47:12] RabbitPrint.WARNING:  | | | proses_surat_jalan.php -> sql_pesanan : INSERT INTO surat_jalan (cre_tms, upd_tms, cre_usr, upd_usr, surat_jalan_key, surat_jalan_nomor, surat_jalan_tanggal, surat_jalan_jenis_pesanan, surat_jalan_pelanggan_id, surat_jalan_no_pesanan, surat_jalan_total, surat_jalan_status) VALUES (NOW(), NOW(), 'superuser', 'superuser', 'SRJ/20191003/001', 'S03/10/2019', '2019-10-03', 'U', 2, 'PSN/20191003/001', 400, 'B') [] []
[2019-10-03 21:47:12] RabbitPrint.WARNING:  | | | proses_surat_jalan.php -> insert ke surat_jalan -> BERHASIL [] []
[2019-10-03 21:47:12] RabbitPrint.WARNING:  | | | proses_surat_jalan.php -> response : Array [] []
[2019-10-03 21:47:15] RabbitPrint.WARNING:  | | | cetak_surat_jalan.php -> sel_pesanan : SELECT sj.*, p.pelanggan_nama, p.pelanggan_telp, p.pelanggan_alamat, u.nama AS createby FROM surat_jalan sj JOIN pelanggan p ON p.pelanggan_id = sj.surat_jalan_pelanggan_id JOIN s_user u ON u.username = sj.cre_usr WHERE sj.surat_jalan_key = 'SRJ/20191003/001' [] []
[2019-10-03 21:47:15] RabbitPrint.WARNING:  | | | cetak_surat_jalan.php -> sel_detailsj : SELECT sj.*, dp.* FROM surat_jalan_detail sj JOIN detail_pesanan dp ON dp.detail_pesanan_key = sj.surat_jalan_detail_pesanan_key WHERE surat_jalan_detail_surat_jalan_key = 'SRJ/20191003/001' [] []
[2019-10-03 21:47:21] RabbitPrint.WARNING:  | | | surat_jalan.php -> load [] []
[2019-10-03 21:47:21] RabbitPrint.WARNING:  | | | lihat_pesanan.php -> sel_psn : SELECT psn.*, dps.*, plg.pelanggan_nama AS pesanan_nama_plg, sj.surat_jalan_detail_subtotal_pack FROM pesanan psn JOIN detail_pesanan dps ON dps.detail_pesanan_no_pesanan = psn.pesanan_no_pesanan JOIN pelanggan plg ON plg.pelanggan_id = psn.pesanan_pelanggan_id LEFT JOIN surat_jalan_detail sj ON sj.surat_jalan_detail_pesanan_key = dps.detail_pesanan_key WHERE psn.pesanan_no_pesanan = 'PSN/20191003/001' [] []
[2019-10-03 21:47:26] RabbitPrint.WARNING:  | | | daftar_surat_jalan.php -> membuka halaman [] []
[2019-10-03 21:47:26] RabbitPrint.WARNING:  | | | daftar_surat_)jalan.php -> sel_daftar_surat_jalan : SELECT * FROM surat_jalan ORDER BY surat_jalan_id DESC [] []
[2019-10-03 21:47:26] RabbitPrint.WARNING:  | | | daftar_surat_jalan.php -> sel_plg -> SELECT pelanggan_nama FROM pelanggan WHERE pelanggan_id = 2 [] []
[2019-10-03 21:47:26] RabbitPrint.WARNING:  | | | daftar_surat_jalan.php -> sel_user -> SELECT nama FROM s_user WHERE username = 'superuser' [] []
[2019-10-03 21:47:30] RabbitPrint.WARNING:  | | | cetak_surat_jalan.php -> sel_pesanan : SELECT sj.*, p.pelanggan_nama, p.pelanggan_telp, p.pelanggan_alamat, u.nama AS createby FROM surat_jalan sj JOIN pelanggan p ON p.pelanggan_id = sj.surat_jalan_pelanggan_id JOIN s_user u ON u.username = sj.cre_usr WHERE sj.surat_jalan_key = 'SRJ/20191003/001' [] []
[2019-10-03 21:47:30] RabbitPrint.WARNING:  | | | cetak_surat_jalan.php -> sel_detailsj : SELECT sj.*, dp.* FROM surat_jalan_detail sj JOIN detail_pesanan dp ON dp.detail_pesanan_key = sj.surat_jalan_detail_pesanan_key WHERE surat_jalan_detail_surat_jalan_key = 'SRJ/20191003/001' [] []
[2019-10-03 21:47:44] RabbitPrint.WARNING:  | | | daftar_invoice.php -> membuka halaman [] []
[2019-10-03 21:47:44] RabbitPrint.WARNING:  | | | daftar_invoice.php -> sel_invoice : SELECT inv.*, plg.pelanggan_nama FROM invoice_keluar inv JOIN pelanggan plg ON plg.pelanggan_id = inv.invoice_keluar_pelanggan_id ORDER BY inv.invoice_keluar_id DESC [] []
[2019-10-03 21:47:44] RabbitPrint.WARNING:  | | | data_pelanggan.php -> sel_pelanggan : SELECT p.* FROM pelanggan p JOIN invoice_keluar inv ON p.pelanggan_id = inv.invoice_keluar_pelanggan_id WHERE p.pelanggan_id > 0 GROUP BY p.pelanggan_nama; [] []
[2019-10-03 21:47:49] RabbitPrint.WARNING:  | | | daftar_surat_jalan.php -> membuka halaman [] []
[2019-10-03 21:47:49] RabbitPrint.WARNING:  | | | daftar_surat_)jalan.php -> sel_daftar_surat_jalan : SELECT * FROM surat_jalan ORDER BY surat_jalan_id DESC [] []
[2019-10-03 21:47:49] RabbitPrint.WARNING:  | | | daftar_surat_jalan.php -> sel_plg -> SELECT pelanggan_nama FROM pelanggan WHERE pelanggan_id = 2 [] []
[2019-10-03 21:47:49] RabbitPrint.WARNING:  | | | daftar_surat_jalan.php -> sel_user -> SELECT nama FROM s_user WHERE username = 'superuser' [] []
[2019-10-03 21:47:52] RabbitPrint.WARNING:  | | | daftar_pesanan.php -> membuka halaman [] []
[2019-10-03 21:47:52] RabbitPrint.WARNING:  | | | daftar_pesanan.php -> sel_pesanan : SELECT psn.*, plg.pelanggan_nama	FROM pesanan psn JOIN pelanggan plg ON plg.pelanggan_id = psn.pesanan_pelanggan_id ORDER BY psn.pesanan_id DESC [] []
[2019-10-03 21:47:52] RabbitPrint.WARNING:  | | | daftar_pesanan.php -> jml. pesanan : 0 [] []
[2019-10-03 21:47:57] RabbitPrint.WARNING:  | | | surat_jalan.php -> load [] []
[2019-10-03 21:47:57] RabbitPrint.WARNING:  | | | lihat_pesanan.php -> sel_psn : SELECT psn.*, dps.*, plg.pelanggan_nama AS pesanan_nama_plg, sj.surat_jalan_detail_subtotal_pack FROM pesanan psn JOIN detail_pesanan dps ON dps.detail_pesanan_no_pesanan = psn.pesanan_no_pesanan JOIN pelanggan plg ON plg.pelanggan_id = psn.pesanan_pelanggan_id LEFT JOIN surat_jalan_detail sj ON sj.surat_jalan_detail_pesanan_key = dps.detail_pesanan_key WHERE psn.pesanan_no_pesanan = 'PSN/20191003/001' [] []
[2019-10-03 21:48:03] RabbitPrint.WARNING:  | | | daftar_surat_jalan.php -> membuka halaman [] []
[2019-10-03 21:48:03] RabbitPrint.WARNING:  | | | daftar_surat_)jalan.php -> sel_daftar_surat_jalan : SELECT * FROM surat_jalan ORDER BY surat_jalan_id DESC [] []
[2019-10-03 21:48:03] RabbitPrint.WARNING:  | | | daftar_surat_jalan.php -> sel_plg -> SELECT pelanggan_nama FROM pelanggan WHERE pelanggan_id = 2 [] []
[2019-10-03 21:48:03] RabbitPrint.WARNING:  | | | daftar_surat_jalan.php -> sel_user -> SELECT nama FROM s_user WHERE username = 'superuser' [] []
[2019-10-03 21:48:07] RabbitPrint.WARNING:  | | | daftar_invoice.php -> membuka halaman [] []
[2019-10-03 21:48:07] RabbitPrint.WARNING:  | | | daftar_invoice.php -> sel_invoice : SELECT inv.*, plg.pelanggan_nama FROM invoice_keluar inv JOIN pelanggan plg ON plg.pelanggan_id = inv.invoice_keluar_pelanggan_id ORDER BY inv.invoice_keluar_id DESC [] []
[2019-10-03 21:48:07] RabbitPrint.WARNING:  | | | data_pelanggan.php -> sel_pelanggan : SELECT p.* FROM pelanggan p JOIN invoice_keluar inv ON p.pelanggan_id = inv.invoice_keluar_pelanggan_id WHERE p.pelanggan_id > 0 GROUP BY p.pelanggan_nama; [] []
[2019-10-03 21:48:11] RabbitPrint.WARNING:  | | | tambah_invoice.php -> membuka halaman [] []
[2019-10-03 21:48:11] RabbitPrint.WARNING:  | | | tambah_invoice.php -> sel_pelanggan : SELECT p.* FROM pelanggan p JOIN surat_jalan sj ON p.pelanggan_id = sj.surat_jalan_pelanggan_id WHERE p.pelanggan_id > 0 AND sj.surat_jalan_status = 'B' GROUP BY p.pelanggan_nama [] []
[2019-10-03 21:48:11] RabbitPrint.WARNING:  | | | tambah_invoice.php -> sel_sj : SELECT p.pelanggan_nama, p.pelanggan_telp, p.pelanggan_alamat, sj.*, sjd.surat_jalan_detail_nama_barang, sjd.surat_jalan_detail_jenis_print, sjd.surat_jalan_detail_satuan_qty FROM surat_jalan sj JOIN surat_jalan_detail sjd ON sjd.surat_jalan_detail_surat_jalan_key = sj.surat_jalan_key JOIN pelanggan p ON p.pelanggan_id = sj.surat_jalan_pelanggan_id WHERE sj.surat_jalan_pelanggan_id = AND sj.surat_jalan_status = 'B' AND sj.surat_jalan_tanggal LIKE '-%' GROUP BY sjd.surat_jalan_detail_surat_jalan_key, sjd.surat_jalan_detail_nama_barang ORDER BY sjd.surat_jalan_detail_surat_jalan_key [] []
[2019-10-03 21:48:20] RabbitPrint.WARNING:  | | | tambah_invoice.php -> membuka halaman [] []
[2019-10-03 21:48:20] RabbitPrint.WARNING:  | | | tambah_invoice.php -> sel_pelanggan : SELECT p.* FROM pelanggan p JOIN surat_jalan sj ON p.pelanggan_id = sj.surat_jalan_pelanggan_id WHERE p.pelanggan_id > 0 AND sj.surat_jalan_status = 'B' GROUP BY p.pelanggan_nama [] []
[2019-10-03 21:48:20] RabbitPrint.WARNING:  | | | tambah_invoice.php -> sel_sj : SELECT p.pelanggan_nama, p.pelanggan_telp, p.pelanggan_alamat, sj.*, sjd.surat_jalan_detail_nama_barang, sjd.surat_jalan_detail_jenis_print, sjd.surat_jalan_detail_satuan_qty FROM surat_jalan sj JOIN surat_jalan_detail sjd ON sjd.surat_jalan_detail_surat_jalan_key = sj.surat_jalan_key JOIN pelanggan p ON p.pelanggan_id = sj.surat_jalan_pelanggan_id WHERE sj.surat_jalan_pelanggan_id = 2 AND sj.surat_jalan_status = 'B' AND sj.surat_jalan_tanggal LIKE '2019-10%' GROUP BY sjd.surat_jalan_detail_surat_jalan_key, sjd.surat_jalan_detail_nama_barang ORDER BY sjd.surat_jalan_detail_surat_jalan_key [] []
[2019-10-03 21:48:20] RabbitPrint.WARNING:  | | | tambah_invoice.php -> jml. pelanggan : 0 [] []
[2019-10-03 21:48:29] RabbitPrint.WARNING:  | | | functions.php -> getKodeInvoice() -> selectkey : SELECT MAX(inv.invoice_keluar_no_invoice) AS psnkey FROM invoice_keluar inv WHERE inv.invoice_keluar_no_invoice LIKE '%INV/20191003/%' [] []
[2019-10-03 21:48:29] RabbitPrint.WARNING:  | | | functions.php -> getKodeInvoice() -> psn_key : INV/20191003/001 [] []
[2019-10-03 21:48:29] RabbitPrint.WARNING:  | | | tambah_invoice.php -> simpan_invoice [START] [] []
[2019-10-03 21:48:29] RabbitPrint.WARNING:  | | | tambah_invoice.php -> insert ke invoice -> sql : INSERT INTO invoice_keluar (cre_tms, upd_tms, cre_usr, upd_usr, invoice_keluar_no_invoice, invoice_keluar_pelanggan_id, invoice_keluar_tanggal_kirim, invoice_keluar_total_harga) VALUES (NOW(), NOW(), 'superuser', 'superuser', 'INV/20191003/001', 2, '2019-10-03', 8000000) [] []
[2019-10-03 21:48:29] RabbitPrint.WARNING:  | | | tambah_invoice.php -> insert ke invoice_keluar_detail -> sql_detail : INSERT INTO invoice_keluar_detail (cre_tms, upd_tms, cre_usr, upd_usr, invoice_keluar_detail_no_invoice, invoice_keluar_detail_surat_jalan_nomor, invoice_keluar_detail_jenis_print, invoice_keluar_detail_total_barang, invoice_keluar_detail_satuan, invoice_keluar_detail_harga, invoice_keluar_detail_subtotal_harga) VALUES ( NOW(), NOW(), 'superuser', 'superuser', 'INV/20191003/001', 'SRJ/20191003/001', 'PRINT TAYO', 400, 'Kg', 20000, 8000000) [] []
[2019-10-03 21:48:29] RabbitPrint.WARNING:  | | | tambah_invoice.php -> query_upd : UPDATE surat_jalan s SET s.surat_jalan_status = 'I' WHERE s.surat_jalan_key IN ('SRJ/20191003/001') [] []
[2019-10-03 21:48:29] RabbitPrint.WARNING:  | | | tambah_invoice.php -> insert ke invoice_keluar_detail -> BERHASIL [] []
[2019-10-03 21:48:29] RabbitPrint.WARNING:  | | | tambah_invoice.php -> simpan_invoice [END] [] []
[2019-10-03 21:48:31] RabbitPrint.WARNING:  | | | tambah_invoice.php -> membuka halaman [] []
[2019-10-03 21:48:31] RabbitPrint.WARNING:  | | | tambah_invoice.php -> sel_pelanggan : SELECT p.* FROM pelanggan p JOIN surat_jalan sj ON p.pelanggan_id = sj.surat_jalan_pelanggan_id WHERE p.pelanggan_id > 0 AND sj.surat_jalan_status = 'B' GROUP BY p.pelanggan_nama [] []
[2019-10-03 21:48:31] RabbitPrint.WARNING:  | | | tambah_invoice.php -> sel_sj : SELECT p.pelanggan_nama, p.pelanggan_telp, p.pelanggan_alamat, sj.*, sjd.surat_jalan_detail_nama_barang, sjd.surat_jalan_detail_jenis_print, sjd.surat_jalan_detail_satuan_qty FROM surat_jalan sj JOIN surat_jalan_detail sjd ON sjd.surat_jalan_detail_surat_jalan_key = sj.surat_jalan_key JOIN pelanggan p ON p.pelanggan_id = sj.surat_jalan_pelanggan_id WHERE sj.surat_jalan_pelanggan_id = AND sj.surat_jalan_status = 'B' AND sj.surat_jalan_tanggal LIKE '-%' GROUP BY sjd.surat_jalan_detail_surat_jalan_key, sjd.surat_jalan_detail_nama_barang ORDER BY sjd.surat_jalan_detail_surat_jalan_key [] []
[2019-10-03 21:48:34] RabbitPrint.WARNING:  | | | tambah_invoice.php -> membuka halaman [] []
[2019-10-03 21:48:34] RabbitPrint.WARNING:  | | | tambah_invoice.php -> sel_pelanggan : SELECT p.* FROM pelanggan p JOIN surat_jalan sj ON p.pelanggan_id = sj.surat_jalan_pelanggan_id WHERE p.pelanggan_id > 0 AND sj.surat_jalan_status = 'B' GROUP BY p.pelanggan_nama [] []
[2019-10-03 21:48:34] RabbitPrint.WARNING:  | | | tambah_invoice.php -> sel_sj : SELECT p.pelanggan_nama, p.pelanggan_telp, p.pelanggan_alamat, sj.*, sjd.surat_jalan_detail_nama_barang, sjd.surat_jalan_detail_jenis_print, sjd.surat_jalan_detail_satuan_qty FROM surat_jalan sj JOIN surat_jalan_detail sjd ON sjd.surat_jalan_detail_surat_jalan_key = sj.surat_jalan_key JOIN pelanggan p ON p.pelanggan_id = sj.surat_jalan_pelanggan_id WHERE sj.surat_jalan_pelanggan_id = 2 AND sj.surat_jalan_status = 'B' AND sj.surat_jalan_tanggal LIKE '2019-10%' GROUP BY sjd.surat_jalan_detail_surat_jalan_key, sjd.surat_jalan_detail_nama_barang ORDER BY sjd.surat_jalan_detail_surat_jalan_key [] []
[2019-10-03 21:48:38] RabbitPrint.WARNING:  | | | daftar_invoice.php -> membuka halaman [] []
[2019-10-03 21:48:38] RabbitPrint.WARNING:  | | | daftar_invoice.php -> sel_invoice : SELECT inv.*, plg.pelanggan_nama FROM invoice_keluar inv JOIN pelanggan plg ON plg.pelanggan_id = inv.invoice_keluar_pelanggan_id ORDER BY inv.invoice_keluar_id DESC [] []
[2019-10-03 21:48:38] RabbitPrint.WARNING:  | | | data_pelanggan.php -> sel_pelanggan : SELECT p.* FROM pelanggan p JOIN invoice_keluar inv ON p.pelanggan_id = inv.invoice_keluar_pelanggan_id WHERE p.pelanggan_id > 0 GROUP BY p.pelanggan_nama; [] []
[2019-10-03 21:48:38] RabbitPrint.WARNING:  | | | daftar_invoice.php -> jml. invoice : 0 [] []
[2019-10-03 21:48:38] RabbitPrint.WARNING:  | | | data_pelanggan.php -> jml. pelanggan : 1 [] []
[2019-10-03 21:48:52] RabbitPrint.WARNING:  | | | daftar_invoice.php -> membuka halaman [] []
[2019-10-03 21:48:52] RabbitPrint.WARNING:  | | | daftar_invoice.php -> sel_invoice : SELECT inv.*, plg.pelanggan_nama FROM invoice_keluar inv JOIN pelanggan plg ON plg.pelanggan_id = inv.invoice_keluar_pelanggan_id ORDER BY inv.invoice_keluar_id DESC [] []
[2019-10-03 21:48:52] RabbitPrint.WARNING:  | | | data_pelanggan.php -> sel_pelanggan : SELECT p.* FROM pelanggan p JOIN invoice_keluar inv ON p.pelanggan_id = inv.invoice_keluar_pelanggan_id WHERE p.pelanggan_id > 0 GROUP BY p.pelanggan_nama; [] []
[2019-10-03 21:48:52] RabbitPrint.WARNING:  | | | daftar_invoice.php -> jml. invoice : 0 [] []
[2019-10-03 21:48:52] RabbitPrint.WARNING:  | | | data_pelanggan.php -> jml. pelanggan : 1 [] []
[2019-10-03 21:49:11] RabbitPrint.WARNING:  | | | daftar_invoice.php -> membuka halaman [] []
[2019-10-03 21:49:11] RabbitPrint.WARNING:  | | | daftar_invoice.php -> sel_invoice : SELECT inv.*, plg.pelanggan_nama FROM invoice_keluar inv JOIN pelanggan plg ON plg.pelanggan_id = inv.invoice_keluar_pelanggan_id ORDER BY inv.invoice_keluar_id DESC [] []
[2019-10-03 21:49:11] RabbitPrint.WARNING:  | | | data_pelanggan.php -> sel_pelanggan : SELECT p.* FROM pelanggan p JOIN invoice_keluar inv ON p.pelanggan_id = inv.invoice_keluar_pelanggan_id WHERE p.pelanggan_id > 0 GROUP BY p.pelanggan_nama; [] []
[2019-10-03 21:49:11] RabbitPrint.WARNING:  | | | daftar_invoice.php -> jml. invoice : 0 [] []
[2019-10-03 21:49:11] RabbitPrint.WARNING:  | | | data_pelanggan.php -> jml. pelanggan : 1 [] []
[2019-10-03 21:49:54] RabbitPrint.WARNING:  | | | daftar_invoice.php -> membuka halaman [] []
[2019-10-03 21:49:54] RabbitPrint.WARNING:  | | | daftar_invoice.php -> sel_invoice : SELECT inv.*, plg.pelanggan_nama FROM invoice_keluar inv JOIN pelanggan plg ON plg.pelanggan_id = inv.invoice_keluar_pelanggan_id ORDER BY inv.invoice_keluar_id DESC [] []
[2019-10-03 21:49:54] RabbitPrint.WARNING:  | | | data_pelanggan.php -> sel_pelanggan : SELECT p.* FROM pelanggan p JOIN invoice_keluar inv ON p.pelanggan_id = inv.invoice_keluar_pelanggan_id WHERE p.pelanggan_id > 0 GROUP BY p.pelanggan_nama; [] []
[2019-10-03 21:49:54] RabbitPrint.WARNING:  | | | daftar_invoice.php -> jml. invoice : 0 [] []
[2019-10-03 21:49:54] RabbitPrint.WARNING:  | | | data_pelanggan.php -> jml. pelanggan : 1 [] []
[2019-10-03 21:51:45] RabbitPrint.WARNING:  | | | daftar_invoice.php -> membuka halaman [] []
[2019-10-03 21:51:45] RabbitPrint.WARNING:  | | | daftar_invoice.php -> sel_invoice : SELECT inv.*, plg.pelanggan_nama FROM invoice_keluar inv JOIN pelanggan plg ON plg.pelanggan_id = inv.invoice_keluar_pelanggan_id ORDER BY inv.invoice_keluar_id DESC [] []
[2019-10-03 21:51:45] RabbitPrint.WARNING:  | | | data_pelanggan.php -> sel_pelanggan : SELECT p.* FROM pelanggan p JOIN invoice_keluar inv ON p.pelanggan_id = inv.invoice_keluar_pelanggan_id WHERE p.pelanggan_id > 0 GROUP BY p.pelanggan_nama; [] []
[2019-10-03 21:51:45] RabbitPrint.WARNING:  | | | daftar_invoice.php -> jml. invoice : 0 [] []
[2019-10-03 21:51:45] RabbitPrint.WARNING:  | | | data_pelanggan.php -> jml. pelanggan : 1 [] []
[2019-10-03 21:52:00] RabbitPrint.WARNING:  | | | cetak_invoice.php -> sel_invoice : SELECT dinv.*, inv.*, sj.surat_jalan_nomor, sj.surat_jalan_tanggal FROM invoice_keluar inv JOIN invoice_keluar_detail dinv ON dinv.invoice_keluar_detail_no_invoice = inv.invoice_keluar_no_invoice JOIN surat_jalan sj ON sj.surat_jalan_key = dinv.invoice_keluar_detail_surat_jalan_nomor WHERE inv.invoice_keluar_tanggal_kirim BETWEEN '2019-10-01' AND '2019-10-31' AND inv.invoice_keluar_pelanggan_id = 2 [] []
[2019-10-03 21:52:00] RabbitPrint.WARNING:  | | | cetak_invoice.php -> sel_plg : SELECT pelanggan_nama FROM pelanggan WHERE pelanggan_id = 2 [] []
[2019-10-03 21:52:08] RabbitPrint.WARNING:  | | | daftar_invoice.php -> membuka halaman [] []
[2019-10-03 21:52:08] RabbitPrint.WARNING:  | | | daftar_invoice.php -> sel_invoice : SELECT inv.*, plg.pelanggan_nama FROM invoice_keluar inv JOIN pelanggan plg ON plg.pelanggan_id = inv.invoice_keluar_pelanggan_id ORDER BY inv.invoice_keluar_id DESC [] []
[2019-10-03 21:52:08] RabbitPrint.WARNING:  | | | data_pelanggan.php -> sel_pelanggan : SELECT p.* FROM pelanggan p JOIN invoice_keluar inv ON p.pelanggan_id = inv.invoice_keluar_pelanggan_id WHERE p.pelanggan_id > 0 GROUP BY p.pelanggan_nama; [] []
[2019-10-03 21:52:08] RabbitPrint.WARNING:  | | | daftar_invoice.php -> jml. invoice : 0 [] []
[2019-10-03 21:52:08] RabbitPrint.WARNING:  | | | data_pelanggan.php -> jml. pelanggan : 1 [] []
[2019-10-03 21:52:17] RabbitPrint.WARNING:  | | | cetak_invoice.php -> sel_invoice : SELECT SUM(inv.invoice_keluar_total_harga) AS total, plg.pelanggan_nama FROM invoice_keluar inv JOIN pelanggan plg ON plg.pelanggan_id = inv.invoice_keluar_pelanggan_id WHERE inv.invoice_keluar_tanggal_kirim BETWEEN '01-10-2019' AND '31-10-2019' GROUP BY plg.pelanggan_nama [] []
[2019-10-03 21:52:32] RabbitPrint.WARNING:  | | | daftar_invoice.php -> membuka halaman [] []
[2019-10-03 21:52:32] RabbitPrint.WARNING:  | | | daftar_invoice.php -> sel_invoice : SELECT inv.*, plg.pelanggan_nama FROM invoice_keluar inv JOIN pelanggan plg ON plg.pelanggan_id = inv.invoice_keluar_pelanggan_id ORDER BY inv.invoice_keluar_id DESC [] []
[2019-10-03 21:52:32] RabbitPrint.WARNING:  | | | data_pelanggan.php -> sel_pelanggan : SELECT p.* FROM pelanggan p JOIN invoice_keluar inv ON p.pelanggan_id = inv.invoice_keluar_pelanggan_id WHERE p.pelanggan_id > 0 GROUP BY p.pelanggan_nama; [] []
[2019-10-03 21:52:32] RabbitPrint.WARNING:  | | | daftar_invoice.php -> jml. invoice : 0 [] []
[2019-10-03 21:52:32] RabbitPrint.WARNING:  | | | data_pelanggan.php -> jml. pelanggan : 1 [] []
