[2019-06-18 23:00:43] RabbitPrint.WARNING:  | | | proses_login.php -> cek user -> sql_user : SELECT * FROM s_user WHERE username LIKE 'superuser' AND password LIKE '21232f297a57a5a743894a0e4a801fc3' LIMIT 1 [] []
[2019-06-18 23:00:43] RabbitPrint.WARNING:  | | | proses_login.php -> id_user : 1 [] []
[2019-06-18 23:00:43] RabbitPrint.WARNING:  | | | proses_login.php -> insert ke s_login -> sql_login : INSERT INTO s_login (key_login, id_user, waktu_login, waktu_kadaluarsa, status, ip, pc_dan_browser) VALUES ('15608736437478', '1', '2019-06-18 23:00:43', '2019-06-19 23:00:43', '1', '::1', 'mozilla/5.0 (windows nt 10.0; win64; x64) applewebkit/537.36 (khtml, like gecko) chrome/74.0.3729.169 safari/537.36') [] []
[2019-06-18 23:00:43] RabbitPrint.WARNING:  | | | proses_login.php -> insert ke s_login -> SUCCESS [] []
[2019-06-18 23:00:43] RabbitPrint.WARNING:  | | | proses_login.php -> LOGIN SUKSES!! [] []
[2019-06-18 23:00:53] RabbitPrint.WARNING:  | | | daftar_surat_jalan.php -> membuka halaman [] []
[2019-06-18 23:00:53] RabbitPrint.WARNING:  | | | daftar_surat_)jalan.php -> sel_daftar_surat_jalan : SELECT * FROM surat_jalan ORDER BY surat_jalan_id DESC [] []
[2019-06-18 23:00:53] RabbitPrint.WARNING:  | | | daftar_surat_jalan.php -> sel_plg -> SELECT pelanggan_nama FROM pelanggan WHERE pelanggan_id = 6 [] []
[2019-06-18 23:00:53] RabbitPrint.WARNING:  | | | daftar_surat_jalan.php -> sel_user -> SELECT nama FROM s_user WHERE username = 'superuser' [] []
[2019-06-18 23:00:53] RabbitPrint.WARNING:  | | | daftar_surat_jalan.php -> sel_plg -> SELECT pelanggan_nama FROM pelanggan WHERE pelanggan_id = 4 [] []
[2019-06-18 23:00:53] RabbitPrint.WARNING:  | | | daftar_surat_jalan.php -> sel_user -> SELECT nama FROM s_user WHERE username = 'superuser' [] []
[2019-06-18 23:00:55] RabbitPrint.WARNING:  | | | daftar_pesanan.php -> membuka halaman [] []
[2019-06-18 23:00:55] RabbitPrint.WARNING:  | | | daftar_pesanan.php -> sel_pesanan : SELECT psn.*, plg.pelanggan_nama	FROM pesanan psn JOIN pelanggan plg ON plg.pelanggan_id = psn.pesanan_pelanggan_id ORDER BY psn.pesanan_id DESC [] []
[2019-06-18 23:00:55] RabbitPrint.WARNING:  | | | daftar_pesanan.php -> jml. pesanan : 0 [] []
[2019-06-18 23:01:00] RabbitPrint.WARNING:  | | | surat_jalan.php -> load [] []
[2019-06-18 23:01:00] RabbitPrint.WARNING:  | | | lihat_pesanan.php -> sel_psn : SELECT psn.*, dps.*, plg.pelanggan_nama AS pesanan_nama_plg, sj.surat_jalan_detail_subtotal_pack FROM pesanan psn JOIN detail_pesanan dps ON dps.detail_pesanan_no_pesanan = psn.pesanan_no_pesanan JOIN pelanggan plg ON plg.pelanggan_id = psn.pesanan_pelanggan_id LEFT JOIN surat_jalan_detail sj ON sj.surat_jalan_detail_pesanan_key = dps.detail_pesanan_key WHERE psn.pesanan_no_pesanan = 'PSN/20190616/003' [] []
[2019-06-18 23:01:05] RabbitPrint.WARNING:  | | | proses_surat_jalan.php -> buat_suratjalan [] []
[2019-06-18 23:01:05] RabbitPrint.WARNING:  | | | functions.php -> getKodeSuratJalan() -> selectkey : SELECT MAX(surat_jalan.surat_jalan_key) AS psnkey FROM surat_jalan WHERE surat_jalan.surat_jalan_key LIKE '%SRJ/20190618/%' [] []
[2019-06-18 23:01:05] RabbitPrint.WARNING:  | | | functions.php -> getKodeSuratJalan() -> psn_key : SRJ/20190618/001 [] []
[2019-06-18 23:01:05] RabbitPrint.WARNING:  | | | proses_surat_jalan.php -> list_barang : [{"surat_jalan_detail_pesanan_key":"0000000006","surat_jalan_detail_nama_barang":"XXX","surat_jalan_detail_jenis_print":"XXX","surat_jalan_detail_warna":"3","surat_jalan_detail_kain":"A1111","surat_jalan_detail_nama_warna":"MERAH","surat_jalan_detail_subtotal_qty":"10","surat_jalan_detail_satuan_qty":"Kg","surat_jalan_detail_subtotal_pack":"1","surat_jalan_detail_satuan_pack":"Roll"},{"surat_jalan_detail_pesanan_key":"0000000007","surat_jalan_detail_nama_barang":"XXX","surat_jalan_detail_jenis_print":"XXX","surat_jalan_detail_warna":"3","surat_jalan_detail_kain":"A132","surat_jalan_detail_nama_warna":"HIJAU","surat_jalan_detail_subtotal_qty":"10","surat_jalan_detail_satuan_qty":"Kg","surat_jalan_detail_subtotal_pack":"2","surat_jalan_detail_satuan_pack":"Roll"},{"surat_jalan_detail_pesanan_key":"0000000008","surat_jalan_detail_nama_barang":"QQQQ","surat_jalan_detail_jenis_print":"QQQQQ","surat_jalan_detail_warna":"2","surat_jalan_detail_kain":"V111","surat_jalan_detail_nama_warna":"AASS","surat_jalan_detail_subtotal_qty":"20","surat_jalan_detail_satuan_qty":"Kg","surat_jalan_detail_subtotal_pack":"5","surat_jalan_detail_satuan_pack":"Roll"}] [] []
[2019-06-18 23:01:05] RabbitPrint.WARNING:  | | | proses_surat_jalan.php -> insert ke surat_jalan -> sql_pesanan :  [] []
[2019-06-18 23:01:05] RabbitPrint.WARNING:  | | | proses_surat_jalan.php -> insert ke surat_jalan -> BERHASIL [] []
[2019-06-18 23:01:05] RabbitPrint.WARNING:  | | | proses_surat_jalan.php -> insert ke surat_jalan_detail -> sql_detail : INSERT INTO surat_jalan_detail (cre_tms, upd_tms, cre_usr, upd_usr, surat_jalan_detail_surat_jalan_key, surat_jalan_detail_kain, surat_jalan_detail_nama_warna, surat_jalan_detail_pesanan_key, surat_jalan_detail_nama_barang, surat_jalan_detail_jenis_print, surat_jalan_detail_warna, surat_jalan_detail_subtotal_qty, surat_jalan_detail_satuan_qty, surat_jalan_detail_subtotal_pack, surat_jalan_detail_satuan_pack, surat_jalan_detail_keterangan) VALUES ( NOW(), NOW(), 'superuser', 'superuser', 'SRJ/20190618/001', 'A1111', 'MERAH', '0000000006', 'XXX', 'XXX', 3, 10, 'Kg', 1, 'Roll', '' ''),( NOW(), NOW(), 'superuser', 'superuser', 'SRJ/20190618/001', 'A132', 'HIJAU', '0000000007', 'XXX', 'XXX', 3, 10, 'Kg', 2, 'Roll', '' ''),( NOW(), NOW(), 'superuser', 'superuser', 'SRJ/20190618/001', 'V111', 'AASS', '0000000008', 'QQQQ', 'QQQQQ', 2, 20, 'Kg', 5, 'Roll', '' '') [] []
[2019-06-18 23:01:05] RabbitPrint.WARNING:  | | | proses_surat_jalan.php -> insert ke surat_jalan_detail -> BERHASIL [] []
[2019-06-18 23:01:05] RabbitPrint.WARNING:  | | | proses_surat_jalan.php -> response : Array [] []
[2019-06-18 23:01:05] RabbitPrint.WARNING:  | | | proses_surat_jalan.php -> sql_pesanan : INSERT INTO surat_jalan (cre_tms, upd_tms, cre_usr, upd_usr, surat_jalan_key, surat_jalan_nomor, surat_jalan_tanggal, surat_jalan_jenis_pesanan, surat_jalan_pelanggan_id, surat_jalan_no_pesanan, surat_jalan_total, surat_jalan_status) VALUES (NOW(), NOW(), 'superuser', 'superuser', 'SRJ/20190618/001', 'AQ1111', '2019-06-18', 'U', 5, 'PSN/20190616/003', 130, 'B') [] []
[2019-06-18 23:01:05] RabbitPrint.WARNING:  | | | proses_surat_jalan.php -> insert ke surat_jalan -> BERHASIL [] []
[2019-06-18 23:01:05] RabbitPrint.WARNING:  | | | proses_surat_jalan.php -> response : Array [] []
[2019-06-18 23:01:06] RabbitPrint.WARNING:  | | | cetak_surat_jalan.php -> sel_pesanan : SELECT sj.*, p.pelanggan_nama, p.pelanggan_telp, p.pelanggan_alamat, u.nama AS createby FROM surat_jalan sj JOIN pelanggan p ON p.pelanggan_id = sj.surat_jalan_pelanggan_id JOIN s_user u ON u.username = sj.cre_usr WHERE sj.surat_jalan_key = 'SRJ/20190618/001' [] []
[2019-06-18 23:01:06] RabbitPrint.WARNING:  | | | cetak_surat_jalan.php -> sel_detailsj : SELECT sj.*, dp.* FROM surat_jalan_detail sj JOIN detail_pesanan dp ON dp.detail_pesanan_key = sj.surat_jalan_detail_pesanan_key WHERE surat_jalan_detail_surat_jalan_key = 'SRJ/20190618/001' [] []
[2019-06-18 23:01:17] RabbitPrint.WARNING:  | | | daftar_surat_jalan.php -> membuka halaman [] []
[2019-06-18 23:01:17] RabbitPrint.WARNING:  | | | daftar_surat_)jalan.php -> sel_daftar_surat_jalan : SELECT * FROM surat_jalan ORDER BY surat_jalan_id DESC [] []
[2019-06-18 23:01:17] RabbitPrint.WARNING:  | | | daftar_surat_jalan.php -> sel_plg -> SELECT pelanggan_nama FROM pelanggan WHERE pelanggan_id = 5 [] []
[2019-06-18 23:01:17] RabbitPrint.WARNING:  | | | daftar_surat_jalan.php -> sel_user -> SELECT nama FROM s_user WHERE username = 'superuser' [] []
[2019-06-18 23:01:17] RabbitPrint.WARNING:  | | | daftar_surat_jalan.php -> sel_plg -> SELECT pelanggan_nama FROM pelanggan WHERE pelanggan_id = 6 [] []
[2019-06-18 23:01:17] RabbitPrint.WARNING:  | | | daftar_surat_jalan.php -> sel_user -> SELECT nama FROM s_user WHERE username = 'superuser' [] []
[2019-06-18 23:01:17] RabbitPrint.WARNING:  | | | daftar_surat_jalan.php -> sel_plg -> SELECT pelanggan_nama FROM pelanggan WHERE pelanggan_id = 4 [] []
[2019-06-18 23:01:17] RabbitPrint.WARNING:  | | | daftar_surat_jalan.php -> sel_user -> SELECT nama FROM s_user WHERE username = 'superuser' [] []
[2019-06-18 23:01:21] RabbitPrint.WARNING:  | | | cetak_surat_jalan.php -> sel_pesanan : SELECT sj.*, p.pelanggan_nama, p.pelanggan_telp, p.pelanggan_alamat, u.nama AS createby FROM surat_jalan sj JOIN pelanggan p ON p.pelanggan_id = sj.surat_jalan_pelanggan_id JOIN s_user u ON u.username = sj.cre_usr WHERE sj.surat_jalan_key = 'SRJ/20190616/002' [] []
[2019-06-18 23:01:21] RabbitPrint.WARNING:  | | | cetak_surat_jalan.php -> sel_detailsj : SELECT sj.*, dp.* FROM surat_jalan_detail sj JOIN detail_pesanan dp ON dp.detail_pesanan_key = sj.surat_jalan_detail_pesanan_key WHERE surat_jalan_detail_surat_jalan_key = 'SRJ/20190616/002' [] []
[2019-06-18 23:01:27] RabbitPrint.WARNING:  | | | daftar_surat_jalan.php -> membuka halaman [] []
[2019-06-18 23:01:27] RabbitPrint.WARNING:  | | | daftar_surat_)jalan.php -> sel_daftar_surat_jalan : SELECT * FROM surat_jalan ORDER BY surat_jalan_id DESC [] []
[2019-06-18 23:01:27] RabbitPrint.WARNING:  | | | daftar_surat_jalan.php -> sel_plg -> SELECT pelanggan_nama FROM pelanggan WHERE pelanggan_id = 5 [] []
[2019-06-18 23:01:27] RabbitPrint.WARNING:  | | | daftar_surat_jalan.php -> sel_user -> SELECT nama FROM s_user WHERE username = 'superuser' [] []
[2019-06-18 23:01:27] RabbitPrint.WARNING:  | | | daftar_surat_jalan.php -> sel_plg -> SELECT pelanggan_nama FROM pelanggan WHERE pelanggan_id = 6 [] []
[2019-06-18 23:01:27] RabbitPrint.WARNING:  | | | daftar_surat_jalan.php -> sel_user -> SELECT nama FROM s_user WHERE username = 'superuser' [] []
[2019-06-18 23:01:27] RabbitPrint.WARNING:  | | | daftar_surat_jalan.php -> sel_plg -> SELECT pelanggan_nama FROM pelanggan WHERE pelanggan_id = 4 [] []
[2019-06-18 23:01:27] RabbitPrint.WARNING:  | | | daftar_surat_jalan.php -> sel_user -> SELECT nama FROM s_user WHERE username = 'superuser' [] []
[2019-06-18 23:11:08] RabbitPrint.WARNING:  | | | daftar_pesanan.php -> membuka halaman [] []
[2019-06-18 23:11:08] RabbitPrint.WARNING:  | | | daftar_pesanan.php -> sel_pesanan : SELECT psn.*, plg.pelanggan_nama	FROM pesanan psn JOIN pelanggan plg ON plg.pelanggan_id = psn.pesanan_pelanggan_id ORDER BY psn.pesanan_id DESC [] []
[2019-06-18 23:11:08] RabbitPrint.WARNING:  | | | daftar_pesanan.php -> jml. pesanan : 0 [] []
[2019-06-18 23:11:10] RabbitPrint.WARNING:  | | | data_pelanggan.php -> sel_pelanggan : SELECT * FROM pelanggan [] []
[2019-06-18 23:11:10] RabbitPrint.WARNING:  | | | data_pelanggan.php -> jml. pelanggan : 1 [] []
[2019-06-18 23:11:10] RabbitPrint.WARNING:  | | | functions.php -> getDetailPesananKey() -> selectkey : SELECT MAX(detail_pesanan_key) AS detail_key FROM detail_pesanan; [] []
[2019-06-18 23:11:10] RabbitPrint.WARNING:  | | | functions.php -> getDetailPesananKey() -> detail_key : 0000000009 [] []
[2019-06-18 23:11:10] RabbitPrint.WARNING:  | | | pesanan.php -> load [] []
[2019-06-18 23:12:05] RabbitPrint.WARNING:  | | | functions.php -> getKodePesanan() -> selectkey : SELECT MAX(pesanan.pesanan_no_pesanan) AS psnkey FROM pesanan WHERE pesanan.pesanan_no_pesanan LIKE '%PSN/20190618/%' [] []
[2019-06-18 23:12:05] RabbitPrint.WARNING:  | | | functions.php -> getKodePesanan() -> psn_key : PSN/20190618/001 [] []
[2019-06-18 23:12:05] RabbitPrint.WARNING:  | | | proses_pesanan.php -> load.. [] []
[2019-06-18 23:12:05] RabbitPrint.WARNING:  | | | proses_pesanan.php -> string query detail_pesanan -> sql_detail : INSERT INTO detail_pesanan (cre_tms, upd_tms, cre_usr, upd_usr, detail_pesanan_no_pesanan, detail_pesanan_key, detail_pesanan_nama_barang, detail_pesanan_jenis_print, detail_pesanan_warna, detail_pesanan_detail_kain, detail_pesanan_nama_warna, detail_pesanan_ukuran, detail_pesanan_sisi_kanan, detail_pesanan_sisi_kiri, detail_pesanan_sisi_blkng, detail_pesanan_qty, detail_pesanan_satuan, detail_pesanan_qty_packing, detail_pesanan_jenis_packing, detail_pesanan_keterangan) VALUES ( NOW(), NOW(), 'superuser', 'superuser', 'PSN/20190618/001', '0000000009', 'AKJDKJ', 'KASDKN', 3, 'P0101', 'BIRU', '', 0, 0, 0, 20, 'Kg', 3, 'Roll', ''),( NOW(), NOW(), 'superuser', 'superuser', 'PSN/20190618/001', '0000000010', 'AKJDKJ', 'KASDKN', 3, 'O0102', 'MERAH', '', 0, 0, 0, 25.5, 'Kg', 2, 'Roll', '') [] []
[2019-06-18 23:12:05] RabbitPrint.WARNING:  | | | proses_pesanan.php -> string query pesanan -> sql_pesanan : INSERT INTO pesanan (cre_tms, upd_tms, cre_usr, upd_usr, pesanan_no_pesanan, pesanan_no_surat_jalan_masuk, pesanan_jenis_pesanan, pesanan_tanggal_pesanan, pesanan_pelanggan_id, pesanan_total_qty, pesanan_total_qty_packing) VALUES (NOW(), NOW(), 'superuser', 'superuser', 'PSN/20190618/001', 'PAKNAS01', 'U', '2019-06-18', '5', 111, 5) [] []
[2019-06-18 23:12:05] RabbitPrint.WARNING:  | | | proses_pesanan.php -> insert ke pesanan -> sql_pesanan : INSERT INTO pesanan (cre_tms, upd_tms, cre_usr, upd_usr, pesanan_no_pesanan, pesanan_no_surat_jalan_masuk, pesanan_jenis_pesanan, pesanan_tanggal_pesanan, pesanan_pelanggan_id, pesanan_total_qty, pesanan_total_qty_packing) VALUES (NOW(), NOW(), 'superuser', 'superuser', 'PSN/20190618/001', 'PAKNAS01', 'U', '2019-06-18', '5', 111, 5) [] []
[2019-06-18 23:12:05] RabbitPrint.WARNING:  | | | proses_pesanan.php -> insert ke pesanan -> BERHASIL [] []
[2019-06-18 23:12:05] RabbitPrint.WARNING:  | | | proses_pesanan.php -> insert ke detail_pesanan -> BERHASIL [] []
[2019-06-18 23:12:07] RabbitPrint.WARNING:  | | | data_pelanggan.php -> sel_pelanggan : SELECT * FROM pelanggan [] []
[2019-06-18 23:12:07] RabbitPrint.WARNING:  | | | data_pelanggan.php -> jml. pelanggan : 1 [] []
[2019-06-18 23:12:07] RabbitPrint.WARNING:  | | | functions.php -> getDetailPesananKey() -> selectkey : SELECT MAX(detail_pesanan_key) AS detail_key FROM detail_pesanan; [] []
[2019-06-18 23:12:07] RabbitPrint.WARNING:  | | | functions.php -> getDetailPesananKey() -> detail_key : 0000000011 [] []
[2019-06-18 23:12:07] RabbitPrint.WARNING:  | | | pesanan.php -> load [] []
[2019-06-18 23:12:11] RabbitPrint.WARNING:  | | | daftar_pesanan.php -> membuka halaman [] []
[2019-06-18 23:12:11] RabbitPrint.WARNING:  | | | daftar_pesanan.php -> sel_pesanan : SELECT psn.*, plg.pelanggan_nama	FROM pesanan psn JOIN pelanggan plg ON plg.pelanggan_id = psn.pesanan_pelanggan_id ORDER BY psn.pesanan_id DESC [] []
[2019-06-18 23:12:11] RabbitPrint.WARNING:  | | | daftar_pesanan.php -> jml. pesanan : 0 [] []
[2019-06-18 23:12:18] RabbitPrint.WARNING:  | | | data_pelanggan.php -> sel_pelanggan : SELECT * FROM pelanggan [] []
[2019-06-18 23:12:18] RabbitPrint.WARNING:  | | | data_pelanggan.php -> jml. pelanggan : 1 [] []
[2019-06-18 23:12:18] RabbitPrint.WARNING:  | | | lihat_pesanan.php -> load [] []
[2019-06-18 23:12:18] RabbitPrint.WARNING:  | | | lihat_pesanan.php -> sel_psn : SELECT * FROM pesanan WHERE pesanan_no_pesanan = 'PSN/20190618/001' [] []
[2019-06-18 23:12:18] RabbitPrint.WARNING:  | | | lihat_pesanan.php -> sel_plg : SELECT pelanggan_nama FROM pelanggan WHERE pelanggan_id = 5 [] []
[2019-06-18 23:12:18] RabbitPrint.WARNING:  | | | lihat_pesanan.php -> sel_detailpsn : SELECT * FROM detail_pesanan WHERE detail_pesanan_no_pesanan = 'PSN/20190618/001' [] []
[2019-06-18 23:12:42] RabbitPrint.WARNING:  | | | proses_lihat_pesanan.php -> load.. [] []
[2019-06-18 23:12:42] RabbitPrint.WARNING:  | | | proses_lihat_pesanan.php -> update detail_pesanan -> sql_detail : UPDATE detail_pesanan SET upd_tms = NOW(), detail_pesanan_nama_barang = 'KAIN P', detail_pesanan_jenis_print = 'PRONT P', detail_pesanan_warna = 3, detail_pesanan_detail_kain = 'P0101', detail_pesanan_nama_warna = 'BIRU', detail_pesanan_ukuran = '', detail_pesanan_sisi_kanan = '', detail_pesanan_sisi_kiri = '', detail_pesanan_sisi_blkng = '', detail_pesanan_qty = 20, detail_pesanan_satuan = 'Kg', detail_pesanan_jenis_packing = 'Roll', detail_pesanan_qty_packing = 3, detail_pesanan_keterangan = '' WHERE detail_pesanan_key = '0000000009' [] []
[2019-06-18 23:12:42] RabbitPrint.WARNING:  | | | proses_lihat_pesanan.php -> update detail_pesanan -> sql_detail : UPDATE detail_pesanan SET upd_tms = NOW(), detail_pesanan_nama_barang = 'KAIN P', detail_pesanan_jenis_print = 'PRONT P', detail_pesanan_warna = 3, detail_pesanan_detail_kain = 'O0102', detail_pesanan_nama_warna = 'MERAH', detail_pesanan_ukuran = '', detail_pesanan_sisi_kanan = '', detail_pesanan_sisi_kiri = '', detail_pesanan_sisi_blkng = '', detail_pesanan_qty = 25.5, detail_pesanan_satuan = 'Kg', detail_pesanan_jenis_packing = 'Roll', detail_pesanan_qty_packing = 2, detail_pesanan_keterangan = '' WHERE detail_pesanan_key = '0000000010' [] []
[2019-06-18 23:12:42] RabbitPrint.WARNING:  | | | proses_lihat_pesanan.php -> select_detail : SELECT detail_pesanan_qty, detail_pesanan_qty_packing FROM detail_pesanan WHERE detail_pesanan_no_pesanan = 'PSN/20190618/001' [] []
[2019-06-18 23:12:42] RabbitPrint.WARNING:  | | | proses_lihat_pesanan.php -> update ke detail_pesanan -> BERHASIL [] []
[2019-06-18 23:12:45] RabbitPrint.WARNING:  | | | data_pelanggan.php -> sel_pelanggan : SELECT * FROM pelanggan [] []
[2019-06-18 23:12:45] RabbitPrint.WARNING:  | | | data_pelanggan.php -> jml. pelanggan : 1 [] []
[2019-06-18 23:12:45] RabbitPrint.WARNING:  | | | lihat_pesanan.php -> load [] []
[2019-06-18 23:12:45] RabbitPrint.WARNING:  | | | lihat_pesanan.php -> sel_psn : SELECT * FROM pesanan WHERE pesanan_no_pesanan = 'PSN/20190618/001' [] []
[2019-06-18 23:12:45] RabbitPrint.WARNING:  | | | lihat_pesanan.php -> sel_plg : SELECT pelanggan_nama FROM pelanggan WHERE pelanggan_id = 5 [] []
[2019-06-18 23:12:45] RabbitPrint.WARNING:  | | | lihat_pesanan.php -> sel_detailpsn : SELECT * FROM detail_pesanan WHERE detail_pesanan_no_pesanan = 'PSN/20190618/001' [] []
[2019-06-18 23:12:47] RabbitPrint.WARNING:  | | | daftar_surat_jalan.php -> membuka halaman [] []
[2019-06-18 23:12:47] RabbitPrint.WARNING:  | | | daftar_surat_)jalan.php -> sel_daftar_surat_jalan : SELECT * FROM surat_jalan ORDER BY surat_jalan_id DESC [] []
[2019-06-18 23:12:47] RabbitPrint.WARNING:  | | | daftar_surat_jalan.php -> sel_plg -> SELECT pelanggan_nama FROM pelanggan WHERE pelanggan_id = 5 [] []
[2019-06-18 23:12:47] RabbitPrint.WARNING:  | | | daftar_surat_jalan.php -> sel_user -> SELECT nama FROM s_user WHERE username = 'superuser' [] []
[2019-06-18 23:12:47] RabbitPrint.WARNING:  | | | daftar_surat_jalan.php -> sel_plg -> SELECT pelanggan_nama FROM pelanggan WHERE pelanggan_id = 6 [] []
[2019-06-18 23:12:47] RabbitPrint.WARNING:  | | | daftar_surat_jalan.php -> sel_user -> SELECT nama FROM s_user WHERE username = 'superuser' [] []
[2019-06-18 23:12:47] RabbitPrint.WARNING:  | | | daftar_surat_jalan.php -> sel_plg -> SELECT pelanggan_nama FROM pelanggan WHERE pelanggan_id = 4 [] []
[2019-06-18 23:12:47] RabbitPrint.WARNING:  | | | daftar_surat_jalan.php -> sel_user -> SELECT nama FROM s_user WHERE username = 'superuser' [] []
[2019-06-18 23:12:50] RabbitPrint.WARNING:  | | | daftar_pesanan.php -> membuka halaman [] []
[2019-06-18 23:12:50] RabbitPrint.WARNING:  | | | daftar_pesanan.php -> sel_pesanan : SELECT psn.*, plg.pelanggan_nama	FROM pesanan psn JOIN pelanggan plg ON plg.pelanggan_id = psn.pesanan_pelanggan_id ORDER BY psn.pesanan_id DESC [] []
[2019-06-18 23:12:50] RabbitPrint.WARNING:  | | | daftar_pesanan.php -> jml. pesanan : 0 [] []
[2019-06-18 23:12:53] RabbitPrint.WARNING:  | | | surat_jalan.php -> load [] []
[2019-06-18 23:12:53] RabbitPrint.WARNING:  | | | lihat_pesanan.php -> sel_psn : SELECT psn.*, dps.*, plg.pelanggan_nama AS pesanan_nama_plg, sj.surat_jalan_detail_subtotal_pack FROM pesanan psn JOIN detail_pesanan dps ON dps.detail_pesanan_no_pesanan = psn.pesanan_no_pesanan JOIN pelanggan plg ON plg.pelanggan_id = psn.pesanan_pelanggan_id LEFT JOIN surat_jalan_detail sj ON sj.surat_jalan_detail_pesanan_key = dps.detail_pesanan_key WHERE psn.pesanan_no_pesanan = 'PSN/20190618/001' [] []
[2019-06-18 23:12:58] RabbitPrint.WARNING:  | | | proses_surat_jalan.php -> buat_suratjalan [] []
[2019-06-18 23:12:58] RabbitPrint.WARNING:  | | | functions.php -> getKodeSuratJalan() -> selectkey : SELECT MAX(surat_jalan.surat_jalan_key) AS psnkey FROM surat_jalan WHERE surat_jalan.surat_jalan_key LIKE '%SRJ/20190618/%' [] []
[2019-06-18 23:12:58] RabbitPrint.WARNING:  | | | functions.php -> getKodeSuratJalan() -> psn_key : SRJ/20190618/002 [] []
[2019-06-18 23:12:58] RabbitPrint.WARNING:  | | | proses_surat_jalan.php -> list_barang : [{"surat_jalan_detail_pesanan_key":"0000000009","surat_jalan_detail_nama_barang":"KAIN P","surat_jalan_detail_jenis_print":"PRONT P","surat_jalan_detail_warna":"3","surat_jalan_detail_kain":"P0101","surat_jalan_detail_nama_warna":"BIRU","surat_jalan_detail_subtotal_qty":"20","surat_jalan_detail_satuan_qty":"Kg","surat_jalan_detail_subtotal_pack":"3","surat_jalan_detail_satuan_pack":"Roll"},{"surat_jalan_detail_pesanan_key":"0000000010","surat_jalan_detail_nama_barang":"KAIN P","surat_jalan_detail_jenis_print":"PRONT P","surat_jalan_detail_warna":"3","surat_jalan_detail_kain":"O0102","surat_jalan_detail_nama_warna":"MERAH","surat_jalan_detail_subtotal_qty":"25.5","surat_jalan_detail_satuan_qty":"Kg","surat_jalan_detail_subtotal_pack":"2","surat_jalan_detail_satuan_pack":"Roll"}] [] []
[2019-06-18 23:12:58] RabbitPrint.WARNING:  | | | proses_surat_jalan.php -> insert ke surat_jalan -> sql_pesanan :  [] []
[2019-06-18 23:12:58] RabbitPrint.WARNING:  | | | proses_surat_jalan.php -> insert ke surat_jalan -> BERHASIL [] []
[2019-06-18 23:12:58] RabbitPrint.WARNING:  | | | proses_surat_jalan.php -> insert ke surat_jalan_detail -> sql_detail : INSERT INTO surat_jalan_detail (cre_tms, upd_tms, cre_usr, upd_usr, surat_jalan_detail_surat_jalan_key, surat_jalan_detail_kain, surat_jalan_detail_nama_warna, surat_jalan_detail_pesanan_key, surat_jalan_detail_nama_barang, surat_jalan_detail_jenis_print, surat_jalan_detail_warna, surat_jalan_detail_subtotal_qty, surat_jalan_detail_satuan_qty, surat_jalan_detail_subtotal_pack, surat_jalan_detail_satuan_pack, surat_jalan_detail_keterangan) VALUES ( NOW(), NOW(), 'superuser', 'superuser', 'SRJ/20190618/002', 'P0101', 'BIRU', '0000000009', 'KAIN P', 'PRONT P', 3, 20, 'Kg', 3, 'Roll', '' ''),( NOW(), NOW(), 'superuser', 'superuser', 'SRJ/20190618/002', 'O0102', 'MERAH', '0000000010', 'KAIN P', 'PRONT P', 3, 25.5, 'Kg', 2, 'Roll', '' '') [] []
[2019-06-18 23:12:58] RabbitPrint.WARNING:  | | | proses_surat_jalan.php -> insert ke surat_jalan_detail -> BERHASIL [] []
[2019-06-18 23:12:58] RabbitPrint.WARNING:  | | | proses_surat_jalan.php -> response : Array [] []
[2019-06-18 23:12:58] RabbitPrint.WARNING:  | | | proses_surat_jalan.php -> sql_pesanan : INSERT INTO surat_jalan (cre_tms, upd_tms, cre_usr, upd_usr, surat_jalan_key, surat_jalan_nomor, surat_jalan_tanggal, surat_jalan_jenis_pesanan, surat_jalan_pelanggan_id, surat_jalan_no_pesanan, surat_jalan_total, surat_jalan_status) VALUES (NOW(), NOW(), 'superuser', 'superuser', 'SRJ/20190618/002', 'PA0001', '2019-06-18', 'U', 5, 'PSN/20190618/001', 111, 'B') [] []
[2019-06-18 23:12:58] RabbitPrint.WARNING:  | | | proses_surat_jalan.php -> insert ke surat_jalan -> BERHASIL [] []
[2019-06-18 23:12:58] RabbitPrint.WARNING:  | | | proses_surat_jalan.php -> response : Array [] []
[2019-06-18 23:12:59] RabbitPrint.WARNING:  | | | cetak_surat_jalan.php -> sel_pesanan : SELECT sj.*, p.pelanggan_nama, p.pelanggan_telp, p.pelanggan_alamat, u.nama AS createby FROM surat_jalan sj JOIN pelanggan p ON p.pelanggan_id = sj.surat_jalan_pelanggan_id JOIN s_user u ON u.username = sj.cre_usr WHERE sj.surat_jalan_key = 'SRJ/20190618/002' [] []
[2019-06-18 23:12:59] RabbitPrint.WARNING:  | | | cetak_surat_jalan.php -> sel_detailsj : SELECT sj.*, dp.* FROM surat_jalan_detail sj JOIN detail_pesanan dp ON dp.detail_pesanan_key = sj.surat_jalan_detail_pesanan_key WHERE surat_jalan_detail_surat_jalan_key = 'SRJ/20190618/002' [] []
[2019-06-18 23:13:05] RabbitPrint.WARNING:  | | | daftar_surat_jalan.php -> membuka halaman [] []
[2019-06-18 23:13:05] RabbitPrint.WARNING:  | | | daftar_surat_)jalan.php -> sel_daftar_surat_jalan : SELECT * FROM surat_jalan ORDER BY surat_jalan_id DESC [] []
[2019-06-18 23:13:05] RabbitPrint.WARNING:  | | | daftar_surat_jalan.php -> sel_plg -> SELECT pelanggan_nama FROM pelanggan WHERE pelanggan_id = 5 [] []
[2019-06-18 23:13:05] RabbitPrint.WARNING:  | | | daftar_surat_jalan.php -> sel_user -> SELECT nama FROM s_user WHERE username = 'superuser' [] []
[2019-06-18 23:13:05] RabbitPrint.WARNING:  | | | daftar_surat_jalan.php -> sel_plg -> SELECT pelanggan_nama FROM pelanggan WHERE pelanggan_id = 5 [] []
[2019-06-18 23:13:05] RabbitPrint.WARNING:  | | | daftar_surat_jalan.php -> sel_user -> SELECT nama FROM s_user WHERE username = 'superuser' [] []
[2019-06-18 23:13:05] RabbitPrint.WARNING:  | | | daftar_surat_jalan.php -> sel_plg -> SELECT pelanggan_nama FROM pelanggan WHERE pelanggan_id = 6 [] []
[2019-06-18 23:13:05] RabbitPrint.WARNING:  | | | daftar_surat_jalan.php -> sel_user -> SELECT nama FROM s_user WHERE username = 'superuser' [] []
[2019-06-18 23:13:05] RabbitPrint.WARNING:  | | | daftar_surat_jalan.php -> sel_plg -> SELECT pelanggan_nama FROM pelanggan WHERE pelanggan_id = 4 [] []
[2019-06-18 23:13:05] RabbitPrint.WARNING:  | | | daftar_surat_jalan.php -> sel_user -> SELECT nama FROM s_user WHERE username = 'superuser' [] []
