[2019-10-10 20:53:48] RabbitPrint.WARNING:  | | | proses_login.php -> cek user -> sql_user : SELECT * FROM s_user WHERE username LIKE 'su' AND password LIKE 'b23cf2d0fb74b0ffa0cf4c70e6e04926' LIMIT 1 [] []
[2019-10-10 20:53:48] RabbitPrint.WARNING:  | | | proses_login.php -> LOGIN GAGAL!! Username atau Password salah. [] []
[2019-10-10 20:53:58] RabbitPrint.WARNING:  | | | proses_login.php -> cek user -> sql_user : SELECT * FROM s_user WHERE username LIKE 'superuser' AND password LIKE '21232f297a57a5a743894a0e4a801fc3' LIMIT 1 [] []
[2019-10-10 20:53:58] RabbitPrint.WARNING:  | | | proses_login.php -> id_user : 1 [] []
[2019-10-10 20:53:58] RabbitPrint.WARNING:  | | | proses_login.php -> insert ke s_login -> sql_login : INSERT INTO s_login (key_login, id_user, waktu_login, waktu_kadaluarsa, status, ip, pc_dan_browser) VALUES ('15707156385996', '1', '2019-10-10 20:53:58', '2019-10-11 20:53:58', '1', '::1', 'mozilla/5.0 (windows nt 10.0; win64; x64) applewebkit/537.36 (khtml, like gecko) chrome/77.0.3865.90 safari/537.36') [] []
[2019-10-10 20:53:58] RabbitPrint.WARNING:  | | | proses_login.php -> insert ke s_login -> SUCCESS [] []
[2019-10-10 20:53:58] RabbitPrint.WARNING:  | | | proses_login.php -> LOGIN SUKSES!! [] []
[2019-10-10 21:40:56] RabbitPrint.WARNING:  | | | daftar_invoice.php -> membuka halaman [] []
[2019-10-10 21:40:56] RabbitPrint.WARNING:  | | | daftar_invoice.php -> sel_invoice : SELECT inv.*, plg.pelanggan_nama FROM invoice_keluar inv JOIN pelanggan plg ON plg.pelanggan_id = inv.invoice_keluar_pelanggan_id ORDER BY inv.invoice_keluar_id DESC [] []
[2019-10-10 21:40:56] RabbitPrint.WARNING:  | | | data_pelanggan.php -> sel_pelanggan : SELECT p.* FROM pelanggan p JOIN invoice_keluar inv ON p.pelanggan_id = inv.invoice_keluar_pelanggan_id WHERE p.pelanggan_id > 0 GROUP BY p.pelanggan_nama; [] []
[2019-10-10 21:40:56] RabbitPrint.WARNING:  | | | daftar_invoice.php -> jml. invoice : 0 [] []
[2019-10-10 21:40:56] RabbitPrint.WARNING:  | | | data_pelanggan.php -> jml. pelanggan : 1 [] []
[2019-10-10 21:41:05] RabbitPrint.WARNING:  | | | daftar_surat_jalan.php -> membuka halaman [] []
[2019-10-10 21:41:05] RabbitPrint.WARNING:  | | | daftar_surat_)jalan.php -> sel_daftar_surat_jalan : SELECT * FROM surat_jalan ORDER BY surat_jalan_id DESC [] []
[2019-10-10 21:41:05] RabbitPrint.WARNING:  | | | daftar_surat_jalan.php -> sel_plg -> SELECT pelanggan_nama FROM pelanggan WHERE pelanggan_id = 2 [] []
[2019-10-10 21:41:05] RabbitPrint.WARNING:  | | | daftar_surat_jalan.php -> sel_user -> SELECT nama FROM s_user WHERE username = 'superuser' [] []
[2019-10-10 21:41:05] RabbitPrint.WARNING:  | | | daftar_surat_jalan.php -> sel_plg -> SELECT pelanggan_nama FROM pelanggan WHERE pelanggan_id = 2 [] []
[2019-10-10 21:41:05] RabbitPrint.WARNING:  | | | daftar_surat_jalan.php -> sel_user -> SELECT nama FROM s_user WHERE username = 'superuser' [] []
[2019-10-10 21:41:05] RabbitPrint.WARNING:  | | | daftar_surat_jalan.php -> sel_plg -> SELECT pelanggan_nama FROM pelanggan WHERE pelanggan_id = 2 [] []
[2019-10-10 21:41:05] RabbitPrint.WARNING:  | | | daftar_surat_jalan.php -> sel_user -> SELECT nama FROM s_user WHERE username = 'superuser' [] []
[2019-10-10 21:41:05] RabbitPrint.WARNING:  | | | daftar_surat_jalan.php -> sel_plg -> SELECT pelanggan_nama FROM pelanggan WHERE pelanggan_id = 2 [] []
[2019-10-10 21:41:05] RabbitPrint.WARNING:  | | | daftar_surat_jalan.php -> sel_user -> SELECT nama FROM s_user WHERE username = 'superuser' [] []
[2019-10-10 21:41:16] RabbitPrint.WARNING:  | | | proses_daftar_sjalan.php -> hapus_srtjalan [] []
[2019-10-10 21:41:16] RabbitPrint.WARNING:  | | | proses_daftar_sjalan.php -> del_srtjalan : DELETE FROM surat_jalan WHERE surat_jalan_key = 'SRJ/20191008/004' [] []
[2019-10-10 21:41:16] RabbitPrint.WARNING:  | | | proses_daftar_sjalan.php -> del_srtjalan -> BERHASIL [] []
[2019-10-10 21:41:16] RabbitPrint.WARNING:  | | | proses_daftar_sjalan.php -> del_detailpsn : DELETE FROM surat_jalan_detail WHERE surat_jalan_detail_surat_jalan_key = 'SRJ/20191008/004' [] []
[2019-10-10 21:41:16] RabbitPrint.WARNING:  | | | proses_daftar_sjalan.php -> del_detailpsn -> BERHASIL [] []
[2019-10-10 21:41:16] RabbitPrint.WARNING:  | | | proses_daftar_sjalan.php -> sel_sj : SELECT invoice_keluar_detail_no_invoice, invoice_keluar_detail_subtotal_harga FROM invoice_keluar_detail WHERE invoice_keluar_detail_surat_jalan_nomor = 'SRJ/20191008/004' [] []
[2019-10-10 21:41:16] RabbitPrint.WARNING:  | | | proses_daftar_sjalan.php -> del_detailpsn : DELETE FROM invoice_keluar_detail WHERE invoice_keluar_detail_surat_jalan_nomor = 'SRJ/20191008/004' [] []
[2019-10-10 21:41:22] RabbitPrint.WARNING:  | | | daftar_surat_jalan.php -> membuka halaman [] []
[2019-10-10 21:41:22] RabbitPrint.WARNING:  | | | daftar_surat_)jalan.php -> sel_daftar_surat_jalan : SELECT * FROM surat_jalan ORDER BY surat_jalan_id DESC [] []
[2019-10-10 21:41:22] RabbitPrint.WARNING:  | | | daftar_surat_jalan.php -> sel_plg -> SELECT pelanggan_nama FROM pelanggan WHERE pelanggan_id = 2 [] []
[2019-10-10 21:41:22] RabbitPrint.WARNING:  | | | daftar_surat_jalan.php -> sel_user -> SELECT nama FROM s_user WHERE username = 'superuser' [] []
[2019-10-10 21:41:22] RabbitPrint.WARNING:  | | | daftar_surat_jalan.php -> sel_plg -> SELECT pelanggan_nama FROM pelanggan WHERE pelanggan_id = 2 [] []
[2019-10-10 21:41:22] RabbitPrint.WARNING:  | | | daftar_surat_jalan.php -> sel_user -> SELECT nama FROM s_user WHERE username = 'superuser' [] []
[2019-10-10 21:41:22] RabbitPrint.WARNING:  | | | daftar_surat_jalan.php -> sel_plg -> SELECT pelanggan_nama FROM pelanggan WHERE pelanggan_id = 2 [] []
[2019-10-10 21:41:22] RabbitPrint.WARNING:  | | | daftar_surat_jalan.php -> sel_user -> SELECT nama FROM s_user WHERE username = 'superuser' [] []
[2019-10-10 21:43:39] RabbitPrint.WARNING:  | | | daftar_pesanan.php -> membuka halaman [] []
[2019-10-10 21:43:39] RabbitPrint.WARNING:  | | | daftar_pesanan.php -> sel_pesanan : SELECT psn.*, plg.pelanggan_nama	FROM pesanan psn JOIN pelanggan plg ON plg.pelanggan_id = psn.pesanan_pelanggan_id ORDER BY psn.pesanan_id DESC [] []
[2019-10-10 21:43:39] RabbitPrint.WARNING:  | | | daftar_pesanan.php -> jml. pesanan : 0 [] []
[2019-10-10 21:43:51] RabbitPrint.WARNING:  | | | surat_jalan.php -> load [] []
[2019-10-10 21:43:51] RabbitPrint.WARNING:  | | | lihat_pesanan.php -> sel_psn : SELECT psn.*, dps.*, plg.pelanggan_nama AS pesanan_nama_plg, sj.surat_jalan_detail_subtotal_pack FROM pesanan psn JOIN detail_pesanan dps ON dps.detail_pesanan_no_pesanan = psn.pesanan_no_pesanan JOIN pelanggan plg ON plg.pelanggan_id = psn.pesanan_pelanggan_id LEFT JOIN surat_jalan_detail sj ON sj.surat_jalan_detail_pesanan_key = dps.detail_pesanan_key WHERE psn.pesanan_no_pesanan = 'PSN/20191003/001' [] []
[2019-10-10 21:43:59] RabbitPrint.WARNING:  | | | proses_surat_jalan.php -> buat_suratjalan [] []
[2019-10-10 21:43:59] RabbitPrint.WARNING:  | | | functions.php -> getKodeSuratJalan() -> selectkey : SELECT MAX(surat_jalan.surat_jalan_key) AS psnkey FROM surat_jalan WHERE surat_jalan.surat_jalan_key LIKE '%SRJ/20191010/%' [] []
[2019-10-10 21:43:59] RabbitPrint.WARNING:  | | | functions.php -> getKodeSuratJalan() -> psn_key : SRJ/20191010/001 [] []
[2019-10-10 21:43:59] RabbitPrint.WARNING:  | | | proses_surat_jalan.php -> list_barang : [{"surat_jalan_detail_pesanan_key":"0000000001","surat_jalan_detail_nama_barang":"KAIN POLOS","surat_jalan_detail_jenis_print":"PRINT TAYO","surat_jalan_detail_warna":"4","surat_jalan_detail_kain":"001","surat_jalan_detail_nama_warna":"BIRU","surat_jalan_detail_ukuran":"","surat_jalan_detail_subtotal_qty":"20","surat_jalan_detail_satuan_qty":"Kg","surat_jalan_detail_subtotal_pack":"5","surat_jalan_detail_satuan_pack":"Roll","surat_jalan_detail_keterangan":""}] [] []
[2019-10-10 21:43:59] RabbitPrint.WARNING:  | | | proses_surat_jalan.php -> insert ke surat_jalan -> sql_pesanan :  [] []
[2019-10-10 21:43:59] RabbitPrint.WARNING:  | | | proses_surat_jalan.php -> insert ke surat_jalan -> BERHASIL [] []
[2019-10-10 21:43:59] RabbitPrint.WARNING:  | | | proses_surat_jalan.php -> insert ke surat_jalan_detail -> sql_detail : INSERT INTO surat_jalan_detail (cre_tms, upd_tms, cre_usr, upd_usr, surat_jalan_detail_surat_jalan_key, surat_jalan_detail_kain, surat_jalan_detail_nama_warna, surat_jalan_detail_pesanan_key, surat_jalan_detail_nama_barang, surat_jalan_detail_jenis_print, surat_jalan_detail_warna, surat_jalan_detail_ukuran, surat_jalan_detail_subtotal_qty, surat_jalan_detail_satuan_qty, surat_jalan_detail_subtotal_pack, surat_jalan_detail_satuan_pack, surat_jalan_detail_keterangan) VALUES ( NOW(), NOW(), 'superuser', 'superuser', 'SRJ/20191010/001', '001', 'BIRU', '0000000001', 'KAIN POLOS', 'PRINT TAYO', 4, '', 20, 'Kg', 5, 'Roll', '') [] []
[2019-10-10 21:43:59] RabbitPrint.WARNING:  | | | proses_surat_jalan.php -> insert ke surat_jalan_detail -> BERHASIL [] []
[2019-10-10 21:43:59] RabbitPrint.WARNING:  | | | proses_surat_jalan.php -> response : Array [] []
[2019-10-10 21:43:59] RabbitPrint.WARNING:  | | | proses_surat_jalan.php -> sql_pesanan : INSERT INTO surat_jalan (cre_tms, upd_tms, cre_usr, upd_usr, surat_jalan_key, surat_jalan_nomor, surat_jalan_tanggal, surat_jalan_jenis_pesanan, surat_jalan_pelanggan_id, surat_jalan_no_pesanan, surat_jalan_total, surat_jalan_status) VALUES (NOW(), NOW(), 'superuser', 'superuser', 'SRJ/20191010/001', 'S03/10/2019', '2019-10-10', 'U', 2, 'PSN/20191003/001', 100, 'B') [] []
[2019-10-10 21:43:59] RabbitPrint.WARNING:  | | | proses_surat_jalan.php -> insert ke surat_jalan -> BERHASIL [] []
[2019-10-10 21:43:59] RabbitPrint.WARNING:  | | | proses_surat_jalan.php -> response : Array [] []
[2019-10-10 21:44:01] RabbitPrint.WARNING:  | | | cetak_surat_jalan.php -> sel_pesanan : SELECT sj.*, p.pelanggan_nama, p.pelanggan_telp, p.pelanggan_alamat, u.nama AS createby FROM surat_jalan sj JOIN pelanggan p ON p.pelanggan_id = sj.surat_jalan_pelanggan_id JOIN s_user u ON u.username = sj.cre_usr WHERE sj.surat_jalan_key = 'SRJ/20191010/001' [] []
[2019-10-10 21:44:01] RabbitPrint.WARNING:  | | | cetak_surat_jalan.php -> sel_detailsj : SELECT sj.*, dp.* FROM surat_jalan_detail sj JOIN detail_pesanan dp ON dp.detail_pesanan_key = sj.surat_jalan_detail_pesanan_key WHERE surat_jalan_detail_surat_jalan_key = 'SRJ/20191010/001' [] []
[2019-10-10 21:44:06] RabbitPrint.WARNING:  | | | surat_jalan.php -> load [] []
[2019-10-10 21:44:06] RabbitPrint.WARNING:  | | | lihat_pesanan.php -> sel_psn : SELECT psn.*, dps.*, plg.pelanggan_nama AS pesanan_nama_plg, sj.surat_jalan_detail_subtotal_pack FROM pesanan psn JOIN detail_pesanan dps ON dps.detail_pesanan_no_pesanan = psn.pesanan_no_pesanan JOIN pelanggan plg ON plg.pelanggan_id = psn.pesanan_pelanggan_id LEFT JOIN surat_jalan_detail sj ON sj.surat_jalan_detail_pesanan_key = dps.detail_pesanan_key WHERE psn.pesanan_no_pesanan = 'PSN/20191003/001' [] []
[2019-10-10 21:44:12] RabbitPrint.WARNING:  | | | proses_surat_jalan.php -> buat_suratjalan [] []
[2019-10-10 21:44:12] RabbitPrint.WARNING:  | | | functions.php -> getKodeSuratJalan() -> selectkey : SELECT MAX(surat_jalan.surat_jalan_key) AS psnkey FROM surat_jalan WHERE surat_jalan.surat_jalan_key LIKE '%SRJ/20191010/%' [] []
[2019-10-10 21:44:12] RabbitPrint.WARNING:  | | | functions.php -> getKodeSuratJalan() -> psn_key : SRJ/20191010/002 [] []
[2019-10-10 21:44:12] RabbitPrint.WARNING:  | | | proses_surat_jalan.php -> list_barang : [{"surat_jalan_detail_pesanan_key":"0000000002","surat_jalan_detail_nama_barang":"KAIN POLOS","surat_jalan_detail_jenis_print":"PRINT TAYO","surat_jalan_detail_warna":"4","surat_jalan_detail_kain":"002","surat_jalan_detail_nama_warna":"MERAH","surat_jalan_detail_ukuran":"","surat_jalan_detail_subtotal_qty":"20","surat_jalan_detail_satuan_qty":"Kg","surat_jalan_detail_subtotal_pack":"5","surat_jalan_detail_satuan_pack":"Roll","surat_jalan_detail_keterangan":""}] [] []
[2019-10-10 21:44:12] RabbitPrint.WARNING:  | | | proses_surat_jalan.php -> insert ke surat_jalan -> sql_pesanan :  [] []
[2019-10-10 21:44:12] RabbitPrint.WARNING:  | | | proses_surat_jalan.php -> insert ke surat_jalan -> BERHASIL [] []
[2019-10-10 21:44:12] RabbitPrint.WARNING:  | | | proses_surat_jalan.php -> insert ke surat_jalan_detail -> sql_detail : INSERT INTO surat_jalan_detail (cre_tms, upd_tms, cre_usr, upd_usr, surat_jalan_detail_surat_jalan_key, surat_jalan_detail_kain, surat_jalan_detail_nama_warna, surat_jalan_detail_pesanan_key, surat_jalan_detail_nama_barang, surat_jalan_detail_jenis_print, surat_jalan_detail_warna, surat_jalan_detail_ukuran, surat_jalan_detail_subtotal_qty, surat_jalan_detail_satuan_qty, surat_jalan_detail_subtotal_pack, surat_jalan_detail_satuan_pack, surat_jalan_detail_keterangan) VALUES ( NOW(), NOW(), 'superuser', 'superuser', 'SRJ/20191010/002', '002', 'MERAH', '0000000002', 'KAIN POLOS', 'PRINT TAYO', 4, '', 20, 'Kg', 5, 'Roll', '') [] []
[2019-10-10 21:44:12] RabbitPrint.WARNING:  | | | proses_surat_jalan.php -> insert ke surat_jalan_detail -> BERHASIL [] []
[2019-10-10 21:44:12] RabbitPrint.WARNING:  | | | proses_surat_jalan.php -> response : Array [] []
[2019-10-10 21:44:12] RabbitPrint.WARNING:  | | | proses_surat_jalan.php -> sql_pesanan : INSERT INTO surat_jalan (cre_tms, upd_tms, cre_usr, upd_usr, surat_jalan_key, surat_jalan_nomor, surat_jalan_tanggal, surat_jalan_jenis_pesanan, surat_jalan_pelanggan_id, surat_jalan_no_pesanan, surat_jalan_total, surat_jalan_status) VALUES (NOW(), NOW(), 'superuser', 'superuser', 'SRJ/20191010/002', 'S03/10/2019', '2019-10-10', 'U', 2, 'PSN/20191003/001', 100, 'B') [] []
[2019-10-10 21:44:12] RabbitPrint.WARNING:  | | | proses_surat_jalan.php -> insert ke surat_jalan -> BERHASIL [] []
[2019-10-10 21:44:12] RabbitPrint.WARNING:  | | | proses_surat_jalan.php -> response : Array [] []
[2019-10-10 21:44:14] RabbitPrint.WARNING:  | | | cetak_surat_jalan.php -> sel_pesanan : SELECT sj.*, p.pelanggan_nama, p.pelanggan_telp, p.pelanggan_alamat, u.nama AS createby FROM surat_jalan sj JOIN pelanggan p ON p.pelanggan_id = sj.surat_jalan_pelanggan_id JOIN s_user u ON u.username = sj.cre_usr WHERE sj.surat_jalan_key = 'SRJ/20191010/002' [] []
[2019-10-10 21:44:14] RabbitPrint.WARNING:  | | | cetak_surat_jalan.php -> sel_detailsj : SELECT sj.*, dp.* FROM surat_jalan_detail sj JOIN detail_pesanan dp ON dp.detail_pesanan_key = sj.surat_jalan_detail_pesanan_key WHERE surat_jalan_detail_surat_jalan_key = 'SRJ/20191010/002' [] []
[2019-10-10 21:44:19] RabbitPrint.WARNING:  | | | surat_jalan.php -> load [] []
[2019-10-10 21:44:19] RabbitPrint.WARNING:  | | | lihat_pesanan.php -> sel_psn : SELECT psn.*, dps.*, plg.pelanggan_nama AS pesanan_nama_plg, sj.surat_jalan_detail_subtotal_pack FROM pesanan psn JOIN detail_pesanan dps ON dps.detail_pesanan_no_pesanan = psn.pesanan_no_pesanan JOIN pelanggan plg ON plg.pelanggan_id = psn.pesanan_pelanggan_id LEFT JOIN surat_jalan_detail sj ON sj.surat_jalan_detail_pesanan_key = dps.detail_pesanan_key WHERE psn.pesanan_no_pesanan = 'PSN/20191003/001' [] []
[2019-10-10 21:44:25] RabbitPrint.WARNING:  | | | proses_surat_jalan.php -> buat_suratjalan [] []
[2019-10-10 21:44:25] RabbitPrint.WARNING:  | | | functions.php -> getKodeSuratJalan() -> selectkey : SELECT MAX(surat_jalan.surat_jalan_key) AS psnkey FROM surat_jalan WHERE surat_jalan.surat_jalan_key LIKE '%SRJ/20191010/%' [] []
[2019-10-10 21:44:25] RabbitPrint.WARNING:  | | | functions.php -> getKodeSuratJalan() -> psn_key : SRJ/20191010/003 [] []
[2019-10-10 21:44:25] RabbitPrint.WARNING:  | | | proses_surat_jalan.php -> list_barang : [{"surat_jalan_detail_pesanan_key":"0000000003","surat_jalan_detail_nama_barang":"KAIN POLOS","surat_jalan_detail_jenis_print":"PRINT TAYO","surat_jalan_detail_warna":"4","surat_jalan_detail_kain":"003","surat_jalan_detail_nama_warna":"HITAM","surat_jalan_detail_ukuran":"","surat_jalan_detail_subtotal_qty":"20","surat_jalan_detail_satuan_qty":"Kg","surat_jalan_detail_subtotal_pack":"5","surat_jalan_detail_satuan_pack":"Roll","surat_jalan_detail_keterangan":""}] [] []
[2019-10-10 21:44:25] RabbitPrint.WARNING:  | | | proses_surat_jalan.php -> insert ke surat_jalan -> sql_pesanan :  [] []
[2019-10-10 21:44:25] RabbitPrint.WARNING:  | | | proses_surat_jalan.php -> insert ke surat_jalan -> BERHASIL [] []
[2019-10-10 21:44:25] RabbitPrint.WARNING:  | | | proses_surat_jalan.php -> insert ke surat_jalan_detail -> sql_detail : INSERT INTO surat_jalan_detail (cre_tms, upd_tms, cre_usr, upd_usr, surat_jalan_detail_surat_jalan_key, surat_jalan_detail_kain, surat_jalan_detail_nama_warna, surat_jalan_detail_pesanan_key, surat_jalan_detail_nama_barang, surat_jalan_detail_jenis_print, surat_jalan_detail_warna, surat_jalan_detail_ukuran, surat_jalan_detail_subtotal_qty, surat_jalan_detail_satuan_qty, surat_jalan_detail_subtotal_pack, surat_jalan_detail_satuan_pack, surat_jalan_detail_keterangan) VALUES ( NOW(), NOW(), 'superuser', 'superuser', 'SRJ/20191010/003', '003', 'HITAM', '0000000003', 'KAIN POLOS', 'PRINT TAYO', 4, '', 20, 'Kg', 5, 'Roll', '') [] []
[2019-10-10 21:44:25] RabbitPrint.WARNING:  | | | proses_surat_jalan.php -> insert ke surat_jalan_detail -> BERHASIL [] []
[2019-10-10 21:44:25] RabbitPrint.WARNING:  | | | proses_surat_jalan.php -> response : Array [] []
[2019-10-10 21:44:25] RabbitPrint.WARNING:  | | | proses_surat_jalan.php -> sql_pesanan : INSERT INTO surat_jalan (cre_tms, upd_tms, cre_usr, upd_usr, surat_jalan_key, surat_jalan_nomor, surat_jalan_tanggal, surat_jalan_jenis_pesanan, surat_jalan_pelanggan_id, surat_jalan_no_pesanan, surat_jalan_total, surat_jalan_status) VALUES (NOW(), NOW(), 'superuser', 'superuser', 'SRJ/20191010/003', 'S03/10/2019', '2019-10-10', 'U', 2, 'PSN/20191003/001', 100, 'B') [] []
[2019-10-10 21:44:25] RabbitPrint.WARNING:  | | | proses_surat_jalan.php -> insert ke surat_jalan -> BERHASIL [] []
[2019-10-10 21:44:25] RabbitPrint.WARNING:  | | | proses_surat_jalan.php -> response : Array [] []
[2019-10-10 21:44:27] RabbitPrint.WARNING:  | | | cetak_surat_jalan.php -> sel_pesanan : SELECT sj.*, p.pelanggan_nama, p.pelanggan_telp, p.pelanggan_alamat, u.nama AS createby FROM surat_jalan sj JOIN pelanggan p ON p.pelanggan_id = sj.surat_jalan_pelanggan_id JOIN s_user u ON u.username = sj.cre_usr WHERE sj.surat_jalan_key = 'SRJ/20191010/003' [] []
[2019-10-10 21:44:27] RabbitPrint.WARNING:  | | | cetak_surat_jalan.php -> sel_detailsj : SELECT sj.*, dp.* FROM surat_jalan_detail sj JOIN detail_pesanan dp ON dp.detail_pesanan_key = sj.surat_jalan_detail_pesanan_key WHERE surat_jalan_detail_surat_jalan_key = 'SRJ/20191010/003' [] []
[2019-10-10 21:44:32] RabbitPrint.WARNING:  | | | surat_jalan.php -> load [] []
[2019-10-10 21:44:32] RabbitPrint.WARNING:  | | | lihat_pesanan.php -> sel_psn : SELECT psn.*, dps.*, plg.pelanggan_nama AS pesanan_nama_plg, sj.surat_jalan_detail_subtotal_pack FROM pesanan psn JOIN detail_pesanan dps ON dps.detail_pesanan_no_pesanan = psn.pesanan_no_pesanan JOIN pelanggan plg ON plg.pelanggan_id = psn.pesanan_pelanggan_id LEFT JOIN surat_jalan_detail sj ON sj.surat_jalan_detail_pesanan_key = dps.detail_pesanan_key WHERE psn.pesanan_no_pesanan = 'PSN/20191003/001' [] []
[2019-10-10 21:44:39] RabbitPrint.WARNING:  | | | proses_surat_jalan.php -> buat_suratjalan [] []
[2019-10-10 21:44:39] RabbitPrint.WARNING:  | | | functions.php -> getKodeSuratJalan() -> selectkey : SELECT MAX(surat_jalan.surat_jalan_key) AS psnkey FROM surat_jalan WHERE surat_jalan.surat_jalan_key LIKE '%SRJ/20191010/%' [] []
[2019-10-10 21:44:39] RabbitPrint.WARNING:  | | | functions.php -> getKodeSuratJalan() -> psn_key : SRJ/20191010/004 [] []
[2019-10-10 21:44:39] RabbitPrint.WARNING:  | | | proses_surat_jalan.php -> list_barang : [{"surat_jalan_detail_pesanan_key":"0000000004","surat_jalan_detail_nama_barang":"KAIN POLOS","surat_jalan_detail_jenis_print":"PRINT TAYO","surat_jalan_detail_warna":"4","surat_jalan_detail_kain":"004","surat_jalan_detail_nama_warna":"ABU-ABU","surat_jalan_detail_ukuran":"","surat_jalan_detail_subtotal_qty":"20","surat_jalan_detail_satuan_qty":"Kg","surat_jalan_detail_subtotal_pack":"5","surat_jalan_detail_satuan_pack":"Roll","surat_jalan_detail_keterangan":""}] [] []
[2019-10-10 21:44:39] RabbitPrint.WARNING:  | | | proses_surat_jalan.php -> insert ke surat_jalan -> sql_pesanan :  [] []
[2019-10-10 21:44:39] RabbitPrint.WARNING:  | | | proses_surat_jalan.php -> insert ke surat_jalan -> BERHASIL [] []
[2019-10-10 21:44:39] RabbitPrint.WARNING:  | | | proses_surat_jalan.php -> insert ke surat_jalan_detail -> sql_detail : INSERT INTO surat_jalan_detail (cre_tms, upd_tms, cre_usr, upd_usr, surat_jalan_detail_surat_jalan_key, surat_jalan_detail_kain, surat_jalan_detail_nama_warna, surat_jalan_detail_pesanan_key, surat_jalan_detail_nama_barang, surat_jalan_detail_jenis_print, surat_jalan_detail_warna, surat_jalan_detail_ukuran, surat_jalan_detail_subtotal_qty, surat_jalan_detail_satuan_qty, surat_jalan_detail_subtotal_pack, surat_jalan_detail_satuan_pack, surat_jalan_detail_keterangan) VALUES ( NOW(), NOW(), 'superuser', 'superuser', 'SRJ/20191010/004', '004', 'ABU-ABU', '0000000004', 'KAIN POLOS', 'PRINT TAYO', 4, '', 20, 'Kg', 5, 'Roll', '') [] []
[2019-10-10 21:44:39] RabbitPrint.WARNING:  | | | proses_surat_jalan.php -> insert ke surat_jalan_detail -> BERHASIL [] []
[2019-10-10 21:44:39] RabbitPrint.WARNING:  | | | proses_surat_jalan.php -> response : Array [] []
[2019-10-10 21:44:39] RabbitPrint.WARNING:  | | | proses_surat_jalan.php -> sql_pesanan : INSERT INTO surat_jalan (cre_tms, upd_tms, cre_usr, upd_usr, surat_jalan_key, surat_jalan_nomor, surat_jalan_tanggal, surat_jalan_jenis_pesanan, surat_jalan_pelanggan_id, surat_jalan_no_pesanan, surat_jalan_total, surat_jalan_status) VALUES (NOW(), NOW(), 'superuser', 'superuser', 'SRJ/20191010/004', 'S03/10/2019', '2019-10-10', 'U', 2, 'PSN/20191003/001', 100, 'B') [] []
[2019-10-10 21:44:39] RabbitPrint.WARNING:  | | | proses_surat_jalan.php -> insert ke surat_jalan -> BERHASIL [] []
[2019-10-10 21:44:39] RabbitPrint.WARNING:  | | | proses_surat_jalan.php -> response : Array [] []
[2019-10-10 21:44:41] RabbitPrint.WARNING:  | | | cetak_surat_jalan.php -> sel_pesanan : SELECT sj.*, p.pelanggan_nama, p.pelanggan_telp, p.pelanggan_alamat, u.nama AS createby FROM surat_jalan sj JOIN pelanggan p ON p.pelanggan_id = sj.surat_jalan_pelanggan_id JOIN s_user u ON u.username = sj.cre_usr WHERE sj.surat_jalan_key = 'SRJ/20191010/004' [] []
[2019-10-10 21:44:41] RabbitPrint.WARNING:  | | | cetak_surat_jalan.php -> sel_detailsj : SELECT sj.*, dp.* FROM surat_jalan_detail sj JOIN detail_pesanan dp ON dp.detail_pesanan_key = sj.surat_jalan_detail_pesanan_key WHERE surat_jalan_detail_surat_jalan_key = 'SRJ/20191010/004' [] []
[2019-10-10 21:44:46] RabbitPrint.WARNING:  | | | surat_jalan.php -> load [] []
[2019-10-10 21:44:46] RabbitPrint.WARNING:  | | | lihat_pesanan.php -> sel_psn : SELECT psn.*, dps.*, plg.pelanggan_nama AS pesanan_nama_plg, sj.surat_jalan_detail_subtotal_pack FROM pesanan psn JOIN detail_pesanan dps ON dps.detail_pesanan_no_pesanan = psn.pesanan_no_pesanan JOIN pelanggan plg ON plg.pelanggan_id = psn.pesanan_pelanggan_id LEFT JOIN surat_jalan_detail sj ON sj.surat_jalan_detail_pesanan_key = dps.detail_pesanan_key WHERE psn.pesanan_no_pesanan = 'PSN/20191003/001' [] []
[2019-10-10 21:44:50] RabbitPrint.WARNING:  | | | daftar_invoice.php -> membuka halaman [] []
[2019-10-10 21:44:50] RabbitPrint.WARNING:  | | | daftar_invoice.php -> sel_invoice : SELECT inv.*, plg.pelanggan_nama FROM invoice_keluar inv JOIN pelanggan plg ON plg.pelanggan_id = inv.invoice_keluar_pelanggan_id ORDER BY inv.invoice_keluar_id DESC [] []
[2019-10-10 21:44:50] RabbitPrint.WARNING:  | | | data_pelanggan.php -> sel_pelanggan : SELECT p.* FROM pelanggan p JOIN invoice_keluar inv ON p.pelanggan_id = inv.invoice_keluar_pelanggan_id WHERE p.pelanggan_id > 0 GROUP BY p.pelanggan_nama; [] []
[2019-10-10 21:44:54] RabbitPrint.WARNING:  | | | tambah_invoice.php -> membuka halaman [] []
[2019-10-10 21:44:54] RabbitPrint.WARNING:  | | | tambah_invoice.php -> sel_pelanggan : SELECT p.* FROM pelanggan p JOIN surat_jalan sj ON p.pelanggan_id = sj.surat_jalan_pelanggan_id WHERE p.pelanggan_id > 0 AND sj.surat_jalan_status = 'B' GROUP BY p.pelanggan_nama [] []
[2019-10-10 21:44:54] RabbitPrint.WARNING:  | | | tambah_invoice.php -> sel_sj : SELECT p.pelanggan_nama, p.pelanggan_telp, p.pelanggan_alamat, sj.*, sjd.surat_jalan_detail_nama_barang, sjd.surat_jalan_detail_jenis_print, sjd.surat_jalan_detail_satuan_qty FROM surat_jalan sj JOIN surat_jalan_detail sjd ON sjd.surat_jalan_detail_surat_jalan_key = sj.surat_jalan_key JOIN pelanggan p ON p.pelanggan_id = sj.surat_jalan_pelanggan_id WHERE sj.surat_jalan_pelanggan_id = AND sj.surat_jalan_status = 'B' AND sj.surat_jalan_tanggal LIKE '-%' GROUP BY sjd.surat_jalan_detail_surat_jalan_key, sjd.surat_jalan_detail_nama_barang ORDER BY sjd.surat_jalan_detail_surat_jalan_key [] []
[2019-10-10 21:45:05] RabbitPrint.WARNING:  | | | tambah_invoice.php -> membuka halaman [] []
[2019-10-10 21:45:05] RabbitPrint.WARNING:  | | | tambah_invoice.php -> sel_pelanggan : SELECT p.* FROM pelanggan p JOIN surat_jalan sj ON p.pelanggan_id = sj.surat_jalan_pelanggan_id WHERE p.pelanggan_id > 0 AND sj.surat_jalan_status = 'B' GROUP BY p.pelanggan_nama [] []
[2019-10-10 21:45:05] RabbitPrint.WARNING:  | | | tambah_invoice.php -> sel_sj : SELECT p.pelanggan_nama, p.pelanggan_telp, p.pelanggan_alamat, sj.*, sjd.surat_jalan_detail_nama_barang, sjd.surat_jalan_detail_jenis_print, sjd.surat_jalan_detail_satuan_qty FROM surat_jalan sj JOIN surat_jalan_detail sjd ON sjd.surat_jalan_detail_surat_jalan_key = sj.surat_jalan_key JOIN pelanggan p ON p.pelanggan_id = sj.surat_jalan_pelanggan_id WHERE sj.surat_jalan_pelanggan_id = 2 AND sj.surat_jalan_status = 'B' AND sj.surat_jalan_tanggal LIKE '2019-10%' GROUP BY sjd.surat_jalan_detail_surat_jalan_key, sjd.surat_jalan_detail_nama_barang ORDER BY sjd.surat_jalan_detail_surat_jalan_key [] []
[2019-10-10 21:45:05] RabbitPrint.WARNING:  | | | tambah_invoice.php -> jml. pelanggan : 0 [] []
[2019-10-10 21:45:45] RabbitPrint.WARNING:  | | | functions.php -> getKodeInvoice() -> selectkey : SELECT MAX(inv.invoice_keluar_no_invoice) AS psnkey FROM invoice_keluar inv WHERE inv.invoice_keluar_no_invoice LIKE '%INV/20191010/%' [] []
[2019-10-10 21:45:45] RabbitPrint.WARNING:  | | | functions.php -> getKodeInvoice() -> psn_key : INV/20191010/001 [] []
[2019-10-10 21:45:45] RabbitPrint.WARNING:  | | | tambah_invoice.php -> simpan_invoice [START] [] []
[2019-10-10 21:45:45] RabbitPrint.WARNING:  | | | tambah_invoice.php -> insert ke invoice -> sql : INSERT INTO invoice_keluar (cre_tms, upd_tms, cre_usr, upd_usr, invoice_keluar_no_invoice, invoice_keluar_pelanggan_id, invoice_keluar_tanggal_kirim, invoice_keluar_total_harga) VALUES (NOW(), NOW(), 'superuser', 'superuser', 'INV/20191010/001', 2, '2019-10-10', 9500000) [] []
[2019-10-10 21:45:45] RabbitPrint.WARNING:  | | | tambah_invoice.php -> insert ke invoice_keluar_detail -> sql_detail : INSERT INTO invoice_keluar_detail (cre_tms, upd_tms, cre_usr, upd_usr, invoice_keluar_detail_no_invoice, invoice_keluar_detail_surat_jalan_nomor, invoice_keluar_detail_jenis_print, invoice_keluar_detail_total_barang, invoice_keluar_detail_satuan, invoice_keluar_detail_harga, invoice_keluar_detail_subtotal_harga) VALUES ( NOW(), NOW(), 'superuser', 'superuser', 'INV/20191010/001', 'SRJ/20191010/001', 'PRINT TAYO', 100, 'Kg', 20000, 2000000),( NOW(), NOW(), 'superuser', 'superuser', 'INV/20191010/001', 'SRJ/20191010/002', 'PRINT TAYO', 100, 'Kg', 25000, 2500000),( NOW(), NOW(), 'superuser', 'superuser', 'INV/20191010/001', 'SRJ/20191010/003', 'PRINT TAYO', 100, 'Kg', 20000, 2000000),( NOW(), NOW(), 'superuser', 'superuser', 'INV/20191010/001', 'SRJ/20191010/004', 'PRINT TAYO', 100, 'Kg', 30000, 3000000) [] []
[2019-10-10 21:45:45] RabbitPrint.WARNING:  | | | tambah_invoice.php -> query_upd : UPDATE surat_jalan s SET s.surat_jalan_status = 'I' WHERE s.surat_jalan_key IN ('SRJ/20191010/001','SRJ/20191010/002','SRJ/20191010/003','SRJ/20191010/004') [] []
[2019-10-10 21:45:45] RabbitPrint.WARNING:  | | | tambah_invoice.php -> insert ke invoice_keluar_detail -> BERHASIL [] []
[2019-10-10 21:45:45] RabbitPrint.WARNING:  | | | tambah_invoice.php -> simpan_invoice [END] [] []
[2019-10-10 21:45:47] RabbitPrint.WARNING:  | | | tambah_invoice.php -> membuka halaman [] []
[2019-10-10 21:45:47] RabbitPrint.WARNING:  | | | tambah_invoice.php -> sel_pelanggan : SELECT p.* FROM pelanggan p JOIN surat_jalan sj ON p.pelanggan_id = sj.surat_jalan_pelanggan_id WHERE p.pelanggan_id > 0 AND sj.surat_jalan_status = 'B' GROUP BY p.pelanggan_nama [] []
[2019-10-10 21:45:47] RabbitPrint.WARNING:  | | | tambah_invoice.php -> sel_sj : SELECT p.pelanggan_nama, p.pelanggan_telp, p.pelanggan_alamat, sj.*, sjd.surat_jalan_detail_nama_barang, sjd.surat_jalan_detail_jenis_print, sjd.surat_jalan_detail_satuan_qty FROM surat_jalan sj JOIN surat_jalan_detail sjd ON sjd.surat_jalan_detail_surat_jalan_key = sj.surat_jalan_key JOIN pelanggan p ON p.pelanggan_id = sj.surat_jalan_pelanggan_id WHERE sj.surat_jalan_pelanggan_id = AND sj.surat_jalan_status = 'B' AND sj.surat_jalan_tanggal LIKE '-%' GROUP BY sjd.surat_jalan_detail_surat_jalan_key, sjd.surat_jalan_detail_nama_barang ORDER BY sjd.surat_jalan_detail_surat_jalan_key [] []
[2019-10-10 21:45:52] RabbitPrint.WARNING:  | | | daftar_invoice.php -> membuka halaman [] []
[2019-10-10 21:45:52] RabbitPrint.WARNING:  | | | daftar_invoice.php -> sel_invoice : SELECT inv.*, plg.pelanggan_nama FROM invoice_keluar inv JOIN pelanggan plg ON plg.pelanggan_id = inv.invoice_keluar_pelanggan_id ORDER BY inv.invoice_keluar_id DESC [] []
[2019-10-10 21:45:52] RabbitPrint.WARNING:  | | | data_pelanggan.php -> sel_pelanggan : SELECT p.* FROM pelanggan p JOIN invoice_keluar inv ON p.pelanggan_id = inv.invoice_keluar_pelanggan_id WHERE p.pelanggan_id > 0 GROUP BY p.pelanggan_nama; [] []
[2019-10-10 21:45:52] RabbitPrint.WARNING:  | | | daftar_invoice.php -> jml. invoice : 0 [] []
[2019-10-10 21:45:52] RabbitPrint.WARNING:  | | | data_pelanggan.php -> jml. pelanggan : 1 [] []
[2019-10-10 21:45:59] RabbitPrint.WARNING:  | | | daftar_surat_jalan.php -> membuka halaman [] []
[2019-10-10 21:45:59] RabbitPrint.WARNING:  | | | daftar_surat_)jalan.php -> sel_daftar_surat_jalan : SELECT * FROM surat_jalan ORDER BY surat_jalan_id DESC [] []
[2019-10-10 21:45:59] RabbitPrint.WARNING:  | | | daftar_surat_jalan.php -> sel_plg -> SELECT pelanggan_nama FROM pelanggan WHERE pelanggan_id = 2 [] []
[2019-10-10 21:45:59] RabbitPrint.WARNING:  | | | daftar_surat_jalan.php -> sel_user -> SELECT nama FROM s_user WHERE username = 'superuser' [] []
[2019-10-10 21:45:59] RabbitPrint.WARNING:  | | | daftar_surat_jalan.php -> sel_plg -> SELECT pelanggan_nama FROM pelanggan WHERE pelanggan_id = 2 [] []
[2019-10-10 21:45:59] RabbitPrint.WARNING:  | | | daftar_surat_jalan.php -> sel_user -> SELECT nama FROM s_user WHERE username = 'superuser' [] []
[2019-10-10 21:45:59] RabbitPrint.WARNING:  | | | daftar_surat_jalan.php -> sel_plg -> SELECT pelanggan_nama FROM pelanggan WHERE pelanggan_id = 2 [] []
[2019-10-10 21:45:59] RabbitPrint.WARNING:  | | | daftar_surat_jalan.php -> sel_user -> SELECT nama FROM s_user WHERE username = 'superuser' [] []
[2019-10-10 21:45:59] RabbitPrint.WARNING:  | | | daftar_surat_jalan.php -> sel_plg -> SELECT pelanggan_nama FROM pelanggan WHERE pelanggan_id = 2 [] []
[2019-10-10 21:45:59] RabbitPrint.WARNING:  | | | daftar_surat_jalan.php -> sel_user -> SELECT nama FROM s_user WHERE username = 'superuser' [] []
[2019-10-10 21:46:13] RabbitPrint.WARNING:  | | | daftar_invoice.php -> membuka halaman [] []
[2019-10-10 21:46:13] RabbitPrint.WARNING:  | | | daftar_invoice.php -> sel_invoice : SELECT inv.*, plg.pelanggan_nama FROM invoice_keluar inv JOIN pelanggan plg ON plg.pelanggan_id = inv.invoice_keluar_pelanggan_id ORDER BY inv.invoice_keluar_id DESC [] []
[2019-10-10 21:46:13] RabbitPrint.WARNING:  | | | data_pelanggan.php -> sel_pelanggan : SELECT p.* FROM pelanggan p JOIN invoice_keluar inv ON p.pelanggan_id = inv.invoice_keluar_pelanggan_id WHERE p.pelanggan_id > 0 GROUP BY p.pelanggan_nama; [] []
[2019-10-10 21:46:13] RabbitPrint.WARNING:  | | | daftar_invoice.php -> jml. invoice : 0 [] []
[2019-10-10 21:46:13] RabbitPrint.WARNING:  | | | data_pelanggan.php -> jml. pelanggan : 1 [] []
[2019-10-10 21:46:19] RabbitPrint.WARNING:  | | | daftar_surat_jalan.php -> membuka halaman [] []
[2019-10-10 21:46:19] RabbitPrint.WARNING:  | | | daftar_surat_)jalan.php -> sel_daftar_surat_jalan : SELECT * FROM surat_jalan ORDER BY surat_jalan_id DESC [] []
[2019-10-10 21:46:19] RabbitPrint.WARNING:  | | | daftar_surat_jalan.php -> sel_plg -> SELECT pelanggan_nama FROM pelanggan WHERE pelanggan_id = 2 [] []
[2019-10-10 21:46:19] RabbitPrint.WARNING:  | | | daftar_surat_jalan.php -> sel_user -> SELECT nama FROM s_user WHERE username = 'superuser' [] []
[2019-10-10 21:46:19] RabbitPrint.WARNING:  | | | daftar_surat_jalan.php -> sel_plg -> SELECT pelanggan_nama FROM pelanggan WHERE pelanggan_id = 2 [] []
[2019-10-10 21:46:19] RabbitPrint.WARNING:  | | | daftar_surat_jalan.php -> sel_user -> SELECT nama FROM s_user WHERE username = 'superuser' [] []
[2019-10-10 21:46:19] RabbitPrint.WARNING:  | | | daftar_surat_jalan.php -> sel_plg -> SELECT pelanggan_nama FROM pelanggan WHERE pelanggan_id = 2 [] []
[2019-10-10 21:46:19] RabbitPrint.WARNING:  | | | daftar_surat_jalan.php -> sel_user -> SELECT nama FROM s_user WHERE username = 'superuser' [] []
[2019-10-10 21:46:19] RabbitPrint.WARNING:  | | | daftar_surat_jalan.php -> sel_plg -> SELECT pelanggan_nama FROM pelanggan WHERE pelanggan_id = 2 [] []
[2019-10-10 21:46:19] RabbitPrint.WARNING:  | | | daftar_surat_jalan.php -> sel_user -> SELECT nama FROM s_user WHERE username = 'superuser' [] []
[2019-10-10 21:47:05] RabbitPrint.WARNING:  | | | proses_daftar_sjalan.php -> hapus_srtjalan [] []
[2019-10-10 21:47:05] RabbitPrint.WARNING:  | | | proses_daftar_sjalan.php -> del_srtjalan : DELETE FROM surat_jalan WHERE surat_jalan_key = 'SRJ/20191010/001' [] []
[2019-10-10 21:47:05] RabbitPrint.WARNING:  | | | proses_daftar_sjalan.php -> del_srtjalan -> BERHASIL [] []
[2019-10-10 21:47:05] RabbitPrint.WARNING:  | | | proses_daftar_sjalan.php -> del_detailpsn : DELETE FROM surat_jalan_detail WHERE surat_jalan_detail_surat_jalan_key = 'SRJ/20191010/001' [] []
[2019-10-10 21:47:05] RabbitPrint.WARNING:  | | | proses_daftar_sjalan.php -> del_detailpsn -> BERHASIL [] []
[2019-10-10 21:47:05] RabbitPrint.WARNING:  | | | proses_daftar_sjalan.php -> sel_sj : SELECT invoice_keluar_detail_no_invoice, invoice_keluar_detail_subtotal_harga FROM invoice_keluar_detail WHERE invoice_keluar_detail_surat_jalan_nomor = 'SRJ/20191010/001' [] []
[2019-10-10 21:47:05] RabbitPrint.WARNING:  | | | proses_daftar_sjalan.php -> del_detailpsn : DELETE FROM invoice_keluar_detail WHERE invoice_keluar_detail_surat_jalan_nomor = 'SRJ/20191010/001' [] []
[2019-10-10 21:47:09] RabbitPrint.WARNING:  | | | daftar_surat_jalan.php -> membuka halaman [] []
[2019-10-10 21:47:09] RabbitPrint.WARNING:  | | | daftar_surat_)jalan.php -> sel_daftar_surat_jalan : SELECT * FROM surat_jalan ORDER BY surat_jalan_id DESC [] []
[2019-10-10 21:47:09] RabbitPrint.WARNING:  | | | daftar_surat_jalan.php -> sel_plg -> SELECT pelanggan_nama FROM pelanggan WHERE pelanggan_id = 2 [] []
[2019-10-10 21:47:09] RabbitPrint.WARNING:  | | | daftar_surat_jalan.php -> sel_user -> SELECT nama FROM s_user WHERE username = 'superuser' [] []
[2019-10-10 21:47:09] RabbitPrint.WARNING:  | | | daftar_surat_jalan.php -> sel_plg -> SELECT pelanggan_nama FROM pelanggan WHERE pelanggan_id = 2 [] []
[2019-10-10 21:47:09] RabbitPrint.WARNING:  | | | daftar_surat_jalan.php -> sel_user -> SELECT nama FROM s_user WHERE username = 'superuser' [] []
[2019-10-10 21:47:09] RabbitPrint.WARNING:  | | | daftar_surat_jalan.php -> sel_plg -> SELECT pelanggan_nama FROM pelanggan WHERE pelanggan_id = 2 [] []
[2019-10-10 21:47:09] RabbitPrint.WARNING:  | | | daftar_surat_jalan.php -> sel_user -> SELECT nama FROM s_user WHERE username = 'superuser' [] []
[2019-10-10 21:47:13] RabbitPrint.WARNING:  | | | daftar_invoice.php -> membuka halaman [] []
[2019-10-10 21:47:13] RabbitPrint.WARNING:  | | | daftar_invoice.php -> sel_invoice : SELECT inv.*, plg.pelanggan_nama FROM invoice_keluar inv JOIN pelanggan plg ON plg.pelanggan_id = inv.invoice_keluar_pelanggan_id ORDER BY inv.invoice_keluar_id DESC [] []
[2019-10-10 21:47:13] RabbitPrint.WARNING:  | | | data_pelanggan.php -> sel_pelanggan : SELECT p.* FROM pelanggan p JOIN invoice_keluar inv ON p.pelanggan_id = inv.invoice_keluar_pelanggan_id WHERE p.pelanggan_id > 0 GROUP BY p.pelanggan_nama; [] []
[2019-10-10 21:47:13] RabbitPrint.WARNING:  | | | daftar_invoice.php -> jml. invoice : 0 [] []
[2019-10-10 21:47:13] RabbitPrint.WARNING:  | | | data_pelanggan.php -> jml. pelanggan : 1 [] []
[2019-10-10 22:05:57] RabbitPrint.WARNING:  | | | daftar_invoice.php -> membuka halaman [] []
[2019-10-10 22:05:57] RabbitPrint.WARNING:  | | | daftar_invoice.php -> sel_invoice : SELECT inv.*, plg.pelanggan_nama FROM invoice_keluar inv JOIN pelanggan plg ON plg.pelanggan_id = inv.invoice_keluar_pelanggan_id ORDER BY inv.invoice_keluar_id DESC [] []
[2019-10-10 22:05:57] RabbitPrint.WARNING:  | | | data_pelanggan.php -> sel_pelanggan : SELECT p.* FROM pelanggan p JOIN invoice_keluar inv ON p.pelanggan_id = inv.invoice_keluar_pelanggan_id WHERE p.pelanggan_id > 0 GROUP BY p.pelanggan_nama; [] []
[2019-10-10 22:05:57] RabbitPrint.WARNING:  | | | daftar_invoice.php -> jml. invoice : 0 [] []
[2019-10-10 22:05:57] RabbitPrint.WARNING:  | | | data_pelanggan.php -> jml. pelanggan : 1 [] []
[2019-10-10 22:08:00] RabbitPrint.WARNING:  | | | cetak_invoice.php -> sel_invoice : SELECT dinv.*, inv.*, sj.surat_jalan_nomor, sj.surat_jalan_tanggal FROM invoice_keluar inv JOIN invoice_keluar_detail dinv ON dinv.invoice_keluar_detail_no_invoice = inv.invoice_keluar_no_invoice JOIN surat_jalan sj ON sj.surat_jalan_key = dinv.invoice_keluar_detail_surat_jalan_nomor WHERE inv.invoice_keluar_tanggal_kirim BETWEEN '2019-10-01' AND '2019-10-31' AND inv.invoice_keluar_pelanggan_id = 2 [] []
[2019-10-10 22:08:00] RabbitPrint.WARNING:  | | | cetak_invoice.php -> sel_plg : SELECT pelanggan_nama FROM pelanggan WHERE pelanggan_id = 2 [] []
[2019-10-10 22:08:05] RabbitPrint.WARNING:  | | | daftar_invoice.php -> membuka halaman [] []
[2019-10-10 22:08:05] RabbitPrint.WARNING:  | | | daftar_invoice.php -> sel_invoice : SELECT inv.*, plg.pelanggan_nama FROM invoice_keluar inv JOIN pelanggan plg ON plg.pelanggan_id = inv.invoice_keluar_pelanggan_id ORDER BY inv.invoice_keluar_id DESC [] []
[2019-10-10 22:08:05] RabbitPrint.WARNING:  | | | data_pelanggan.php -> sel_pelanggan : SELECT p.* FROM pelanggan p JOIN invoice_keluar inv ON p.pelanggan_id = inv.invoice_keluar_pelanggan_id WHERE p.pelanggan_id > 0 GROUP BY p.pelanggan_nama; [] []
[2019-10-10 22:08:05] RabbitPrint.WARNING:  | | | daftar_invoice.php -> jml. invoice : 0 [] []
[2019-10-10 22:08:05] RabbitPrint.WARNING:  | | | data_pelanggan.php -> jml. pelanggan : 1 [] []
[2019-10-10 22:08:24] RabbitPrint.WARNING:  | | | daftar_surat_jalan.php -> membuka halaman [] []
[2019-10-10 22:08:24] RabbitPrint.WARNING:  | | | daftar_surat_)jalan.php -> sel_daftar_surat_jalan : SELECT * FROM surat_jalan ORDER BY surat_jalan_id DESC [] []
[2019-10-10 22:08:24] RabbitPrint.WARNING:  | | | daftar_surat_jalan.php -> sel_plg -> SELECT pelanggan_nama FROM pelanggan WHERE pelanggan_id = 2 [] []
[2019-10-10 22:08:24] RabbitPrint.WARNING:  | | | daftar_surat_jalan.php -> sel_user -> SELECT nama FROM s_user WHERE username = 'superuser' [] []
[2019-10-10 22:08:24] RabbitPrint.WARNING:  | | | daftar_surat_jalan.php -> sel_plg -> SELECT pelanggan_nama FROM pelanggan WHERE pelanggan_id = 2 [] []
[2019-10-10 22:08:24] RabbitPrint.WARNING:  | | | daftar_surat_jalan.php -> sel_user -> SELECT nama FROM s_user WHERE username = 'superuser' [] []
[2019-10-10 22:08:24] RabbitPrint.WARNING:  | | | daftar_surat_jalan.php -> sel_plg -> SELECT pelanggan_nama FROM pelanggan WHERE pelanggan_id = 2 [] []
[2019-10-10 22:08:24] RabbitPrint.WARNING:  | | | daftar_surat_jalan.php -> sel_user -> SELECT nama FROM s_user WHERE username = 'superuser' [] []
[2019-10-10 22:08:33] RabbitPrint.WARNING:  | | | daftar_pesanan.php -> membuka halaman [] []
[2019-10-10 22:08:33] RabbitPrint.WARNING:  | | | daftar_pesanan.php -> sel_pesanan : SELECT psn.*, plg.pelanggan_nama	FROM pesanan psn JOIN pelanggan plg ON plg.pelanggan_id = psn.pesanan_pelanggan_id ORDER BY psn.pesanan_id DESC [] []
[2019-10-10 22:08:33] RabbitPrint.WARNING:  | | | daftar_pesanan.php -> jml. pesanan : 0 [] []
[2019-10-10 22:10:21] RabbitPrint.WARNING:  | | | daftar_pesanan.php -> membuka halaman [] []
[2019-10-10 22:10:21] RabbitPrint.WARNING:  | | | daftar_pesanan.php -> sel_pesanan : SELECT psn.*, plg.pelanggan_nama	FROM pesanan psn JOIN pelanggan plg ON plg.pelanggan_id = psn.pesanan_pelanggan_id ORDER BY psn.pesanan_id DESC [] []
[2019-10-10 22:10:21] RabbitPrint.WARNING:  | | | daftar_pesanan.php -> jml. pesanan : 0 [] []
[2019-10-10 22:13:16] RabbitPrint.WARNING:  | | | daftar_pesanan.php -> membuka halaman [] []
[2019-10-10 22:13:16] RabbitPrint.WARNING:  | | | daftar_pesanan.php -> sel_pesanan : SELECT psn.*, plg.pelanggan_nama	FROM pesanan psn JOIN pelanggan plg ON plg.pelanggan_id = psn.pesanan_pelanggan_id ORDER BY psn.pesanan_id DESC [] []
[2019-10-10 22:13:16] RabbitPrint.WARNING:  | | | daftar_pesanan.php -> jml. pesanan : 0 [] []
[2019-10-10 22:13:22] RabbitPrint.WARNING:  | | | proses_daftar_pesanan.php -> hapus_detail [] []
[2019-10-10 22:13:22] RabbitPrint.WARNING:  | | | proses_daftar_pesanan.php -> del_pesanan : DELETE FROM pesanan WHERE pesanan_no_pesanan = 'PSN/20191003/001' [] []
[2019-10-10 22:13:22] RabbitPrint.WARNING:  | | | proses_daftar_pesanan.php -> del_pesanan -> BERHASIL [] []
[2019-10-10 22:13:22] RabbitPrint.WARNING:  | | | proses_daftar_pesanan.php -> del_detailpsn : DELETE FROM detail_pesanan WHERE detail_pesanan_no_pesanan = 'PSN/20191003/001' [] []
[2019-10-10 22:13:22] RabbitPrint.WARNING:  | | | proses_daftar_pesanan.php -> del_detailpsn -> BERHASIL [] []
[2019-10-10 22:13:26] RabbitPrint.WARNING:  | | | daftar_pesanan.php -> membuka halaman [] []
[2019-10-10 22:13:26] RabbitPrint.WARNING:  | | | daftar_pesanan.php -> sel_pesanan : SELECT psn.*, plg.pelanggan_nama	FROM pesanan psn JOIN pelanggan plg ON plg.pelanggan_id = psn.pesanan_pelanggan_id ORDER BY psn.pesanan_id DESC [] []
[2019-10-10 22:14:00] RabbitPrint.WARNING:  | | | daftar_surat_jalan.php -> membuka halaman [] []
[2019-10-10 22:14:00] RabbitPrint.WARNING:  | | | daftar_surat_)jalan.php -> sel_daftar_surat_jalan : SELECT * FROM surat_jalan ORDER BY surat_jalan_id DESC [] []
[2019-10-10 22:14:00] RabbitPrint.WARNING:  | | | daftar_surat_jalan.php -> sel_plg -> SELECT pelanggan_nama FROM pelanggan WHERE pelanggan_id = 2 [] []
[2019-10-10 22:14:00] RabbitPrint.WARNING:  | | | daftar_surat_jalan.php -> sel_user -> SELECT nama FROM s_user WHERE username = 'superuser' [] []
[2019-10-10 22:14:00] RabbitPrint.WARNING:  | | | daftar_surat_jalan.php -> sel_plg -> SELECT pelanggan_nama FROM pelanggan WHERE pelanggan_id = 2 [] []
[2019-10-10 22:14:00] RabbitPrint.WARNING:  | | | daftar_surat_jalan.php -> sel_user -> SELECT nama FROM s_user WHERE username = 'superuser' [] []
[2019-10-10 22:14:00] RabbitPrint.WARNING:  | | | daftar_surat_jalan.php -> sel_plg -> SELECT pelanggan_nama FROM pelanggan WHERE pelanggan_id = 2 [] []
[2019-10-10 22:14:00] RabbitPrint.WARNING:  | | | daftar_surat_jalan.php -> sel_user -> SELECT nama FROM s_user WHERE username = 'superuser' [] []
[2019-10-10 22:14:09] RabbitPrint.WARNING:  | | | daftar_invoice.php -> membuka halaman [] []
[2019-10-10 22:14:09] RabbitPrint.WARNING:  | | | daftar_invoice.php -> sel_invoice : SELECT inv.*, plg.pelanggan_nama FROM invoice_keluar inv JOIN pelanggan plg ON plg.pelanggan_id = inv.invoice_keluar_pelanggan_id ORDER BY inv.invoice_keluar_id DESC [] []
[2019-10-10 22:14:09] RabbitPrint.WARNING:  | | | data_pelanggan.php -> sel_pelanggan : SELECT p.* FROM pelanggan p JOIN invoice_keluar inv ON p.pelanggan_id = inv.invoice_keluar_pelanggan_id WHERE p.pelanggan_id > 0 GROUP BY p.pelanggan_nama; [] []
[2019-10-10 22:14:09] RabbitPrint.WARNING:  | | | daftar_invoice.php -> jml. invoice : 0 [] []
[2019-10-10 22:14:09] RabbitPrint.WARNING:  | | | data_pelanggan.php -> jml. pelanggan : 1 [] []
[2019-10-10 22:21:57] RabbitPrint.WARNING:  | | | daftar_surat_jalan.php -> membuka halaman [] []
[2019-10-10 22:21:57] RabbitPrint.WARNING:  | | | daftar_surat_)jalan.php -> sel_daftar_surat_jalan : SELECT * FROM surat_jalan ORDER BY surat_jalan_id DESC [] []
[2019-10-10 22:21:57] RabbitPrint.WARNING:  | | | daftar_surat_jalan.php -> sel_plg -> SELECT pelanggan_nama FROM pelanggan WHERE pelanggan_id = 2 [] []
[2019-10-10 22:21:57] RabbitPrint.WARNING:  | | | daftar_surat_jalan.php -> sel_user -> SELECT nama FROM s_user WHERE username = 'superuser' [] []
[2019-10-10 22:21:57] RabbitPrint.WARNING:  | | | daftar_surat_jalan.php -> sel_plg -> SELECT pelanggan_nama FROM pelanggan WHERE pelanggan_id = 2 [] []
[2019-10-10 22:21:57] RabbitPrint.WARNING:  | | | daftar_surat_jalan.php -> sel_user -> SELECT nama FROM s_user WHERE username = 'superuser' [] []
[2019-10-10 22:21:57] RabbitPrint.WARNING:  | | | daftar_surat_jalan.php -> sel_plg -> SELECT pelanggan_nama FROM pelanggan WHERE pelanggan_id = 2 [] []
[2019-10-10 22:21:57] RabbitPrint.WARNING:  | | | daftar_surat_jalan.php -> sel_user -> SELECT nama FROM s_user WHERE username = 'superuser' [] []
[2019-10-10 22:23:03] RabbitPrint.WARNING:  | | | daftar_surat_jalan.php -> membuka halaman [] []
[2019-10-10 22:23:03] RabbitPrint.WARNING:  | | | daftar_surat_)jalan.php -> sel_daftar_surat_jalan : SELECT * FROM surat_jalan ORDER BY surat_jalan_id DESC [] []
[2019-10-10 22:23:03] RabbitPrint.WARNING:  | | | daftar_surat_jalan.php -> sel_plg -> SELECT pelanggan_nama FROM pelanggan WHERE pelanggan_id = 2 [] []
[2019-10-10 22:23:03] RabbitPrint.WARNING:  | | | daftar_surat_jalan.php -> sel_user -> SELECT nama FROM s_user WHERE username = 'superuser' [] []
[2019-10-10 22:23:03] RabbitPrint.WARNING:  | | | daftar_surat_jalan.php -> sel_plg -> SELECT pelanggan_nama FROM pelanggan WHERE pelanggan_id = 2 [] []
[2019-10-10 22:23:03] RabbitPrint.WARNING:  | | | daftar_surat_jalan.php -> sel_user -> SELECT nama FROM s_user WHERE username = 'superuser' [] []
[2019-10-10 22:23:03] RabbitPrint.WARNING:  | | | daftar_surat_jalan.php -> sel_plg -> SELECT pelanggan_nama FROM pelanggan WHERE pelanggan_id = 2 [] []
[2019-10-10 22:23:03] RabbitPrint.WARNING:  | | | daftar_surat_jalan.php -> sel_user -> SELECT nama FROM s_user WHERE username = 'superuser' [] []
[2019-10-10 22:23:19] RabbitPrint.WARNING:  | | | daftar_surat_jalan.php -> membuka halaman [] []
[2019-10-10 22:23:19] RabbitPrint.WARNING:  | | | daftar_surat_)jalan.php -> sel_daftar_surat_jalan : SELECT * FROM surat_jalan ORDER BY surat_jalan_id DESC [] []
[2019-10-10 22:23:19] RabbitPrint.WARNING:  | | | daftar_surat_jalan.php -> sel_plg -> SELECT pelanggan_nama FROM pelanggan WHERE pelanggan_id = 2 [] []
[2019-10-10 22:23:19] RabbitPrint.WARNING:  | | | daftar_surat_jalan.php -> sel_user -> SELECT nama FROM s_user WHERE username = 'superuser' [] []
[2019-10-10 22:23:19] RabbitPrint.WARNING:  | | | daftar_surat_jalan.php -> sel_plg -> SELECT pelanggan_nama FROM pelanggan WHERE pelanggan_id = 2 [] []
[2019-10-10 22:23:19] RabbitPrint.WARNING:  | | | daftar_surat_jalan.php -> sel_user -> SELECT nama FROM s_user WHERE username = 'superuser' [] []
[2019-10-10 22:23:19] RabbitPrint.WARNING:  | | | daftar_surat_jalan.php -> sel_plg -> SELECT pelanggan_nama FROM pelanggan WHERE pelanggan_id = 2 [] []
[2019-10-10 22:23:19] RabbitPrint.WARNING:  | | | daftar_surat_jalan.php -> sel_user -> SELECT nama FROM s_user WHERE username = 'superuser' [] []
[2019-10-10 22:23:34] RabbitPrint.WARNING:  | | | daftar_surat_jalan.php -> membuka halaman [] []
[2019-10-10 22:23:34] RabbitPrint.WARNING:  | | | daftar_surat_)jalan.php -> sel_daftar_surat_jalan : SELECT * FROM surat_jalan ORDER BY surat_jalan_id DESC [] []
[2019-10-10 22:23:34] RabbitPrint.WARNING:  | | | daftar_surat_jalan.php -> sel_plg -> SELECT pelanggan_nama FROM pelanggan WHERE pelanggan_id = 2 [] []
[2019-10-10 22:23:34] RabbitPrint.WARNING:  | | | daftar_surat_jalan.php -> sel_user -> SELECT nama FROM s_user WHERE username = 'superuser' [] []
[2019-10-10 22:23:34] RabbitPrint.WARNING:  | | | daftar_surat_jalan.php -> sel_plg -> SELECT pelanggan_nama FROM pelanggan WHERE pelanggan_id = 2 [] []
[2019-10-10 22:23:34] RabbitPrint.WARNING:  | | | daftar_surat_jalan.php -> sel_user -> SELECT nama FROM s_user WHERE username = 'superuser' [] []
[2019-10-10 22:23:34] RabbitPrint.WARNING:  | | | daftar_surat_jalan.php -> sel_plg -> SELECT pelanggan_nama FROM pelanggan WHERE pelanggan_id = 2 [] []
[2019-10-10 22:23:34] RabbitPrint.WARNING:  | | | daftar_surat_jalan.php -> sel_user -> SELECT nama FROM s_user WHERE username = 'superuser' [] []
[2019-10-10 22:26:18] RabbitPrint.WARNING:  | | | daftar_surat_jalan.php -> membuka halaman [] []
[2019-10-10 22:26:18] RabbitPrint.WARNING:  | | | daftar_surat_)jalan.php -> sel_daftar_surat_jalan : SELECT * FROM surat_jalan ORDER BY surat_jalan_id DESC [] []
[2019-10-10 22:26:18] RabbitPrint.WARNING:  | | | daftar_surat_jalan.php -> sel_plg -> SELECT pelanggan_nama FROM pelanggan WHERE pelanggan_id = 2 [] []
[2019-10-10 22:26:18] RabbitPrint.WARNING:  | | | daftar_surat_jalan.php -> sel_user -> SELECT nama FROM s_user WHERE username = 'superuser' [] []
[2019-10-10 22:26:18] RabbitPrint.WARNING:  | | | daftar_surat_jalan.php -> sel_plg -> SELECT pelanggan_nama FROM pelanggan WHERE pelanggan_id = 2 [] []
[2019-10-10 22:26:18] RabbitPrint.WARNING:  | | | daftar_surat_jalan.php -> sel_user -> SELECT nama FROM s_user WHERE username = 'superuser' [] []
[2019-10-10 22:26:18] RabbitPrint.WARNING:  | | | daftar_surat_jalan.php -> sel_plg -> SELECT pelanggan_nama FROM pelanggan WHERE pelanggan_id = 2 [] []
[2019-10-10 22:26:18] RabbitPrint.WARNING:  | | | daftar_surat_jalan.php -> sel_user -> SELECT nama FROM s_user WHERE username = 'superuser' [] []
[2019-10-10 22:28:39] RabbitPrint.WARNING:  | | | daftar_surat_jalan.php -> membuka halaman [] []
[2019-10-10 22:28:39] RabbitPrint.WARNING:  | | | daftar_surat_)jalan.php -> sel_daftar_surat_jalan : SELECT * FROM surat_jalan ORDER BY surat_jalan_id DESC [] []
[2019-10-10 22:28:39] RabbitPrint.WARNING:  | | | daftar_surat_jalan.php -> sel_plg -> SELECT pelanggan_nama FROM pelanggan WHERE pelanggan_id = 2 [] []
[2019-10-10 22:28:39] RabbitPrint.WARNING:  | | | daftar_surat_jalan.php -> sel_user -> SELECT nama FROM s_user WHERE username = 'superuser' [] []
[2019-10-10 22:28:39] RabbitPrint.WARNING:  | | | daftar_surat_jalan.php -> sel_plg -> SELECT pelanggan_nama FROM pelanggan WHERE pelanggan_id = 2 [] []
[2019-10-10 22:28:39] RabbitPrint.WARNING:  | | | daftar_surat_jalan.php -> sel_user -> SELECT nama FROM s_user WHERE username = 'superuser' [] []
[2019-10-10 22:28:39] RabbitPrint.WARNING:  | | | daftar_surat_jalan.php -> sel_plg -> SELECT pelanggan_nama FROM pelanggan WHERE pelanggan_id = 2 [] []
[2019-10-10 22:28:39] RabbitPrint.WARNING:  | | | daftar_surat_jalan.php -> sel_user -> SELECT nama FROM s_user WHERE username = 'superuser' [] []
[2019-10-10 22:33:06] RabbitPrint.WARNING:  | | | daftar_surat_jalan.php -> membuka halaman [] []
[2019-10-10 22:33:06] RabbitPrint.WARNING:  | | | daftar_surat_)jalan.php -> sel_daftar_surat_jalan : SELECT * FROM surat_jalan ORDER BY surat_jalan_id DESC [] []
[2019-10-10 22:33:06] RabbitPrint.WARNING:  | | | daftar_surat_jalan.php -> sel_plg -> SELECT pelanggan_nama FROM pelanggan WHERE pelanggan_id = 2 [] []
[2019-10-10 22:33:06] RabbitPrint.WARNING:  | | | daftar_surat_jalan.php -> sel_user -> SELECT nama FROM s_user WHERE username = 'superuser' [] []
[2019-10-10 22:33:06] RabbitPrint.WARNING:  | | | daftar_surat_jalan.php -> sel_plg -> SELECT pelanggan_nama FROM pelanggan WHERE pelanggan_id = 2 [] []
[2019-10-10 22:33:06] RabbitPrint.WARNING:  | | | daftar_surat_jalan.php -> sel_user -> SELECT nama FROM s_user WHERE username = 'superuser' [] []
[2019-10-10 22:33:06] RabbitPrint.WARNING:  | | | daftar_surat_jalan.php -> sel_plg -> SELECT pelanggan_nama FROM pelanggan WHERE pelanggan_id = 2 [] []
[2019-10-10 22:33:06] RabbitPrint.WARNING:  | | | daftar_surat_jalan.php -> sel_user -> SELECT nama FROM s_user WHERE username = 'superuser' [] []
[2019-10-10 22:33:40] RabbitPrint.WARNING:  | | | daftar_surat_jalan.php -> membuka halaman [] []
[2019-10-10 22:33:40] RabbitPrint.WARNING:  | | | daftar_surat_)jalan.php -> sel_daftar_surat_jalan : SELECT * FROM surat_jalan ORDER BY surat_jalan_id DESC [] []
[2019-10-10 22:33:40] RabbitPrint.WARNING:  | | | daftar_surat_jalan.php -> sel_plg -> SELECT pelanggan_nama FROM pelanggan WHERE pelanggan_id = 2 [] []
[2019-10-10 22:33:40] RabbitPrint.WARNING:  | | | daftar_surat_jalan.php -> sel_user -> SELECT nama FROM s_user WHERE username = 'superuser' [] []
[2019-10-10 22:33:40] RabbitPrint.WARNING:  | | | daftar_surat_jalan.php -> sel_plg -> SELECT pelanggan_nama FROM pelanggan WHERE pelanggan_id = 2 [] []
[2019-10-10 22:33:40] RabbitPrint.WARNING:  | | | daftar_surat_jalan.php -> sel_user -> SELECT nama FROM s_user WHERE username = 'superuser' [] []
[2019-10-10 22:33:40] RabbitPrint.WARNING:  | | | daftar_surat_jalan.php -> sel_plg -> SELECT pelanggan_nama FROM pelanggan WHERE pelanggan_id = 2 [] []
[2019-10-10 22:33:40] RabbitPrint.WARNING:  | | | daftar_surat_jalan.php -> sel_user -> SELECT nama FROM s_user WHERE username = 'superuser' [] []
[2019-10-10 22:33:54] RabbitPrint.WARNING:  | | | daftar_surat_jalan.php -> membuka halaman [] []
[2019-10-10 22:33:54] RabbitPrint.WARNING:  | | | daftar_surat_)jalan.php -> sel_daftar_surat_jalan : SELECT * FROM surat_jalan ORDER BY surat_jalan_id DESC [] []
[2019-10-10 22:33:54] RabbitPrint.WARNING:  | | | daftar_surat_jalan.php -> sel_plg -> SELECT pelanggan_nama FROM pelanggan WHERE pelanggan_id = 2 [] []
[2019-10-10 22:33:54] RabbitPrint.WARNING:  | | | daftar_surat_jalan.php -> sel_user -> SELECT nama FROM s_user WHERE username = 'superuser' [] []
[2019-10-10 22:33:54] RabbitPrint.WARNING:  | | | daftar_surat_jalan.php -> sel_plg -> SELECT pelanggan_nama FROM pelanggan WHERE pelanggan_id = 2 [] []
[2019-10-10 22:33:54] RabbitPrint.WARNING:  | | | daftar_surat_jalan.php -> sel_user -> SELECT nama FROM s_user WHERE username = 'superuser' [] []
[2019-10-10 22:33:54] RabbitPrint.WARNING:  | | | daftar_surat_jalan.php -> sel_plg -> SELECT pelanggan_nama FROM pelanggan WHERE pelanggan_id = 2 [] []
[2019-10-10 22:33:54] RabbitPrint.WARNING:  | | | daftar_surat_jalan.php -> sel_user -> SELECT nama FROM s_user WHERE username = 'superuser' [] []
[2019-10-10 22:34:21] RabbitPrint.WARNING:  | | | daftar_surat_jalan.php -> membuka halaman [] []
[2019-10-10 22:34:21] RabbitPrint.WARNING:  | | | daftar_surat_)jalan.php -> sel_daftar_surat_jalan : SELECT * FROM surat_jalan ORDER BY surat_jalan_id DESC [] []
[2019-10-10 22:34:21] RabbitPrint.WARNING:  | | | daftar_surat_jalan.php -> sel_plg -> SELECT pelanggan_nama FROM pelanggan WHERE pelanggan_id = 2 [] []
[2019-10-10 22:34:21] RabbitPrint.WARNING:  | | | daftar_surat_jalan.php -> sel_user -> SELECT nama FROM s_user WHERE username = 'superuser' [] []
[2019-10-10 22:34:21] RabbitPrint.WARNING:  | | | daftar_surat_jalan.php -> sel_plg -> SELECT pelanggan_nama FROM pelanggan WHERE pelanggan_id = 2 [] []
[2019-10-10 22:34:21] RabbitPrint.WARNING:  | | | daftar_surat_jalan.php -> sel_user -> SELECT nama FROM s_user WHERE username = 'superuser' [] []
[2019-10-10 22:34:21] RabbitPrint.WARNING:  | | | daftar_surat_jalan.php -> sel_plg -> SELECT pelanggan_nama FROM pelanggan WHERE pelanggan_id = 2 [] []
[2019-10-10 22:34:21] RabbitPrint.WARNING:  | | | daftar_surat_jalan.php -> sel_user -> SELECT nama FROM s_user WHERE username = 'superuser' [] []
[2019-10-10 22:34:49] RabbitPrint.WARNING:  | | | daftar_surat_jalan.php -> membuka halaman [] []
[2019-10-10 22:34:49] RabbitPrint.WARNING:  | | | daftar_surat_)jalan.php -> sel_daftar_surat_jalan : SELECT * FROM surat_jalan ORDER BY surat_jalan_id DESC [] []
[2019-10-10 22:34:49] RabbitPrint.WARNING:  | | | daftar_surat_jalan.php -> sel_plg -> SELECT pelanggan_nama FROM pelanggan WHERE pelanggan_id = 2 [] []
[2019-10-10 22:34:49] RabbitPrint.WARNING:  | | | daftar_surat_jalan.php -> sel_user -> SELECT nama FROM s_user WHERE username = 'superuser' [] []
[2019-10-10 22:34:49] RabbitPrint.WARNING:  | | | daftar_surat_jalan.php -> sel_plg -> SELECT pelanggan_nama FROM pelanggan WHERE pelanggan_id = 2 [] []
[2019-10-10 22:34:49] RabbitPrint.WARNING:  | | | daftar_surat_jalan.php -> sel_user -> SELECT nama FROM s_user WHERE username = 'superuser' [] []
[2019-10-10 22:34:49] RabbitPrint.WARNING:  | | | daftar_surat_jalan.php -> sel_plg -> SELECT pelanggan_nama FROM pelanggan WHERE pelanggan_id = 2 [] []
[2019-10-10 22:34:49] RabbitPrint.WARNING:  | | | daftar_surat_jalan.php -> sel_user -> SELECT nama FROM s_user WHERE username = 'superuser' [] []
[2019-10-10 22:36:00] RabbitPrint.WARNING:  | | | daftar_surat_jalan.php -> membuka halaman [] []
[2019-10-10 22:36:00] RabbitPrint.WARNING:  | | | daftar_surat_)jalan.php -> sel_daftar_surat_jalan : SELECT * FROM surat_jalan ORDER BY surat_jalan_id DESC [] []
[2019-10-10 22:36:00] RabbitPrint.WARNING:  | | | daftar_surat_jalan.php -> sel_plg -> SELECT pelanggan_nama FROM pelanggan WHERE pelanggan_id = 2 [] []
[2019-10-10 22:36:00] RabbitPrint.WARNING:  | | | daftar_surat_jalan.php -> sel_user -> SELECT nama FROM s_user WHERE username = 'superuser' [] []
[2019-10-10 22:36:00] RabbitPrint.WARNING:  | | | daftar_surat_jalan.php -> sel_plg -> SELECT pelanggan_nama FROM pelanggan WHERE pelanggan_id = 2 [] []
[2019-10-10 22:36:00] RabbitPrint.WARNING:  | | | daftar_surat_jalan.php -> sel_user -> SELECT nama FROM s_user WHERE username = 'superuser' [] []
[2019-10-10 22:36:00] RabbitPrint.WARNING:  | | | daftar_surat_jalan.php -> sel_plg -> SELECT pelanggan_nama FROM pelanggan WHERE pelanggan_id = 2 [] []
[2019-10-10 22:36:00] RabbitPrint.WARNING:  | | | daftar_surat_jalan.php -> sel_user -> SELECT nama FROM s_user WHERE username = 'superuser' [] []
[2019-10-10 22:36:17] RabbitPrint.WARNING:  | | | daftar_surat_jalan.php -> membuka halaman [] []
[2019-10-10 22:36:17] RabbitPrint.WARNING:  | | | daftar_surat_)jalan.php -> sel_daftar_surat_jalan : SELECT * FROM surat_jalan ORDER BY surat_jalan_id DESC [] []
[2019-10-10 22:36:17] RabbitPrint.WARNING:  | | | daftar_surat_jalan.php -> sel_plg -> SELECT pelanggan_nama FROM pelanggan WHERE pelanggan_id = 2 [] []
[2019-10-10 22:36:17] RabbitPrint.WARNING:  | | | daftar_surat_jalan.php -> sel_user -> SELECT nama FROM s_user WHERE username = 'superuser' [] []
[2019-10-10 22:36:17] RabbitPrint.WARNING:  | | | daftar_surat_jalan.php -> sel_plg -> SELECT pelanggan_nama FROM pelanggan WHERE pelanggan_id = 2 [] []
[2019-10-10 22:36:17] RabbitPrint.WARNING:  | | | daftar_surat_jalan.php -> sel_user -> SELECT nama FROM s_user WHERE username = 'superuser' [] []
[2019-10-10 22:36:17] RabbitPrint.WARNING:  | | | daftar_surat_jalan.php -> sel_plg -> SELECT pelanggan_nama FROM pelanggan WHERE pelanggan_id = 2 [] []
[2019-10-10 22:36:17] RabbitPrint.WARNING:  | | | daftar_surat_jalan.php -> sel_user -> SELECT nama FROM s_user WHERE username = 'superuser' [] []
[2019-10-10 22:36:42] RabbitPrint.WARNING:  | | | proses_login.php -> cek user -> sql_user : SELECT * FROM s_user WHERE username LIKE 'su' AND password LIKE 'b23cf2d0fb74b0ffa0cf4c70e6e04926' LIMIT 1 [] []
[2019-10-10 22:36:42] RabbitPrint.WARNING:  | | | proses_login.php -> LOGIN GAGAL!! Username atau Password salah. [] []
[2019-10-10 22:36:52] RabbitPrint.WARNING:  | | | proses_login.php -> cek user -> sql_user : SELECT * FROM s_user WHERE username LIKE 'superuser' AND password LIKE '21232f297a57a5a743894a0e4a801fc3' LIMIT 1 [] []
[2019-10-10 22:36:52] RabbitPrint.WARNING:  | | | proses_login.php -> id_user : 1 [] []
[2019-10-10 22:36:52] RabbitPrint.WARNING:  | | | proses_login.php -> insert ke s_login -> sql_login : INSERT INTO s_login (key_login, id_user, waktu_login, waktu_kadaluarsa, status, ip, pc_dan_browser) VALUES ('15707218121031', '1', '2019-10-10 22:36:52', '2019-10-11 22:36:52', '1', '::1', 'mozilla/5.0 (windows nt 10.0; win64; x64) applewebkit/537.36 (khtml, like gecko) chrome/77.0.3865.90 safari/537.36') [] []
[2019-10-10 22:36:52] RabbitPrint.WARNING:  | | | proses_login.php -> insert ke s_login -> SUCCESS [] []
[2019-10-10 22:36:52] RabbitPrint.WARNING:  | | | proses_login.php -> LOGIN SUKSES!! [] []
[2019-10-10 22:36:59] RabbitPrint.WARNING:  | | | daftar_pesanan.php -> membuka halaman [] []
[2019-10-10 22:36:59] RabbitPrint.WARNING:  | | | daftar_pesanan.php -> sel_pesanan : SELECT psn.*, plg.pelanggan_nama	FROM pesanan psn JOIN pelanggan plg ON plg.pelanggan_id = psn.pesanan_pelanggan_id ORDER BY psn.pesanan_id DESC [] []
[2019-10-10 22:37:10] RabbitPrint.WARNING:  | | | daftar_surat_jalan.php -> membuka halaman [] []
[2019-10-10 22:37:10] RabbitPrint.WARNING:  | | | daftar_surat_)jalan.php -> sel_daftar_surat_jalan : SELECT * FROM surat_jalan ORDER BY surat_jalan_id DESC [] []
[2019-10-10 22:37:10] RabbitPrint.WARNING:  | | | daftar_surat_jalan.php -> sel_plg -> SELECT pelanggan_nama FROM pelanggan WHERE pelanggan_id = 2 [] []
[2019-10-10 22:37:10] RabbitPrint.WARNING:  | | | daftar_surat_jalan.php -> sel_user -> SELECT nama FROM s_user WHERE username = 'superuser' [] []
[2019-10-10 22:37:10] RabbitPrint.WARNING:  | | | daftar_surat_jalan.php -> sel_plg -> SELECT pelanggan_nama FROM pelanggan WHERE pelanggan_id = 2 [] []
[2019-10-10 22:37:10] RabbitPrint.WARNING:  | | | daftar_surat_jalan.php -> sel_user -> SELECT nama FROM s_user WHERE username = 'superuser' [] []
[2019-10-10 22:37:10] RabbitPrint.WARNING:  | | | daftar_surat_jalan.php -> sel_plg -> SELECT pelanggan_nama FROM pelanggan WHERE pelanggan_id = 2 [] []
[2019-10-10 22:37:10] RabbitPrint.WARNING:  | | | daftar_surat_jalan.php -> sel_user -> SELECT nama FROM s_user WHERE username = 'superuser' [] []
[2019-10-10 22:38:07] RabbitPrint.WARNING:  | | | daftar_surat_jalan.php -> membuka halaman [] []
[2019-10-10 22:38:07] RabbitPrint.WARNING:  | | | daftar_surat_)jalan.php -> sel_daftar_surat_jalan : SELECT * FROM surat_jalan ORDER BY surat_jalan_id DESC [] []
[2019-10-10 22:38:07] RabbitPrint.WARNING:  | | | daftar_surat_jalan.php -> sel_plg -> SELECT pelanggan_nama FROM pelanggan WHERE pelanggan_id = 2 [] []
[2019-10-10 22:38:07] RabbitPrint.WARNING:  | | | daftar_surat_jalan.php -> sel_user -> SELECT nama FROM s_user WHERE username = 'superuser' [] []
[2019-10-10 22:38:07] RabbitPrint.WARNING:  | | | daftar_surat_jalan.php -> sel_plg -> SELECT pelanggan_nama FROM pelanggan WHERE pelanggan_id = 2 [] []
[2019-10-10 22:38:07] RabbitPrint.WARNING:  | | | daftar_surat_jalan.php -> sel_user -> SELECT nama FROM s_user WHERE username = 'superuser' [] []
[2019-10-10 22:38:07] RabbitPrint.WARNING:  | | | daftar_surat_jalan.php -> sel_plg -> SELECT pelanggan_nama FROM pelanggan WHERE pelanggan_id = 2 [] []
[2019-10-10 22:38:07] RabbitPrint.WARNING:  | | | daftar_surat_jalan.php -> sel_user -> SELECT nama FROM s_user WHERE username = 'superuser' [] []
[2019-10-10 22:38:36] RabbitPrint.WARNING:  | | | daftar_surat_jalan.php -> membuka halaman [] []
[2019-10-10 22:38:36] RabbitPrint.WARNING:  | | | daftar_surat_)jalan.php -> sel_daftar_surat_jalan : SELECT * FROM surat_jalan ORDER BY surat_jalan_id DESC [] []
[2019-10-10 22:38:36] RabbitPrint.WARNING:  | | | daftar_surat_jalan.php -> sel_plg -> SELECT pelanggan_nama FROM pelanggan WHERE pelanggan_id = 2 [] []
[2019-10-10 22:38:36] RabbitPrint.WARNING:  | | | daftar_surat_jalan.php -> sel_user -> SELECT nama FROM s_user WHERE username = 'superuser' [] []
[2019-10-10 22:38:36] RabbitPrint.WARNING:  | | | daftar_surat_jalan.php -> sel_plg -> SELECT pelanggan_nama FROM pelanggan WHERE pelanggan_id = 2 [] []
[2019-10-10 22:38:36] RabbitPrint.WARNING:  | | | daftar_surat_jalan.php -> sel_user -> SELECT nama FROM s_user WHERE username = 'superuser' [] []
[2019-10-10 22:38:36] RabbitPrint.WARNING:  | | | daftar_surat_jalan.php -> sel_plg -> SELECT pelanggan_nama FROM pelanggan WHERE pelanggan_id = 2 [] []
[2019-10-10 22:38:36] RabbitPrint.WARNING:  | | | daftar_surat_jalan.php -> sel_user -> SELECT nama FROM s_user WHERE username = 'superuser' [] []
[2019-10-10 22:39:37] RabbitPrint.WARNING:  | | | daftar_surat_jalan.php -> membuka halaman [] []
[2019-10-10 22:39:37] RabbitPrint.WARNING:  | | | daftar_surat_)jalan.php -> sel_daftar_surat_jalan : SELECT * FROM surat_jalan ORDER BY surat_jalan_id DESC [] []
[2019-10-10 22:39:37] RabbitPrint.WARNING:  | | | daftar_surat_jalan.php -> sel_plg -> SELECT pelanggan_nama FROM pelanggan WHERE pelanggan_id = 2 [] []
[2019-10-10 22:39:37] RabbitPrint.WARNING:  | | | daftar_surat_jalan.php -> sel_user -> SELECT nama FROM s_user WHERE username = 'superuser' [] []
[2019-10-10 22:39:37] RabbitPrint.WARNING:  | | | daftar_surat_jalan.php -> sel_plg -> SELECT pelanggan_nama FROM pelanggan WHERE pelanggan_id = 2 [] []
[2019-10-10 22:39:37] RabbitPrint.WARNING:  | | | daftar_surat_jalan.php -> sel_user -> SELECT nama FROM s_user WHERE username = 'superuser' [] []
[2019-10-10 22:39:37] RabbitPrint.WARNING:  | | | daftar_surat_jalan.php -> sel_plg -> SELECT pelanggan_nama FROM pelanggan WHERE pelanggan_id = 2 [] []
[2019-10-10 22:39:37] RabbitPrint.WARNING:  | | | daftar_surat_jalan.php -> sel_user -> SELECT nama FROM s_user WHERE username = 'superuser' [] []
[2019-10-10 22:40:12] RabbitPrint.WARNING:  | | | cetak_surat_jalan.php -> sel_pesanan : SELECT sj.*, p.pelanggan_nama, p.pelanggan_telp, p.pelanggan_alamat, u.nama AS createby FROM surat_jalan sj JOIN pelanggan p ON p.pelanggan_id = sj.surat_jalan_pelanggan_id JOIN s_user u ON u.username = sj.cre_usr WHERE sj.surat_jalan_key = 'SRJ/20191010/004' [] []
[2019-10-10 22:40:12] RabbitPrint.WARNING:  | | | cetak_surat_jalan.php -> sel_detailsj : SELECT sj.*, dp.* FROM surat_jalan_detail sj JOIN detail_pesanan dp ON dp.detail_pesanan_key = sj.surat_jalan_detail_pesanan_key WHERE surat_jalan_detail_surat_jalan_key = 'SRJ/20191010/004' [] []
[2019-10-10 22:40:32] RabbitPrint.WARNING:  | | | daftar_surat_jalan.php -> membuka halaman [] []
[2019-10-10 22:40:32] RabbitPrint.WARNING:  | | | daftar_surat_)jalan.php -> sel_daftar_surat_jalan : SELECT * FROM surat_jalan ORDER BY surat_jalan_id DESC [] []
[2019-10-10 22:40:32] RabbitPrint.WARNING:  | | | daftar_surat_jalan.php -> sel_plg -> SELECT pelanggan_nama FROM pelanggan WHERE pelanggan_id = 2 [] []
[2019-10-10 22:40:32] RabbitPrint.WARNING:  | | | daftar_surat_jalan.php -> sel_user -> SELECT nama FROM s_user WHERE username = 'superuser' [] []
[2019-10-10 22:40:32] RabbitPrint.WARNING:  | | | daftar_surat_jalan.php -> sel_plg -> SELECT pelanggan_nama FROM pelanggan WHERE pelanggan_id = 2 [] []
[2019-10-10 22:40:32] RabbitPrint.WARNING:  | | | daftar_surat_jalan.php -> sel_user -> SELECT nama FROM s_user WHERE username = 'superuser' [] []
[2019-10-10 22:40:32] RabbitPrint.WARNING:  | | | daftar_surat_jalan.php -> sel_plg -> SELECT pelanggan_nama FROM pelanggan WHERE pelanggan_id = 2 [] []
[2019-10-10 22:40:32] RabbitPrint.WARNING:  | | | daftar_surat_jalan.php -> sel_user -> SELECT nama FROM s_user WHERE username = 'superuser' [] []
[2019-10-10 22:40:39] RabbitPrint.WARNING:  | | | cetak_surat_jalan.php -> sel_pesanan : SELECT sj.*, p.pelanggan_nama, p.pelanggan_telp, p.pelanggan_alamat, u.nama AS createby FROM surat_jalan sj JOIN pelanggan p ON p.pelanggan_id = sj.surat_jalan_pelanggan_id JOIN s_user u ON u.username = sj.cre_usr WHERE sj.surat_jalan_key = 'SRJ/20191010/004' [] []
[2019-10-10 22:40:39] RabbitPrint.WARNING:  | | | cetak_surat_jalan.php -> sel_detailsj : SELECT sj.*, dp.* FROM surat_jalan_detail sj JOIN detail_pesanan dp ON dp.detail_pesanan_key = sj.surat_jalan_detail_pesanan_key WHERE surat_jalan_detail_surat_jalan_key = 'SRJ/20191010/004' [] []
[2019-10-10 22:40:47] RabbitPrint.WARNING:  | | | cetak_surat_jalan.php -> sel_pesanan : SELECT sj.*, p.pelanggan_nama, p.pelanggan_telp, p.pelanggan_alamat, u.nama AS createby FROM surat_jalan sj JOIN pelanggan p ON p.pelanggan_id = sj.surat_jalan_pelanggan_id JOIN s_user u ON u.username = sj.cre_usr WHERE sj.surat_jalan_key = 'SRJ/20191010/003' [] []
[2019-10-10 22:40:47] RabbitPrint.WARNING:  | | | cetak_surat_jalan.php -> sel_detailsj : SELECT sj.*, dp.* FROM surat_jalan_detail sj JOIN detail_pesanan dp ON dp.detail_pesanan_key = sj.surat_jalan_detail_pesanan_key WHERE surat_jalan_detail_surat_jalan_key = 'SRJ/20191010/003' [] []
[2019-10-10 22:41:04] RabbitPrint.WARNING:  | | | daftar_pesanan.php -> membuka halaman [] []
[2019-10-10 22:41:04] RabbitPrint.WARNING:  | | | daftar_pesanan.php -> sel_pesanan : SELECT psn.*, plg.pelanggan_nama	FROM pesanan psn JOIN pelanggan plg ON plg.pelanggan_id = psn.pesanan_pelanggan_id ORDER BY psn.pesanan_id DESC [] []
