[2019-04-17 12:41:33] RabbitPrint.WARNING:  | | | proses_login.php -> cek user -> sql_user : SELECT * FROM s_user WHERE username LIKE 'superuser' AND password LIKE '21232f297a57a5a743894a0e4a801fc3' LIMIT 1 [] []
[2019-04-17 12:41:34] RabbitPrint.WARNING:  | | | proses_login.php -> id_user : 1 [] []
[2019-04-17 12:41:34] RabbitPrint.WARNING:  | | | proses_login.php -> insert ke s_login -> sql_login : INSERT INTO s_login (key_login, id_user, waktu_login, waktu_kadaluarsa, status, ip, pc_dan_browser) VALUES ('15554796944743', '1', '2019-04-17 12:41:34', '2019-04-18 12:41:34', '1', '127.0.0.1', 'mozilla/5.0 (windows nt 10.0; win64; x64; rv:66.0) gecko/20100101 firefox/66.0') [] []
[2019-04-17 12:41:34] RabbitPrint.WARNING:  | | | proses_login.php -> insert ke s_login -> SUCCESS [] []
[2019-04-17 12:41:34] RabbitPrint.WARNING:  | | | proses_login.php -> LOGIN SUKSES!! [] []
[2019-04-17 12:41:44] RabbitPrint.WARNING:  | | | daftar_pesanan.php -> membuka halaman [] []
[2019-04-17 12:41:44] RabbitPrint.WARNING:  | | | daftar_pesanan.php -> sel_pesanan : SELECT psn.*, plg.pelanggan_nama	FROM pesanan psn JOIN pelanggan plg ON plg.pelanggan_id = psn.pesanan_pelanggan_id ORDER BY psn.pesanan_id DESC [] []
[2019-04-17 12:41:44] RabbitPrint.WARNING:  | | | daftar_pesanan.php -> jml. pesanan : 0 [] []
[2019-04-17 12:41:49] RabbitPrint.WARNING:  | | | data_pelanggan.php -> sel_pelanggan : SELECT * FROM pelanggan [] []
[2019-04-17 12:41:49] RabbitPrint.WARNING:  | | | data_pelanggan.php -> jml. pelanggan : 1 [] []
[2019-04-17 12:41:49] RabbitPrint.WARNING:  | | | lihat_pesanan.php -> load [] []
[2019-04-17 12:41:49] RabbitPrint.WARNING:  | | | lihat_pesanan.php -> sel_psn : SELECT * FROM pesanan WHERE pesanan_no_pesanan = 'PSN-090419-001' [] []
[2019-04-17 12:41:49] RabbitPrint.WARNING:  | | | lihat_pesanan.php -> sel_plg : SELECT pelanggan_nama FROM pelanggan WHERE pelanggan_id = 1 [] []
[2019-04-17 12:41:49] RabbitPrint.WARNING:  | | | lihat_pesanan.php -> sel_detailpsn : SELECT * FROM detail_pesanan WHERE detail_pesanan_no_pesanan = 'PSN-090419-001' [] []
[2019-04-17 12:42:15] RabbitPrint.WARNING:  | | | proses_lihat_pesanan.php -> load.. [] []
[2019-04-17 12:42:15] RabbitPrint.WARNING:  | | | proses_lihat_pesanan.php -> upd_pesanan : UPDATE pesanan SET upd_tms = NOW(), pesanan_no_surat_jalan_masuk = '465FDTRDG', pesanan_total_qty = 0, pesanan_total_qty_packing = 0 WHERE pesanan_no_pesanan = 'PSN-090419-001' [] []
[2019-04-17 12:42:15] RabbitPrint.WARNING:  | | | proses_lihat_pesanan.php -> list_barang : [{"detail_pesanan_nama_barang":"klklmlklkmk","detail_pesanan_jenis_print":"wkwkwk","detail_pesanan_warna":"3","detail_pesanan_satuan":"Kg","detail_pesanan_jenis_packing":"Roll","packing_list":{"2":{"detail_pesanan_id":"7","detail_pesanan_detail_kain":"1122","detail_pesanan_qty":"22","detail_pesanan_qty_packing":"4"}}}] [] []
[2019-04-17 12:42:15] RabbitPrint.WARNING:  | | | proses_lihat_pesanan.php -> update detail_pesanan -> sql_detail : UPDATE detail_pesanan SET upd_tms = NOW(), detail_pesanan_nama_barang = 'klklmlklkmk', detail_pesanan_jenis_print = 'wkwkwk', detail_pesanan_warna = 3, detail_pesanan_detail_kain = '1122', detail_pesanan_qty = 22, detail_pesanan_satuan = 'Kg', detail_pesanan_jenis_packing = 'Roll', detail_pesanan_qty_packing = 4, detail_pesanan_status = 'B' WHERE detail_pesanan_id = 7 [] []
[2019-04-17 12:42:15] RabbitPrint.WARNING:  | | | proses_lihat_pesanan.php -> select : SELECT * FROM detail_pesanan WHERE detail_pesanan_no_pesanan = 'PSN-090419-001' [] []
[2019-04-17 12:42:15] RabbitPrint.WARNING:  | | | proses_lihat_pesanan.php -> update ke detail_pesanan -> BERHASIL [] []
[2019-04-17 12:42:15] RabbitPrint.WARNING:  | | | proses_lihat_pesanan.php -> hapus surat jalan [] []
[2019-04-17 12:42:15] RabbitPrint.WARNING:  | | | proses_lihat_pesanan.php -> select : SELECT surat_jalan_key FROM surat_jalan WHERE surat_jalan_no_pesanan = 'PSN-090419-001' [] []
[2019-04-17 12:42:15] RabbitPrint.WARNING:  | | | proses_lihat_pesanan.php -> del : DELETE FROM surat_jalan WHERE surat_jalan_no_pesanan = 'PSN-090419-001' [] []
[2019-04-17 12:42:15] RabbitPrint.WARNING:  | | | proses_lihat_pesanan.php -> del : DELETE FROM surat_jalan_detail WHERE surat_jalan_detail_surat_jalan_key = '' [] []
[2019-04-17 12:42:18] RabbitPrint.WARNING:  | | | data_pelanggan.php -> sel_pelanggan : SELECT * FROM pelanggan [] []
[2019-04-17 12:42:18] RabbitPrint.WARNING:  | | | data_pelanggan.php -> jml. pelanggan : 1 [] []
[2019-04-17 12:42:18] RabbitPrint.WARNING:  | | | lihat_pesanan.php -> load [] []
[2019-04-17 12:42:18] RabbitPrint.WARNING:  | | | lihat_pesanan.php -> sel_psn : SELECT * FROM pesanan WHERE pesanan_no_pesanan = 'PSN-090419-001' [] []
[2019-04-17 12:42:18] RabbitPrint.WARNING:  | | | lihat_pesanan.php -> sel_plg : SELECT pelanggan_nama FROM pelanggan WHERE pelanggan_id = 1 [] []
[2019-04-17 12:42:18] RabbitPrint.WARNING:  | | | lihat_pesanan.php -> sel_detailpsn : SELECT * FROM detail_pesanan WHERE detail_pesanan_no_pesanan = 'PSN-090419-001' [] []
[2019-04-17 12:42:35] RabbitPrint.WARNING:  | | | proses_lihat_pesanan.php -> load.. [] []
[2019-04-17 12:42:35] RabbitPrint.WARNING:  | | | proses_lihat_pesanan.php -> upd_pesanan : UPDATE pesanan SET upd_tms = NOW(), pesanan_no_surat_jalan_masuk = '465FDTRDG', pesanan_total_qty = 0, pesanan_total_qty_packing = 0 WHERE pesanan_no_pesanan = 'PSN-090419-001' [] []
[2019-04-17 12:42:36] RabbitPrint.WARNING:  | | | proses_lihat_pesanan.php -> list_barang : [{"detail_pesanan_nama_barang":"klklmlklkmk","detail_pesanan_jenis_print":"wkwkwk","detail_pesanan_warna":"3","detail_pesanan_satuan":"Kg","detail_pesanan_jenis_packing":"Roll","packing_list":[{"detail_pesanan_id":"7","detail_pesanan_detail_kain":"1122","detail_pesanan_qty":"25","detail_pesanan_qty_packing":"4"}]}] [] []
[2019-04-17 12:42:36] RabbitPrint.WARNING:  | | | proses_lihat_pesanan.php -> update detail_pesanan -> sql_detail : UPDATE detail_pesanan SET upd_tms = NOW(), detail_pesanan_nama_barang = 'klklmlklkmk', detail_pesanan_jenis_print = 'wkwkwk', detail_pesanan_warna = 3, detail_pesanan_detail_kain = '1122', detail_pesanan_qty = 25, detail_pesanan_satuan = 'Kg', detail_pesanan_jenis_packing = 'Roll', detail_pesanan_qty_packing = 4, detail_pesanan_status = 'B' WHERE detail_pesanan_id = 7 [] []
[2019-04-17 12:42:36] RabbitPrint.WARNING:  | | | proses_lihat_pesanan.php -> select : SELECT * FROM detail_pesanan WHERE detail_pesanan_no_pesanan = 'PSN-090419-001' [] []
[2019-04-17 12:42:36] RabbitPrint.WARNING:  | | | proses_lihat_pesanan.php -> update ke detail_pesanan -> BERHASIL [] []
[2019-04-17 12:42:36] RabbitPrint.WARNING:  | | | proses_lihat_pesanan.php -> hapus surat jalan [] []
[2019-04-17 12:42:36] RabbitPrint.WARNING:  | | | proses_lihat_pesanan.php -> select : SELECT surat_jalan_key FROM surat_jalan WHERE surat_jalan_no_pesanan = 'PSN-090419-001' [] []
[2019-04-17 12:42:36] RabbitPrint.WARNING:  | | | proses_lihat_pesanan.php -> del : DELETE FROM surat_jalan WHERE surat_jalan_no_pesanan = 'PSN-090419-001' [] []
[2019-04-17 12:42:36] RabbitPrint.WARNING:  | | | proses_lihat_pesanan.php -> del : DELETE FROM surat_jalan_detail WHERE surat_jalan_detail_surat_jalan_key = '' [] []
[2019-04-17 12:42:38] RabbitPrint.WARNING:  | | | data_pelanggan.php -> sel_pelanggan : SELECT * FROM pelanggan [] []
[2019-04-17 12:42:38] RabbitPrint.WARNING:  | | | data_pelanggan.php -> jml. pelanggan : 1 [] []
[2019-04-17 12:42:38] RabbitPrint.WARNING:  | | | lihat_pesanan.php -> load [] []
[2019-04-17 12:42:38] RabbitPrint.WARNING:  | | | lihat_pesanan.php -> sel_psn : SELECT * FROM pesanan WHERE pesanan_no_pesanan = 'PSN-090419-001' [] []
[2019-04-17 12:42:38] RabbitPrint.WARNING:  | | | lihat_pesanan.php -> sel_plg : SELECT pelanggan_nama FROM pelanggan WHERE pelanggan_id = 1 [] []
[2019-04-17 12:42:38] RabbitPrint.WARNING:  | | | lihat_pesanan.php -> sel_detailpsn : SELECT * FROM detail_pesanan WHERE detail_pesanan_no_pesanan = 'PSN-090419-001' [] []
[2019-04-17 12:53:10] RabbitPrint.WARNING:  | | | data_pelanggan.php -> sel_pelanggan : SELECT * FROM pelanggan [] []
[2019-04-17 12:53:10] RabbitPrint.WARNING:  | | | data_pelanggan.php -> jml. pelanggan : 1 [] []
[2019-04-17 12:53:10] RabbitPrint.WARNING:  | | | lihat_pesanan.php -> load [] []
[2019-04-17 12:53:10] RabbitPrint.WARNING:  | | | lihat_pesanan.php -> sel_psn : SELECT * FROM pesanan WHERE pesanan_no_pesanan = 'PSN-090419-001' [] []
[2019-04-17 12:53:10] RabbitPrint.WARNING:  | | | lihat_pesanan.php -> sel_plg : SELECT pelanggan_nama FROM pelanggan WHERE pelanggan_id = 1 [] []
[2019-04-17 12:53:10] RabbitPrint.WARNING:  | | | lihat_pesanan.php -> sel_detailpsn : SELECT * FROM detail_pesanan WHERE detail_pesanan_no_pesanan = 'PSN-090419-001' [] []
[2019-04-17 12:53:13] RabbitPrint.WARNING:  | | | data_pelanggan.php -> sel_pelanggan : SELECT * FROM pelanggan [] []
[2019-04-17 12:53:13] RabbitPrint.WARNING:  | | | data_pelanggan.php -> jml. pelanggan : 1 [] []
[2019-04-17 12:53:13] RabbitPrint.WARNING:  | | | lihat_pesanan.php -> load [] []
[2019-04-17 12:53:13] RabbitPrint.WARNING:  | | | lihat_pesanan.php -> sel_psn : SELECT * FROM pesanan WHERE pesanan_no_pesanan = 'PSN-090419-001' [] []
[2019-04-17 12:53:13] RabbitPrint.WARNING:  | | | lihat_pesanan.php -> sel_plg : SELECT pelanggan_nama FROM pelanggan WHERE pelanggan_id = 1 [] []
[2019-04-17 12:53:13] RabbitPrint.WARNING:  | | | lihat_pesanan.php -> sel_detailpsn : SELECT * FROM detail_pesanan WHERE detail_pesanan_no_pesanan = 'PSN-090419-001' [] []
[2019-04-17 12:53:25] RabbitPrint.WARNING:  | | | daftar_pesanan.php -> membuka halaman [] []
[2019-04-17 12:53:25] RabbitPrint.WARNING:  | | | daftar_pesanan.php -> sel_pesanan : SELECT psn.*, plg.pelanggan_nama	FROM pesanan psn JOIN pelanggan plg ON plg.pelanggan_id = psn.pesanan_pelanggan_id ORDER BY psn.pesanan_id DESC [] []
[2019-04-17 12:53:25] RabbitPrint.WARNING:  | | | daftar_pesanan.php -> jml. pesanan : 0 [] []
[2019-04-17 12:53:28] RabbitPrint.WARNING:  | | | data_pelanggan.php -> sel_pelanggan : SELECT * FROM pelanggan [] []
[2019-04-17 12:53:28] RabbitPrint.WARNING:  | | | data_pelanggan.php -> jml. pelanggan : 1 [] []
[2019-04-17 12:53:28] RabbitPrint.WARNING:  | | | lihat_pesanan.php -> load [] []
[2019-04-17 12:53:28] RabbitPrint.WARNING:  | | | lihat_pesanan.php -> sel_psn : SELECT * FROM pesanan WHERE pesanan_no_pesanan = 'PSN-090419-001' [] []
[2019-04-17 12:53:28] RabbitPrint.WARNING:  | | | lihat_pesanan.php -> sel_plg : SELECT pelanggan_nama FROM pelanggan WHERE pelanggan_id = 1 [] []
[2019-04-17 12:53:28] RabbitPrint.WARNING:  | | | lihat_pesanan.php -> sel_detailpsn : SELECT * FROM detail_pesanan WHERE detail_pesanan_no_pesanan = 'PSN-090419-001' [] []
[2019-04-17 12:53:56] RabbitPrint.WARNING:  | | | data_pelanggan.php -> sel_pelanggan : SELECT * FROM pelanggan [] []
[2019-04-17 12:53:56] RabbitPrint.WARNING:  | | | data_pelanggan.php -> jml. pelanggan : 1 [] []
[2019-04-17 12:53:56] RabbitPrint.WARNING:  | | | lihat_pesanan.php -> load [] []
[2019-04-17 12:53:56] RabbitPrint.WARNING:  | | | lihat_pesanan.php -> sel_psn : SELECT * FROM pesanan WHERE pesanan_no_pesanan = 'PSN-090419-001' [] []
[2019-04-17 12:53:56] RabbitPrint.WARNING:  | | | lihat_pesanan.php -> sel_plg : SELECT pelanggan_nama FROM pelanggan WHERE pelanggan_id = 1 [] []
[2019-04-17 12:53:56] RabbitPrint.WARNING:  | | | lihat_pesanan.php -> sel_detailpsn : SELECT * FROM detail_pesanan WHERE detail_pesanan_no_pesanan = 'PSN-090419-001' [] []
[2019-04-17 12:54:05] RabbitPrint.WARNING:  | | | data_pelanggan.php -> sel_pelanggan : SELECT * FROM pelanggan [] []
[2019-04-17 12:54:05] RabbitPrint.WARNING:  | | | data_pelanggan.php -> jml. pelanggan : 1 [] []
[2019-04-17 12:54:05] RabbitPrint.WARNING:  | | | lihat_pesanan.php -> load [] []
[2019-04-17 12:54:05] RabbitPrint.WARNING:  | | | lihat_pesanan.php -> sel_psn : SELECT * FROM pesanan WHERE pesanan_no_pesanan = 'PSN-090419-001' [] []
[2019-04-17 12:54:05] RabbitPrint.WARNING:  | | | lihat_pesanan.php -> sel_plg : SELECT pelanggan_nama FROM pelanggan WHERE pelanggan_id = 1 [] []
[2019-04-17 12:54:05] RabbitPrint.WARNING:  | | | lihat_pesanan.php -> sel_detailpsn : SELECT * FROM detail_pesanan WHERE detail_pesanan_no_pesanan = 'PSN-090419-001' [] []
[2019-04-17 12:54:54] RabbitPrint.WARNING:  | | | data_pelanggan.php -> sel_pelanggan : SELECT * FROM pelanggan [] []
[2019-04-17 12:54:54] RabbitPrint.WARNING:  | | | data_pelanggan.php -> jml. pelanggan : 1 [] []
[2019-04-17 12:54:54] RabbitPrint.WARNING:  | | | lihat_pesanan.php -> load [] []
[2019-04-17 12:54:54] RabbitPrint.WARNING:  | | | lihat_pesanan.php -> sel_psn : SELECT * FROM pesanan WHERE pesanan_no_pesanan = 'PSN-090419-001' [] []
[2019-04-17 12:54:54] RabbitPrint.WARNING:  | | | lihat_pesanan.php -> sel_plg : SELECT pelanggan_nama FROM pelanggan WHERE pelanggan_id = 1 [] []
[2019-04-17 12:54:54] RabbitPrint.WARNING:  | | | lihat_pesanan.php -> sel_detailpsn : SELECT * FROM detail_pesanan WHERE detail_pesanan_no_pesanan = 'PSN-090419-001' [] []
[2019-04-17 12:55:08] RabbitPrint.WARNING:  | | | data_pelanggan.php -> sel_pelanggan : SELECT * FROM pelanggan [] []
[2019-04-17 12:55:08] RabbitPrint.WARNING:  | | | data_pelanggan.php -> jml. pelanggan : 1 [] []
[2019-04-17 12:55:08] RabbitPrint.WARNING:  | | | lihat_pesanan.php -> load [] []
[2019-04-17 12:55:08] RabbitPrint.WARNING:  | | | lihat_pesanan.php -> sel_psn : SELECT * FROM pesanan WHERE pesanan_no_pesanan = 'PSN-090419-001' [] []
[2019-04-17 12:55:08] RabbitPrint.WARNING:  | | | lihat_pesanan.php -> sel_plg : SELECT pelanggan_nama FROM pelanggan WHERE pelanggan_id = 1 [] []
[2019-04-17 12:55:08] RabbitPrint.WARNING:  | | | lihat_pesanan.php -> sel_detailpsn : SELECT * FROM detail_pesanan WHERE detail_pesanan_no_pesanan = 'PSN-090419-001' [] []
[2019-04-17 12:55:17] RabbitPrint.WARNING:  | | | data_pelanggan.php -> sel_pelanggan : SELECT * FROM pelanggan [] []
[2019-04-17 12:55:17] RabbitPrint.WARNING:  | | | data_pelanggan.php -> jml. pelanggan : 1 [] []
[2019-04-17 12:55:17] RabbitPrint.WARNING:  | | | lihat_pesanan.php -> load [] []
[2019-04-17 12:55:17] RabbitPrint.WARNING:  | | | lihat_pesanan.php -> sel_psn : SELECT * FROM pesanan WHERE pesanan_no_pesanan = 'PSN-090419-001' [] []
[2019-04-17 12:55:17] RabbitPrint.WARNING:  | | | lihat_pesanan.php -> sel_plg : SELECT pelanggan_nama FROM pelanggan WHERE pelanggan_id = 1 [] []
[2019-04-17 12:55:17] RabbitPrint.WARNING:  | | | lihat_pesanan.php -> sel_detailpsn : SELECT * FROM detail_pesanan WHERE detail_pesanan_no_pesanan = 'PSN-090419-001' [] []
[2019-04-17 12:55:26] RabbitPrint.WARNING:  | | | data_pelanggan.php -> sel_pelanggan : SELECT * FROM pelanggan [] []
[2019-04-17 12:55:26] RabbitPrint.WARNING:  | | | data_pelanggan.php -> jml. pelanggan : 1 [] []
[2019-04-17 12:55:26] RabbitPrint.WARNING:  | | | lihat_pesanan.php -> load [] []
[2019-04-17 12:55:26] RabbitPrint.WARNING:  | | | lihat_pesanan.php -> sel_psn : SELECT * FROM pesanan WHERE pesanan_no_pesanan = 'PSN-090419-001' [] []
[2019-04-17 12:55:26] RabbitPrint.WARNING:  | | | lihat_pesanan.php -> sel_plg : SELECT pelanggan_nama FROM pelanggan WHERE pelanggan_id = 1 [] []
[2019-04-17 12:55:26] RabbitPrint.WARNING:  | | | lihat_pesanan.php -> sel_detailpsn : SELECT * FROM detail_pesanan WHERE detail_pesanan_no_pesanan = 'PSN-090419-001' [] []
[2019-04-17 12:55:42] RabbitPrint.WARNING:  | | | proses_lihat_pesanan.php -> load.. [] []
[2019-04-17 12:55:42] RabbitPrint.WARNING:  | | | proses_lihat_pesanan.php -> upd_pesanan : UPDATE pesanan SET upd_tms = NOW(), pesanan_no_surat_jalan_masuk = '465FDTRDG', pesanan_total_qty = 0, pesanan_total_qty_packing = 0 WHERE pesanan_no_pesanan = 'PSN-090419-001' [] []
[2019-04-17 12:55:42] RabbitPrint.WARNING:  | | | proses_lihat_pesanan.php -> list_barang : [{"detail_pesanan_nama_barang":"barang 1","detail_pesanan_jenis_print":"jhgchfcg","detail_pesanan_warna":"6","detail_pesanan_satuan":"Kg","detail_pesanan_jenis_packing":"Roll","packing_list":[{"detail_pesanan_id":"5","detail_pesanan_detail_kain":"1123","detail_pesanan_qty":"27","detail_pesanan_qty_packing":"2"},{"detail_pesanan_id":"6","detail_pesanan_detail_kain":"","detail_pesanan_qty":"27","detail_pesanan_qty_packing":"3"}]}] [] []
[2019-04-17 12:55:42] RabbitPrint.WARNING:  | | | proses_lihat_pesanan.php -> update detail_pesanan -> sql_detail : UPDATE detail_pesanan SET upd_tms = NOW(), detail_pesanan_nama_barang = 'barang 1', detail_pesanan_jenis_print = 'jhgchfcg', detail_pesanan_warna = 6, detail_pesanan_detail_kain = '1123', detail_pesanan_qty = 27, detail_pesanan_satuan = 'Kg', detail_pesanan_jenis_packing = 'Roll', detail_pesanan_qty_packing = 2, detail_pesanan_status = 'B' WHERE detail_pesanan_id = 5 [] []
[2019-04-17 12:55:42] RabbitPrint.WARNING:  | | | proses_lihat_pesanan.php -> update detail_pesanan -> sql_detail : UPDATE detail_pesanan SET upd_tms = NOW(), detail_pesanan_nama_barang = 'barang 1', detail_pesanan_jenis_print = 'jhgchfcg', detail_pesanan_warna = 6, detail_pesanan_detail_kain = '', detail_pesanan_qty = 27, detail_pesanan_satuan = 'Kg', detail_pesanan_jenis_packing = 'Roll', detail_pesanan_qty_packing = 3, detail_pesanan_status = 'B' WHERE detail_pesanan_id = 6 [] []
[2019-04-17 12:55:42] RabbitPrint.WARNING:  | | | proses_lihat_pesanan.php -> select : SELECT * FROM detail_pesanan WHERE detail_pesanan_no_pesanan = 'PSN-090419-001' [] []
[2019-04-17 12:55:42] RabbitPrint.WARNING:  | | | proses_lihat_pesanan.php -> update ke detail_pesanan -> BERHASIL [] []
[2019-04-17 12:55:42] RabbitPrint.WARNING:  | | | proses_lihat_pesanan.php -> hapus surat jalan [] []
[2019-04-17 12:55:42] RabbitPrint.WARNING:  | | | proses_lihat_pesanan.php -> select : SELECT surat_jalan_key FROM surat_jalan WHERE surat_jalan_no_pesanan = 'PSN-090419-001' [] []
[2019-04-17 12:55:42] RabbitPrint.WARNING:  | | | proses_lihat_pesanan.php -> del : DELETE FROM surat_jalan WHERE surat_jalan_no_pesanan = 'PSN-090419-001' [] []
[2019-04-17 12:55:42] RabbitPrint.WARNING:  | | | proses_lihat_pesanan.php -> del : DELETE FROM surat_jalan_detail WHERE surat_jalan_detail_surat_jalan_key = '' [] []
[2019-04-17 12:55:45] RabbitPrint.WARNING:  | | | data_pelanggan.php -> sel_pelanggan : SELECT * FROM pelanggan [] []
[2019-04-17 12:55:45] RabbitPrint.WARNING:  | | | data_pelanggan.php -> jml. pelanggan : 1 [] []
[2019-04-17 12:55:45] RabbitPrint.WARNING:  | | | lihat_pesanan.php -> load [] []
[2019-04-17 12:55:45] RabbitPrint.WARNING:  | | | lihat_pesanan.php -> sel_psn : SELECT * FROM pesanan WHERE pesanan_no_pesanan = 'PSN-090419-001' [] []
[2019-04-17 12:55:45] RabbitPrint.WARNING:  | | | lihat_pesanan.php -> sel_plg : SELECT pelanggan_nama FROM pelanggan WHERE pelanggan_id = 1 [] []
[2019-04-17 12:55:45] RabbitPrint.WARNING:  | | | lihat_pesanan.php -> sel_detailpsn : SELECT * FROM detail_pesanan WHERE detail_pesanan_no_pesanan = 'PSN-090419-001' [] []
[2019-04-17 13:14:24] RabbitPrint.WARNING:  | | | data_pelanggan.php -> sel_pelanggan : SELECT * FROM pelanggan [] []
[2019-04-17 13:14:24] RabbitPrint.WARNING:  | | | data_pelanggan.php -> jml. pelanggan : 1 [] []
[2019-04-17 13:14:24] RabbitPrint.WARNING:  | | | pesanan.php -> load [] []
[2019-04-17 13:15:27] RabbitPrint.WARNING:  | | | functions.php -> getKodePesanan() -> selectkey : SELECT MAX(pesanan.pesanan_no_pesanan) AS psnkey FROM pesanan WHERE pesanan.pesanan_no_pesanan LIKE '%PSN-170419%' [] []
[2019-04-17 13:15:27] RabbitPrint.WARNING:  | | | functions.php -> getKodePesanan() -> psn_key : PSN-170419-001 [] []
[2019-04-17 13:15:27] RabbitPrint.WARNING:  | | | proses_pesanan.php -> load.. [] []
[2019-04-17 13:15:27] RabbitPrint.WARNING:  | | | proses_pesanan.php -> list_barang : Array [] []
[2019-04-17 13:15:27] RabbitPrint.WARNING:  | | | proses_pesanan.php -> insert ke pesanan -> sql_pesanan : INSERT INTO pesanan (cre_tms, upd_tms, cre_usr, upd_usr, pesanan_no_pesanan, pesanan_no_surat_jalan_masuk, pesanan_jenis_pesanan, pesanan_tanggal_pesanan, pesanan_pelanggan_id, pesanan_total_qty, pesanan_total_qty_packing) VALUES (NOW(), NOW(), 'superuser', 'superuser', 'PSN-170419-001', 'QWE2344', 'Pesanan Baru', '2019-04-17', '4', 0, 0) [] []
[2019-04-17 13:15:27] RabbitPrint.WARNING:  | | | proses_pesanan.php -> insert ke pesanan -> BERHASIL [] []
[2019-04-17 13:15:27] RabbitPrint.WARNING:  | | | proses_pesanan.php -> insert ke detail_pesanan -> sql_detail : INSERT INTO detail_pesanan (cre_tms, upd_tms, cre_usr, upd_usr, detail_pesanan_no_pesanan, detail_pesanan_nama_barang, detail_pesanan_jenis_print, detail_pesanan_detail_kain, detail_pesanan_ukuran, detail_pesanan_sisi_kanan, detail_pesanan_sisi_kiri, detail_pesanan_sisi_blkng, detail_pesanan_qty, detail_pesanan_satuan, detail_pesanan_qty_packing, detail_pesanan_jenis_packing, detail_pesanan_warna, detail_pesanan_keterangan) VALUES ( NOW(), NOW(), 'superuser', 'superuser', 'PSN-170419-001', 'b2', 'b2', 'biru', '1', 20, 20, 0, 20, 'PS', 40, 'PT', 4, ''),( NOW(), NOW(), 'superuser', 'superuser', 'PSN-170419-001', 'b2', 'b2', 'biru', '2', 20, 20, 0, 20, 'PS', 40, 'PT', 4, ''),( NOW(), NOW(), 'superuser', 'superuser', 'PSN-170419-001', 'b2', 'b2', 'biru', '3', 20, 20, 0, 20, 'PS', 40, 'PT', 4, ''),( NOW(), NOW(), 'superuser', 'superuser', 'PSN-170419-001', 'b2', 'b2', 'merah', '1', 25, 25, 0, 25, 'PS', 50, 'PT', 4, ''),( NOW(), NOW(), 'superuser', 'superuser', 'PSN-170419-001', 'b2', 'b2', 'merah', '2', 25, 25, 0, 25, 'PS', 50, 'PT', 4, ''),( NOW(), NOW(), 'superuser', 'superuser', 'PSN-170419-001', 'b2', 'b2', 'merah', '3', 25, 25, 0, 25, 'PS', 50, 'PT', 4, '') [] []
[2019-04-17 13:15:27] RabbitPrint.WARNING:  | | | proses_pesanan.php -> insert ke detail_pesanan -> BERHASIL [] []
[2019-04-17 13:15:31] RabbitPrint.WARNING:  | | | data_pelanggan.php -> sel_pelanggan : SELECT * FROM pelanggan [] []
[2019-04-17 13:15:31] RabbitPrint.WARNING:  | | | data_pelanggan.php -> jml. pelanggan : 1 [] []
[2019-04-17 13:15:31] RabbitPrint.WARNING:  | | | pesanan.php -> load [] []
[2019-04-17 13:15:35] RabbitPrint.WARNING:  | | | daftar_pesanan.php -> membuka halaman [] []
[2019-04-17 13:15:35] RabbitPrint.WARNING:  | | | daftar_pesanan.php -> sel_pesanan : SELECT psn.*, plg.pelanggan_nama	FROM pesanan psn JOIN pelanggan plg ON plg.pelanggan_id = psn.pesanan_pelanggan_id ORDER BY psn.pesanan_id DESC [] []
[2019-04-17 13:15:35] RabbitPrint.WARNING:  | | | daftar_pesanan.php -> jml. pesanan : 0 [] []
[2019-04-17 13:15:39] RabbitPrint.WARNING:  | | | data_pelanggan.php -> sel_pelanggan : SELECT * FROM pelanggan [] []
[2019-04-17 13:15:39] RabbitPrint.WARNING:  | | | data_pelanggan.php -> jml. pelanggan : 1 [] []
[2019-04-17 13:15:39] RabbitPrint.WARNING:  | | | lihat_pesanan.php -> load [] []
[2019-04-17 13:15:39] RabbitPrint.WARNING:  | | | lihat_pesanan.php -> sel_psn : SELECT * FROM pesanan WHERE pesanan_no_pesanan = 'PSN-170419-001' [] []
[2019-04-17 13:15:39] RabbitPrint.WARNING:  | | | lihat_pesanan.php -> sel_plg : SELECT pelanggan_nama FROM pelanggan WHERE pelanggan_id = 4 [] []
[2019-04-17 13:15:39] RabbitPrint.WARNING:  | | | lihat_pesanan.php -> sel_detailpsn : SELECT * FROM detail_pesanan WHERE detail_pesanan_no_pesanan = 'PSN-170419-001' [] []
[2019-04-17 13:15:48] RabbitPrint.WARNING:  | | | data_pelanggan.php -> sel_pelanggan : SELECT * FROM pelanggan [] []
[2019-04-17 13:15:48] RabbitPrint.WARNING:  | | | data_pelanggan.php -> jml. pelanggan : 1 [] []
[2019-04-17 13:15:48] RabbitPrint.WARNING:  | | | lihat_pesanan.php -> load [] []
[2019-04-17 13:15:48] RabbitPrint.WARNING:  | | | lihat_pesanan.php -> sel_psn : SELECT * FROM pesanan WHERE pesanan_no_pesanan = 'PSN-170419-001' [] []
[2019-04-17 13:15:48] RabbitPrint.WARNING:  | | | lihat_pesanan.php -> sel_plg : SELECT pelanggan_nama FROM pelanggan WHERE pelanggan_id = 4 [] []
[2019-04-17 13:15:48] RabbitPrint.WARNING:  | | | lihat_pesanan.php -> sel_detailpsn : SELECT * FROM detail_pesanan WHERE detail_pesanan_no_pesanan = 'PSN-170419-001' [] []
[2019-04-17 13:16:54] RabbitPrint.WARNING:  | | | data_pelanggan.php -> sel_pelanggan : SELECT * FROM pelanggan [] []
[2019-04-17 13:16:54] RabbitPrint.WARNING:  | | | data_pelanggan.php -> jml. pelanggan : 1 [] []
[2019-04-17 13:16:54] RabbitPrint.WARNING:  | | | lihat_pesanan.php -> load [] []
[2019-04-17 13:16:54] RabbitPrint.WARNING:  | | | lihat_pesanan.php -> sel_psn : SELECT * FROM pesanan WHERE pesanan_no_pesanan = 'PSN-170419-001' [] []
[2019-04-17 13:16:54] RabbitPrint.WARNING:  | | | lihat_pesanan.php -> sel_plg : SELECT pelanggan_nama FROM pelanggan WHERE pelanggan_id = 4 [] []
[2019-04-17 13:16:54] RabbitPrint.WARNING:  | | | lihat_pesanan.php -> sel_detailpsn : SELECT * FROM detail_pesanan WHERE detail_pesanan_no_pesanan = 'PSN-170419-001' [] []
[2019-04-17 13:20:01] RabbitPrint.WARNING:  | | | data_pelanggan.php -> sel_pelanggan : SELECT * FROM pelanggan [] []
[2019-04-17 13:20:01] RabbitPrint.WARNING:  | | | data_pelanggan.php -> jml. pelanggan : 1 [] []
[2019-04-17 13:20:01] RabbitPrint.WARNING:  | | | lihat_pesanan.php -> load [] []
[2019-04-17 13:20:01] RabbitPrint.WARNING:  | | | lihat_pesanan.php -> sel_psn : SELECT * FROM pesanan WHERE pesanan_no_pesanan = 'PSN-170419-001' [] []
[2019-04-17 13:20:01] RabbitPrint.WARNING:  | | | lihat_pesanan.php -> sel_plg : SELECT pelanggan_nama FROM pelanggan WHERE pelanggan_id = 4 [] []
[2019-04-17 13:20:01] RabbitPrint.WARNING:  | | | lihat_pesanan.php -> sel_detailpsn : SELECT * FROM detail_pesanan WHERE detail_pesanan_no_pesanan = 'PSN-170419-001' [] []
[2019-04-17 13:28:10] RabbitPrint.WARNING:  | | | data_pelanggan.php -> sel_pelanggan : SELECT * FROM pelanggan [] []
[2019-04-17 13:28:10] RabbitPrint.WARNING:  | | | data_pelanggan.php -> jml. pelanggan : 1 [] []
[2019-04-17 13:28:10] RabbitPrint.WARNING:  | | | lihat_pesanan.php -> load [] []
[2019-04-17 13:28:10] RabbitPrint.WARNING:  | | | lihat_pesanan.php -> sel_psn : SELECT * FROM pesanan WHERE pesanan_no_pesanan = 'PSN-170419-001' [] []
[2019-04-17 13:28:10] RabbitPrint.WARNING:  | | | lihat_pesanan.php -> sel_plg : SELECT pelanggan_nama FROM pelanggan WHERE pelanggan_id = 4 [] []
[2019-04-17 13:28:10] RabbitPrint.WARNING:  | | | lihat_pesanan.php -> sel_detailpsn : SELECT * FROM detail_pesanan WHERE detail_pesanan_no_pesanan = 'PSN-170419-001' [] []
[2019-04-17 13:30:31] RabbitPrint.WARNING:  | | | data_pelanggan.php -> sel_pelanggan : SELECT * FROM pelanggan [] []
[2019-04-17 13:30:31] RabbitPrint.WARNING:  | | | data_pelanggan.php -> jml. pelanggan : 1 [] []
[2019-04-17 13:30:31] RabbitPrint.WARNING:  | | | lihat_pesanan.php -> load [] []
[2019-04-17 13:30:31] RabbitPrint.WARNING:  | | | lihat_pesanan.php -> sel_psn : SELECT * FROM pesanan WHERE pesanan_no_pesanan = 'PSN-170419-001' [] []
[2019-04-17 13:30:31] RabbitPrint.WARNING:  | | | lihat_pesanan.php -> sel_plg : SELECT pelanggan_nama FROM pelanggan WHERE pelanggan_id = 4 [] []
[2019-04-17 13:30:31] RabbitPrint.WARNING:  | | | lihat_pesanan.php -> sel_detailpsn : SELECT * FROM detail_pesanan WHERE detail_pesanan_no_pesanan = 'PSN-170419-001' [] []
[2019-04-17 13:31:47] RabbitPrint.WARNING:  | | | daftar_pesanan.php -> membuka halaman [] []
[2019-04-17 13:31:47] RabbitPrint.WARNING:  | | | daftar_pesanan.php -> sel_pesanan : SELECT psn.*, plg.pelanggan_nama	FROM pesanan psn JOIN pelanggan plg ON plg.pelanggan_id = psn.pesanan_pelanggan_id ORDER BY psn.pesanan_id DESC [] []
[2019-04-17 13:31:47] RabbitPrint.WARNING:  | | | daftar_pesanan.php -> jml. pesanan : 0 [] []
[2019-04-17 13:31:51] RabbitPrint.WARNING:  | | | data_pelanggan.php -> sel_pelanggan : SELECT * FROM pelanggan [] []
[2019-04-17 13:31:51] RabbitPrint.WARNING:  | | | data_pelanggan.php -> jml. pelanggan : 1 [] []
[2019-04-17 13:31:51] RabbitPrint.WARNING:  | | | lihat_pesanan.php -> load [] []
[2019-04-17 13:31:51] RabbitPrint.WARNING:  | | | lihat_pesanan.php -> sel_psn : SELECT * FROM pesanan WHERE pesanan_no_pesanan = 'PSN-090419-001' [] []
[2019-04-17 13:31:51] RabbitPrint.WARNING:  | | | lihat_pesanan.php -> sel_plg : SELECT pelanggan_nama FROM pelanggan WHERE pelanggan_id = 1 [] []
[2019-04-17 13:31:51] RabbitPrint.WARNING:  | | | lihat_pesanan.php -> sel_detailpsn : SELECT * FROM detail_pesanan WHERE detail_pesanan_no_pesanan = 'PSN-090419-001' [] []
[2019-04-17 13:32:42] RabbitPrint.WARNING:  | | | data_pelanggan.php -> sel_pelanggan : SELECT * FROM pelanggan [] []
[2019-04-17 13:32:42] RabbitPrint.WARNING:  | | | data_pelanggan.php -> jml. pelanggan : 1 [] []
[2019-04-17 13:32:42] RabbitPrint.WARNING:  | | | lihat_pesanan.php -> load [] []
[2019-04-17 13:32:42] RabbitPrint.WARNING:  | | | lihat_pesanan.php -> sel_psn : SELECT * FROM pesanan WHERE pesanan_no_pesanan = 'PSN-090419-001' [] []
[2019-04-17 13:32:42] RabbitPrint.WARNING:  | | | lihat_pesanan.php -> sel_plg : SELECT pelanggan_nama FROM pelanggan WHERE pelanggan_id = 1 [] []
[2019-04-17 13:32:42] RabbitPrint.WARNING:  | | | lihat_pesanan.php -> sel_detailpsn : SELECT * FROM detail_pesanan WHERE detail_pesanan_no_pesanan = 'PSN-090419-001' [] []
[2019-04-17 13:32:45] RabbitPrint.WARNING:  | | | daftar_pesanan.php -> membuka halaman [] []
[2019-04-17 13:32:45] RabbitPrint.WARNING:  | | | daftar_pesanan.php -> sel_pesanan : SELECT psn.*, plg.pelanggan_nama	FROM pesanan psn JOIN pelanggan plg ON plg.pelanggan_id = psn.pesanan_pelanggan_id ORDER BY psn.pesanan_id DESC [] []
[2019-04-17 13:32:45] RabbitPrint.WARNING:  | | | daftar_pesanan.php -> jml. pesanan : 0 [] []
[2019-04-17 13:32:48] RabbitPrint.WARNING:  | | | data_pelanggan.php -> sel_pelanggan : SELECT * FROM pelanggan [] []
[2019-04-17 13:32:48] RabbitPrint.WARNING:  | | | data_pelanggan.php -> jml. pelanggan : 1 [] []
[2019-04-17 13:32:48] RabbitPrint.WARNING:  | | | lihat_pesanan.php -> load [] []
[2019-04-17 13:32:48] RabbitPrint.WARNING:  | | | lihat_pesanan.php -> sel_psn : SELECT * FROM pesanan WHERE pesanan_no_pesanan = 'PSN-170419-001' [] []
[2019-04-17 13:32:48] RabbitPrint.WARNING:  | | | lihat_pesanan.php -> sel_plg : SELECT pelanggan_nama FROM pelanggan WHERE pelanggan_id = 4 [] []
[2019-04-17 13:32:48] RabbitPrint.WARNING:  | | | lihat_pesanan.php -> sel_detailpsn : SELECT * FROM detail_pesanan WHERE detail_pesanan_no_pesanan = 'PSN-170419-001' [] []
[2019-04-17 13:38:13] RabbitPrint.WARNING:  | | | data_pelanggan.php -> sel_pelanggan : SELECT * FROM pelanggan [] []
[2019-04-17 13:38:13] RabbitPrint.WARNING:  | | | data_pelanggan.php -> jml. pelanggan : 1 [] []
[2019-04-17 13:38:13] RabbitPrint.WARNING:  | | | lihat_pesanan.php -> load [] []
[2019-04-17 13:38:13] RabbitPrint.WARNING:  | | | lihat_pesanan.php -> sel_psn : SELECT * FROM pesanan WHERE pesanan_no_pesanan = 'PSN-170419-001' [] []
[2019-04-17 13:38:13] RabbitPrint.WARNING:  | | | lihat_pesanan.php -> sel_plg : SELECT pelanggan_nama FROM pelanggan WHERE pelanggan_id = 4 [] []
[2019-04-17 13:38:13] RabbitPrint.WARNING:  | | | lihat_pesanan.php -> sel_detailpsn : SELECT * FROM detail_pesanan WHERE detail_pesanan_no_pesanan = 'PSN-170419-001' [] []
[2019-04-17 13:40:11] RabbitPrint.WARNING:  | | | data_pelanggan.php -> sel_pelanggan : SELECT * FROM pelanggan [] []
[2019-04-17 13:40:11] RabbitPrint.WARNING:  | | | data_pelanggan.php -> jml. pelanggan : 1 [] []
[2019-04-17 13:40:11] RabbitPrint.WARNING:  | | | lihat_pesanan.php -> load [] []
[2019-04-17 13:40:11] RabbitPrint.WARNING:  | | | lihat_pesanan.php -> sel_psn : SELECT * FROM pesanan WHERE pesanan_no_pesanan = 'PSN-170419-001' [] []
[2019-04-17 13:40:11] RabbitPrint.WARNING:  | | | lihat_pesanan.php -> sel_plg : SELECT pelanggan_nama FROM pelanggan WHERE pelanggan_id = 4 [] []
[2019-04-17 13:40:11] RabbitPrint.WARNING:  | | | lihat_pesanan.php -> sel_detailpsn : SELECT * FROM detail_pesanan WHERE detail_pesanan_no_pesanan = 'PSN-170419-001' [] []
[2019-04-17 13:41:13] RabbitPrint.WARNING:  | | | data_pelanggan.php -> sel_pelanggan : SELECT * FROM pelanggan [] []
[2019-04-17 13:41:13] RabbitPrint.WARNING:  | | | data_pelanggan.php -> jml. pelanggan : 1 [] []
[2019-04-17 13:41:13] RabbitPrint.WARNING:  | | | lihat_pesanan.php -> load [] []
[2019-04-17 13:41:13] RabbitPrint.WARNING:  | | | lihat_pesanan.php -> sel_psn : SELECT * FROM pesanan WHERE pesanan_no_pesanan = 'PSN-170419-001' [] []
[2019-04-17 13:41:13] RabbitPrint.WARNING:  | | | lihat_pesanan.php -> sel_plg : SELECT pelanggan_nama FROM pelanggan WHERE pelanggan_id = 4 [] []
[2019-04-17 13:41:13] RabbitPrint.WARNING:  | | | lihat_pesanan.php -> sel_detailpsn : SELECT * FROM detail_pesanan WHERE detail_pesanan_no_pesanan = 'PSN-170419-001' [] []
[2019-04-17 13:42:31] RabbitPrint.WARNING:  | | | data_pelanggan.php -> sel_pelanggan : SELECT * FROM pelanggan [] []
[2019-04-17 13:42:31] RabbitPrint.WARNING:  | | | data_pelanggan.php -> jml. pelanggan : 1 [] []
[2019-04-17 13:42:31] RabbitPrint.WARNING:  | | | lihat_pesanan.php -> load [] []
[2019-04-17 13:42:31] RabbitPrint.WARNING:  | | | lihat_pesanan.php -> sel_psn : SELECT * FROM pesanan WHERE pesanan_no_pesanan = 'PSN-170419-001' [] []
[2019-04-17 13:42:31] RabbitPrint.WARNING:  | | | lihat_pesanan.php -> sel_plg : SELECT pelanggan_nama FROM pelanggan WHERE pelanggan_id = 4 [] []
[2019-04-17 13:42:31] RabbitPrint.WARNING:  | | | lihat_pesanan.php -> sel_detailpsn : SELECT * FROM detail_pesanan WHERE detail_pesanan_no_pesanan = 'PSN-170419-001' [] []
[2019-04-17 13:46:29] RabbitPrint.WARNING:  | | | data_pelanggan.php -> sel_pelanggan : SELECT * FROM pelanggan [] []
[2019-04-17 13:46:29] RabbitPrint.WARNING:  | | | data_pelanggan.php -> jml. pelanggan : 1 [] []
[2019-04-17 13:46:29] RabbitPrint.WARNING:  | | | lihat_pesanan.php -> load [] []
[2019-04-17 13:46:29] RabbitPrint.WARNING:  | | | lihat_pesanan.php -> sel_psn : SELECT * FROM pesanan WHERE pesanan_no_pesanan = 'PSN-170419-001' [] []
[2019-04-17 13:46:29] RabbitPrint.WARNING:  | | | lihat_pesanan.php -> sel_plg : SELECT pelanggan_nama FROM pelanggan WHERE pelanggan_id = 4 [] []
[2019-04-17 13:46:29] RabbitPrint.WARNING:  | | | lihat_pesanan.php -> sel_detailpsn : SELECT * FROM detail_pesanan WHERE detail_pesanan_no_pesanan = 'PSN-170419-001' [] []
[2019-04-17 13:47:01] RabbitPrint.WARNING:  | | | data_pelanggan.php -> sel_pelanggan : SELECT * FROM pelanggan [] []
[2019-04-17 13:47:01] RabbitPrint.WARNING:  | | | data_pelanggan.php -> jml. pelanggan : 1 [] []
[2019-04-17 13:47:01] RabbitPrint.WARNING:  | | | lihat_pesanan.php -> load [] []
[2019-04-17 13:47:01] RabbitPrint.WARNING:  | | | lihat_pesanan.php -> sel_psn : SELECT * FROM pesanan WHERE pesanan_no_pesanan = 'PSN-170419-001' [] []
[2019-04-17 13:47:01] RabbitPrint.WARNING:  | | | lihat_pesanan.php -> sel_plg : SELECT pelanggan_nama FROM pelanggan WHERE pelanggan_id = 4 [] []
[2019-04-17 13:47:01] RabbitPrint.WARNING:  | | | lihat_pesanan.php -> sel_detailpsn : SELECT * FROM detail_pesanan WHERE detail_pesanan_no_pesanan = 'PSN-170419-001' [] []
