[2019-12-04 22:23:03] RabbitPrint.WARNING:  | | | daftar_invoice.php -> membuka halaman [] []
[2019-12-04 22:23:03] RabbitPrint.WARNING:  | | | daftar_invoice.php -> sel_invoice : SELECT inv.*, plg.pelanggan_nama FROM invoice_keluar inv JOIN pelanggan plg ON plg.pelanggan_id = inv.invoice_keluar_pelanggan_id ORDER BY inv.invoice_keluar_id DESC [] []
[2019-12-04 22:23:03] RabbitPrint.WARNING:  | | | data_pelanggan.php -> sel_pelanggan : SELECT p.* FROM pelanggan p JOIN invoice_keluar inv ON p.pelanggan_id = inv.invoice_keluar_pelanggan_id WHERE p.pelanggan_id > 0 GROUP BY p.pelanggan_nama; [] []
[2019-12-04 22:23:03] RabbitPrint.WARNING:  | | | daftar_invoice.php -> jml. invoice : 0 [] []
[2019-12-04 22:23:03] RabbitPrint.WARNING:  | | | data_pelanggan.php -> jml. pelanggan : 1 [] []
[2019-12-04 22:23:59] RabbitPrint.WARNING:  | | | proses_login.php -> cek user -> sql_user : SELECT * FROM s_user WHERE username LIKE 'superuser' AND password LIKE '21232f297a57a5a743894a0e4a801fc3' LIMIT 1 [] []
[2019-12-04 22:23:59] RabbitPrint.WARNING:  | | | proses_login.php -> id_user : 1 [] []
[2019-12-04 22:23:59] RabbitPrint.WARNING:  | | | proses_login.php -> insert ke s_login -> sql_login : INSERT INTO s_login (key_login, id_user, waktu_login, waktu_kadaluarsa, status, ip, pc_dan_browser) VALUES ('15754730391953', '1', '2019-12-04 22:23:59', '2019-12-05 22:23:59', '1', '::1', 'mozilla/5.0 (windows nt 10.0; win64; x64) applewebkit/537.36 (khtml, like gecko) chrome/78.0.3904.108 safari/537.36') [] []
[2019-12-04 22:23:59] RabbitPrint.WARNING:  | | | proses_login.php -> insert ke s_login -> SUCCESS [] []
[2019-12-04 22:23:59] RabbitPrint.WARNING:  | | | proses_login.php -> LOGIN SUKSES!! [] []
[2019-12-04 22:28:10] RabbitPrint.WARNING:  | | | pelanggan.php -> membuka halaman [] []
[2019-12-04 22:28:10] RabbitPrint.WARNING:  | | | pelanggan.php -> sel_pelanggan : SELECT * FROM pelanggan [] []
[2019-12-04 22:28:10] RabbitPrint.WARNING:  | | | pelanggan.php -> jml. pelanggan : 0 [] []
[2019-12-04 22:28:17] RabbitPrint.WARNING:  | | | daftar_pesanan.php -> membuka halaman [] []
[2019-12-04 22:28:17] RabbitPrint.WARNING:  | | | daftar_pesanan.php -> sel_pesanan : SELECT psn.*, plg.pelanggan_nama	FROM pesanan psn JOIN pelanggan plg ON plg.pelanggan_id = psn.pesanan_pelanggan_id ORDER BY psn.pesanan_id DESC [] []
[2019-12-04 22:28:17] RabbitPrint.WARNING:  | | | daftar_pesanan.php -> jml. pesanan : 0 [] []
[2019-12-04 22:28:21] RabbitPrint.WARNING:  | | | data_pelanggan.php -> sel_pelanggan : SELECT * FROM pelanggan [] []
[2019-12-04 22:28:21] RabbitPrint.WARNING:  | | | data_pelanggan.php -> jml. pelanggan : 1 [] []
[2019-12-04 22:28:21] RabbitPrint.WARNING:  | | | functions.php -> getDetailPesananKey() -> selectkey : SELECT MAX(detail_pesanan_key) AS detail_key FROM detail_pesanan; [] []
[2019-12-04 22:28:21] RabbitPrint.WARNING:  | | | functions.php -> getDetailPesananKey() -> detail_key : 0000000007 [] []
[2019-12-04 22:28:21] RabbitPrint.WARNING:  | | | pesanan.php -> load [] []
[2019-12-04 22:29:19] RabbitPrint.WARNING:  | | | functions.php -> getKodePesanan() -> selectkey : SELECT MAX(pesanan.pesanan_no_pesanan) AS psnkey FROM pesanan WHERE pesanan.pesanan_no_pesanan LIKE '%PSN/20191204/%' [] []
[2019-12-04 22:29:19] RabbitPrint.WARNING:  | | | functions.php -> getKodePesanan() -> psn_key : PSN/20191204/001 [] []
[2019-12-04 22:29:19] RabbitPrint.WARNING:  | | | proses_pesanan.php -> load.. [] []
[2019-12-04 22:29:19] RabbitPrint.WARNING:  | | | proses_pesanan.php -> string query detail_pesanan -> sql_detail : INSERT INTO detail_pesanan (cre_tms, upd_tms, cre_usr, upd_usr, detail_pesanan_no_pesanan, detail_pesanan_key, detail_pesanan_nama_barang, detail_pesanan_jenis_print, detail_pesanan_warna, detail_pesanan_detail_kain, detail_pesanan_nama_warna, detail_pesanan_ukuran, detail_pesanan_sisi_kanan, detail_pesanan_sisi_kiri, detail_pesanan_sisi_blkng, detail_pesanan_qty, detail_pesanan_satuan, detail_pesanan_qty_packing, detail_pesanan_jenis_packing, detail_pesanan_keterangan) VALUES  [] []
[2019-12-04 22:29:19] RabbitPrint.WARNING:  | | | proses_pesanan.php -> string query pesanan -> sql_pesanan : INSERT INTO pesanan (cre_tms, upd_tms, cre_usr, upd_usr, pesanan_no_pesanan, pesanan_no_surat_jalan_masuk, pesanan_jenis_pesanan, pesanan_tanggal_pesanan, pesanan_pelanggan_id, pesanan_total_qty, pesanan_total_qty_packing) VALUES (NOW(), NOW(), 'superuser', 'superuser', 'PSN/20191204/001', 'SJ-04122019', 'U', '2019-12-04', '4', 0, 0) [] []
[2019-12-04 22:29:19] RabbitPrint.WARNING:  | | | proses_pesanan.php -> insert ke pesanan -> sql_pesanan : INSERT INTO pesanan (cre_tms, upd_tms, cre_usr, upd_usr, pesanan_no_pesanan, pesanan_no_surat_jalan_masuk, pesanan_jenis_pesanan, pesanan_tanggal_pesanan, pesanan_pelanggan_id, pesanan_total_qty, pesanan_total_qty_packing) VALUES (NOW(), NOW(), 'superuser', 'superuser', 'PSN/20191204/001', 'SJ-04122019', 'U', '2019-12-04', '4', 0, 0) [] []
[2019-12-04 22:29:19] RabbitPrint.WARNING:  | | | proses_pesanan.php -> insert ke pesanan -> BERHASIL [] []
[2019-12-04 22:29:19] RabbitPrint.WARNING:  | | | proses_pesanan.php -> insert ke detail_pesanan -> GAGAL : You have an error in your SQL syntax; check the manual that corresponds to your MySQL server version for the right syntax to use near '' at line 1 [] []
[2019-12-04 22:29:34] RabbitPrint.WARNING:  | | | data_pelanggan.php -> sel_pelanggan : SELECT * FROM pelanggan [] []
[2019-12-04 22:29:34] RabbitPrint.WARNING:  | | | data_pelanggan.php -> jml. pelanggan : 1 [] []
[2019-12-04 22:29:34] RabbitPrint.WARNING:  | | | functions.php -> getDetailPesananKey() -> selectkey : SELECT MAX(detail_pesanan_key) AS detail_key FROM detail_pesanan; [] []
[2019-12-04 22:29:34] RabbitPrint.WARNING:  | | | functions.php -> getDetailPesananKey() -> detail_key : 0000000007 [] []
[2019-12-04 22:29:34] RabbitPrint.WARNING:  | | | pesanan.php -> load [] []
[2019-12-04 22:40:45] RabbitPrint.WARNING:  | | | data_pelanggan.php -> sel_pelanggan : SELECT * FROM pelanggan [] []
[2019-12-04 22:40:45] RabbitPrint.WARNING:  | | | data_pelanggan.php -> jml. pelanggan : 1 [] []
[2019-12-04 22:40:45] RabbitPrint.WARNING:  | | | functions.php -> getDetailPesananKey() -> selectkey : SELECT MAX(detail_pesanan_key) AS detail_key FROM detail_pesanan; [] []
[2019-12-04 22:40:45] RabbitPrint.WARNING:  | | | functions.php -> getDetailPesananKey() -> detail_key : 0000000001 [] []
[2019-12-04 22:40:45] RabbitPrint.WARNING:  | | | pesanan.php -> load [] []
[2019-12-04 22:41:08] RabbitPrint.WARNING:  | | | data_pelanggan.php -> sel_pelanggan : SELECT * FROM pelanggan [] []
[2019-12-04 22:41:08] RabbitPrint.WARNING:  | | | data_pelanggan.php -> jml. pelanggan : 1 [] []
[2019-12-04 22:41:08] RabbitPrint.WARNING:  | | | functions.php -> getDetailPesananKey() -> selectkey : SELECT MAX(detail_pesanan_key) AS detail_key FROM detail_pesanan; [] []
[2019-12-04 22:41:08] RabbitPrint.WARNING:  | | | functions.php -> getDetailPesananKey() -> detail_key : 0000000001 [] []
[2019-12-04 22:41:08] RabbitPrint.WARNING:  | | | pesanan.php -> load [] []
[2019-12-04 22:41:42] RabbitPrint.WARNING:  | | | functions.php -> getKodePesanan() -> selectkey : SELECT MAX(pesanan.pesanan_no_pesanan) AS psnkey FROM pesanan WHERE pesanan.pesanan_no_pesanan LIKE '%PSN/20191204/%' [] []
[2019-12-04 22:41:42] RabbitPrint.WARNING:  | | | functions.php -> getKodePesanan() -> psn_key : PSN/20191204/001 [] []
[2019-12-04 22:41:42] RabbitPrint.WARNING:  | | | proses_pesanan.php -> load.. [] []
[2019-12-04 22:41:42] RabbitPrint.WARNING:  | | | proses_pesanan.php -> string query detail_pesanan -> sql_detail : INSERT INTO detail_pesanan (cre_tms, upd_tms, cre_usr, upd_usr, detail_pesanan_no_pesanan, detail_pesanan_key, detail_pesanan_nama_barang, detail_pesanan_jenis_print, detail_pesanan_warna, detail_pesanan_detail_kain, detail_pesanan_nama_warna, detail_pesanan_ukuran, detail_pesanan_sisi_kanan, detail_pesanan_sisi_kiri, detail_pesanan_sisi_blkng, detail_pesanan_qty, detail_pesanan_satuan, detail_pesanan_qty_packing, detail_pesanan_jenis_packing, detail_pesanan_keterangan) VALUES  [] []
[2019-12-04 22:41:42] RabbitPrint.WARNING:  | | | proses_pesanan.php -> string query pesanan -> sql_pesanan : INSERT INTO pesanan (cre_tms, upd_tms, cre_usr, upd_usr, pesanan_no_pesanan, pesanan_no_surat_jalan_masuk, pesanan_jenis_pesanan, pesanan_tanggal_pesanan, pesanan_pelanggan_id, pesanan_total_qty, pesanan_total_qty_packing) VALUES (NOW(), NOW(), 'superuser', 'superuser', 'PSN/20191204/001', 'SJ-041219', 'U', '2019-12-04', '4', 0, 0) [] []
[2019-12-04 22:41:42] RabbitPrint.WARNING:  | | | proses_pesanan.php -> insert ke pesanan -> sql_pesanan : INSERT INTO pesanan (cre_tms, upd_tms, cre_usr, upd_usr, pesanan_no_pesanan, pesanan_no_surat_jalan_masuk, pesanan_jenis_pesanan, pesanan_tanggal_pesanan, pesanan_pelanggan_id, pesanan_total_qty, pesanan_total_qty_packing) VALUES (NOW(), NOW(), 'superuser', 'superuser', 'PSN/20191204/001', 'SJ-041219', 'U', '2019-12-04', '4', 0, 0) [] []
[2019-12-04 22:41:42] RabbitPrint.WARNING:  | | | proses_pesanan.php -> insert ke pesanan -> BERHASIL [] []
[2019-12-04 22:41:42] RabbitPrint.WARNING:  | | | proses_pesanan.php -> insert ke detail_pesanan -> GAGAL : You have an error in your SQL syntax; check the manual that corresponds to your MySQL server version for the right syntax to use near '' at line 1 [] []
[2019-12-04 22:44:08] RabbitPrint.WARNING:  | | | data_pelanggan.php -> sel_pelanggan : SELECT * FROM pelanggan [] []
[2019-12-04 22:44:08] RabbitPrint.WARNING:  | | | data_pelanggan.php -> jml. pelanggan : 1 [] []
[2019-12-04 22:44:08] RabbitPrint.WARNING:  | | | functions.php -> getDetailPesananKey() -> selectkey : SELECT MAX(detail_pesanan_key) AS detail_key FROM detail_pesanan; [] []
[2019-12-04 22:44:08] RabbitPrint.WARNING:  | | | functions.php -> getDetailPesananKey() -> detail_key : 0000000001 [] []
[2019-12-04 22:44:08] RabbitPrint.WARNING:  | | | pesanan.php -> load [] []
[2019-12-04 22:48:32] RabbitPrint.WARNING:  | | | data_pelanggan.php -> sel_pelanggan : SELECT * FROM pelanggan [] []
[2019-12-04 22:48:32] RabbitPrint.WARNING:  | | | data_pelanggan.php -> jml. pelanggan : 1 [] []
[2019-12-04 22:48:32] RabbitPrint.WARNING:  | | | functions.php -> getDetailPesananKey() -> selectkey : SELECT MAX(detail_pesanan_key) AS detail_key FROM detail_pesanan; [] []
[2019-12-04 22:48:32] RabbitPrint.WARNING:  | | | functions.php -> getDetailPesananKey() -> detail_key : 0000000001 [] []
[2019-12-04 22:48:32] RabbitPrint.WARNING:  | | | pesanan.php -> load [] []
[2019-12-04 22:50:03] RabbitPrint.WARNING:  | | | functions.php -> getKodePesanan() -> selectkey : SELECT MAX(pesanan.pesanan_no_pesanan) AS psnkey FROM pesanan WHERE pesanan.pesanan_no_pesanan LIKE '%PSN/20191204/%' [] []
[2019-12-04 22:50:03] RabbitPrint.WARNING:  | | | functions.php -> getKodePesanan() -> psn_key : PSN/20191204/001 [] []
[2019-12-04 22:50:03] RabbitPrint.WARNING:  | | | proses_pesanan.php -> load.. [] []
[2019-12-04 22:50:03] RabbitPrint.WARNING:  | | | proses_pesanan.php -> string query detail_pesanan -> sql_detail : INSERT INTO detail_pesanan (cre_tms, upd_tms, cre_usr, upd_usr, detail_pesanan_no_pesanan, detail_pesanan_key, detail_pesanan_nama_barang, detail_pesanan_jenis_print, detail_pesanan_warna, detail_pesanan_detail_kain, detail_pesanan_nama_warna, detail_pesanan_ukuran, detail_pesanan_sisi_kanan, detail_pesanan_sisi_kiri, detail_pesanan_sisi_blkng, detail_pesanan_qty, detail_pesanan_satuan, detail_pesanan_qty_packing, detail_pesanan_jenis_packing, detail_pesanan_keterangan) VALUES  [] []
[2019-12-04 22:50:03] RabbitPrint.WARNING:  | | | proses_pesanan.php -> string query pesanan -> sql_pesanan : INSERT INTO pesanan (cre_tms, upd_tms, cre_usr, upd_usr, pesanan_no_pesanan, pesanan_no_surat_jalan_masuk, pesanan_jenis_pesanan, pesanan_tanggal_pesanan, pesanan_pelanggan_id, pesanan_total_qty, pesanan_total_qty_packing) VALUES (NOW(), NOW(), 'superuser', 'superuser', 'PSN/20191204/001', 'SJ041219', 'U', '2019-12-04', '6', 0, 0) [] []
[2019-12-04 22:50:03] RabbitPrint.WARNING:  | | | proses_pesanan.php -> insert ke pesanan -> sql_pesanan : INSERT INTO pesanan (cre_tms, upd_tms, cre_usr, upd_usr, pesanan_no_pesanan, pesanan_no_surat_jalan_masuk, pesanan_jenis_pesanan, pesanan_tanggal_pesanan, pesanan_pelanggan_id, pesanan_total_qty, pesanan_total_qty_packing) VALUES (NOW(), NOW(), 'superuser', 'superuser', 'PSN/20191204/001', 'SJ041219', 'U', '2019-12-04', '6', 0, 0) [] []
[2019-12-04 22:50:03] RabbitPrint.WARNING:  | | | proses_pesanan.php -> insert ke pesanan -> BERHASIL [] []
[2019-12-04 22:50:07] RabbitPrint.WARNING:  | | | data_pelanggan.php -> sel_pelanggan : SELECT * FROM pelanggan [] []
[2019-12-04 22:50:07] RabbitPrint.WARNING:  | | | data_pelanggan.php -> jml. pelanggan : 1 [] []
[2019-12-04 22:50:07] RabbitPrint.WARNING:  | | | functions.php -> getDetailPesananKey() -> selectkey : SELECT MAX(detail_pesanan_key) AS detail_key FROM detail_pesanan; [] []
[2019-12-04 22:50:07] RabbitPrint.WARNING:  | | | functions.php -> getDetailPesananKey() -> detail_key : 0000000001 [] []
[2019-12-04 22:50:07] RabbitPrint.WARNING:  | | | pesanan.php -> load [] []
[2019-12-04 22:50:12] RabbitPrint.WARNING:  | | | daftar_pesanan.php -> membuka halaman [] []
[2019-12-04 22:50:12] RabbitPrint.WARNING:  | | | daftar_pesanan.php -> sel_pesanan : SELECT psn.*, plg.pelanggan_nama	FROM pesanan psn JOIN pelanggan plg ON plg.pelanggan_id = psn.pesanan_pelanggan_id ORDER BY psn.pesanan_id DESC [] []
[2019-12-04 22:50:12] RabbitPrint.WARNING:  | | | daftar_pesanan.php -> jml. pesanan : 0 [] []
[2019-12-04 22:51:06] RabbitPrint.WARNING:  | | | data_pelanggan.php -> sel_pelanggan : SELECT * FROM pelanggan [] []
[2019-12-04 22:51:06] RabbitPrint.WARNING:  | | | data_pelanggan.php -> jml. pelanggan : 1 [] []
[2019-12-04 22:51:06] RabbitPrint.WARNING:  | | | lihat_pesanan.php -> load [] []
[2019-12-04 22:51:06] RabbitPrint.WARNING:  | | | lihat_pesanan.php -> sel_psn : SELECT * FROM pesanan WHERE pesanan_no_pesanan = 'PSN/20191204/001' [] []
[2019-12-04 22:51:06] RabbitPrint.WARNING:  | | | lihat_pesanan.php -> sel_plg : SELECT pelanggan_nama FROM pelanggan WHERE pelanggan_id = 6 [] []
[2019-12-04 22:51:06] RabbitPrint.WARNING:  | | | lihat_pesanan.php -> sel_detailpsn : SELECT * FROM detail_pesanan WHERE detail_pesanan_no_pesanan = 'PSN/20191204/001' [] []
[2019-12-04 23:19:33] RabbitPrint.WARNING:  | | | data_pelanggan.php -> sel_pelanggan : SELECT * FROM pelanggan [] []
[2019-12-04 23:19:34] RabbitPrint.WARNING:  | | | data_pelanggan.php -> jml. pelanggan : 1 [] []
[2019-12-04 23:19:34] RabbitPrint.WARNING:  | | | functions.php -> getDetailPesananKey() -> selectkey : SELECT MAX(detail_pesanan_key) AS detail_key FROM detail_pesanan; [] []
[2019-12-04 23:19:34] RabbitPrint.WARNING:  | | | functions.php -> getDetailPesananKey() -> detail_key : 0000000001 [] []
[2019-12-04 23:19:34] RabbitPrint.WARNING:  | | | pesanan.php -> load [] []
[2019-12-04 23:21:07] RabbitPrint.WARNING:  | | | data_pelanggan.php -> sel_pelanggan : SELECT * FROM pelanggan [] []
[2019-12-04 23:21:07] RabbitPrint.WARNING:  | | | data_pelanggan.php -> jml. pelanggan : 1 [] []
[2019-12-04 23:21:07] RabbitPrint.WARNING:  | | | functions.php -> getDetailPesananKey() -> selectkey : SELECT MAX(detail_pesanan_key) AS detail_key FROM detail_pesanan; [] []
[2019-12-04 23:21:07] RabbitPrint.WARNING:  | | | functions.php -> getDetailPesananKey() -> detail_key : 0000000001 [] []
[2019-12-04 23:21:07] RabbitPrint.WARNING:  | | | pesanan.php -> load [] []
[2019-12-04 23:22:01] RabbitPrint.WARNING:  | | | data_pelanggan.php -> sel_pelanggan : SELECT * FROM pelanggan [] []
[2019-12-04 23:22:01] RabbitPrint.WARNING:  | | | data_pelanggan.php -> jml. pelanggan : 1 [] []
[2019-12-04 23:22:01] RabbitPrint.WARNING:  | | | functions.php -> getDetailPesananKey() -> selectkey : SELECT MAX(detail_pesanan_key) AS detail_key FROM detail_pesanan; [] []
[2019-12-04 23:22:01] RabbitPrint.WARNING:  | | | functions.php -> getDetailPesananKey() -> detail_key : 0000000001 [] []
[2019-12-04 23:22:01] RabbitPrint.WARNING:  | | | pesanan.php -> load [] []
[2019-12-04 23:23:31] RabbitPrint.WARNING:  | | | data_pelanggan.php -> sel_pelanggan : SELECT * FROM pelanggan [] []
[2019-12-04 23:23:31] RabbitPrint.WARNING:  | | | data_pelanggan.php -> jml. pelanggan : 1 [] []
[2019-12-04 23:23:31] RabbitPrint.WARNING:  | | | lihat_pesanan.php -> load [] []
[2019-12-04 23:23:31] RabbitPrint.WARNING:  | | | lihat_pesanan.php -> sel_psn : SELECT * FROM pesanan WHERE pesanan_no_pesanan = 'PSN/20191204/001' [] []
[2019-12-04 23:23:31] RabbitPrint.WARNING:  | | | lihat_pesanan.php -> sel_plg : SELECT pelanggan_nama FROM pelanggan WHERE pelanggan_id = 6 [] []
[2019-12-04 23:23:31] RabbitPrint.WARNING:  | | | lihat_pesanan.php -> sel_detailpsn : SELECT * FROM detail_pesanan WHERE detail_pesanan_no_pesanan = 'PSN/20191204/001' [] []
[2019-12-04 23:29:58] RabbitPrint.WARNING:  | | | data_pelanggan.php -> sel_pelanggan : SELECT * FROM pelanggan [] []
[2019-12-04 23:29:58] RabbitPrint.WARNING:  | | | data_pelanggan.php -> jml. pelanggan : 1 [] []
[2019-12-04 23:29:58] RabbitPrint.WARNING:  | | | lihat_pesanan.php -> load [] []
[2019-12-04 23:29:58] RabbitPrint.WARNING:  | | | lihat_pesanan.php -> sel_psn : SELECT * FROM pesanan WHERE pesanan_no_pesanan = 'PSN/20191204/001' [] []
[2019-12-04 23:29:58] RabbitPrint.WARNING:  | | | lihat_pesanan.php -> sel_plg : SELECT pelanggan_nama FROM pelanggan WHERE pelanggan_id = 6 [] []
[2019-12-04 23:29:58] RabbitPrint.WARNING:  | | | lihat_pesanan.php -> sel_detailpsn : SELECT * FROM detail_pesanan WHERE detail_pesanan_no_pesanan = 'PSN/20191204/001' [] []
[2019-12-04 23:30:37] RabbitPrint.WARNING:  | | | data_pelanggan.php -> sel_pelanggan : SELECT * FROM pelanggan [] []
[2019-12-04 23:30:37] RabbitPrint.WARNING:  | | | data_pelanggan.php -> jml. pelanggan : 1 [] []
[2019-12-04 23:30:37] RabbitPrint.WARNING:  | | | lihat_pesanan.php -> load [] []
[2019-12-04 23:30:37] RabbitPrint.WARNING:  | | | lihat_pesanan.php -> sel_psn : SELECT * FROM pesanan WHERE pesanan_no_pesanan = 'PSN/20191204/001' [] []
[2019-12-04 23:30:37] RabbitPrint.WARNING:  | | | lihat_pesanan.php -> sel_plg : SELECT pelanggan_nama FROM pelanggan WHERE pelanggan_id = 6 [] []
[2019-12-04 23:30:37] RabbitPrint.WARNING:  | | | lihat_pesanan.php -> sel_detailpsn : SELECT * FROM detail_pesanan WHERE detail_pesanan_no_pesanan = 'PSN/20191204/001' [] []
[2019-12-04 23:33:13] RabbitPrint.WARNING:  | | | data_pelanggan.php -> sel_pelanggan : SELECT * FROM pelanggan [] []
[2019-12-04 23:33:13] RabbitPrint.WARNING:  | | | data_pelanggan.php -> jml. pelanggan : 1 [] []
[2019-12-04 23:33:13] RabbitPrint.WARNING:  | | | lihat_pesanan.php -> load [] []
[2019-12-04 23:33:13] RabbitPrint.WARNING:  | | | lihat_pesanan.php -> sel_psn : SELECT * FROM pesanan WHERE pesanan_no_pesanan = 'PSN/20191204/001' [] []
[2019-12-04 23:33:13] RabbitPrint.WARNING:  | | | lihat_pesanan.php -> sel_plg : SELECT pelanggan_nama FROM pelanggan WHERE pelanggan_id = 6 [] []
[2019-12-04 23:33:13] RabbitPrint.WARNING:  | | | lihat_pesanan.php -> sel_detailpsn : SELECT * FROM detail_pesanan WHERE detail_pesanan_no_pesanan = 'PSN/20191204/001' [] []
[2019-12-04 23:34:41] RabbitPrint.WARNING:  | | | data_pelanggan.php -> sel_pelanggan : SELECT * FROM pelanggan [] []
[2019-12-04 23:34:41] RabbitPrint.WARNING:  | | | data_pelanggan.php -> jml. pelanggan : 1 [] []
[2019-12-04 23:34:41] RabbitPrint.WARNING:  | | | lihat_pesanan.php -> load [] []
[2019-12-04 23:34:41] RabbitPrint.WARNING:  | | | lihat_pesanan.php -> sel_psn : SELECT * FROM pesanan WHERE pesanan_no_pesanan = 'PSN/20191204/001' [] []
[2019-12-04 23:34:41] RabbitPrint.WARNING:  | | | lihat_pesanan.php -> sel_plg : SELECT pelanggan_nama FROM pelanggan WHERE pelanggan_id = 6 [] []
[2019-12-04 23:34:41] RabbitPrint.WARNING:  | | | lihat_pesanan.php -> sel_detailpsn : SELECT * FROM detail_pesanan WHERE detail_pesanan_no_pesanan = 'PSN/20191204/001' [] []
[2019-12-04 23:36:55] RabbitPrint.WARNING:  | | | data_pelanggan.php -> sel_pelanggan : SELECT * FROM pelanggan [] []
[2019-12-04 23:36:55] RabbitPrint.WARNING:  | | | data_pelanggan.php -> jml. pelanggan : 1 [] []
[2019-12-04 23:36:55] RabbitPrint.WARNING:  | | | lihat_pesanan.php -> load [] []
[2019-12-04 23:36:55] RabbitPrint.WARNING:  | | | lihat_pesanan.php -> sel_psn : SELECT * FROM pesanan WHERE pesanan_no_pesanan = 'PSN/20191204/001' [] []
[2019-12-04 23:36:55] RabbitPrint.WARNING:  | | | lihat_pesanan.php -> sel_plg : SELECT pelanggan_nama FROM pelanggan WHERE pelanggan_id = 6 [] []
[2019-12-04 23:36:55] RabbitPrint.WARNING:  | | | lihat_pesanan.php -> sel_detailpsn : SELECT * FROM detail_pesanan WHERE detail_pesanan_no_pesanan = 'PSN/20191204/001' [] []
[2019-12-04 23:43:10] RabbitPrint.WARNING:  | | | data_pelanggan.php -> sel_pelanggan : SELECT * FROM pelanggan [] []
[2019-12-04 23:43:10] RabbitPrint.WARNING:  | | | data_pelanggan.php -> jml. pelanggan : 1 [] []
[2019-12-04 23:43:10] RabbitPrint.WARNING:  | | | lihat_pesanan.php -> load [] []
[2019-12-04 23:43:10] RabbitPrint.WARNING:  | | | lihat_pesanan.php -> sel_psn : SELECT * FROM pesanan WHERE pesanan_no_pesanan = 'PSN/20191204/001' [] []
[2019-12-04 23:43:10] RabbitPrint.WARNING:  | | | lihat_pesanan.php -> sel_plg : SELECT pelanggan_nama FROM pelanggan WHERE pelanggan_id = 6 [] []
[2019-12-04 23:43:10] RabbitPrint.WARNING:  | | | lihat_pesanan.php -> sel_detailpsn : SELECT * FROM detail_pesanan WHERE detail_pesanan_no_pesanan = 'PSN/20191204/001' [] []
[2019-12-04 23:51:38] RabbitPrint.WARNING:  | | | daftar_pesanan.php -> membuka halaman [] []
[2019-12-04 23:51:38] RabbitPrint.WARNING:  | | | daftar_pesanan.php -> sel_pesanan : SELECT psn.*, plg.pelanggan_nama	FROM pesanan psn JOIN pelanggan plg ON plg.pelanggan_id = psn.pesanan_pelanggan_id ORDER BY psn.pesanan_id DESC [] []
[2019-12-04 23:51:38] RabbitPrint.WARNING:  | | | daftar_pesanan.php -> jml. pesanan : 0 [] []
[2019-12-04 23:51:43] RabbitPrint.WARNING:  | | | data_pelanggan.php -> sel_pelanggan : SELECT * FROM pelanggan [] []
[2019-12-04 23:51:43] RabbitPrint.WARNING:  | | | data_pelanggan.php -> jml. pelanggan : 1 [] []
[2019-12-04 23:51:43] RabbitPrint.WARNING:  | | | functions.php -> getDetailPesananKey() -> selectkey : SELECT MAX(detail_pesanan_key) AS detail_key FROM detail_pesanan; [] []
[2019-12-04 23:51:43] RabbitPrint.WARNING:  | | | functions.php -> getDetailPesananKey() -> detail_key : 0000000001 [] []
[2019-12-04 23:51:43] RabbitPrint.WARNING:  | | | pesanan.php -> load [] []
[2019-12-04 23:52:44] RabbitPrint.WARNING:  | | | functions.php -> getKodePesanan() -> selectkey : SELECT MAX(pesanan.pesanan_no_pesanan) AS psnkey FROM pesanan WHERE pesanan.pesanan_no_pesanan LIKE '%PSN/20191204/%' [] []
[2019-12-04 23:52:44] RabbitPrint.WARNING:  | | | functions.php -> getKodePesanan() -> psn_key : PSN/20191204/002 [] []
[2019-12-04 23:52:44] RabbitPrint.WARNING:  | | | proses_pesanan.php -> load.. [] []
[2019-12-04 23:52:44] RabbitPrint.WARNING:  | | | proses_pesanan.php -> string query detail_pesanan -> sql_detail : INSERT INTO detail_pesanan (cre_tms, upd_tms, cre_usr, upd_usr, detail_pesanan_no_pesanan, detail_pesanan_key, detail_pesanan_nama_barang, detail_pesanan_jenis_print, detail_pesanan_warna, detail_pesanan_detail_kain, detail_pesanan_nama_warna, detail_pesanan_ukuran, detail_pesanan_sisi_kanan, detail_pesanan_sisi_kiri, detail_pesanan_sisi_blkng, detail_pesanan_qty, detail_pesanan_satuan, detail_pesanan_qty_packing, detail_pesanan_jenis_packing, detail_pesanan_keterangan) VALUES ( NOW(), NOW(), 'superuser', 'superuser', 'PSN/20191204/002', '0000000001', 'KAIN 2', 'MOTIF 2', 3, 'K001', 'BIRU', '', 0, 0, 0, 10, 'Kg', 4, 'Roll', ''),( NOW(), NOW(), 'superuser', 'superuser', 'PSN/20191204/002', '0000000002', 'KAIN 2', 'MOTIF 2', 3, 'K002', 'MERAH', '', 0, 0, 0, 10, 'Kg', 4, 'Roll', '') [] []
[2019-12-04 23:52:44] RabbitPrint.WARNING:  | | | proses_pesanan.php -> string query pesanan -> sql_pesanan : INSERT INTO pesanan (cre_tms, upd_tms, cre_usr, upd_usr, pesanan_no_pesanan, pesanan_no_surat_jalan_masuk, pesanan_jenis_pesanan, pesanan_tanggal_pesanan, pesanan_pelanggan_id, pesanan_total_qty, pesanan_total_qty_packing) VALUES (NOW(), NOW(), 'superuser', 'superuser', 'PSN/20191204/002', 'SJ123123', 'U', '2019-12-04', '5', 80, 8) [] []
[2019-12-04 23:52:44] RabbitPrint.WARNING:  | | | proses_pesanan.php -> insert ke pesanan -> sql_pesanan : INSERT INTO pesanan (cre_tms, upd_tms, cre_usr, upd_usr, pesanan_no_pesanan, pesanan_no_surat_jalan_masuk, pesanan_jenis_pesanan, pesanan_tanggal_pesanan, pesanan_pelanggan_id, pesanan_total_qty, pesanan_total_qty_packing) VALUES (NOW(), NOW(), 'superuser', 'superuser', 'PSN/20191204/002', 'SJ123123', 'U', '2019-12-04', '5', 80, 8) [] []
[2019-12-04 23:52:44] RabbitPrint.WARNING:  | | | proses_pesanan.php -> insert ke pesanan -> BERHASIL [] []
[2019-12-04 23:52:44] RabbitPrint.WARNING:  | | | proses_pesanan.php -> insert ke detail_pesanan -> BERHASIL [] []
[2019-12-04 23:53:21] RabbitPrint.WARNING:  | | | data_pelanggan.php -> sel_pelanggan : SELECT * FROM pelanggan [] []
[2019-12-04 23:53:21] RabbitPrint.WARNING:  | | | data_pelanggan.php -> jml. pelanggan : 1 [] []
[2019-12-04 23:53:21] RabbitPrint.WARNING:  | | | functions.php -> getDetailPesananKey() -> selectkey : SELECT MAX(detail_pesanan_key) AS detail_key FROM detail_pesanan; [] []
[2019-12-04 23:53:21] RabbitPrint.WARNING:  | | | functions.php -> getDetailPesananKey() -> detail_key : 0000000003 [] []
[2019-12-04 23:53:21] RabbitPrint.WARNING:  | | | pesanan.php -> load [] []
[2019-12-04 23:53:51] RabbitPrint.WARNING:  | | | daftar_pesanan.php -> membuka halaman [] []
[2019-12-04 23:53:51] RabbitPrint.WARNING:  | | | daftar_pesanan.php -> sel_pesanan : SELECT psn.*, plg.pelanggan_nama	FROM pesanan psn JOIN pelanggan plg ON plg.pelanggan_id = psn.pesanan_pelanggan_id ORDER BY psn.pesanan_id DESC [] []
[2019-12-04 23:53:51] RabbitPrint.WARNING:  | | | daftar_pesanan.php -> jml. pesanan : 0 [] []
[2019-12-04 23:53:55] RabbitPrint.WARNING:  | | | data_pelanggan.php -> sel_pelanggan : SELECT * FROM pelanggan [] []
[2019-12-04 23:53:55] RabbitPrint.WARNING:  | | | data_pelanggan.php -> jml. pelanggan : 1 [] []
[2019-12-04 23:53:55] RabbitPrint.WARNING:  | | | lihat_pesanan.php -> load [] []
[2019-12-04 23:53:55] RabbitPrint.WARNING:  | | | lihat_pesanan.php -> sel_psn : SELECT * FROM pesanan WHERE pesanan_no_pesanan = 'PSN/20191204/002' [] []
[2019-12-04 23:53:55] RabbitPrint.WARNING:  | | | lihat_pesanan.php -> sel_plg : SELECT pelanggan_nama FROM pelanggan WHERE pelanggan_id = 5 [] []
[2019-12-04 23:53:55] RabbitPrint.WARNING:  | | | lihat_pesanan.php -> sel_detailpsn : SELECT * FROM detail_pesanan WHERE detail_pesanan_no_pesanan = 'PSN/20191204/002' [] []
