[2019-11-26 17:08:43] RabbitPrint.WARNING:  | | | proses_login.php -> cek user -> sql_user : SELECT * FROM s_user WHERE username LIKE 'superuser' AND password LIKE 'b23cf2d0fb74b0ffa0cf4c70e6e04926' LIMIT 1 [] []
[2019-11-26 17:08:43] RabbitPrint.WARNING:  | | | proses_login.php -> LOGIN GAGAL!! Username atau Password salah. [] []
[2019-11-26 17:08:49] RabbitPrint.WARNING:  | | | proses_login.php -> cek user -> sql_user : SELECT * FROM s_user WHERE username LIKE 'superuser' AND password LIKE '21232f297a57a5a743894a0e4a801fc3' LIMIT 1 [] []
[2019-11-26 17:08:49] RabbitPrint.WARNING:  | | | proses_login.php -> id_user : 1 [] []
[2019-11-26 17:08:49] RabbitPrint.WARNING:  | | | proses_login.php -> insert ke s_login -> sql_login : INSERT INTO s_login (key_login, id_user, waktu_login, waktu_kadaluarsa, status, ip, pc_dan_browser) VALUES ('15747629297138', '1', '2019-11-26 17:08:49', '2019-11-27 17:08:49', '1', '::1', 'mozilla/5.0 (windows nt 10.0; win64; x64) applewebkit/537.36 (khtml, like gecko) chrome/78.0.3904.108 safari/537.36') [] []
[2019-11-26 17:08:49] RabbitPrint.WARNING:  | | | proses_login.php -> insert ke s_login -> SUCCESS [] []
[2019-11-26 17:08:49] RabbitPrint.WARNING:  | | | proses_login.php -> LOGIN SUKSES!! [] []
[2019-11-26 17:09:49] RabbitPrint.WARNING:  | | | daftar_pesanan.php -> membuka halaman [] []
[2019-11-26 17:09:49] RabbitPrint.WARNING:  | | | daftar_pesanan.php -> sel_pesanan : SELECT psn.*, plg.pelanggan_nama	FROM pesanan psn JOIN pelanggan plg ON plg.pelanggan_id = psn.pesanan_pelanggan_id ORDER BY psn.pesanan_id DESC [] []
[2019-11-26 17:09:49] RabbitPrint.WARNING:  | | | daftar_pesanan.php -> jml. pesanan : 0 [] []
[2019-11-26 17:09:56] RabbitPrint.WARNING:  | | | data_pelanggan.php -> sel_pelanggan : SELECT * FROM pelanggan [] []
[2019-11-26 17:09:56] RabbitPrint.WARNING:  | | | data_pelanggan.php -> jml. pelanggan : 1 [] []
[2019-11-26 17:09:56] RabbitPrint.WARNING:  | | | lihat_pesanan.php -> load [] []
[2019-11-26 17:09:56] RabbitPrint.WARNING:  | | | lihat_pesanan.php -> sel_psn : SELECT * FROM pesanan WHERE pesanan_no_pesanan = 'PSN/20191101/001' [] []
[2019-11-26 17:09:56] RabbitPrint.WARNING:  | | | lihat_pesanan.php -> sel_plg : SELECT pelanggan_nama FROM pelanggan WHERE pelanggan_id = 5 [] []
[2019-11-26 17:09:56] RabbitPrint.WARNING:  | | | lihat_pesanan.php -> sel_detailpsn : SELECT * FROM detail_pesanan WHERE detail_pesanan_no_pesanan = 'PSN/20191101/001' [] []
[2019-11-26 17:13:51] RabbitPrint.WARNING:  | | | daftar_pesanan.php -> membuka halaman [] []
[2019-11-26 17:13:51] RabbitPrint.WARNING:  | | | daftar_pesanan.php -> sel_pesanan : SELECT psn.*, plg.pelanggan_nama	FROM pesanan psn JOIN pelanggan plg ON plg.pelanggan_id = psn.pesanan_pelanggan_id ORDER BY psn.pesanan_id DESC [] []
[2019-11-26 17:13:51] RabbitPrint.WARNING:  | | | daftar_pesanan.php -> jml. pesanan : 0 [] []
[2019-11-26 17:14:00] RabbitPrint.WARNING:  | | | surat_jalan.php -> load [] []
[2019-11-26 17:14:00] RabbitPrint.WARNING:  | | | lihat_pesanan.php -> sel_psn : SELECT psn.*, dps.*, plg.pelanggan_nama AS pesanan_nama_plg, sj.surat_jalan_detail_subtotal_pack FROM pesanan psn JOIN detail_pesanan dps ON dps.detail_pesanan_no_pesanan = psn.pesanan_no_pesanan JOIN pelanggan plg ON plg.pelanggan_id = psn.pesanan_pelanggan_id LEFT JOIN surat_jalan_detail sj ON sj.surat_jalan_detail_pesanan_key = dps.detail_pesanan_key WHERE psn.pesanan_no_pesanan = 'PSN/20191101/001' [] []
[2019-11-26 17:14:06] RabbitPrint.WARNING:  | | | proses_surat_jalan.php -> buat_suratjalan [] []
[2019-11-26 17:14:06] RabbitPrint.WARNING:  | | | functions.php -> getKodeSuratJalan() -> selectkey : SELECT MAX(surat_jalan.surat_jalan_key) AS psnkey FROM surat_jalan WHERE surat_jalan.surat_jalan_key LIKE '%SRJ/20191126/%' [] []
[2019-11-26 17:14:06] RabbitPrint.WARNING:  | | | functions.php -> getKodeSuratJalan() -> psn_key : SRJ/20191126/001 [] []
[2019-11-26 17:14:06] RabbitPrint.WARNING:  | | | proses_surat_jalan.php -> list_barang : [{"surat_jalan_detail_pesanan_key":"0000000001","surat_jalan_detail_nama_barang":"KAIN PUTIH","surat_jalan_detail_jenis_print":"TAYO","surat_jalan_detail_warna":"3","surat_jalan_detail_kain":"A001","surat_jalan_detail_nama_warna":"BIRU","surat_jalan_detail_ukuran":"XS","surat_jalan_detail_subtotal_qty":"20","surat_jalan_detail_satuan_qty":"PS","surat_jalan_detail_subtotal_pack":"60","surat_jalan_detail_satuan_pack":"PT","surat_jalan_detail_keterangan":""},{"surat_jalan_detail_pesanan_key":"0000000002","surat_jalan_detail_nama_barang":"KAIN PUTIH","surat_jalan_detail_jenis_print":"TAYO","surat_jalan_detail_warna":"3","surat_jalan_detail_kain":"A001","surat_jalan_detail_nama_warna":"BIRU","surat_jalan_detail_ukuran":"S","surat_jalan_detail_subtotal_qty":"20","surat_jalan_detail_satuan_qty":"PS","surat_jalan_detail_subtotal_pack":"60","surat_jalan_detail_satuan_pack":"PT","surat_jalan_detail_keterangan":""},{"surat_jalan_detail_pesanan_key":"0000000003","surat_jalan_detail_nama_barang":"KAIN PUTIH","surat_jalan_detail_jenis_print":"TAYO","surat_jalan_detail_warna":"3","surat_jalan_detail_kain":"B001","surat_jalan_detail_nama_warna":"MERAH","surat_jalan_detail_ukuran":"XS","surat_jalan_detail_subtotal_qty":"20","surat_jalan_detail_satuan_qty":"PS","surat_jalan_detail_subtotal_pack":"60","surat_jalan_detail_satuan_pack":"PT","surat_jalan_detail_keterangan":""},{"surat_jalan_detail_pesanan_key":"0000000004","surat_jalan_detail_nama_barang":"KAIN PUTIH","surat_jalan_detail_jenis_print":"TAYO","surat_jalan_detail_warna":"3","surat_jalan_detail_kain":"B001","surat_jalan_detail_nama_warna":"MERAH","surat_jalan_detail_ukuran":"S","surat_jalan_detail_subtotal_qty":"20","surat_jalan_detail_satuan_qty":"PS","surat_jalan_detail_subtotal_pack":"60","surat_jalan_detail_satuan_pack":"PT","surat_jalan_detail_keterangan":""},{"surat_jalan_detail_pesanan_key":"0000000005","surat_jalan_detail_nama_barang":"KAIN PUTIH","surat_jalan_detail_jenis_print":"TAYO","surat_jalan_detail_warna":"3","surat_jalan_detail_kain":"A001","surat_jalan_detail_nama_warna":"BIRU","surat_jalan_detail_ukuran":"M","surat_jalan_detail_subtotal_qty":"20","surat_jalan_detail_satuan_qty":"PS","surat_jalan_detail_subtotal_pack":"60","surat_jalan_detail_satuan_pack":"PT","surat_jalan_detail_keterangan":""},{"surat_jalan_detail_pesanan_key":"0000000006","surat_jalan_detail_nama_barang":"KAIN PUTIH","surat_jalan_detail_jenis_print":"TAYO","surat_jalan_detail_warna":"3","surat_jalan_detail_kain":"A001","surat_jalan_detail_nama_warna":"BIRU","surat_jalan_detail_ukuran":"L","surat_jalan_detail_subtotal_qty":"20","surat_jalan_detail_satuan_qty":"PS","surat_jalan_detail_subtotal_pack":"60","surat_jalan_detail_satuan_pack":"PT","surat_jalan_detail_keterangan":""}] [] []
[2019-11-26 17:14:06] RabbitPrint.WARNING:  | | | proses_surat_jalan.php -> insert ke surat_jalan -> sql_pesanan :  [] []
[2019-11-26 17:14:06] RabbitPrint.WARNING:  | | | proses_surat_jalan.php -> insert ke surat_jalan -> BERHASIL [] []
[2019-11-26 17:14:06] RabbitPrint.WARNING:  | | | proses_surat_jalan.php -> insert ke surat_jalan_detail -> sql_detail : INSERT INTO surat_jalan_detail (cre_tms, upd_tms, cre_usr, upd_usr, surat_jalan_detail_surat_jalan_key, surat_jalan_detail_kain, surat_jalan_detail_nama_warna, surat_jalan_detail_pesanan_key, surat_jalan_detail_nama_barang, surat_jalan_detail_jenis_print, surat_jalan_detail_warna, surat_jalan_detail_ukuran, surat_jalan_detail_subtotal_qty, surat_jalan_detail_satuan_qty, surat_jalan_detail_subtotal_pack, surat_jalan_detail_satuan_pack, surat_jalan_detail_keterangan) VALUES ( NOW(), NOW(), 'superuser', 'superuser', 'SRJ/20191126/001', 'A001', 'BIRU', '0000000001', 'KAIN PUTIH', 'TAYO', 3, 'XS', 20, 'PS', 60, 'PT', ''),( NOW(), NOW(), 'superuser', 'superuser', 'SRJ/20191126/001', 'A001', 'BIRU', '0000000002', 'KAIN PUTIH', 'TAYO', 3, 'S', 20, 'PS', 60, 'PT', ''),( NOW(), NOW(), 'superuser', 'superuser', 'SRJ/20191126/001', 'B001', 'MERAH', '0000000003', 'KAIN PUTIH', 'TAYO', 3, 'XS', 20, 'PS', 60, 'PT', ''),( NOW(), NOW(), 'superuser', 'superuser', 'SRJ/20191126/001', 'B001', 'MERAH', '0000000004', 'KAIN PUTIH', 'TAYO', 3, 'S', 20, 'PS', 60, 'PT', ''),( NOW(), NOW(), 'superuser', 'superuser', 'SRJ/20191126/001', 'A001', 'BIRU', '0000000005', 'KAIN PUTIH', 'TAYO', 3, 'M', 20, 'PS', 60, 'PT', ''),( NOW(), NOW(), 'superuser', 'superuser', 'SRJ/20191126/001', 'A001', 'BIRU', '0000000006', 'KAIN PUTIH', 'TAYO', 3, 'L', 20, 'PS', 60, 'PT', '') [] []
[2019-11-26 17:14:06] RabbitPrint.WARNING:  | | | proses_surat_jalan.php -> insert ke surat_jalan_detail -> BERHASIL [] []
[2019-11-26 17:14:06] RabbitPrint.WARNING:  | | | proses_surat_jalan.php -> response : Array [] []
[2019-11-26 17:14:06] RabbitPrint.WARNING:  | | | proses_surat_jalan.php -> sql_pesanan : INSERT INTO surat_jalan (cre_tms, upd_tms, cre_usr, upd_usr, surat_jalan_key, surat_jalan_nomor, surat_jalan_tanggal, surat_jalan_jenis_pesanan, surat_jalan_pelanggan_id, surat_jalan_no_pesanan, surat_jalan_total, surat_jalan_status) VALUES (NOW(), NOW(), 'superuser', 'superuser', 'SRJ/20191126/001', 'ASD123', '2019-11-26', 'A', 5, 'PSN/20191101/001', 120, 'B') [] []
[2019-11-26 17:14:06] RabbitPrint.WARNING:  | | | proses_surat_jalan.php -> insert ke surat_jalan -> BERHASIL [] []
[2019-11-26 17:14:06] RabbitPrint.WARNING:  | | | proses_surat_jalan.php -> response : Array [] []
[2019-11-26 17:14:08] RabbitPrint.WARNING:  | | | cetak_surat_jalan.php -> sel_pesanan : SELECT sj.*, p.pelanggan_nama, p.pelanggan_telp, p.pelanggan_alamat, u.nama AS createby FROM surat_jalan sj JOIN pelanggan p ON p.pelanggan_id = sj.surat_jalan_pelanggan_id JOIN s_user u ON u.username = sj.cre_usr WHERE sj.surat_jalan_key = 'SRJ/20191126/001' [] []
[2019-11-26 17:14:08] RabbitPrint.WARNING:  | | | cetak_surat_jalan.php -> sel_detailsj : SELECT sj.*, dp.* FROM surat_jalan_detail sj JOIN detail_pesanan dp ON dp.detail_pesanan_key = sj.surat_jalan_detail_pesanan_key WHERE surat_jalan_detail_surat_jalan_key = 'SRJ/20191126/001' [] []
[2019-11-26 17:14:30] RabbitPrint.WARNING:  | | | surat_jalan.php -> load [] []
[2019-11-26 17:14:30] RabbitPrint.WARNING:  | | | lihat_pesanan.php -> sel_psn : SELECT psn.*, dps.*, plg.pelanggan_nama AS pesanan_nama_plg, sj.surat_jalan_detail_subtotal_pack FROM pesanan psn JOIN detail_pesanan dps ON dps.detail_pesanan_no_pesanan = psn.pesanan_no_pesanan JOIN pelanggan plg ON plg.pelanggan_id = psn.pesanan_pelanggan_id LEFT JOIN surat_jalan_detail sj ON sj.surat_jalan_detail_pesanan_key = dps.detail_pesanan_key WHERE psn.pesanan_no_pesanan = 'PSN/20191101/001' [] []
[2019-11-26 17:14:34] RabbitPrint.WARNING:  | | | daftar_surat_jalan.php -> membuka halaman [] []
[2019-11-26 17:14:34] RabbitPrint.WARNING:  | | | daftar_surat_)jalan.php -> sel_daftar_surat_jalan : SELECT * FROM surat_jalan ORDER BY surat_jalan_id DESC [] []
[2019-11-26 17:14:34] RabbitPrint.WARNING:  | | | daftar_surat_jalan.php -> sel_plg -> SELECT pelanggan_nama FROM pelanggan WHERE pelanggan_id = 5 [] []
[2019-11-26 17:14:34] RabbitPrint.WARNING:  | | | daftar_surat_jalan.php -> sel_user -> SELECT nama FROM s_user WHERE username = 'superuser' [] []
[2019-11-26 17:14:39] RabbitPrint.WARNING:  | | | daftar_surat_jalan.php -> membuka halaman [] []
[2019-11-26 17:14:39] RabbitPrint.WARNING:  | | | daftar_surat_)jalan.php -> sel_daftar_surat_jalan : SELECT * FROM surat_jalan ORDER BY surat_jalan_id DESC [] []
[2019-11-26 17:14:39] RabbitPrint.WARNING:  | | | daftar_surat_jalan.php -> sel_plg -> SELECT pelanggan_nama FROM pelanggan WHERE pelanggan_id = 5 [] []
[2019-11-26 17:14:39] RabbitPrint.WARNING:  | | | daftar_surat_jalan.php -> sel_user -> SELECT nama FROM s_user WHERE username = 'superuser' [] []
[2019-11-26 17:14:44] RabbitPrint.WARNING:  | | | cetak_surat_jalan.php -> sel_pesanan : SELECT sj.*, p.pelanggan_nama, p.pelanggan_telp, p.pelanggan_alamat, u.nama AS createby FROM surat_jalan sj JOIN pelanggan p ON p.pelanggan_id = sj.surat_jalan_pelanggan_id JOIN s_user u ON u.username = sj.cre_usr WHERE sj.surat_jalan_key = 'SRJ/20191126/001' [] []
[2019-11-26 17:14:44] RabbitPrint.WARNING:  | | | cetak_surat_jalan.php -> sel_detailsj : SELECT sj.*, dp.* FROM surat_jalan_detail sj JOIN detail_pesanan dp ON dp.detail_pesanan_key = sj.surat_jalan_detail_pesanan_key WHERE surat_jalan_detail_surat_jalan_key = 'SRJ/20191126/001' [] []
[2019-11-26 17:14:50] RabbitPrint.WARNING:  | | | daftar_invoice.php -> membuka halaman [] []
[2019-11-26 17:14:50] RabbitPrint.WARNING:  | | | daftar_invoice.php -> sel_invoice : SELECT inv.*, plg.pelanggan_nama FROM invoice_keluar inv JOIN pelanggan plg ON plg.pelanggan_id = inv.invoice_keluar_pelanggan_id ORDER BY inv.invoice_keluar_id DESC [] []
[2019-11-26 17:14:50] RabbitPrint.WARNING:  | | | data_pelanggan.php -> sel_pelanggan : SELECT p.* FROM pelanggan p JOIN invoice_keluar inv ON p.pelanggan_id = inv.invoice_keluar_pelanggan_id WHERE p.pelanggan_id > 0 GROUP BY p.pelanggan_nama; [] []
[2019-11-26 17:14:58] RabbitPrint.WARNING:  | | | daftar_pesanan.php -> membuka halaman [] []
[2019-11-26 17:14:58] RabbitPrint.WARNING:  | | | daftar_pesanan.php -> sel_pesanan : SELECT psn.*, plg.pelanggan_nama	FROM pesanan psn JOIN pelanggan plg ON plg.pelanggan_id = psn.pesanan_pelanggan_id ORDER BY psn.pesanan_id DESC [] []
[2019-11-26 17:14:58] RabbitPrint.WARNING:  | | | daftar_pesanan.php -> jml. pesanan : 0 [] []
[2019-11-26 17:15:04] RabbitPrint.WARNING:  | | | data_pelanggan.php -> sel_pelanggan : SELECT * FROM pelanggan [] []
[2019-11-26 17:15:04] RabbitPrint.WARNING:  | | | data_pelanggan.php -> jml. pelanggan : 1 [] []
[2019-11-26 17:15:04] RabbitPrint.WARNING:  | | | lihat_pesanan.php -> load [] []
[2019-11-26 17:15:04] RabbitPrint.WARNING:  | | | lihat_pesanan.php -> sel_psn : SELECT * FROM pesanan WHERE pesanan_no_pesanan = 'PSN/20191101/001' [] []
[2019-11-26 17:15:04] RabbitPrint.WARNING:  | | | lihat_pesanan.php -> sel_plg : SELECT pelanggan_nama FROM pelanggan WHERE pelanggan_id = 5 [] []
[2019-11-26 17:15:04] RabbitPrint.WARNING:  | | | lihat_pesanan.php -> sel_detailpsn : SELECT * FROM detail_pesanan WHERE detail_pesanan_no_pesanan = 'PSN/20191101/001' [] []
[2019-11-26 17:15:09] RabbitPrint.WARNING:  | | | daftar_pesanan.php -> membuka halaman [] []
[2019-11-26 17:15:09] RabbitPrint.WARNING:  | | | daftar_pesanan.php -> sel_pesanan : SELECT psn.*, plg.pelanggan_nama	FROM pesanan psn JOIN pelanggan plg ON plg.pelanggan_id = psn.pesanan_pelanggan_id ORDER BY psn.pesanan_id DESC [] []
[2019-11-26 17:15:09] RabbitPrint.WARNING:  | | | daftar_pesanan.php -> jml. pesanan : 0 [] []
[2019-11-26 17:15:13] RabbitPrint.WARNING:  | | | data_pelanggan.php -> sel_pelanggan : SELECT * FROM pelanggan [] []
[2019-11-26 17:15:13] RabbitPrint.WARNING:  | | | data_pelanggan.php -> jml. pelanggan : 1 [] []
[2019-11-26 17:15:13] RabbitPrint.WARNING:  | | | functions.php -> getDetailPesananKey() -> selectkey : SELECT MAX(detail_pesanan_key) AS detail_key FROM detail_pesanan; [] []
[2019-11-26 17:15:13] RabbitPrint.WARNING:  | | | functions.php -> getDetailPesananKey() -> detail_key : 0000000007 [] []
[2019-11-26 17:15:13] RabbitPrint.WARNING:  | | | pesanan.php -> load [] []
[2019-11-26 17:30:30] RabbitPrint.WARNING:  | | | daftar_pesanan.php -> membuka halaman [] []
[2019-11-26 17:30:30] RabbitPrint.WARNING:  | | | daftar_pesanan.php -> sel_pesanan : SELECT psn.*, plg.pelanggan_nama	FROM pesanan psn JOIN pelanggan plg ON plg.pelanggan_id = psn.pesanan_pelanggan_id ORDER BY psn.pesanan_id DESC [] []
[2019-11-26 17:30:30] RabbitPrint.WARNING:  | | | daftar_pesanan.php -> jml. pesanan : 0 [] []
[2019-11-26 17:30:35] RabbitPrint.WARNING:  | | | daftar_invoice.php -> membuka halaman [] []
[2019-11-26 17:30:35] RabbitPrint.WARNING:  | | | daftar_invoice.php -> sel_invoice : SELECT inv.*, plg.pelanggan_nama FROM invoice_keluar inv JOIN pelanggan plg ON plg.pelanggan_id = inv.invoice_keluar_pelanggan_id ORDER BY inv.invoice_keluar_id DESC [] []
[2019-11-26 17:30:35] RabbitPrint.WARNING:  | | | data_pelanggan.php -> sel_pelanggan : SELECT p.* FROM pelanggan p JOIN invoice_keluar inv ON p.pelanggan_id = inv.invoice_keluar_pelanggan_id WHERE p.pelanggan_id > 0 GROUP BY p.pelanggan_nama; [] []
[2019-11-26 17:30:42] RabbitPrint.WARNING:  | | | tambah_invoice.php -> membuka halaman [] []
[2019-11-26 17:30:42] RabbitPrint.WARNING:  | | | tambah_invoice.php -> sel_pelanggan : SELECT p.* FROM pelanggan p JOIN surat_jalan sj ON p.pelanggan_id = sj.surat_jalan_pelanggan_id WHERE p.pelanggan_id > 0 AND sj.surat_jalan_status = 'B' GROUP BY p.pelanggan_nama [] []
[2019-11-26 17:30:42] RabbitPrint.WARNING:  | | | tambah_invoice.php -> sel_sj : SELECT p.pelanggan_nama, p.pelanggan_telp, p.pelanggan_alamat, sj.*, sjd.surat_jalan_detail_nama_barang, sjd.surat_jalan_detail_jenis_print, sjd.surat_jalan_detail_satuan_qty FROM surat_jalan sj JOIN surat_jalan_detail sjd ON sjd.surat_jalan_detail_surat_jalan_key = sj.surat_jalan_key JOIN pelanggan p ON p.pelanggan_id = sj.surat_jalan_pelanggan_id WHERE sj.surat_jalan_pelanggan_id = AND sj.surat_jalan_status = 'B' AND sj.surat_jalan_tanggal LIKE '-%' GROUP BY sjd.surat_jalan_detail_surat_jalan_key, sjd.surat_jalan_detail_nama_barang ORDER BY sjd.surat_jalan_detail_surat_jalan_key [] []
[2019-11-26 17:30:52] RabbitPrint.WARNING:  | | | tambah_invoice.php -> membuka halaman [] []
[2019-11-26 17:30:52] RabbitPrint.WARNING:  | | | tambah_invoice.php -> sel_pelanggan : SELECT p.* FROM pelanggan p JOIN surat_jalan sj ON p.pelanggan_id = sj.surat_jalan_pelanggan_id WHERE p.pelanggan_id > 0 AND sj.surat_jalan_status = 'B' GROUP BY p.pelanggan_nama [] []
[2019-11-26 17:30:52] RabbitPrint.WARNING:  | | | tambah_invoice.php -> sel_sj : SELECT p.pelanggan_nama, p.pelanggan_telp, p.pelanggan_alamat, sj.*, sjd.surat_jalan_detail_nama_barang, sjd.surat_jalan_detail_jenis_print, sjd.surat_jalan_detail_satuan_qty FROM surat_jalan sj JOIN surat_jalan_detail sjd ON sjd.surat_jalan_detail_surat_jalan_key = sj.surat_jalan_key JOIN pelanggan p ON p.pelanggan_id = sj.surat_jalan_pelanggan_id WHERE sj.surat_jalan_pelanggan_id = 5 AND sj.surat_jalan_status = 'B' AND sj.surat_jalan_tanggal LIKE '2019-11%' GROUP BY sjd.surat_jalan_detail_surat_jalan_key, sjd.surat_jalan_detail_nama_barang ORDER BY sjd.surat_jalan_detail_surat_jalan_key [] []
[2019-11-26 17:30:52] RabbitPrint.WARNING:  | | | tambah_invoice.php -> jml. pelanggan : 0 [] []
[2019-11-26 17:31:04] RabbitPrint.WARNING:  | | | functions.php -> getKodeInvoice() -> selectkey : SELECT MAX(inv.invoice_keluar_no_invoice) AS psnkey FROM invoice_keluar inv WHERE inv.invoice_keluar_no_invoice LIKE '%INV/20191126/%' [] []
[2019-11-26 17:31:04] RabbitPrint.WARNING:  | | | functions.php -> getKodeInvoice() -> psn_key : INV/20191126/001 [] []
[2019-11-26 17:31:04] RabbitPrint.WARNING:  | | | tambah_invoice.php -> simpan_invoice [START] [] []
[2019-11-26 17:31:04] RabbitPrint.WARNING:  | | | tambah_invoice.php -> insert ke invoice -> sql : INSERT INTO invoice_keluar (cre_tms, upd_tms, cre_usr, upd_usr, invoice_keluar_no_invoice, invoice_keluar_pelanggan_id, invoice_keluar_tanggal_kirim, invoice_keluar_total_harga) VALUES (NOW(), NOW(), 'superuser', 'superuser', 'INV/20191126/001', 5, '2019-11-26', 2400000) [] []
[2019-11-26 17:31:04] RabbitPrint.WARNING:  | | | tambah_invoice.php -> insert ke invoice_keluar_detail -> sql_detail : INSERT INTO invoice_keluar_detail (cre_tms, upd_tms, cre_usr, upd_usr, invoice_keluar_detail_no_invoice, invoice_keluar_detail_surat_jalan_nomor, invoice_keluar_detail_jenis_print, invoice_keluar_detail_total_barang, invoice_keluar_detail_satuan, invoice_keluar_detail_harga, invoice_keluar_detail_subtotal_harga) VALUES ( NOW(), NOW(), 'superuser', 'superuser', 'INV/20191126/001', 'SRJ/20191126/001', 'TAYO', 120, 'PS', 20000, 2400000) [] []
[2019-11-26 17:31:04] RabbitPrint.WARNING:  | | | tambah_invoice.php -> query_upd : UPDATE surat_jalan s SET s.surat_jalan_status = 'I' WHERE s.surat_jalan_key IN ('SRJ/20191126/001') [] []
[2019-11-26 17:31:04] RabbitPrint.WARNING:  | | | tambah_invoice.php -> insert ke invoice_keluar_detail -> BERHASIL [] []
[2019-11-26 17:31:04] RabbitPrint.WARNING:  | | | tambah_invoice.php -> simpan_invoice [END] [] []
[2019-11-26 17:31:06] RabbitPrint.WARNING:  | | | tambah_invoice.php -> membuka halaman [] []
[2019-11-26 17:31:06] RabbitPrint.WARNING:  | | | tambah_invoice.php -> sel_pelanggan : SELECT p.* FROM pelanggan p JOIN surat_jalan sj ON p.pelanggan_id = sj.surat_jalan_pelanggan_id WHERE p.pelanggan_id > 0 AND sj.surat_jalan_status = 'B' GROUP BY p.pelanggan_nama [] []
[2019-11-26 17:31:06] RabbitPrint.WARNING:  | | | tambah_invoice.php -> sel_sj : SELECT p.pelanggan_nama, p.pelanggan_telp, p.pelanggan_alamat, sj.*, sjd.surat_jalan_detail_nama_barang, sjd.surat_jalan_detail_jenis_print, sjd.surat_jalan_detail_satuan_qty FROM surat_jalan sj JOIN surat_jalan_detail sjd ON sjd.surat_jalan_detail_surat_jalan_key = sj.surat_jalan_key JOIN pelanggan p ON p.pelanggan_id = sj.surat_jalan_pelanggan_id WHERE sj.surat_jalan_pelanggan_id = AND sj.surat_jalan_status = 'B' AND sj.surat_jalan_tanggal LIKE '-%' GROUP BY sjd.surat_jalan_detail_surat_jalan_key, sjd.surat_jalan_detail_nama_barang ORDER BY sjd.surat_jalan_detail_surat_jalan_key [] []
[2019-11-26 17:31:08] RabbitPrint.WARNING:  | | | tambah_invoice.php -> membuka halaman [] []
[2019-11-26 17:31:08] RabbitPrint.WARNING:  | | | tambah_invoice.php -> sel_pelanggan : SELECT p.* FROM pelanggan p JOIN surat_jalan sj ON p.pelanggan_id = sj.surat_jalan_pelanggan_id WHERE p.pelanggan_id > 0 AND sj.surat_jalan_status = 'B' GROUP BY p.pelanggan_nama [] []
[2019-11-26 17:31:08] RabbitPrint.WARNING:  | | | tambah_invoice.php -> sel_sj : SELECT p.pelanggan_nama, p.pelanggan_telp, p.pelanggan_alamat, sj.*, sjd.surat_jalan_detail_nama_barang, sjd.surat_jalan_detail_jenis_print, sjd.surat_jalan_detail_satuan_qty FROM surat_jalan sj JOIN surat_jalan_detail sjd ON sjd.surat_jalan_detail_surat_jalan_key = sj.surat_jalan_key JOIN pelanggan p ON p.pelanggan_id = sj.surat_jalan_pelanggan_id WHERE sj.surat_jalan_pelanggan_id = 5 AND sj.surat_jalan_status = 'B' AND sj.surat_jalan_tanggal LIKE '2019-11%' GROUP BY sjd.surat_jalan_detail_surat_jalan_key, sjd.surat_jalan_detail_nama_barang ORDER BY sjd.surat_jalan_detail_surat_jalan_key [] []
[2019-11-26 17:31:12] RabbitPrint.WARNING:  | | | daftar_invoice.php -> membuka halaman [] []
[2019-11-26 17:31:12] RabbitPrint.WARNING:  | | | daftar_invoice.php -> sel_invoice : SELECT inv.*, plg.pelanggan_nama FROM invoice_keluar inv JOIN pelanggan plg ON plg.pelanggan_id = inv.invoice_keluar_pelanggan_id ORDER BY inv.invoice_keluar_id DESC [] []
[2019-11-26 17:31:12] RabbitPrint.WARNING:  | | | data_pelanggan.php -> sel_pelanggan : SELECT p.* FROM pelanggan p JOIN invoice_keluar inv ON p.pelanggan_id = inv.invoice_keluar_pelanggan_id WHERE p.pelanggan_id > 0 GROUP BY p.pelanggan_nama; [] []
[2019-11-26 17:31:12] RabbitPrint.WARNING:  | | | daftar_invoice.php -> jml. invoice : 0 [] []
[2019-11-26 17:31:12] RabbitPrint.WARNING:  | | | data_pelanggan.php -> jml. pelanggan : 1 [] []
[2019-11-26 17:31:27] RabbitPrint.WARNING:  | | | proses_daftar_invoice.php -> hapus_pelanggan [] []
[2019-11-26 17:31:27] RabbitPrint.WARNING:  | | | proses_daftar_invoice.php -> del_pelanggan : DELETE FROM invoice_keluar WHERE invoice_keluar_id = 1 [] []
[2019-11-26 17:31:27] RabbitPrint.WARNING:  | | | proses_daftar_invoice.php -> del_pelanggan -> BERHASIL [] []
[2019-11-26 17:31:31] RabbitPrint.WARNING:  | | | daftar_invoice.php -> membuka halaman [] []
[2019-11-26 17:31:31] RabbitPrint.WARNING:  | | | daftar_invoice.php -> sel_invoice : SELECT inv.*, plg.pelanggan_nama FROM invoice_keluar inv JOIN pelanggan plg ON plg.pelanggan_id = inv.invoice_keluar_pelanggan_id ORDER BY inv.invoice_keluar_id DESC [] []
[2019-11-26 17:31:31] RabbitPrint.WARNING:  | | | data_pelanggan.php -> sel_pelanggan : SELECT p.* FROM pelanggan p JOIN invoice_keluar inv ON p.pelanggan_id = inv.invoice_keluar_pelanggan_id WHERE p.pelanggan_id > 0 GROUP BY p.pelanggan_nama; [] []
[2019-11-26 17:31:34] RabbitPrint.WARNING:  | | | daftar_surat_jalan.php -> membuka halaman [] []
[2019-11-26 17:31:34] RabbitPrint.WARNING:  | | | daftar_surat_)jalan.php -> sel_daftar_surat_jalan : SELECT * FROM surat_jalan ORDER BY surat_jalan_id DESC [] []
[2019-11-26 17:31:34] RabbitPrint.WARNING:  | | | daftar_surat_jalan.php -> sel_plg -> SELECT pelanggan_nama FROM pelanggan WHERE pelanggan_id = 5 [] []
[2019-11-26 17:31:34] RabbitPrint.WARNING:  | | | daftar_surat_jalan.php -> sel_user -> SELECT nama FROM s_user WHERE username = 'superuser' [] []
[2019-11-26 17:31:40] RabbitPrint.WARNING:  | | | daftar_invoice.php -> membuka halaman [] []
[2019-11-26 17:31:40] RabbitPrint.WARNING:  | | | daftar_invoice.php -> sel_invoice : SELECT inv.*, plg.pelanggan_nama FROM invoice_keluar inv JOIN pelanggan plg ON plg.pelanggan_id = inv.invoice_keluar_pelanggan_id ORDER BY inv.invoice_keluar_id DESC [] []
[2019-11-26 17:31:40] RabbitPrint.WARNING:  | | | data_pelanggan.php -> sel_pelanggan : SELECT p.* FROM pelanggan p JOIN invoice_keluar inv ON p.pelanggan_id = inv.invoice_keluar_pelanggan_id WHERE p.pelanggan_id > 0 GROUP BY p.pelanggan_nama; [] []
[2019-11-26 17:31:45] RabbitPrint.WARNING:  | | | tambah_invoice.php -> membuka halaman [] []
[2019-11-26 17:31:45] RabbitPrint.WARNING:  | | | tambah_invoice.php -> sel_pelanggan : SELECT p.* FROM pelanggan p JOIN surat_jalan sj ON p.pelanggan_id = sj.surat_jalan_pelanggan_id WHERE p.pelanggan_id > 0 AND sj.surat_jalan_status = 'B' GROUP BY p.pelanggan_nama [] []
[2019-11-26 17:31:45] RabbitPrint.WARNING:  | | | tambah_invoice.php -> sel_sj : SELECT p.pelanggan_nama, p.pelanggan_telp, p.pelanggan_alamat, sj.*, sjd.surat_jalan_detail_nama_barang, sjd.surat_jalan_detail_jenis_print, sjd.surat_jalan_detail_satuan_qty FROM surat_jalan sj JOIN surat_jalan_detail sjd ON sjd.surat_jalan_detail_surat_jalan_key = sj.surat_jalan_key JOIN pelanggan p ON p.pelanggan_id = sj.surat_jalan_pelanggan_id WHERE sj.surat_jalan_pelanggan_id = AND sj.surat_jalan_status = 'B' AND sj.surat_jalan_tanggal LIKE '-%' GROUP BY sjd.surat_jalan_detail_surat_jalan_key, sjd.surat_jalan_detail_nama_barang ORDER BY sjd.surat_jalan_detail_surat_jalan_key [] []
[2019-11-26 17:31:56] RabbitPrint.WARNING:  | | | tambah_invoice.php -> membuka halaman [] []
[2019-11-26 17:31:56] RabbitPrint.WARNING:  | | | tambah_invoice.php -> sel_pelanggan : SELECT p.* FROM pelanggan p JOIN surat_jalan sj ON p.pelanggan_id = sj.surat_jalan_pelanggan_id WHERE p.pelanggan_id > 0 AND sj.surat_jalan_status = 'B' GROUP BY p.pelanggan_nama [] []
[2019-11-26 17:31:56] RabbitPrint.WARNING:  | | | tambah_invoice.php -> sel_sj : SELECT p.pelanggan_nama, p.pelanggan_telp, p.pelanggan_alamat, sj.*, sjd.surat_jalan_detail_nama_barang, sjd.surat_jalan_detail_jenis_print, sjd.surat_jalan_detail_satuan_qty FROM surat_jalan sj JOIN surat_jalan_detail sjd ON sjd.surat_jalan_detail_surat_jalan_key = sj.surat_jalan_key JOIN pelanggan p ON p.pelanggan_id = sj.surat_jalan_pelanggan_id WHERE sj.surat_jalan_pelanggan_id = AND sj.surat_jalan_status = 'B' AND sj.surat_jalan_tanggal LIKE '-%' GROUP BY sjd.surat_jalan_detail_surat_jalan_key, sjd.surat_jalan_detail_nama_barang ORDER BY sjd.surat_jalan_detail_surat_jalan_key [] []
[2019-11-26 17:32:05] RabbitPrint.WARNING:  | | | daftar_invoice.php -> membuka halaman [] []
[2019-11-26 17:32:05] RabbitPrint.WARNING:  | | | daftar_invoice.php -> sel_invoice : SELECT inv.*, plg.pelanggan_nama FROM invoice_keluar inv JOIN pelanggan plg ON plg.pelanggan_id = inv.invoice_keluar_pelanggan_id ORDER BY inv.invoice_keluar_id DESC [] []
[2019-11-26 17:32:05] RabbitPrint.WARNING:  | | | data_pelanggan.php -> sel_pelanggan : SELECT p.* FROM pelanggan p JOIN invoice_keluar inv ON p.pelanggan_id = inv.invoice_keluar_pelanggan_id WHERE p.pelanggan_id > 0 GROUP BY p.pelanggan_nama; [] []
[2019-11-26 17:32:57] RabbitPrint.WARNING:  | | | daftar_invoice.php -> membuka halaman [] []
[2019-11-26 17:32:57] RabbitPrint.WARNING:  | | | daftar_invoice.php -> sel_invoice : SELECT inv.*, plg.pelanggan_nama FROM invoice_keluar inv JOIN pelanggan plg ON plg.pelanggan_id = inv.invoice_keluar_pelanggan_id ORDER BY inv.invoice_keluar_id DESC [] []
[2019-11-26 17:32:57] RabbitPrint.WARNING:  | | | data_pelanggan.php -> sel_pelanggan : SELECT p.* FROM pelanggan p JOIN invoice_keluar inv ON p.pelanggan_id = inv.invoice_keluar_pelanggan_id WHERE p.pelanggan_id > 0 GROUP BY p.pelanggan_nama; [] []
[2019-11-26 17:33:00] RabbitPrint.WARNING:  | | | tambah_invoice.php -> membuka halaman [] []
[2019-11-26 17:33:00] RabbitPrint.WARNING:  | | | tambah_invoice.php -> sel_pelanggan : SELECT p.* FROM pelanggan p JOIN surat_jalan sj ON p.pelanggan_id = sj.surat_jalan_pelanggan_id WHERE p.pelanggan_id > 0 AND sj.surat_jalan_status = 'B' GROUP BY p.pelanggan_nama [] []
[2019-11-26 17:33:00] RabbitPrint.WARNING:  | | | tambah_invoice.php -> sel_sj : SELECT p.pelanggan_nama, p.pelanggan_telp, p.pelanggan_alamat, sj.*, sjd.surat_jalan_detail_nama_barang, sjd.surat_jalan_detail_jenis_print, sjd.surat_jalan_detail_satuan_qty FROM surat_jalan sj JOIN surat_jalan_detail sjd ON sjd.surat_jalan_detail_surat_jalan_key = sj.surat_jalan_key JOIN pelanggan p ON p.pelanggan_id = sj.surat_jalan_pelanggan_id WHERE sj.surat_jalan_pelanggan_id = AND sj.surat_jalan_status = 'B' AND sj.surat_jalan_tanggal LIKE '-%' GROUP BY sjd.surat_jalan_detail_surat_jalan_key, sjd.surat_jalan_detail_nama_barang ORDER BY sjd.surat_jalan_detail_surat_jalan_key [] []
[2019-11-26 17:33:09] RabbitPrint.WARNING:  | | | tambah_invoice.php -> membuka halaman [] []
[2019-11-26 17:33:09] RabbitPrint.WARNING:  | | | tambah_invoice.php -> sel_pelanggan : SELECT p.* FROM pelanggan p JOIN surat_jalan sj ON p.pelanggan_id = sj.surat_jalan_pelanggan_id WHERE p.pelanggan_id > 0 AND sj.surat_jalan_status = 'B' GROUP BY p.pelanggan_nama [] []
[2019-11-26 17:33:09] RabbitPrint.WARNING:  | | | tambah_invoice.php -> sel_sj : SELECT p.pelanggan_nama, p.pelanggan_telp, p.pelanggan_alamat, sj.*, sjd.surat_jalan_detail_nama_barang, sjd.surat_jalan_detail_jenis_print, sjd.surat_jalan_detail_satuan_qty FROM surat_jalan sj JOIN surat_jalan_detail sjd ON sjd.surat_jalan_detail_surat_jalan_key = sj.surat_jalan_key JOIN pelanggan p ON p.pelanggan_id = sj.surat_jalan_pelanggan_id WHERE sj.surat_jalan_pelanggan_id = 5 AND sj.surat_jalan_status = 'B' AND sj.surat_jalan_tanggal LIKE '2019-11%' GROUP BY sjd.surat_jalan_detail_surat_jalan_key, sjd.surat_jalan_detail_nama_barang ORDER BY sjd.surat_jalan_detail_surat_jalan_key [] []
[2019-11-26 17:33:09] RabbitPrint.WARNING:  | | | tambah_invoice.php -> jml. pelanggan : 0 [] []
[2019-11-26 17:33:20] RabbitPrint.WARNING:  | | | functions.php -> getKodeInvoice() -> selectkey : SELECT MAX(inv.invoice_keluar_no_invoice) AS psnkey FROM invoice_keluar inv WHERE inv.invoice_keluar_no_invoice LIKE '%INV/20191126/%' [] []
[2019-11-26 17:33:20] RabbitPrint.WARNING:  | | | functions.php -> getKodeInvoice() -> psn_key : INV/20191126/001 [] []
[2019-11-26 17:33:20] RabbitPrint.WARNING:  | | | tambah_invoice.php -> simpan_invoice [START] [] []
[2019-11-26 17:33:20] RabbitPrint.WARNING:  | | | tambah_invoice.php -> insert ke invoice -> sql : INSERT INTO invoice_keluar (cre_tms, upd_tms, cre_usr, upd_usr, invoice_keluar_no_invoice, invoice_keluar_pelanggan_id, invoice_keluar_tanggal_kirim, invoice_keluar_total_harga) VALUES (NOW(), NOW(), 'superuser', 'superuser', 'INV/20191126/001', 5, '2019-11-26', 3600000) [] []
[2019-11-26 17:33:20] RabbitPrint.WARNING:  | | | tambah_invoice.php -> insert ke invoice_keluar_detail -> sql_detail : INSERT INTO invoice_keluar_detail (cre_tms, upd_tms, cre_usr, upd_usr, invoice_keluar_detail_no_invoice, invoice_keluar_detail_surat_jalan_nomor, invoice_keluar_detail_jenis_print, invoice_keluar_detail_total_barang, invoice_keluar_detail_satuan, invoice_keluar_detail_harga, invoice_keluar_detail_subtotal_harga) VALUES ( NOW(), NOW(), 'superuser', 'superuser', 'INV/20191126/001', 'SRJ/20191126/001', 'TAYO', 120, 'PS', 30000, 3600000) [] []
[2019-11-26 17:33:20] RabbitPrint.WARNING:  | | | tambah_invoice.php -> query_upd : UPDATE surat_jalan s SET s.surat_jalan_status = 'I' WHERE s.surat_jalan_key IN ('SRJ/20191126/001') [] []
[2019-11-26 17:33:20] RabbitPrint.WARNING:  | | | tambah_invoice.php -> insert ke invoice_keluar_detail -> BERHASIL [] []
[2019-11-26 17:33:20] RabbitPrint.WARNING:  | | | tambah_invoice.php -> simpan_invoice [END] [] []
[2019-11-26 17:33:22] RabbitPrint.WARNING:  | | | tambah_invoice.php -> membuka halaman [] []
[2019-11-26 17:33:22] RabbitPrint.WARNING:  | | | tambah_invoice.php -> sel_pelanggan : SELECT p.* FROM pelanggan p JOIN surat_jalan sj ON p.pelanggan_id = sj.surat_jalan_pelanggan_id WHERE p.pelanggan_id > 0 AND sj.surat_jalan_status = 'B' GROUP BY p.pelanggan_nama [] []
[2019-11-26 17:33:22] RabbitPrint.WARNING:  | | | tambah_invoice.php -> sel_sj : SELECT p.pelanggan_nama, p.pelanggan_telp, p.pelanggan_alamat, sj.*, sjd.surat_jalan_detail_nama_barang, sjd.surat_jalan_detail_jenis_print, sjd.surat_jalan_detail_satuan_qty FROM surat_jalan sj JOIN surat_jalan_detail sjd ON sjd.surat_jalan_detail_surat_jalan_key = sj.surat_jalan_key JOIN pelanggan p ON p.pelanggan_id = sj.surat_jalan_pelanggan_id WHERE sj.surat_jalan_pelanggan_id = AND sj.surat_jalan_status = 'B' AND sj.surat_jalan_tanggal LIKE '-%' GROUP BY sjd.surat_jalan_detail_surat_jalan_key, sjd.surat_jalan_detail_nama_barang ORDER BY sjd.surat_jalan_detail_surat_jalan_key [] []
[2019-11-26 17:33:28] RabbitPrint.WARNING:  | | | daftar_surat_jalan.php -> membuka halaman [] []
[2019-11-26 17:33:28] RabbitPrint.WARNING:  | | | daftar_surat_)jalan.php -> sel_daftar_surat_jalan : SELECT * FROM surat_jalan ORDER BY surat_jalan_id DESC [] []
[2019-11-26 17:33:28] RabbitPrint.WARNING:  | | | daftar_surat_jalan.php -> sel_plg -> SELECT pelanggan_nama FROM pelanggan WHERE pelanggan_id = 5 [] []
[2019-11-26 17:33:28] RabbitPrint.WARNING:  | | | daftar_surat_jalan.php -> sel_user -> SELECT nama FROM s_user WHERE username = 'superuser' [] []
[2019-11-26 17:33:35] RabbitPrint.WARNING:  | | | proses_daftar_sjalan.php -> hapus_srtjalan [] []
[2019-11-26 17:33:35] RabbitPrint.WARNING:  | | | proses_daftar_sjalan.php -> del_srtjalan : DELETE FROM surat_jalan WHERE surat_jalan_key = 'SRJ/20191126/001' [] []
[2019-11-26 17:33:35] RabbitPrint.WARNING:  | | | proses_daftar_sjalan.php -> del_srtjalan -> BERHASIL [] []
[2019-11-26 17:33:35] RabbitPrint.WARNING:  | | | proses_daftar_sjalan.php -> del_detailpsn : DELETE FROM surat_jalan_detail WHERE surat_jalan_detail_surat_jalan_key = 'SRJ/20191126/001' [] []
[2019-11-26 17:33:35] RabbitPrint.WARNING:  | | | proses_daftar_sjalan.php -> del_detailpsn -> BERHASIL [] []
[2019-11-26 17:33:35] RabbitPrint.WARNING:  | | | proses_daftar_sjalan.php -> sel_sj : SELECT invoice_keluar_detail_no_invoice, invoice_keluar_detail_subtotal_harga FROM invoice_keluar_detail WHERE invoice_keluar_detail_surat_jalan_nomor = 'SRJ/20191126/001' [] []
[2019-11-26 17:33:35] RabbitPrint.WARNING:  | | | proses_daftar_sjalan.php -> del_detailpsn : DELETE FROM invoice_keluar_detail WHERE invoice_keluar_detail_surat_jalan_nomor = 'SRJ/20191126/001' [] []
[2019-11-26 17:33:39] RabbitPrint.WARNING:  | | | daftar_surat_jalan.php -> membuka halaman [] []
[2019-11-26 17:33:39] RabbitPrint.WARNING:  | | | daftar_surat_)jalan.php -> sel_daftar_surat_jalan : SELECT * FROM surat_jalan ORDER BY surat_jalan_id DESC [] []
[2019-11-26 17:34:00] RabbitPrint.WARNING:  | | | daftar_surat_jalan.php -> membuka halaman [] []
[2019-11-26 17:34:00] RabbitPrint.WARNING:  | | | daftar_surat_)jalan.php -> sel_daftar_surat_jalan : SELECT * FROM surat_jalan ORDER BY surat_jalan_id DESC [] []
[2019-11-26 17:34:03] RabbitPrint.WARNING:  | | | daftar_pesanan.php -> membuka halaman [] []
[2019-11-26 17:34:03] RabbitPrint.WARNING:  | | | daftar_pesanan.php -> sel_pesanan : SELECT psn.*, plg.pelanggan_nama	FROM pesanan psn JOIN pelanggan plg ON plg.pelanggan_id = psn.pesanan_pelanggan_id ORDER BY psn.pesanan_id DESC [] []
[2019-11-26 17:34:03] RabbitPrint.WARNING:  | | | daftar_pesanan.php -> jml. pesanan : 0 [] []
[2019-11-26 17:34:06] RabbitPrint.WARNING:  | | | surat_jalan.php -> load [] []
[2019-11-26 17:34:06] RabbitPrint.WARNING:  | | | lihat_pesanan.php -> sel_psn : SELECT psn.*, dps.*, plg.pelanggan_nama AS pesanan_nama_plg, sj.surat_jalan_detail_subtotal_pack FROM pesanan psn JOIN detail_pesanan dps ON dps.detail_pesanan_no_pesanan = psn.pesanan_no_pesanan JOIN pelanggan plg ON plg.pelanggan_id = psn.pesanan_pelanggan_id LEFT JOIN surat_jalan_detail sj ON sj.surat_jalan_detail_pesanan_key = dps.detail_pesanan_key WHERE psn.pesanan_no_pesanan = 'PSN/20191101/001' [] []
[2019-11-26 17:34:11] RabbitPrint.WARNING:  | | | proses_surat_jalan.php -> buat_suratjalan [] []
[2019-11-26 17:34:11] RabbitPrint.WARNING:  | | | functions.php -> getKodeSuratJalan() -> selectkey : SELECT MAX(surat_jalan.surat_jalan_key) AS psnkey FROM surat_jalan WHERE surat_jalan.surat_jalan_key LIKE '%SRJ/20191126/%' [] []
[2019-11-26 17:34:11] RabbitPrint.WARNING:  | | | functions.php -> getKodeSuratJalan() -> psn_key : SRJ/20191126/001 [] []
[2019-11-26 17:34:11] RabbitPrint.WARNING:  | | | proses_surat_jalan.php -> list_barang : [{"surat_jalan_detail_pesanan_key":"0000000001","surat_jalan_detail_nama_barang":"KAIN PUTIH","surat_jalan_detail_jenis_print":"TAYO","surat_jalan_detail_warna":"3","surat_jalan_detail_kain":"A001","surat_jalan_detail_nama_warna":"BIRU","surat_jalan_detail_ukuran":"XS","surat_jalan_detail_subtotal_qty":"20","surat_jalan_detail_satuan_qty":"PS","surat_jalan_detail_subtotal_pack":"60","surat_jalan_detail_satuan_pack":"PT","surat_jalan_detail_keterangan":""},{"surat_jalan_detail_pesanan_key":"0000000002","surat_jalan_detail_nama_barang":"KAIN PUTIH","surat_jalan_detail_jenis_print":"TAYO","surat_jalan_detail_warna":"3","surat_jalan_detail_kain":"A001","surat_jalan_detail_nama_warna":"BIRU","surat_jalan_detail_ukuran":"S","surat_jalan_detail_subtotal_qty":"20","surat_jalan_detail_satuan_qty":"PS","surat_jalan_detail_subtotal_pack":"60","surat_jalan_detail_satuan_pack":"PT","surat_jalan_detail_keterangan":""},{"surat_jalan_detail_pesanan_key":"0000000003","surat_jalan_detail_nama_barang":"KAIN PUTIH","surat_jalan_detail_jenis_print":"TAYO","surat_jalan_detail_warna":"3","surat_jalan_detail_kain":"B001","surat_jalan_detail_nama_warna":"MERAH","surat_jalan_detail_ukuran":"XS","surat_jalan_detail_subtotal_qty":"20","surat_jalan_detail_satuan_qty":"PS","surat_jalan_detail_subtotal_pack":"60","surat_jalan_detail_satuan_pack":"PT","surat_jalan_detail_keterangan":""},{"surat_jalan_detail_pesanan_key":"0000000004","surat_jalan_detail_nama_barang":"KAIN PUTIH","surat_jalan_detail_jenis_print":"TAYO","surat_jalan_detail_warna":"3","surat_jalan_detail_kain":"B001","surat_jalan_detail_nama_warna":"MERAH","surat_jalan_detail_ukuran":"S","surat_jalan_detail_subtotal_qty":"20","surat_jalan_detail_satuan_qty":"PS","surat_jalan_detail_subtotal_pack":"60","surat_jalan_detail_satuan_pack":"PT","surat_jalan_detail_keterangan":""},{"surat_jalan_detail_pesanan_key":"0000000005","surat_jalan_detail_nama_barang":"KAIN PUTIH","surat_jalan_detail_jenis_print":"TAYO","surat_jalan_detail_warna":"3","surat_jalan_detail_kain":"A001","surat_jalan_detail_nama_warna":"BIRU","surat_jalan_detail_ukuran":"M","surat_jalan_detail_subtotal_qty":"20","surat_jalan_detail_satuan_qty":"PS","surat_jalan_detail_subtotal_pack":"60","surat_jalan_detail_satuan_pack":"PT","surat_jalan_detail_keterangan":""},{"surat_jalan_detail_pesanan_key":"0000000006","surat_jalan_detail_nama_barang":"KAIN PUTIH","surat_jalan_detail_jenis_print":"TAYO","surat_jalan_detail_warna":"3","surat_jalan_detail_kain":"A001","surat_jalan_detail_nama_warna":"BIRU","surat_jalan_detail_ukuran":"L","surat_jalan_detail_subtotal_qty":"20","surat_jalan_detail_satuan_qty":"PS","surat_jalan_detail_subtotal_pack":"60","surat_jalan_detail_satuan_pack":"PT","surat_jalan_detail_keterangan":""}] [] []
[2019-11-26 17:34:11] RabbitPrint.WARNING:  | | | proses_surat_jalan.php -> insert ke surat_jalan -> sql_pesanan :  [] []
[2019-11-26 17:34:11] RabbitPrint.WARNING:  | | | proses_surat_jalan.php -> insert ke surat_jalan -> BERHASIL [] []
[2019-11-26 17:34:11] RabbitPrint.WARNING:  | | | proses_surat_jalan.php -> insert ke surat_jalan_detail -> sql_detail : INSERT INTO surat_jalan_detail (cre_tms, upd_tms, cre_usr, upd_usr, surat_jalan_detail_surat_jalan_key, surat_jalan_detail_kain, surat_jalan_detail_nama_warna, surat_jalan_detail_pesanan_key, surat_jalan_detail_nama_barang, surat_jalan_detail_jenis_print, surat_jalan_detail_warna, surat_jalan_detail_ukuran, surat_jalan_detail_subtotal_qty, surat_jalan_detail_satuan_qty, surat_jalan_detail_subtotal_pack, surat_jalan_detail_satuan_pack, surat_jalan_detail_keterangan) VALUES ( NOW(), NOW(), 'superuser', 'superuser', 'SRJ/20191126/001', 'A001', 'BIRU', '0000000001', 'KAIN PUTIH', 'TAYO', 3, 'XS', 20, 'PS', 60, 'PT', ''),( NOW(), NOW(), 'superuser', 'superuser', 'SRJ/20191126/001', 'A001', 'BIRU', '0000000002', 'KAIN PUTIH', 'TAYO', 3, 'S', 20, 'PS', 60, 'PT', ''),( NOW(), NOW(), 'superuser', 'superuser', 'SRJ/20191126/001', 'B001', 'MERAH', '0000000003', 'KAIN PUTIH', 'TAYO', 3, 'XS', 20, 'PS', 60, 'PT', ''),( NOW(), NOW(), 'superuser', 'superuser', 'SRJ/20191126/001', 'B001', 'MERAH', '0000000004', 'KAIN PUTIH', 'TAYO', 3, 'S', 20, 'PS', 60, 'PT', ''),( NOW(), NOW(), 'superuser', 'superuser', 'SRJ/20191126/001', 'A001', 'BIRU', '0000000005', 'KAIN PUTIH', 'TAYO', 3, 'M', 20, 'PS', 60, 'PT', ''),( NOW(), NOW(), 'superuser', 'superuser', 'SRJ/20191126/001', 'A001', 'BIRU', '0000000006', 'KAIN PUTIH', 'TAYO', 3, 'L', 20, 'PS', 60, 'PT', '') [] []
[2019-11-26 17:34:11] RabbitPrint.WARNING:  | | | proses_surat_jalan.php -> insert ke surat_jalan_detail -> BERHASIL [] []
[2019-11-26 17:34:11] RabbitPrint.WARNING:  | | | proses_surat_jalan.php -> response : Array [] []
[2019-11-26 17:34:11] RabbitPrint.WARNING:  | | | proses_surat_jalan.php -> sql_pesanan : INSERT INTO surat_jalan (cre_tms, upd_tms, cre_usr, upd_usr, surat_jalan_key, surat_jalan_nomor, surat_jalan_tanggal, surat_jalan_jenis_pesanan, surat_jalan_pelanggan_id, surat_jalan_no_pesanan, surat_jalan_total, surat_jalan_status) VALUES (NOW(), NOW(), 'superuser', 'superuser', 'SRJ/20191126/001', 'ASD123', '2019-11-26', 'A', 5, 'PSN/20191101/001', 120, 'B') [] []
[2019-11-26 17:34:11] RabbitPrint.WARNING:  | | | proses_surat_jalan.php -> insert ke surat_jalan -> BERHASIL [] []
[2019-11-26 17:34:11] RabbitPrint.WARNING:  | | | proses_surat_jalan.php -> response : Array [] []
[2019-11-26 17:34:13] RabbitPrint.WARNING:  | | | cetak_surat_jalan.php -> sel_pesanan : SELECT sj.*, p.pelanggan_nama, p.pelanggan_telp, p.pelanggan_alamat, u.nama AS createby FROM surat_jalan sj JOIN pelanggan p ON p.pelanggan_id = sj.surat_jalan_pelanggan_id JOIN s_user u ON u.username = sj.cre_usr WHERE sj.surat_jalan_key = 'SRJ/20191126/001' [] []
[2019-11-26 17:34:13] RabbitPrint.WARNING:  | | | cetak_surat_jalan.php -> sel_detailsj : SELECT sj.*, dp.* FROM surat_jalan_detail sj JOIN detail_pesanan dp ON dp.detail_pesanan_key = sj.surat_jalan_detail_pesanan_key WHERE surat_jalan_detail_surat_jalan_key = 'SRJ/20191126/001' [] []
[2019-11-26 17:34:20] RabbitPrint.WARNING:  | | | surat_jalan.php -> load [] []
[2019-11-26 17:34:20] RabbitPrint.WARNING:  | | | lihat_pesanan.php -> sel_psn : SELECT psn.*, dps.*, plg.pelanggan_nama AS pesanan_nama_plg, sj.surat_jalan_detail_subtotal_pack FROM pesanan psn JOIN detail_pesanan dps ON dps.detail_pesanan_no_pesanan = psn.pesanan_no_pesanan JOIN pelanggan plg ON plg.pelanggan_id = psn.pesanan_pelanggan_id LEFT JOIN surat_jalan_detail sj ON sj.surat_jalan_detail_pesanan_key = dps.detail_pesanan_key WHERE psn.pesanan_no_pesanan = 'PSN/20191101/001' [] []
[2019-11-26 17:34:30] RabbitPrint.WARNING:  | | | daftar_surat_jalan.php -> membuka halaman [] []
[2019-11-26 17:34:30] RabbitPrint.WARNING:  | | | daftar_surat_)jalan.php -> sel_daftar_surat_jalan : SELECT * FROM surat_jalan ORDER BY surat_jalan_id DESC [] []
[2019-11-26 17:34:30] RabbitPrint.WARNING:  | | | daftar_surat_jalan.php -> sel_plg -> SELECT pelanggan_nama FROM pelanggan WHERE pelanggan_id = 5 [] []
[2019-11-26 17:34:30] RabbitPrint.WARNING:  | | | daftar_surat_jalan.php -> sel_user -> SELECT nama FROM s_user WHERE username = 'superuser' [] []
[2019-11-26 17:34:34] RabbitPrint.WARNING:  | | | daftar_invoice.php -> membuka halaman [] []
[2019-11-26 17:34:34] RabbitPrint.WARNING:  | | | daftar_invoice.php -> sel_invoice : SELECT inv.*, plg.pelanggan_nama FROM invoice_keluar inv JOIN pelanggan plg ON plg.pelanggan_id = inv.invoice_keluar_pelanggan_id ORDER BY inv.invoice_keluar_id DESC [] []
[2019-11-26 17:34:34] RabbitPrint.WARNING:  | | | data_pelanggan.php -> sel_pelanggan : SELECT p.* FROM pelanggan p JOIN invoice_keluar inv ON p.pelanggan_id = inv.invoice_keluar_pelanggan_id WHERE p.pelanggan_id > 0 GROUP BY p.pelanggan_nama; [] []
[2019-11-26 17:34:49] RabbitPrint.WARNING:  | | | tambah_invoice.php -> membuka halaman [] []
[2019-11-26 17:34:49] RabbitPrint.WARNING:  | | | tambah_invoice.php -> sel_pelanggan : SELECT p.* FROM pelanggan p JOIN surat_jalan sj ON p.pelanggan_id = sj.surat_jalan_pelanggan_id WHERE p.pelanggan_id > 0 AND sj.surat_jalan_status = 'B' GROUP BY p.pelanggan_nama [] []
[2019-11-26 17:34:49] RabbitPrint.WARNING:  | | | tambah_invoice.php -> sel_sj : SELECT p.pelanggan_nama, p.pelanggan_telp, p.pelanggan_alamat, sj.*, sjd.surat_jalan_detail_nama_barang, sjd.surat_jalan_detail_jenis_print, sjd.surat_jalan_detail_satuan_qty FROM surat_jalan sj JOIN surat_jalan_detail sjd ON sjd.surat_jalan_detail_surat_jalan_key = sj.surat_jalan_key JOIN pelanggan p ON p.pelanggan_id = sj.surat_jalan_pelanggan_id WHERE sj.surat_jalan_pelanggan_id = AND sj.surat_jalan_status = 'B' AND sj.surat_jalan_tanggal LIKE '-%' GROUP BY sjd.surat_jalan_detail_surat_jalan_key, sjd.surat_jalan_detail_nama_barang ORDER BY sjd.surat_jalan_detail_surat_jalan_key [] []
[2019-11-26 17:34:56] RabbitPrint.WARNING:  | | | tambah_invoice.php -> membuka halaman [] []
[2019-11-26 17:34:56] RabbitPrint.WARNING:  | | | tambah_invoice.php -> sel_pelanggan : SELECT p.* FROM pelanggan p JOIN surat_jalan sj ON p.pelanggan_id = sj.surat_jalan_pelanggan_id WHERE p.pelanggan_id > 0 AND sj.surat_jalan_status = 'B' GROUP BY p.pelanggan_nama [] []
[2019-11-26 17:34:56] RabbitPrint.WARNING:  | | | tambah_invoice.php -> sel_sj : SELECT p.pelanggan_nama, p.pelanggan_telp, p.pelanggan_alamat, sj.*, sjd.surat_jalan_detail_nama_barang, sjd.surat_jalan_detail_jenis_print, sjd.surat_jalan_detail_satuan_qty FROM surat_jalan sj JOIN surat_jalan_detail sjd ON sjd.surat_jalan_detail_surat_jalan_key = sj.surat_jalan_key JOIN pelanggan p ON p.pelanggan_id = sj.surat_jalan_pelanggan_id WHERE sj.surat_jalan_pelanggan_id = 5 AND sj.surat_jalan_status = 'B' AND sj.surat_jalan_tanggal LIKE '2019-11%' GROUP BY sjd.surat_jalan_detail_surat_jalan_key, sjd.surat_jalan_detail_nama_barang ORDER BY sjd.surat_jalan_detail_surat_jalan_key [] []
[2019-11-26 17:34:56] RabbitPrint.WARNING:  | | | tambah_invoice.php -> jml. pelanggan : 0 [] []
[2019-11-26 17:35:07] RabbitPrint.WARNING:  | | | functions.php -> getKodeInvoice() -> selectkey : SELECT MAX(inv.invoice_keluar_no_invoice) AS psnkey FROM invoice_keluar inv WHERE inv.invoice_keluar_no_invoice LIKE '%INV/20191126/%' [] []
[2019-11-26 17:35:07] RabbitPrint.WARNING:  | | | functions.php -> getKodeInvoice() -> psn_key : INV/20191126/001 [] []
[2019-11-26 17:35:07] RabbitPrint.WARNING:  | | | tambah_invoice.php -> simpan_invoice [START] [] []
[2019-11-26 17:35:07] RabbitPrint.WARNING:  | | | tambah_invoice.php -> insert ke invoice -> sql : INSERT INTO invoice_keluar (cre_tms, upd_tms, cre_usr, upd_usr, invoice_keluar_no_invoice, invoice_keluar_pelanggan_id, invoice_keluar_tanggal_kirim, invoice_keluar_total_harga) VALUES (NOW(), NOW(), 'superuser', 'superuser', 'INV/20191126/001', 5, '2019-11-26', 15600000) [] []
[2019-11-26 17:35:07] RabbitPrint.WARNING:  | | | tambah_invoice.php -> insert ke invoice_keluar_detail -> sql_detail : INSERT INTO invoice_keluar_detail (cre_tms, upd_tms, cre_usr, upd_usr, invoice_keluar_detail_no_invoice, invoice_keluar_detail_surat_jalan_nomor, invoice_keluar_detail_jenis_print, invoice_keluar_detail_total_barang, invoice_keluar_detail_satuan, invoice_keluar_detail_harga, invoice_keluar_detail_subtotal_harga) VALUES ( NOW(), NOW(), 'superuser', 'superuser', 'INV/20191126/001', 'SRJ/20191126/001', 'TAYO', 120, 'PS', 130000, 15600000) [] []
[2019-11-26 17:35:07] RabbitPrint.WARNING:  | | | tambah_invoice.php -> query_upd : UPDATE surat_jalan s SET s.surat_jalan_status = 'I' WHERE s.surat_jalan_key IN ('SRJ/20191126/001') [] []
[2019-11-26 17:35:07] RabbitPrint.WARNING:  | | | tambah_invoice.php -> insert ke invoice_keluar_detail -> BERHASIL [] []
[2019-11-26 17:35:07] RabbitPrint.WARNING:  | | | tambah_invoice.php -> simpan_invoice [END] [] []
[2019-11-26 17:35:09] RabbitPrint.WARNING:  | | | tambah_invoice.php -> membuka halaman [] []
[2019-11-26 17:35:09] RabbitPrint.WARNING:  | | | tambah_invoice.php -> sel_pelanggan : SELECT p.* FROM pelanggan p JOIN surat_jalan sj ON p.pelanggan_id = sj.surat_jalan_pelanggan_id WHERE p.pelanggan_id > 0 AND sj.surat_jalan_status = 'B' GROUP BY p.pelanggan_nama [] []
[2019-11-26 17:35:09] RabbitPrint.WARNING:  | | | tambah_invoice.php -> sel_sj : SELECT p.pelanggan_nama, p.pelanggan_telp, p.pelanggan_alamat, sj.*, sjd.surat_jalan_detail_nama_barang, sjd.surat_jalan_detail_jenis_print, sjd.surat_jalan_detail_satuan_qty FROM surat_jalan sj JOIN surat_jalan_detail sjd ON sjd.surat_jalan_detail_surat_jalan_key = sj.surat_jalan_key JOIN pelanggan p ON p.pelanggan_id = sj.surat_jalan_pelanggan_id WHERE sj.surat_jalan_pelanggan_id = AND sj.surat_jalan_status = 'B' AND sj.surat_jalan_tanggal LIKE '-%' GROUP BY sjd.surat_jalan_detail_surat_jalan_key, sjd.surat_jalan_detail_nama_barang ORDER BY sjd.surat_jalan_detail_surat_jalan_key [] []
[2019-11-26 17:35:13] RabbitPrint.WARNING:  | | | daftar_invoice.php -> membuka halaman [] []
[2019-11-26 17:35:13] RabbitPrint.WARNING:  | | | daftar_invoice.php -> sel_invoice : SELECT inv.*, plg.pelanggan_nama FROM invoice_keluar inv JOIN pelanggan plg ON plg.pelanggan_id = inv.invoice_keluar_pelanggan_id ORDER BY inv.invoice_keluar_id DESC [] []
[2019-11-26 17:35:13] RabbitPrint.WARNING:  | | | data_pelanggan.php -> sel_pelanggan : SELECT p.* FROM pelanggan p JOIN invoice_keluar inv ON p.pelanggan_id = inv.invoice_keluar_pelanggan_id WHERE p.pelanggan_id > 0 GROUP BY p.pelanggan_nama; [] []
[2019-11-26 17:35:13] RabbitPrint.WARNING:  | | | daftar_invoice.php -> jml. invoice : 0 [] []
[2019-11-26 17:35:13] RabbitPrint.WARNING:  | | | data_pelanggan.php -> jml. pelanggan : 1 [] []
[2019-11-26 17:37:07] RabbitPrint.WARNING:  | | | cetak_invoice.php -> sel_invoice : SELECT dinv.*, inv.*, sj.surat_jalan_nomor, sj.surat_jalan_tanggal FROM invoice_keluar inv JOIN invoice_keluar_detail dinv ON dinv.invoice_keluar_detail_no_invoice = inv.invoice_keluar_no_invoice JOIN surat_jalan sj ON sj.surat_jalan_key = dinv.invoice_keluar_detail_surat_jalan_nomor WHERE inv.invoice_keluar_tanggal_kirim BETWEEN '2019-11-01' AND '2019-11-30' AND inv.invoice_keluar_pelanggan_id = 5 [] []
[2019-11-26 17:37:07] RabbitPrint.WARNING:  | | | cetak_invoice.php -> sel_plg : SELECT pelanggan_nama FROM pelanggan WHERE pelanggan_id = 5 [] []
[2019-11-26 17:37:13] RabbitPrint.WARNING:  | | | daftar_invoice.php -> membuka halaman [] []
[2019-11-26 17:37:13] RabbitPrint.WARNING:  | | | daftar_invoice.php -> sel_invoice : SELECT inv.*, plg.pelanggan_nama FROM invoice_keluar inv JOIN pelanggan plg ON plg.pelanggan_id = inv.invoice_keluar_pelanggan_id ORDER BY inv.invoice_keluar_id DESC [] []
[2019-11-26 17:37:13] RabbitPrint.WARNING:  | | | data_pelanggan.php -> sel_pelanggan : SELECT p.* FROM pelanggan p JOIN invoice_keluar inv ON p.pelanggan_id = inv.invoice_keluar_pelanggan_id WHERE p.pelanggan_id > 0 GROUP BY p.pelanggan_nama; [] []
[2019-11-26 17:37:13] RabbitPrint.WARNING:  | | | daftar_invoice.php -> jml. invoice : 0 [] []
[2019-11-26 17:37:13] RabbitPrint.WARNING:  | | | data_pelanggan.php -> jml. pelanggan : 1 [] []
[2019-11-26 17:38:10] RabbitPrint.WARNING:  | | | cetak_invoice.php -> sel_invoice : SELECT SUM(inv.invoice_keluar_total_harga) AS total, plg.pelanggan_nama FROM invoice_keluar inv JOIN pelanggan plg ON plg.pelanggan_id = inv.invoice_keluar_pelanggan_id WHERE inv.invoice_keluar_tanggal_kirim BETWEEN '01-11-2019' AND '30-11-2019' GROUP BY plg.pelanggan_nama [] []
[2019-11-26 17:38:15] RabbitPrint.WARNING:  | | | daftar_invoice.php -> membuka halaman [] []
[2019-11-26 17:38:15] RabbitPrint.WARNING:  | | | daftar_invoice.php -> sel_invoice : SELECT inv.*, plg.pelanggan_nama FROM invoice_keluar inv JOIN pelanggan plg ON plg.pelanggan_id = inv.invoice_keluar_pelanggan_id ORDER BY inv.invoice_keluar_id DESC [] []
[2019-11-26 17:38:15] RabbitPrint.WARNING:  | | | data_pelanggan.php -> sel_pelanggan : SELECT p.* FROM pelanggan p JOIN invoice_keluar inv ON p.pelanggan_id = inv.invoice_keluar_pelanggan_id WHERE p.pelanggan_id > 0 GROUP BY p.pelanggan_nama; [] []
[2019-11-26 17:38:15] RabbitPrint.WARNING:  | | | daftar_invoice.php -> jml. invoice : 0 [] []
[2019-11-26 17:38:15] RabbitPrint.WARNING:  | | | data_pelanggan.php -> jml. pelanggan : 1 [] []
[2019-11-26 17:39:55] RabbitPrint.WARNING:  | | | cetak_invoice.php -> sel_invoice : SELECT dinv.*, inv.*, sj.surat_jalan_nomor, sj.surat_jalan_tanggal FROM invoice_keluar inv JOIN invoice_keluar_detail dinv ON dinv.invoice_keluar_detail_no_invoice = inv.invoice_keluar_no_invoice JOIN surat_jalan sj ON sj.surat_jalan_key = dinv.invoice_keluar_detail_surat_jalan_nomor WHERE inv.invoice_keluar_tanggal_kirim BETWEEN '2019-11-01' AND '2019-11-30' AND inv.invoice_keluar_pelanggan_id = 5 [] []
[2019-11-26 17:39:55] RabbitPrint.WARNING:  | | | cetak_invoice.php -> sel_plg : SELECT pelanggan_nama FROM pelanggan WHERE pelanggan_id = 5 [] []
[2019-11-26 17:42:32] RabbitPrint.WARNING:  | | | cetak_invoice.php -> sel_invoice : SELECT dinv.*, inv.*, sj.surat_jalan_nomor, sj.surat_jalan_tanggal FROM invoice_keluar inv JOIN invoice_keluar_detail dinv ON dinv.invoice_keluar_detail_no_invoice = inv.invoice_keluar_no_invoice JOIN surat_jalan sj ON sj.surat_jalan_key = dinv.invoice_keluar_detail_surat_jalan_nomor WHERE inv.invoice_keluar_tanggal_kirim BETWEEN '2019-11-01' AND '2019-11-30' AND inv.invoice_keluar_pelanggan_id = 5 [] []
[2019-11-26 17:42:32] RabbitPrint.WARNING:  | | | cetak_invoice.php -> sel_plg : SELECT pelanggan_nama FROM pelanggan WHERE pelanggan_id = 5 [] []
[2019-11-26 17:42:57] RabbitPrint.WARNING:  | | | cetak_invoice.php -> sel_invoice : SELECT dinv.*, inv.*, sj.surat_jalan_nomor, sj.surat_jalan_tanggal FROM invoice_keluar inv JOIN invoice_keluar_detail dinv ON dinv.invoice_keluar_detail_no_invoice = inv.invoice_keluar_no_invoice JOIN surat_jalan sj ON sj.surat_jalan_key = dinv.invoice_keluar_detail_surat_jalan_nomor WHERE inv.invoice_keluar_tanggal_kirim BETWEEN '2019-11-01' AND '2019-11-30' AND inv.invoice_keluar_pelanggan_id = 5 [] []
[2019-11-26 17:42:57] RabbitPrint.WARNING:  | | | cetak_invoice.php -> sel_plg : SELECT pelanggan_nama FROM pelanggan WHERE pelanggan_id = 5 [] []
[2019-11-26 17:44:00] RabbitPrint.WARNING:  | | | daftar_invoice.php -> membuka halaman [] []
[2019-11-26 17:44:00] RabbitPrint.WARNING:  | | | daftar_invoice.php -> sel_invoice : SELECT inv.*, plg.pelanggan_nama FROM invoice_keluar inv JOIN pelanggan plg ON plg.pelanggan_id = inv.invoice_keluar_pelanggan_id ORDER BY inv.invoice_keluar_id DESC [] []
[2019-11-26 17:44:00] RabbitPrint.WARNING:  | | | data_pelanggan.php -> sel_pelanggan : SELECT p.* FROM pelanggan p JOIN invoice_keluar inv ON p.pelanggan_id = inv.invoice_keluar_pelanggan_id WHERE p.pelanggan_id > 0 GROUP BY p.pelanggan_nama; [] []
[2019-11-26 17:44:00] RabbitPrint.WARNING:  | | | daftar_invoice.php -> jml. invoice : 0 [] []
[2019-11-26 17:44:00] RabbitPrint.WARNING:  | | | data_pelanggan.php -> jml. pelanggan : 1 [] []
[2019-11-26 17:44:04] RabbitPrint.WARNING:  | | | daftar_invoice.php -> membuka halaman [] []
[2019-11-26 17:44:04] RabbitPrint.WARNING:  | | | daftar_invoice.php -> sel_invoice : SELECT inv.*, plg.pelanggan_nama FROM invoice_keluar inv JOIN pelanggan plg ON plg.pelanggan_id = inv.invoice_keluar_pelanggan_id ORDER BY inv.invoice_keluar_id DESC [] []
[2019-11-26 17:44:04] RabbitPrint.WARNING:  | | | data_pelanggan.php -> sel_pelanggan : SELECT p.* FROM pelanggan p JOIN invoice_keluar inv ON p.pelanggan_id = inv.invoice_keluar_pelanggan_id WHERE p.pelanggan_id > 0 GROUP BY p.pelanggan_nama; [] []
[2019-11-26 17:44:04] RabbitPrint.WARNING:  | | | daftar_invoice.php -> jml. invoice : 0 [] []
[2019-11-26 17:44:04] RabbitPrint.WARNING:  | | | data_pelanggan.php -> jml. pelanggan : 1 [] []
[2019-11-26 17:58:49] RabbitPrint.WARNING:  | | | cetak_invoice.php -> sel_invoice : SELECT SUM(inv.invoice_keluar_total_harga) AS total, plg.pelanggan_nama FROM invoice_keluar inv JOIN pelanggan plg ON plg.pelanggan_id = inv.invoice_keluar_pelanggan_id WHERE inv.invoice_keluar_tanggal_kirim BETWEEN '01-11-2019' AND '30-11-2019' GROUP BY plg.pelanggan_nama [] []
[2019-11-26 17:58:53] RabbitPrint.WARNING:  | | | daftar_invoice.php -> membuka halaman [] []
[2019-11-26 17:58:53] RabbitPrint.WARNING:  | | | daftar_invoice.php -> sel_invoice : SELECT inv.*, plg.pelanggan_nama FROM invoice_keluar inv JOIN pelanggan plg ON plg.pelanggan_id = inv.invoice_keluar_pelanggan_id ORDER BY inv.invoice_keluar_id DESC [] []
[2019-11-26 17:58:53] RabbitPrint.WARNING:  | | | data_pelanggan.php -> sel_pelanggan : SELECT p.* FROM pelanggan p JOIN invoice_keluar inv ON p.pelanggan_id = inv.invoice_keluar_pelanggan_id WHERE p.pelanggan_id > 0 GROUP BY p.pelanggan_nama; [] []
[2019-11-26 17:58:53] RabbitPrint.WARNING:  | | | daftar_invoice.php -> jml. invoice : 0 [] []
[2019-11-26 17:58:53] RabbitPrint.WARNING:  | | | data_pelanggan.php -> jml. pelanggan : 1 [] []
[2019-11-26 17:58:55] RabbitPrint.WARNING:  | | | daftar_invoice.php -> membuka halaman [] []
[2019-11-26 17:58:55] RabbitPrint.WARNING:  | | | daftar_invoice.php -> sel_invoice : SELECT inv.*, plg.pelanggan_nama FROM invoice_keluar inv JOIN pelanggan plg ON plg.pelanggan_id = inv.invoice_keluar_pelanggan_id ORDER BY inv.invoice_keluar_id DESC [] []
[2019-11-26 17:58:55] RabbitPrint.WARNING:  | | | data_pelanggan.php -> sel_pelanggan : SELECT p.* FROM pelanggan p JOIN invoice_keluar inv ON p.pelanggan_id = inv.invoice_keluar_pelanggan_id WHERE p.pelanggan_id > 0 GROUP BY p.pelanggan_nama; [] []
[2019-11-26 17:58:55] RabbitPrint.WARNING:  | | | daftar_invoice.php -> jml. invoice : 0 [] []
[2019-11-26 17:58:55] RabbitPrint.WARNING:  | | | data_pelanggan.php -> jml. pelanggan : 1 [] []
