[2019-05-18 13:08:13] RabbitPrint.WARNING:  | | | data_pelanggan.php -> sel_pelanggan : SELECT * FROM pelanggan [] []
[2019-05-18 13:08:14] RabbitPrint.WARNING:  | | | data_pelanggan.php -> jml. pelanggan : 1 [] []
[2019-05-18 13:08:14] RabbitPrint.WARNING:  | | | lihat_pesanan.php -> load [] []
[2019-05-18 13:08:14] RabbitPrint.WARNING:  | | | lihat_pesanan.php -> sel_psn : SELECT * FROM pesanan WHERE pesanan_no_pesanan = 'PSN/20190514/002' [] []
[2019-05-18 13:08:14] RabbitPrint.WARNING:  | | | lihat_pesanan.php -> sel_plg : SELECT pelanggan_nama FROM pelanggan WHERE pelanggan_id = 5 [] []
[2019-05-18 13:08:14] RabbitPrint.WARNING:  | | | lihat_pesanan.php -> sel_detailpsn : SELECT * FROM detail_pesanan WHERE detail_pesanan_no_pesanan = 'PSN/20190514/002' [] []
[2019-05-18 13:08:43] RabbitPrint.WARNING:  | | | proses_login.php -> cek user -> sql_user : SELECT * FROM s_user WHERE username LIKE 'superuser' AND password LIKE '21232f297a57a5a743894a0e4a801fc3' LIMIT 1 [] []
[2019-05-18 13:08:43] RabbitPrint.WARNING:  | | | proses_login.php -> id_user : 1 [] []
[2019-05-18 13:08:43] RabbitPrint.WARNING:  | | | proses_login.php -> insert ke s_login -> sql_login : INSERT INTO s_login (key_login, id_user, waktu_login, waktu_kadaluarsa, status, ip, pc_dan_browser) VALUES ('15581597231800', '1', '2019-05-18 13:08:43', '2019-05-19 13:08:43', '1', '127.0.0.1', 'mozilla/5.0 (windows nt 10.0; win64; x64) applewebkit/537.36 (khtml, like gecko) chrome/74.0.3729.157 safari/537.36') [] []
[2019-05-18 13:08:43] RabbitPrint.WARNING:  | | | proses_login.php -> insert ke s_login -> SUCCESS [] []
[2019-05-18 13:08:43] RabbitPrint.WARNING:  | | | proses_login.php -> LOGIN SUKSES!! [] []
[2019-05-18 13:08:53] RabbitPrint.WARNING:  | | | daftar_pesanan.php -> membuka halaman [] []
[2019-05-18 13:08:53] RabbitPrint.WARNING:  | | | daftar_pesanan.php -> sel_pesanan : SELECT psn.*, plg.pelanggan_nama	FROM pesanan psn JOIN pelanggan plg ON plg.pelanggan_id = psn.pesanan_pelanggan_id ORDER BY psn.pesanan_id DESC [] []
[2019-05-18 13:08:53] RabbitPrint.WARNING:  | | | daftar_pesanan.php -> jml. pesanan : 0 [] []
[2019-05-18 13:08:59] RabbitPrint.WARNING:  | | | data_pelanggan.php -> sel_pelanggan : SELECT * FROM pelanggan [] []
[2019-05-18 13:08:59] RabbitPrint.WARNING:  | | | data_pelanggan.php -> jml. pelanggan : 1 [] []
[2019-05-18 13:08:59] RabbitPrint.WARNING:  | | | lihat_pesanan.php -> load [] []
[2019-05-18 13:08:59] RabbitPrint.WARNING:  | | | lihat_pesanan.php -> sel_psn : SELECT * FROM pesanan WHERE pesanan_no_pesanan = 'PSN/20190512/001' [] []
[2019-05-18 13:08:59] RabbitPrint.WARNING:  | | | lihat_pesanan.php -> sel_plg : SELECT pelanggan_nama FROM pelanggan WHERE pelanggan_id = 1 [] []
[2019-05-18 13:08:59] RabbitPrint.WARNING:  | | | lihat_pesanan.php -> sel_detailpsn : SELECT * FROM detail_pesanan WHERE detail_pesanan_no_pesanan = 'PSN/20190512/001' [] []
[2019-05-18 13:09:15] RabbitPrint.WARNING:  | | | surat_jalan.php -> load [] []
[2019-05-18 13:09:15] RabbitPrint.WARNING:  | | | lihat_pesanan.php -> sel_psn : SELECT psn.*, dps.*, plg.pelanggan_nama AS pesanan_nama_plg FROM pesanan psn JOIN detail_pesanan dps ON dps.detail_pesanan_no_pesanan = psn.pesanan_no_pesanan JOIN pelanggan plg ON plg.pelanggan_id = psn.pesanan_pelanggan_id WHERE psn.pesanan_no_pesanan = 'PSN/20190512/001' [] []
[2019-05-18 19:30:27] RabbitPrint.WARNING:  | | | data_pelanggan.php -> sel_pelanggan : SELECT * FROM pelanggan [] []
[2019-05-18 19:30:28] RabbitPrint.WARNING:  | | | data_pelanggan.php -> jml. pelanggan : 1 [] []
[2019-05-18 19:30:28] RabbitPrint.WARNING:  | | | lihat_pesanan.php -> load [] []
[2019-05-18 19:30:28] RabbitPrint.WARNING:  | | | lihat_pesanan.php -> sel_psn : SELECT * FROM pesanan WHERE pesanan_no_pesanan = 'PSN/20190514/002' [] []
[2019-05-18 19:30:28] RabbitPrint.WARNING:  | | | lihat_pesanan.php -> sel_plg : SELECT pelanggan_nama FROM pelanggan WHERE pelanggan_id = 5 [] []
[2019-05-18 19:30:28] RabbitPrint.WARNING:  | | | lihat_pesanan.php -> sel_detailpsn : SELECT * FROM detail_pesanan WHERE detail_pesanan_no_pesanan = 'PSN/20190514/002' [] []
[2019-05-18 19:30:51] RabbitPrint.WARNING:  | | | proses_login.php -> cek user -> sql_user : SELECT * FROM s_user WHERE username LIKE 'superuser' AND password LIKE '21232f297a57a5a743894a0e4a801fc3' LIMIT 1 [] []
[2019-05-18 19:30:51] RabbitPrint.WARNING:  | | | proses_login.php -> id_user : 1 [] []
[2019-05-18 19:30:51] RabbitPrint.WARNING:  | | | proses_login.php -> insert ke s_login -> sql_login : INSERT INTO s_login (key_login, id_user, waktu_login, waktu_kadaluarsa, status, ip, pc_dan_browser) VALUES ('15581826511814', '1', '2019-05-18 19:30:51', '2019-05-19 19:30:51', '1', '127.0.0.1', 'mozilla/5.0 (windows nt 10.0; win64; x64) applewebkit/537.36 (khtml, like gecko) chrome/74.0.3729.157 safari/537.36') [] []
[2019-05-18 19:30:51] RabbitPrint.WARNING:  | | | proses_login.php -> insert ke s_login -> SUCCESS [] []
[2019-05-18 19:30:51] RabbitPrint.WARNING:  | | | proses_login.php -> LOGIN SUKSES!! [] []
[2019-05-18 19:31:37] RabbitPrint.WARNING:  | | | daftar_surat_jalan.php -> membuka halaman [] []
[2019-05-18 19:31:37] RabbitPrint.WARNING:  | | | daftar_surat_)jalan.php -> sel_daftar_surat_jalan : SELECT * FROM surat_jalan ORDER BY surat_jalan_id DESC [] []
[2019-05-18 19:31:40] RabbitPrint.WARNING:  | | | surat_jalan.php -> load [] []
[2019-05-18 19:32:12] RabbitPrint.WARNING:  | | | daftar_surat_jalan.php -> membuka halaman [] []
[2019-05-18 19:32:12] RabbitPrint.WARNING:  | | | daftar_surat_)jalan.php -> sel_daftar_surat_jalan : SELECT * FROM surat_jalan ORDER BY surat_jalan_id DESC [] []
[2019-05-18 19:32:18] RabbitPrint.WARNING:  | | | daftar_pesanan.php -> membuka halaman [] []
[2019-05-18 19:32:18] RabbitPrint.WARNING:  | | | daftar_pesanan.php -> sel_pesanan : SELECT psn.*, plg.pelanggan_nama	FROM pesanan psn JOIN pelanggan plg ON plg.pelanggan_id = psn.pesanan_pelanggan_id ORDER BY psn.pesanan_id DESC [] []
[2019-05-18 19:32:18] RabbitPrint.WARNING:  | | | daftar_pesanan.php -> jml. pesanan : 0 [] []
[2019-05-18 19:32:25] RabbitPrint.WARNING:  | | | data_pelanggan.php -> sel_pelanggan : SELECT * FROM pelanggan [] []
[2019-05-18 19:32:25] RabbitPrint.WARNING:  | | | data_pelanggan.php -> jml. pelanggan : 1 [] []
[2019-05-18 19:32:25] RabbitPrint.WARNING:  | | | lihat_pesanan.php -> load [] []
[2019-05-18 19:32:25] RabbitPrint.WARNING:  | | | lihat_pesanan.php -> sel_psn : SELECT * FROM pesanan WHERE pesanan_no_pesanan = 'PSN/20190512/001' [] []
[2019-05-18 19:32:25] RabbitPrint.WARNING:  | | | lihat_pesanan.php -> sel_plg : SELECT pelanggan_nama FROM pelanggan WHERE pelanggan_id = 1 [] []
[2019-05-18 19:32:25] RabbitPrint.WARNING:  | | | lihat_pesanan.php -> sel_detailpsn : SELECT * FROM detail_pesanan WHERE detail_pesanan_no_pesanan = 'PSN/20190512/001' [] []
[2019-05-18 19:32:27] RabbitPrint.WARNING:  | | | surat_jalan.php -> load [] []
[2019-05-18 19:32:27] RabbitPrint.WARNING:  | | | lihat_pesanan.php -> sel_psn : SELECT psn.*, dps.*, plg.pelanggan_nama AS pesanan_nama_plg FROM pesanan psn JOIN detail_pesanan dps ON dps.detail_pesanan_no_pesanan = psn.pesanan_no_pesanan JOIN pelanggan plg ON plg.pelanggan_id = psn.pesanan_pelanggan_id WHERE psn.pesanan_no_pesanan = 'PSN/20190512/001' [] []
[2019-05-18 19:35:49] RabbitPrint.WARNING:  | | | surat_jalan.php -> load [] []
[2019-05-18 19:35:49] RabbitPrint.WARNING:  | | | lihat_pesanan.php -> sel_psn : SELECT psn.*, dps.*, plg.pelanggan_nama AS pesanan_nama_plg FROM pesanan psn JOIN detail_pesanan dps ON dps.detail_pesanan_no_pesanan = psn.pesanan_no_pesanan JOIN pelanggan plg ON plg.pelanggan_id = psn.pesanan_pelanggan_id WHERE psn.pesanan_no_pesanan = 'PSN/20190512/001' [] []
[2019-05-18 19:37:57] RabbitPrint.WARNING:  | | | surat_jalan.php -> load [] []
[2019-05-18 19:37:57] RabbitPrint.WARNING:  | | | lihat_pesanan.php -> sel_psn : SELECT psn.*, dps.*, plg.pelanggan_nama AS pesanan_nama_plg FROM pesanan psn JOIN detail_pesanan dps ON dps.detail_pesanan_no_pesanan = psn.pesanan_no_pesanan JOIN pelanggan plg ON plg.pelanggan_id = psn.pesanan_pelanggan_id WHERE psn.pesanan_no_pesanan = 'PSN/20190512/001' [] []
[2019-05-18 19:39:23] RabbitPrint.WARNING:  | | | surat_jalan.php -> load [] []
[2019-05-18 19:39:23] RabbitPrint.WARNING:  | | | lihat_pesanan.php -> sel_psn : SELECT psn.*, dps.*, plg.pelanggan_nama AS pesanan_nama_plg FROM pesanan psn JOIN detail_pesanan dps ON dps.detail_pesanan_no_pesanan = psn.pesanan_no_pesanan JOIN pelanggan plg ON plg.pelanggan_id = psn.pesanan_pelanggan_id WHERE psn.pesanan_no_pesanan = 'PSN/20190512/001' [] []
[2019-05-18 19:39:51] RabbitPrint.WARNING:  | | | surat_jalan.php -> load [] []
[2019-05-18 19:39:51] RabbitPrint.WARNING:  | | | lihat_pesanan.php -> sel_psn : SELECT psn.*, dps.*, plg.pelanggan_nama AS pesanan_nama_plg FROM pesanan psn JOIN detail_pesanan dps ON dps.detail_pesanan_no_pesanan = psn.pesanan_no_pesanan JOIN pelanggan plg ON plg.pelanggan_id = psn.pesanan_pelanggan_id WHERE psn.pesanan_no_pesanan = 'PSN/20190512/001' [] []
[2019-05-18 19:40:01] RabbitPrint.WARNING:  | | | surat_jalan.php -> load [] []
[2019-05-18 19:40:01] RabbitPrint.WARNING:  | | | lihat_pesanan.php -> sel_psn : SELECT psn.*, dps.*, plg.pelanggan_nama AS pesanan_nama_plg FROM pesanan psn JOIN detail_pesanan dps ON dps.detail_pesanan_no_pesanan = psn.pesanan_no_pesanan JOIN pelanggan plg ON plg.pelanggan_id = psn.pesanan_pelanggan_id WHERE psn.pesanan_no_pesanan = 'PSN/20190512/001' [] []
[2019-05-18 19:40:46] RabbitPrint.WARNING:  | | | surat_jalan.php -> load [] []
[2019-05-18 19:40:46] RabbitPrint.WARNING:  | | | lihat_pesanan.php -> sel_psn : SELECT psn.*, dps.*, plg.pelanggan_nama AS pesanan_nama_plg FROM pesanan psn JOIN detail_pesanan dps ON dps.detail_pesanan_no_pesanan = psn.pesanan_no_pesanan JOIN pelanggan plg ON plg.pelanggan_id = psn.pesanan_pelanggan_id WHERE psn.pesanan_no_pesanan = 'PSN/20190512/001' [] []
[2019-05-18 19:40:54] RabbitPrint.WARNING:  | | | surat_jalan.php -> load [] []
[2019-05-18 19:40:54] RabbitPrint.WARNING:  | | | lihat_pesanan.php -> sel_psn : SELECT psn.*, dps.*, plg.pelanggan_nama AS pesanan_nama_plg FROM pesanan psn JOIN detail_pesanan dps ON dps.detail_pesanan_no_pesanan = psn.pesanan_no_pesanan JOIN pelanggan plg ON plg.pelanggan_id = psn.pesanan_pelanggan_id WHERE psn.pesanan_no_pesanan = 'PSN/20190512/001' [] []
[2019-05-18 19:41:22] RabbitPrint.WARNING:  | | | surat_jalan.php -> load [] []
[2019-05-18 19:41:22] RabbitPrint.WARNING:  | | | lihat_pesanan.php -> sel_psn : SELECT psn.*, dps.*, plg.pelanggan_nama AS pesanan_nama_plg FROM pesanan psn JOIN detail_pesanan dps ON dps.detail_pesanan_no_pesanan = psn.pesanan_no_pesanan JOIN pelanggan plg ON plg.pelanggan_id = psn.pesanan_pelanggan_id WHERE psn.pesanan_no_pesanan = 'PSN/20190512/001' [] []
[2019-05-18 19:41:36] RabbitPrint.WARNING:  | | | surat_jalan.php -> load [] []
[2019-05-18 19:41:36] RabbitPrint.WARNING:  | | | lihat_pesanan.php -> sel_psn : SELECT psn.*, dps.*, plg.pelanggan_nama AS pesanan_nama_plg FROM pesanan psn JOIN detail_pesanan dps ON dps.detail_pesanan_no_pesanan = psn.pesanan_no_pesanan JOIN pelanggan plg ON plg.pelanggan_id = psn.pesanan_pelanggan_id WHERE psn.pesanan_no_pesanan = 'PSN/20190512/001' [] []
[2019-05-18 19:41:48] RabbitPrint.WARNING:  | | | surat_jalan.php -> load [] []
[2019-05-18 19:41:48] RabbitPrint.WARNING:  | | | lihat_pesanan.php -> sel_psn : SELECT psn.*, dps.*, plg.pelanggan_nama AS pesanan_nama_plg FROM pesanan psn JOIN detail_pesanan dps ON dps.detail_pesanan_no_pesanan = psn.pesanan_no_pesanan JOIN pelanggan plg ON plg.pelanggan_id = psn.pesanan_pelanggan_id WHERE psn.pesanan_no_pesanan = 'PSN/20190512/001' [] []
[2019-05-18 19:41:54] RabbitPrint.WARNING:  | | | surat_jalan.php -> load [] []
[2019-05-18 19:41:54] RabbitPrint.WARNING:  | | | lihat_pesanan.php -> sel_psn : SELECT psn.*, dps.*, plg.pelanggan_nama AS pesanan_nama_plg FROM pesanan psn JOIN detail_pesanan dps ON dps.detail_pesanan_no_pesanan = psn.pesanan_no_pesanan JOIN pelanggan plg ON plg.pelanggan_id = psn.pesanan_pelanggan_id WHERE psn.pesanan_no_pesanan = 'PSN/20190512/001' [] []
[2019-05-18 19:43:03] RabbitPrint.WARNING:  | | | surat_jalan.php -> load [] []
[2019-05-18 19:43:03] RabbitPrint.WARNING:  | | | lihat_pesanan.php -> sel_psn : SELECT psn.*, dps.*, plg.pelanggan_nama AS pesanan_nama_plg FROM pesanan psn JOIN detail_pesanan dps ON dps.detail_pesanan_no_pesanan = psn.pesanan_no_pesanan JOIN pelanggan plg ON plg.pelanggan_id = psn.pesanan_pelanggan_id WHERE psn.pesanan_no_pesanan = 'PSN/20190512/001' [] []
[2019-05-18 19:43:14] RabbitPrint.WARNING:  | | | surat_jalan.php -> load [] []
[2019-05-18 19:43:14] RabbitPrint.WARNING:  | | | lihat_pesanan.php -> sel_psn : SELECT psn.*, dps.*, plg.pelanggan_nama AS pesanan_nama_plg FROM pesanan psn JOIN detail_pesanan dps ON dps.detail_pesanan_no_pesanan = psn.pesanan_no_pesanan JOIN pelanggan plg ON plg.pelanggan_id = psn.pesanan_pelanggan_id WHERE psn.pesanan_no_pesanan = 'PSN/20190512/001' [] []
[2019-05-18 19:44:40] RabbitPrint.WARNING:  | | | surat_jalan.php -> load [] []
[2019-05-18 19:44:40] RabbitPrint.WARNING:  | | | lihat_pesanan.php -> sel_psn : SELECT psn.*, dps.*, plg.pelanggan_nama AS pesanan_nama_plg FROM pesanan psn JOIN detail_pesanan dps ON dps.detail_pesanan_no_pesanan = psn.pesanan_no_pesanan JOIN pelanggan plg ON plg.pelanggan_id = psn.pesanan_pelanggan_id WHERE psn.pesanan_no_pesanan = 'PSN/20190512/001' [] []
[2019-05-18 19:45:12] RabbitPrint.WARNING:  | | | surat_jalan.php -> load [] []
[2019-05-18 19:45:12] RabbitPrint.WARNING:  | | | lihat_pesanan.php -> sel_psn : SELECT psn.*, dps.*, plg.pelanggan_nama AS pesanan_nama_plg FROM pesanan psn JOIN detail_pesanan dps ON dps.detail_pesanan_no_pesanan = psn.pesanan_no_pesanan JOIN pelanggan plg ON plg.pelanggan_id = psn.pesanan_pelanggan_id WHERE psn.pesanan_no_pesanan = 'PSN/20190512/001' [] []
[2019-05-18 19:45:19] RabbitPrint.WARNING:  | | | surat_jalan.php -> load [] []
[2019-05-18 19:45:19] RabbitPrint.WARNING:  | | | lihat_pesanan.php -> sel_psn : SELECT psn.*, dps.*, plg.pelanggan_nama AS pesanan_nama_plg FROM pesanan psn JOIN detail_pesanan dps ON dps.detail_pesanan_no_pesanan = psn.pesanan_no_pesanan JOIN pelanggan plg ON plg.pelanggan_id = psn.pesanan_pelanggan_id WHERE psn.pesanan_no_pesanan = 'PSN/20190512/001' [] []
[2019-05-18 19:45:44] RabbitPrint.WARNING:  | | | surat_jalan.php -> load [] []
[2019-05-18 19:45:44] RabbitPrint.WARNING:  | | | lihat_pesanan.php -> sel_psn : SELECT psn.*, dps.*, plg.pelanggan_nama AS pesanan_nama_plg FROM pesanan psn JOIN detail_pesanan dps ON dps.detail_pesanan_no_pesanan = psn.pesanan_no_pesanan JOIN pelanggan plg ON plg.pelanggan_id = psn.pesanan_pelanggan_id WHERE psn.pesanan_no_pesanan = 'PSN/20190512/001' [] []
[2019-05-18 19:46:20] RabbitPrint.WARNING:  | | | surat_jalan.php -> load [] []
[2019-05-18 19:46:20] RabbitPrint.WARNING:  | | | lihat_pesanan.php -> sel_psn : SELECT psn.*, dps.*, plg.pelanggan_nama AS pesanan_nama_plg FROM pesanan psn JOIN detail_pesanan dps ON dps.detail_pesanan_no_pesanan = psn.pesanan_no_pesanan JOIN pelanggan plg ON plg.pelanggan_id = psn.pesanan_pelanggan_id WHERE psn.pesanan_no_pesanan = 'PSN/20190512/001' [] []
[2019-05-18 19:47:08] RabbitPrint.WARNING:  | | | surat_jalan.php -> load [] []
[2019-05-18 19:47:08] RabbitPrint.WARNING:  | | | lihat_pesanan.php -> sel_psn : SELECT psn.*, dps.*, plg.pelanggan_nama AS pesanan_nama_plg FROM pesanan psn JOIN detail_pesanan dps ON dps.detail_pesanan_no_pesanan = psn.pesanan_no_pesanan JOIN pelanggan plg ON plg.pelanggan_id = psn.pesanan_pelanggan_id WHERE psn.pesanan_no_pesanan = 'PSN/20190512/001' [] []
[2019-05-18 19:47:19] RabbitPrint.WARNING:  | | | surat_jalan.php -> load [] []
[2019-05-18 19:47:19] RabbitPrint.WARNING:  | | | lihat_pesanan.php -> sel_psn : SELECT psn.*, dps.*, plg.pelanggan_nama AS pesanan_nama_plg FROM pesanan psn JOIN detail_pesanan dps ON dps.detail_pesanan_no_pesanan = psn.pesanan_no_pesanan JOIN pelanggan plg ON plg.pelanggan_id = psn.pesanan_pelanggan_id WHERE psn.pesanan_no_pesanan = 'PSN/20190512/001' [] []
[2019-05-18 19:47:29] RabbitPrint.WARNING:  | | | surat_jalan.php -> load [] []
[2019-05-18 19:47:29] RabbitPrint.WARNING:  | | | lihat_pesanan.php -> sel_psn : SELECT psn.*, dps.*, plg.pelanggan_nama AS pesanan_nama_plg FROM pesanan psn JOIN detail_pesanan dps ON dps.detail_pesanan_no_pesanan = psn.pesanan_no_pesanan JOIN pelanggan plg ON plg.pelanggan_id = psn.pesanan_pelanggan_id WHERE psn.pesanan_no_pesanan = 'PSN/20190512/001' [] []
[2019-05-18 19:47:43] RabbitPrint.WARNING:  | | | surat_jalan.php -> load [] []
[2019-05-18 19:47:43] RabbitPrint.WARNING:  | | | lihat_pesanan.php -> sel_psn : SELECT psn.*, dps.*, plg.pelanggan_nama AS pesanan_nama_plg FROM pesanan psn JOIN detail_pesanan dps ON dps.detail_pesanan_no_pesanan = psn.pesanan_no_pesanan JOIN pelanggan plg ON plg.pelanggan_id = psn.pesanan_pelanggan_id WHERE psn.pesanan_no_pesanan = 'PSN/20190512/001' [] []
[2019-05-18 19:47:53] RabbitPrint.WARNING:  | | | surat_jalan.php -> load [] []
[2019-05-18 19:47:53] RabbitPrint.WARNING:  | | | lihat_pesanan.php -> sel_psn : SELECT psn.*, dps.*, plg.pelanggan_nama AS pesanan_nama_plg FROM pesanan psn JOIN detail_pesanan dps ON dps.detail_pesanan_no_pesanan = psn.pesanan_no_pesanan JOIN pelanggan plg ON plg.pelanggan_id = psn.pesanan_pelanggan_id WHERE psn.pesanan_no_pesanan = 'PSN/20190512/001' [] []
[2019-05-18 19:49:03] RabbitPrint.WARNING:  | | | surat_jalan.php -> load [] []
[2019-05-18 19:49:03] RabbitPrint.WARNING:  | | | lihat_pesanan.php -> sel_psn : SELECT psn.*, dps.*, plg.pelanggan_nama AS pesanan_nama_plg FROM pesanan psn JOIN detail_pesanan dps ON dps.detail_pesanan_no_pesanan = psn.pesanan_no_pesanan JOIN pelanggan plg ON plg.pelanggan_id = psn.pesanan_pelanggan_id WHERE psn.pesanan_no_pesanan = 'PSN/20190512/001' [] []
[2019-05-18 19:49:19] RabbitPrint.WARNING:  | | | surat_jalan.php -> load [] []
[2019-05-18 19:49:19] RabbitPrint.WARNING:  | | | lihat_pesanan.php -> sel_psn : SELECT psn.*, dps.*, plg.pelanggan_nama AS pesanan_nama_plg FROM pesanan psn JOIN detail_pesanan dps ON dps.detail_pesanan_no_pesanan = psn.pesanan_no_pesanan JOIN pelanggan plg ON plg.pelanggan_id = psn.pesanan_pelanggan_id WHERE psn.pesanan_no_pesanan = 'PSN/20190512/001' [] []
[2019-05-18 19:51:15] RabbitPrint.WARNING:  | | | surat_jalan.php -> load [] []
[2019-05-18 19:51:15] RabbitPrint.WARNING:  | | | lihat_pesanan.php -> sel_psn : SELECT psn.*, dps.*, plg.pelanggan_nama AS pesanan_nama_plg FROM pesanan psn JOIN detail_pesanan dps ON dps.detail_pesanan_no_pesanan = psn.pesanan_no_pesanan JOIN pelanggan plg ON plg.pelanggan_id = psn.pesanan_pelanggan_id WHERE psn.pesanan_no_pesanan = 'PSN/20190512/001' [] []
[2019-05-18 19:51:25] RabbitPrint.WARNING:  | | | surat_jalan.php -> load [] []
[2019-05-18 19:51:25] RabbitPrint.WARNING:  | | | lihat_pesanan.php -> sel_psn : SELECT psn.*, dps.*, plg.pelanggan_nama AS pesanan_nama_plg FROM pesanan psn JOIN detail_pesanan dps ON dps.detail_pesanan_no_pesanan = psn.pesanan_no_pesanan JOIN pelanggan plg ON plg.pelanggan_id = psn.pesanan_pelanggan_id WHERE psn.pesanan_no_pesanan = 'PSN/20190512/001' [] []
[2019-05-18 19:51:36] RabbitPrint.WARNING:  | | | surat_jalan.php -> load [] []
[2019-05-18 19:51:36] RabbitPrint.WARNING:  | | | lihat_pesanan.php -> sel_psn : SELECT psn.*, dps.*, plg.pelanggan_nama AS pesanan_nama_plg FROM pesanan psn JOIN detail_pesanan dps ON dps.detail_pesanan_no_pesanan = psn.pesanan_no_pesanan JOIN pelanggan plg ON plg.pelanggan_id = psn.pesanan_pelanggan_id WHERE psn.pesanan_no_pesanan = 'PSN/20190512/001' [] []
[2019-05-18 19:51:48] RabbitPrint.WARNING:  | | | surat_jalan.php -> load [] []
[2019-05-18 19:51:48] RabbitPrint.WARNING:  | | | lihat_pesanan.php -> sel_psn : SELECT psn.*, dps.*, plg.pelanggan_nama AS pesanan_nama_plg FROM pesanan psn JOIN detail_pesanan dps ON dps.detail_pesanan_no_pesanan = psn.pesanan_no_pesanan JOIN pelanggan plg ON plg.pelanggan_id = psn.pesanan_pelanggan_id WHERE psn.pesanan_no_pesanan = 'PSN/20190512/001' [] []
[2019-05-18 19:52:32] RabbitPrint.WARNING:  | | | surat_jalan.php -> load [] []
[2019-05-18 19:52:32] RabbitPrint.WARNING:  | | | lihat_pesanan.php -> sel_psn : SELECT psn.*, dps.*, plg.pelanggan_nama AS pesanan_nama_plg FROM pesanan psn JOIN detail_pesanan dps ON dps.detail_pesanan_no_pesanan = psn.pesanan_no_pesanan JOIN pelanggan plg ON plg.pelanggan_id = psn.pesanan_pelanggan_id WHERE psn.pesanan_no_pesanan = 'PSN/20190512/001' [] []
[2019-05-18 19:53:14] RabbitPrint.WARNING:  | | | surat_jalan.php -> load [] []
[2019-05-18 19:53:14] RabbitPrint.WARNING:  | | | lihat_pesanan.php -> sel_psn : SELECT psn.*, dps.*, plg.pelanggan_nama AS pesanan_nama_plg FROM pesanan psn JOIN detail_pesanan dps ON dps.detail_pesanan_no_pesanan = psn.pesanan_no_pesanan JOIN pelanggan plg ON plg.pelanggan_id = psn.pesanan_pelanggan_id WHERE psn.pesanan_no_pesanan = 'PSN/20190512/001' [] []
[2019-05-18 19:53:32] RabbitPrint.WARNING:  | | | surat_jalan.php -> load [] []
[2019-05-18 19:53:32] RabbitPrint.WARNING:  | | | lihat_pesanan.php -> sel_psn : SELECT psn.*, dps.*, plg.pelanggan_nama AS pesanan_nama_plg FROM pesanan psn JOIN detail_pesanan dps ON dps.detail_pesanan_no_pesanan = psn.pesanan_no_pesanan JOIN pelanggan plg ON plg.pelanggan_id = psn.pesanan_pelanggan_id WHERE psn.pesanan_no_pesanan = 'PSN/20190512/001' [] []
[2019-05-18 19:53:54] RabbitPrint.WARNING:  | | | surat_jalan.php -> load [] []
[2019-05-18 19:53:54] RabbitPrint.WARNING:  | | | lihat_pesanan.php -> sel_psn : SELECT psn.*, dps.*, plg.pelanggan_nama AS pesanan_nama_plg FROM pesanan psn JOIN detail_pesanan dps ON dps.detail_pesanan_no_pesanan = psn.pesanan_no_pesanan JOIN pelanggan plg ON plg.pelanggan_id = psn.pesanan_pelanggan_id WHERE psn.pesanan_no_pesanan = 'PSN/20190512/001' [] []
[2019-05-18 19:54:07] RabbitPrint.WARNING:  | | | surat_jalan.php -> load [] []
[2019-05-18 19:54:07] RabbitPrint.WARNING:  | | | lihat_pesanan.php -> sel_psn : SELECT psn.*, dps.*, plg.pelanggan_nama AS pesanan_nama_plg FROM pesanan psn JOIN detail_pesanan dps ON dps.detail_pesanan_no_pesanan = psn.pesanan_no_pesanan JOIN pelanggan plg ON plg.pelanggan_id = psn.pesanan_pelanggan_id WHERE psn.pesanan_no_pesanan = 'PSN/20190512/001' [] []
[2019-05-18 19:54:40] RabbitPrint.WARNING:  | | | surat_jalan.php -> load [] []
[2019-05-18 19:54:40] RabbitPrint.WARNING:  | | | lihat_pesanan.php -> sel_psn : SELECT psn.*, dps.*, plg.pelanggan_nama AS pesanan_nama_plg FROM pesanan psn JOIN detail_pesanan dps ON dps.detail_pesanan_no_pesanan = psn.pesanan_no_pesanan JOIN pelanggan plg ON plg.pelanggan_id = psn.pesanan_pelanggan_id WHERE psn.pesanan_no_pesanan = 'PSN/20190512/001' [] []
[2019-05-18 19:57:41] RabbitPrint.WARNING:  | | | surat_jalan.php -> load [] []
[2019-05-18 19:57:41] RabbitPrint.WARNING:  | | | lihat_pesanan.php -> sel_psn : SELECT psn.*, dps.*, plg.pelanggan_nama AS pesanan_nama_plg FROM pesanan psn JOIN detail_pesanan dps ON dps.detail_pesanan_no_pesanan = psn.pesanan_no_pesanan JOIN pelanggan plg ON plg.pelanggan_id = psn.pesanan_pelanggan_id WHERE psn.pesanan_no_pesanan = 'PSN/20190512/001' [] []
[2019-05-18 19:57:51] RabbitPrint.WARNING:  | | | surat_jalan.php -> load [] []
[2019-05-18 19:57:51] RabbitPrint.WARNING:  | | | lihat_pesanan.php -> sel_psn : SELECT psn.*, dps.*, plg.pelanggan_nama AS pesanan_nama_plg FROM pesanan psn JOIN detail_pesanan dps ON dps.detail_pesanan_no_pesanan = psn.pesanan_no_pesanan JOIN pelanggan plg ON plg.pelanggan_id = psn.pesanan_pelanggan_id WHERE psn.pesanan_no_pesanan = 'PSN/20190512/001' [] []
[2019-05-18 19:58:06] RabbitPrint.WARNING:  | | | surat_jalan.php -> load [] []
[2019-05-18 19:58:06] RabbitPrint.WARNING:  | | | lihat_pesanan.php -> sel_psn : SELECT psn.*, dps.*, plg.pelanggan_nama AS pesanan_nama_plg FROM pesanan psn JOIN detail_pesanan dps ON dps.detail_pesanan_no_pesanan = psn.pesanan_no_pesanan JOIN pelanggan plg ON plg.pelanggan_id = psn.pesanan_pelanggan_id WHERE psn.pesanan_no_pesanan = 'PSN/20190512/001' [] []
[2019-05-18 19:58:22] RabbitPrint.WARNING:  | | | surat_jalan.php -> load [] []
[2019-05-18 19:58:22] RabbitPrint.WARNING:  | | | lihat_pesanan.php -> sel_psn : SELECT psn.*, dps.*, plg.pelanggan_nama AS pesanan_nama_plg FROM pesanan psn JOIN detail_pesanan dps ON dps.detail_pesanan_no_pesanan = psn.pesanan_no_pesanan JOIN pelanggan plg ON plg.pelanggan_id = psn.pesanan_pelanggan_id WHERE psn.pesanan_no_pesanan = 'PSN/20190512/001' [] []
[2019-05-18 19:58:40] RabbitPrint.WARNING:  | | | surat_jalan.php -> load [] []
[2019-05-18 19:58:40] RabbitPrint.WARNING:  | | | lihat_pesanan.php -> sel_psn : SELECT psn.*, dps.*, plg.pelanggan_nama AS pesanan_nama_plg FROM pesanan psn JOIN detail_pesanan dps ON dps.detail_pesanan_no_pesanan = psn.pesanan_no_pesanan JOIN pelanggan plg ON plg.pelanggan_id = psn.pesanan_pelanggan_id WHERE psn.pesanan_no_pesanan = 'PSN/20190512/001' [] []
[2019-05-18 19:58:52] RabbitPrint.WARNING:  | | | surat_jalan.php -> load [] []
[2019-05-18 19:58:52] RabbitPrint.WARNING:  | | | lihat_pesanan.php -> sel_psn : SELECT psn.*, dps.*, plg.pelanggan_nama AS pesanan_nama_plg FROM pesanan psn JOIN detail_pesanan dps ON dps.detail_pesanan_no_pesanan = psn.pesanan_no_pesanan JOIN pelanggan plg ON plg.pelanggan_id = psn.pesanan_pelanggan_id WHERE psn.pesanan_no_pesanan = 'PSN/20190512/001' [] []
[2019-05-18 19:59:48] RabbitPrint.WARNING:  | | | surat_jalan.php -> load [] []
[2019-05-18 19:59:48] RabbitPrint.WARNING:  | | | lihat_pesanan.php -> sel_psn : SELECT psn.*, dps.*, plg.pelanggan_nama AS pesanan_nama_plg FROM pesanan psn JOIN detail_pesanan dps ON dps.detail_pesanan_no_pesanan = psn.pesanan_no_pesanan JOIN pelanggan plg ON plg.pelanggan_id = psn.pesanan_pelanggan_id WHERE psn.pesanan_no_pesanan = 'PSN/20190512/001' [] []
