[2019-04-27 13:11:28] RabbitPrint.WARNING:  | | | proses_login.php -> cek user -> sql_user : SELECT * FROM s_user WHERE username LIKE 'superuser' AND password LIKE '21232f297a57a5a743894a0e4a801fc3' LIMIT 1 [] []
[2019-04-27 13:11:28] RabbitPrint.WARNING:  | | | proses_login.php -> id_user : 1 [] []
[2019-04-27 13:11:28] RabbitPrint.WARNING:  | | | proses_login.php -> insert ke s_login -> sql_login : INSERT INTO s_login (key_login, id_user, waktu_login, waktu_kadaluarsa, status, ip, pc_dan_browser) VALUES ('15563454882646', '1', '2019-04-27 13:11:28', '2019-04-28 13:11:28', '1', '127.0.0.1', 'mozilla/5.0 (windows nt 10.0; win64; x64) applewebkit/537.36 (khtml, like gecko) chrome/73.0.3683.103 safari/537.36') [] []
[2019-04-27 13:11:28] RabbitPrint.WARNING:  | | | proses_login.php -> insert ke s_login -> SUCCESS [] []
[2019-04-27 13:11:28] RabbitPrint.WARNING:  | | | proses_login.php -> LOGIN SUKSES!! [] []
[2019-04-27 13:11:52] RabbitPrint.WARNING:  | | | data_pelanggan.php -> sel_pelanggan : SELECT * FROM pelanggan [] []
[2019-04-27 13:11:52] RabbitPrint.WARNING:  | | | data_pelanggan.php -> jml. pelanggan : 1 [] []
[2019-04-27 13:11:52] RabbitPrint.WARNING:  | | | functions.php -> getDetailPesananKey() -> selectkey : SELECT MAX(detail_pesanan_key) AS detail_key FROM detail_pesanan; [] []
[2019-04-27 13:11:52] RabbitPrint.WARNING:  | | | functions.php -> getDetailPesananKey() -> detail_key : 0000000024 [] []
[2019-04-27 13:11:52] RabbitPrint.WARNING:  | | | pesanan.php -> load [] []
[2019-04-27 13:39:34] RabbitPrint.WARNING:  | | | daftar_pesanan.php -> membuka halaman [] []
[2019-04-27 13:39:34] RabbitPrint.WARNING:  | | | daftar_pesanan.php -> sel_pesanan : SELECT psn.*, plg.pelanggan_nama	FROM pesanan psn JOIN pelanggan plg ON plg.pelanggan_id = psn.pesanan_pelanggan_id ORDER BY psn.pesanan_id DESC [] []
[2019-04-27 13:39:34] RabbitPrint.WARNING:  | | | daftar_pesanan.php -> jml. pesanan : 0 [] []
[2019-04-27 13:39:38] RabbitPrint.WARNING:  | | | data_pelanggan.php -> sel_pelanggan : SELECT * FROM pelanggan [] []
[2019-04-27 13:39:38] RabbitPrint.WARNING:  | | | data_pelanggan.php -> jml. pelanggan : 1 [] []
[2019-04-27 13:39:38] RabbitPrint.WARNING:  | | | lihat_pesanan.php -> load [] []
[2019-04-27 13:39:38] RabbitPrint.WARNING:  | | | lihat_pesanan.php -> sel_psn : SELECT * FROM pesanan WHERE pesanan_no_pesanan = 'PSN-170419-001' [] []
[2019-04-27 13:39:38] RabbitPrint.WARNING:  | | | lihat_pesanan.php -> sel_plg : SELECT pelanggan_nama FROM pelanggan WHERE pelanggan_id = 7 [] []
[2019-04-27 13:39:38] RabbitPrint.WARNING:  | | | lihat_pesanan.php -> sel_detailpsn : SELECT * FROM detail_pesanan WHERE detail_pesanan_no_pesanan = 'PSN-170419-001' [] []
[2019-04-27 14:15:13] RabbitPrint.WARNING:  | | | data_pelanggan.php -> sel_pelanggan : SELECT * FROM pelanggan [] []
[2019-04-27 14:15:13] RabbitPrint.WARNING:  | | | data_pelanggan.php -> jml. pelanggan : 1 [] []
[2019-04-27 14:15:13] RabbitPrint.WARNING:  | | | lihat_pesanan.php -> load [] []
[2019-04-27 14:15:13] RabbitPrint.WARNING:  | | | lihat_pesanan.php -> sel_psn : SELECT * FROM pesanan WHERE pesanan_no_pesanan = 'PSN-170419-001' [] []
[2019-04-27 14:15:13] RabbitPrint.WARNING:  | | | lihat_pesanan.php -> sel_plg : SELECT pelanggan_nama FROM pelanggan WHERE pelanggan_id = 7 [] []
[2019-04-27 14:15:13] RabbitPrint.WARNING:  | | | lihat_pesanan.php -> sel_detailpsn : SELECT * FROM detail_pesanan WHERE detail_pesanan_no_pesanan = 'PSN-170419-001' [] []
[2019-04-27 14:15:56] RabbitPrint.WARNING:  | | | data_pelanggan.php -> sel_pelanggan : SELECT * FROM pelanggan [] []
[2019-04-27 14:15:56] RabbitPrint.WARNING:  | | | data_pelanggan.php -> jml. pelanggan : 1 [] []
[2019-04-27 14:15:56] RabbitPrint.WARNING:  | | | lihat_pesanan.php -> load [] []
[2019-04-27 14:15:56] RabbitPrint.WARNING:  | | | lihat_pesanan.php -> sel_psn : SELECT * FROM pesanan WHERE pesanan_no_pesanan = 'PSN-170419-001' [] []
[2019-04-27 14:15:56] RabbitPrint.WARNING:  | | | lihat_pesanan.php -> sel_plg : SELECT pelanggan_nama FROM pelanggan WHERE pelanggan_id = 7 [] []
[2019-04-27 14:15:56] RabbitPrint.WARNING:  | | | lihat_pesanan.php -> sel_detailpsn : SELECT * FROM detail_pesanan WHERE detail_pesanan_no_pesanan = 'PSN-170419-001' [] []
[2019-04-27 14:20:44] RabbitPrint.WARNING:  | | | data_pelanggan.php -> sel_pelanggan : SELECT * FROM pelanggan [] []
[2019-04-27 14:20:44] RabbitPrint.WARNING:  | | | data_pelanggan.php -> jml. pelanggan : 1 [] []
[2019-04-27 14:20:44] RabbitPrint.WARNING:  | | | functions.php -> getDetailPesananKey() -> selectkey : SELECT MAX(detail_pesanan_key) AS detail_key FROM detail_pesanan; [] []
[2019-04-27 14:20:44] RabbitPrint.WARNING:  | | | functions.php -> getDetailPesananKey() -> detail_key : 0000000024 [] []
[2019-04-27 14:20:44] RabbitPrint.WARNING:  | | | pesanan.php -> load [] []
[2019-04-27 14:39:09] RabbitPrint.WARNING:  | | | data_pelanggan.php -> sel_pelanggan : SELECT * FROM pelanggan [] []
[2019-04-27 14:39:09] RabbitPrint.WARNING:  | | | data_pelanggan.php -> jml. pelanggan : 1 [] []
[2019-04-27 14:39:09] RabbitPrint.WARNING:  | | | functions.php -> getDetailPesananKey() -> selectkey : SELECT MAX(detail_pesanan_key) AS detail_key FROM detail_pesanan; [] []
[2019-04-27 14:39:09] RabbitPrint.WARNING:  | | | functions.php -> getDetailPesananKey() -> detail_key : 0000000024 [] []
[2019-04-27 14:39:09] RabbitPrint.WARNING:  | | | pesanan.php -> load [] []
[2019-04-27 14:41:10] RabbitPrint.WARNING:  | | | data_pelanggan.php -> sel_pelanggan : SELECT * FROM pelanggan [] []
[2019-04-27 14:41:10] RabbitPrint.WARNING:  | | | data_pelanggan.php -> jml. pelanggan : 1 [] []
[2019-04-27 14:41:10] RabbitPrint.WARNING:  | | | functions.php -> getDetailPesananKey() -> selectkey : SELECT MAX(detail_pesanan_key) AS detail_key FROM detail_pesanan; [] []
[2019-04-27 14:41:10] RabbitPrint.WARNING:  | | | functions.php -> getDetailPesananKey() -> detail_key : 0000000024 [] []
[2019-04-27 14:41:10] RabbitPrint.WARNING:  | | | pesanan.php -> load [] []
[2019-04-27 14:41:14] RabbitPrint.WARNING:  | | | daftar_pesanan.php -> membuka halaman [] []
[2019-04-27 14:41:14] RabbitPrint.WARNING:  | | | daftar_pesanan.php -> sel_pesanan : SELECT psn.*, plg.pelanggan_nama	FROM pesanan psn JOIN pelanggan plg ON plg.pelanggan_id = psn.pesanan_pelanggan_id ORDER BY psn.pesanan_id DESC [] []
[2019-04-27 14:41:14] RabbitPrint.WARNING:  | | | daftar_pesanan.php -> jml. pesanan : 0 [] []
[2019-04-27 14:41:25] RabbitPrint.WARNING:  | | | daftar_surat_jalan.php -> membuka halaman [] []
[2019-04-27 14:41:25] RabbitPrint.WARNING:  | | | daftar_surat_)jalan.php -> sel_daftar_surat_jalan : SELECT * FROM surat_jalan ORDER BY surat_jalan_id DESC [] []
[2019-04-27 14:41:25] RabbitPrint.WARNING:  | | | daftar_surat_jalan.php -> sel_plg -> SELECT pelanggan_nama FROM pelanggan WHERE pelanggan_id = 5 [] []
[2019-04-27 14:41:25] RabbitPrint.WARNING:  | | | daftar_surat_jalan.php -> sel_user -> SELECT nama FROM s_user WHERE username = 'superuser' [] []
[2019-04-27 14:41:25] RabbitPrint.WARNING:  | | | daftar_surat_jalan.php -> sel_plg -> SELECT pelanggan_nama FROM pelanggan WHERE pelanggan_id = 7 [] []
[2019-04-27 14:41:25] RabbitPrint.WARNING:  | | | daftar_surat_jalan.php -> sel_user -> SELECT nama FROM s_user WHERE username = 'superuser' [] []
[2019-04-27 14:41:25] RabbitPrint.WARNING:  | | | daftar_surat_jalan.php -> sel_plg -> SELECT pelanggan_nama FROM pelanggan WHERE pelanggan_id = 7 [] []
[2019-04-27 14:41:25] RabbitPrint.WARNING:  | | | daftar_surat_jalan.php -> sel_user -> SELECT nama FROM s_user WHERE username = 'superuser' [] []
[2019-04-27 14:41:32] RabbitPrint.WARNING:  | | | daftar_pesanan.php -> membuka halaman [] []
[2019-04-27 14:41:32] RabbitPrint.WARNING:  | | | daftar_pesanan.php -> sel_pesanan : SELECT psn.*, plg.pelanggan_nama	FROM pesanan psn JOIN pelanggan plg ON plg.pelanggan_id = psn.pesanan_pelanggan_id ORDER BY psn.pesanan_id DESC [] []
[2019-04-27 14:41:32] RabbitPrint.WARNING:  | | | daftar_pesanan.php -> jml. pesanan : 0 [] []
[2019-04-27 14:41:42] RabbitPrint.WARNING:  | | | data_pelanggan.php -> sel_pelanggan : SELECT * FROM pelanggan [] []
[2019-04-27 14:41:42] RabbitPrint.WARNING:  | | | data_pelanggan.php -> jml. pelanggan : 1 [] []
[2019-04-27 14:41:42] RabbitPrint.WARNING:  | | | lihat_pesanan.php -> load [] []
[2019-04-27 14:41:42] RabbitPrint.WARNING:  | | | lihat_pesanan.php -> sel_psn : SELECT * FROM pesanan WHERE pesanan_no_pesanan = 'PSN-170419-001' [] []
[2019-04-27 14:41:42] RabbitPrint.WARNING:  | | | lihat_pesanan.php -> sel_plg : SELECT pelanggan_nama FROM pelanggan WHERE pelanggan_id = 7 [] []
[2019-04-27 14:41:42] RabbitPrint.WARNING:  | | | lihat_pesanan.php -> sel_detailpsn : SELECT * FROM detail_pesanan WHERE detail_pesanan_no_pesanan = 'PSN-170419-001' [] []
[2019-04-27 14:43:04] RabbitPrint.WARNING:  | | | proses_lihat_pesanan.php -> load.. [] []
[2019-04-27 14:43:04] RabbitPrint.WARNING:  | | | proses_lihat_pesanan.php -> upd_pesanan : UPDATE pesanan SET upd_tms = NOW(), pesanan_no_surat_jalan_masuk = 'ASD23', pesanan_total_qty = 0, pesanan_total_qty_packing = 0 WHERE pesanan_no_pesanan = 'PSN-170419-001' [] []
[2019-04-27 14:43:04] RabbitPrint.WARNING:  | | | proses_lihat_pesanan.php -> upd_pesanan : SUCCESS [] []
[2019-04-27 14:43:04] RabbitPrint.WARNING:  | | | proses_lihat_pesanan.php -> update detail_pesanan -> sql_detail : UPDATE detail_pesanan SET upd_tms = NOW(), detail_pesanan_nama_barang = 'Sumber', detail_pesanan_jenis_print = 'Maju Dunia', detail_pesanan_warna = 3, detail_pesanan_detail_kain = '101', detail_pesanan_ukuran = '', detail_pesanan_sisi_kanan = '', detail_pesanan_sisi_kiri = '', detail_pesanan_sisi_blkng = '', detail_pesanan_qty = 20, detail_pesanan_satuan = 'Kg', detail_pesanan_jenis_packing = 'Roll', detail_pesanan_qty_packing = 4, detail_pesanan_status = 'B' WHERE detail_pesanan_id = 11 [] []
[2019-04-27 14:43:04] RabbitPrint.WARNING:  | | | proses_lihat_pesanan.php -> update detail_pesanan -> sql_detail : UPDATE detail_pesanan SET upd_tms = NOW(), detail_pesanan_nama_barang = 'Sumber', detail_pesanan_jenis_print = 'Maju Dunia', detail_pesanan_warna = 3, detail_pesanan_detail_kain = '', detail_pesanan_ukuran = '', detail_pesanan_sisi_kanan = '', detail_pesanan_sisi_kiri = '', detail_pesanan_sisi_blkng = '', detail_pesanan_qty = 14, detail_pesanan_satuan = 'Kg', detail_pesanan_jenis_packing = 'Roll', detail_pesanan_qty_packing = 2, detail_pesanan_status = 'B' WHERE detail_pesanan_id = 12 [] []
[2019-04-27 14:43:04] RabbitPrint.WARNING:  | | | proses_lihat_pesanan.php -> update ke detail_pesanan -> BERHASIL [] []
[2019-04-27 14:43:04] RabbitPrint.WARNING:  | | | proses_lihat_pesanan.php -> del : DELETE FROM surat_jalan WHERE surat_jalan_no_pesanan = 'PSN-170419-001' AND surat_jalan_key = 'SRJ-260419-003' [] []
[2019-04-27 14:43:05] RabbitPrint.WARNING:  | | | proses_lihat_pesanan.php -> del : DELETE FROM surat_jalan_detail WHERE surat_jalan_detail_surat_jalan_key = 'SRJ-260419-003' [] []
[2019-04-27 14:43:07] RabbitPrint.WARNING:  | | | data_pelanggan.php -> sel_pelanggan : SELECT * FROM pelanggan [] []
[2019-04-27 14:43:07] RabbitPrint.WARNING:  | | | data_pelanggan.php -> jml. pelanggan : 1 [] []
[2019-04-27 14:43:07] RabbitPrint.WARNING:  | | | lihat_pesanan.php -> load [] []
[2019-04-27 14:43:07] RabbitPrint.WARNING:  | | | lihat_pesanan.php -> sel_psn : SELECT * FROM pesanan WHERE pesanan_no_pesanan = 'PSN-170419-001' [] []
[2019-04-27 14:43:07] RabbitPrint.WARNING:  | | | lihat_pesanan.php -> sel_plg : SELECT pelanggan_nama FROM pelanggan WHERE pelanggan_id = 7 [] []
[2019-04-27 14:43:07] RabbitPrint.WARNING:  | | | lihat_pesanan.php -> sel_detailpsn : SELECT * FROM detail_pesanan WHERE detail_pesanan_no_pesanan = 'PSN-170419-001' [] []
