[2019-06-19 20:57:47] RabbitPrint.WARNING:  | | | proses_login.php -> cek user -> sql_user : SELECT * FROM s_user WHERE username LIKE 'superuser' AND password LIKE '21232f297a57a5a743894a0e4a801fc3' LIMIT 1 [] []
[2019-06-19 20:57:47] RabbitPrint.WARNING:  | | | proses_login.php -> id_user : 1 [] []
[2019-06-19 20:57:47] RabbitPrint.WARNING:  | | | proses_login.php -> insert ke s_login -> sql_login : INSERT INTO s_login (key_login, id_user, waktu_login, waktu_kadaluarsa, status, ip, pc_dan_browser) VALUES ('15609526674468', '1', '2019-06-19 20:57:47', '2019-06-20 20:57:47', '1', '::1', 'mozilla/5.0 (windows nt 10.0; win64; x64; rv:67.0) gecko/20100101 firefox/67.0') [] []
[2019-06-19 20:57:47] RabbitPrint.WARNING:  | | | proses_login.php -> insert ke s_login -> SUCCESS [] []
[2019-06-19 20:57:47] RabbitPrint.WARNING:  | | | proses_login.php -> LOGIN SUKSES!! [] []
[2019-06-19 20:57:55] RabbitPrint.WARNING:  | | | daftar_surat_jalan.php -> membuka halaman [] []
[2019-06-19 20:57:55] RabbitPrint.WARNING:  | | | daftar_surat_)jalan.php -> sel_daftar_surat_jalan : SELECT * FROM surat_jalan ORDER BY surat_jalan_id DESC [] []
[2019-06-19 20:57:55] RabbitPrint.WARNING:  | | | daftar_surat_jalan.php -> sel_plg -> SELECT pelanggan_nama FROM pelanggan WHERE pelanggan_id = 5 [] []
[2019-06-19 20:57:55] RabbitPrint.WARNING:  | | | daftar_surat_jalan.php -> sel_user -> SELECT nama FROM s_user WHERE username = 'superuser' [] []
[2019-06-19 20:57:55] RabbitPrint.WARNING:  | | | daftar_surat_jalan.php -> sel_plg -> SELECT pelanggan_nama FROM pelanggan WHERE pelanggan_id = 5 [] []
[2019-06-19 20:57:55] RabbitPrint.WARNING:  | | | daftar_surat_jalan.php -> sel_user -> SELECT nama FROM s_user WHERE username = 'superuser' [] []
[2019-06-19 20:57:55] RabbitPrint.WARNING:  | | | daftar_surat_jalan.php -> sel_plg -> SELECT pelanggan_nama FROM pelanggan WHERE pelanggan_id = 6 [] []
[2019-06-19 20:57:55] RabbitPrint.WARNING:  | | | daftar_surat_jalan.php -> sel_user -> SELECT nama FROM s_user WHERE username = 'superuser' [] []
[2019-06-19 20:57:55] RabbitPrint.WARNING:  | | | daftar_surat_jalan.php -> sel_plg -> SELECT pelanggan_nama FROM pelanggan WHERE pelanggan_id = 4 [] []
[2019-06-19 20:57:55] RabbitPrint.WARNING:  | | | daftar_surat_jalan.php -> sel_user -> SELECT nama FROM s_user WHERE username = 'superuser' [] []
[2019-06-19 20:58:12] RabbitPrint.WARNING:  | | | daftar_pesanan.php -> membuka halaman [] []
[2019-06-19 20:58:12] RabbitPrint.WARNING:  | | | daftar_pesanan.php -> sel_pesanan : SELECT psn.*, plg.pelanggan_nama	FROM pesanan psn JOIN pelanggan plg ON plg.pelanggan_id = psn.pesanan_pelanggan_id ORDER BY psn.pesanan_id DESC [] []
[2019-06-19 20:58:12] RabbitPrint.WARNING:  | | | daftar_pesanan.php -> jml. pesanan : 0 [] []
[2019-06-19 20:58:22] RabbitPrint.WARNING:  | | | surat_jalan.php -> load [] []
[2019-06-19 20:58:22] RabbitPrint.WARNING:  | | | lihat_pesanan.php -> sel_psn : SELECT psn.*, dps.*, plg.pelanggan_nama AS pesanan_nama_plg, sj.surat_jalan_detail_subtotal_pack FROM pesanan psn JOIN detail_pesanan dps ON dps.detail_pesanan_no_pesanan = psn.pesanan_no_pesanan JOIN pelanggan plg ON plg.pelanggan_id = psn.pesanan_pelanggan_id LEFT JOIN surat_jalan_detail sj ON sj.surat_jalan_detail_pesanan_key = dps.detail_pesanan_key WHERE psn.pesanan_no_pesanan = 'PSN/20190618/001' [] []
[2019-06-19 20:59:06] RabbitPrint.WARNING:  | | | surat_jalan.php -> load [] []
[2019-06-19 20:59:06] RabbitPrint.WARNING:  | | | lihat_pesanan.php -> sel_psn : SELECT psn.*, dps.*, plg.pelanggan_nama AS pesanan_nama_plg, sj.surat_jalan_detail_subtotal_pack FROM pesanan psn JOIN detail_pesanan dps ON dps.detail_pesanan_no_pesanan = psn.pesanan_no_pesanan JOIN pelanggan plg ON plg.pelanggan_id = psn.pesanan_pelanggan_id LEFT JOIN surat_jalan_detail sj ON sj.surat_jalan_detail_pesanan_key = dps.detail_pesanan_key WHERE psn.pesanan_no_pesanan = 'PSN/20190618/001' [] []
[2019-06-19 20:59:20] RabbitPrint.WARNING:  | | | daftar_invoice.php -> membuka halaman [] []
[2019-06-19 20:59:20] RabbitPrint.WARNING:  | | | daftar_invoice.php -> sel_invoice : SELECT inv.*, plg.pelanggan_nama FROM invoice_keluar inv JOIN pelanggan plg ON plg.pelanggan_id = inv.invoice_keluar_pelanggan_id ORDER BY inv.invoice_keluar_id DESC [] []
[2019-06-19 20:59:20] RabbitPrint.WARNING:  | | | data_pelanggan.php -> sel_pelanggan : SELECT p.* FROM pelanggan p JOIN invoice_keluar inv ON p.pelanggan_id = inv.invoice_keluar_pelanggan_id WHERE p.pelanggan_id > 0 GROUP BY p.pelanggan_nama; [] []
[2019-06-19 20:59:32] RabbitPrint.WARNING:  | | | daftar_surat_jalan.php -> membuka halaman [] []
[2019-06-19 20:59:32] RabbitPrint.WARNING:  | | | daftar_surat_)jalan.php -> sel_daftar_surat_jalan : SELECT * FROM surat_jalan ORDER BY surat_jalan_id DESC [] []
[2019-06-19 20:59:32] RabbitPrint.WARNING:  | | | daftar_surat_jalan.php -> sel_plg -> SELECT pelanggan_nama FROM pelanggan WHERE pelanggan_id = 5 [] []
[2019-06-19 20:59:32] RabbitPrint.WARNING:  | | | daftar_surat_jalan.php -> sel_user -> SELECT nama FROM s_user WHERE username = 'superuser' [] []
[2019-06-19 20:59:32] RabbitPrint.WARNING:  | | | daftar_surat_jalan.php -> sel_plg -> SELECT pelanggan_nama FROM pelanggan WHERE pelanggan_id = 5 [] []
[2019-06-19 20:59:32] RabbitPrint.WARNING:  | | | daftar_surat_jalan.php -> sel_user -> SELECT nama FROM s_user WHERE username = 'superuser' [] []
[2019-06-19 20:59:32] RabbitPrint.WARNING:  | | | daftar_surat_jalan.php -> sel_plg -> SELECT pelanggan_nama FROM pelanggan WHERE pelanggan_id = 6 [] []
[2019-06-19 20:59:32] RabbitPrint.WARNING:  | | | daftar_surat_jalan.php -> sel_user -> SELECT nama FROM s_user WHERE username = 'superuser' [] []
[2019-06-19 20:59:32] RabbitPrint.WARNING:  | | | daftar_surat_jalan.php -> sel_plg -> SELECT pelanggan_nama FROM pelanggan WHERE pelanggan_id = 4 [] []
[2019-06-19 20:59:32] RabbitPrint.WARNING:  | | | daftar_surat_jalan.php -> sel_user -> SELECT nama FROM s_user WHERE username = 'superuser' [] []
[2019-06-19 20:59:35] RabbitPrint.WARNING:  | | | cetak_surat_jalan.php -> sel_pesanan : SELECT sj.*, p.pelanggan_nama, p.pelanggan_telp, p.pelanggan_alamat, u.nama AS createby FROM surat_jalan sj JOIN pelanggan p ON p.pelanggan_id = sj.surat_jalan_pelanggan_id JOIN s_user u ON u.username = sj.cre_usr WHERE sj.surat_jalan_key = 'SRJ/20190618/002' [] []
[2019-06-19 20:59:35] RabbitPrint.WARNING:  | | | cetak_surat_jalan.php -> sel_detailsj : SELECT sj.*, dp.* FROM surat_jalan_detail sj JOIN detail_pesanan dp ON dp.detail_pesanan_key = sj.surat_jalan_detail_pesanan_key WHERE surat_jalan_detail_surat_jalan_key = 'SRJ/20190618/002' [] []
[2019-06-19 21:00:17] RabbitPrint.WARNING:  | | | cetak_surat_jalan.php -> sel_pesanan : SELECT sj.*, p.pelanggan_nama, p.pelanggan_telp, p.pelanggan_alamat, u.nama AS createby FROM surat_jalan sj JOIN pelanggan p ON p.pelanggan_id = sj.surat_jalan_pelanggan_id JOIN s_user u ON u.username = sj.cre_usr WHERE sj.surat_jalan_key = 'SRJ/20190618/002' [] []
[2019-06-19 21:00:17] RabbitPrint.WARNING:  | | | cetak_surat_jalan.php -> sel_detailsj : SELECT sj.*, dp.* FROM surat_jalan_detail sj JOIN detail_pesanan dp ON dp.detail_pesanan_key = sj.surat_jalan_detail_pesanan_key WHERE surat_jalan_detail_surat_jalan_key = 'SRJ/20190618/002' [] []
[2019-06-19 21:00:22] RabbitPrint.WARNING:  | | | daftar_surat_jalan.php -> membuka halaman [] []
[2019-06-19 21:00:22] RabbitPrint.WARNING:  | | | daftar_surat_)jalan.php -> sel_daftar_surat_jalan : SELECT * FROM surat_jalan ORDER BY surat_jalan_id DESC [] []
[2019-06-19 21:00:22] RabbitPrint.WARNING:  | | | daftar_surat_jalan.php -> sel_plg -> SELECT pelanggan_nama FROM pelanggan WHERE pelanggan_id = 5 [] []
[2019-06-19 21:00:22] RabbitPrint.WARNING:  | | | daftar_surat_jalan.php -> sel_user -> SELECT nama FROM s_user WHERE username = 'superuser' [] []
[2019-06-19 21:00:22] RabbitPrint.WARNING:  | | | daftar_surat_jalan.php -> sel_plg -> SELECT pelanggan_nama FROM pelanggan WHERE pelanggan_id = 5 [] []
[2019-06-19 21:00:22] RabbitPrint.WARNING:  | | | daftar_surat_jalan.php -> sel_user -> SELECT nama FROM s_user WHERE username = 'superuser' [] []
[2019-06-19 21:00:22] RabbitPrint.WARNING:  | | | daftar_surat_jalan.php -> sel_plg -> SELECT pelanggan_nama FROM pelanggan WHERE pelanggan_id = 6 [] []
[2019-06-19 21:00:22] RabbitPrint.WARNING:  | | | daftar_surat_jalan.php -> sel_user -> SELECT nama FROM s_user WHERE username = 'superuser' [] []
[2019-06-19 21:00:22] RabbitPrint.WARNING:  | | | daftar_surat_jalan.php -> sel_plg -> SELECT pelanggan_nama FROM pelanggan WHERE pelanggan_id = 4 [] []
[2019-06-19 21:00:22] RabbitPrint.WARNING:  | | | daftar_surat_jalan.php -> sel_user -> SELECT nama FROM s_user WHERE username = 'superuser' [] []
[2019-06-19 21:10:58] RabbitPrint.WARNING:  | | | proses_login.php -> cek user -> sql_user : SELECT * FROM s_user WHERE username LIKE 'superuser' AND password LIKE '21232f297a57a5a743894a0e4a801fc3' LIMIT 1 [] []
[2019-06-19 21:10:58] RabbitPrint.WARNING:  | | | proses_login.php -> id_user : 1 [] []
[2019-06-19 21:10:58] RabbitPrint.WARNING:  | | | proses_login.php -> insert ke s_login -> sql_login : INSERT INTO s_login (key_login, id_user, waktu_login, waktu_kadaluarsa, status, ip, pc_dan_browser) VALUES ('15609534587209', '1', '2019-06-19 21:10:58', '2019-06-20 21:10:58', '1', '::1', 'mozilla/5.0 (windows nt 10.0; win64; x64) applewebkit/537.36 (khtml, like gecko) chrome/74.0.3729.169 safari/537.36') [] []
[2019-06-19 21:10:58] RabbitPrint.WARNING:  | | | proses_login.php -> insert ke s_login -> SUCCESS [] []
[2019-06-19 21:10:58] RabbitPrint.WARNING:  | | | proses_login.php -> LOGIN SUKSES!! [] []
[2019-06-19 21:11:47] RabbitPrint.WARNING:  | | | daftar_pesanan.php -> membuka halaman [] []
[2019-06-19 21:11:47] RabbitPrint.WARNING:  | | | daftar_pesanan.php -> sel_pesanan : SELECT psn.*, plg.pelanggan_nama	FROM pesanan psn JOIN pelanggan plg ON plg.pelanggan_id = psn.pesanan_pelanggan_id ORDER BY psn.pesanan_id DESC [] []
[2019-06-19 21:11:47] RabbitPrint.WARNING:  | | | daftar_pesanan.php -> jml. pesanan : 0 [] []
[2019-06-19 21:11:50] RabbitPrint.WARNING:  | | | data_pelanggan.php -> sel_pelanggan : SELECT * FROM pelanggan [] []
[2019-06-19 21:11:50] RabbitPrint.WARNING:  | | | data_pelanggan.php -> jml. pelanggan : 1 [] []
[2019-06-19 21:11:50] RabbitPrint.WARNING:  | | | lihat_pesanan.php -> load [] []
[2019-06-19 21:11:50] RabbitPrint.WARNING:  | | | lihat_pesanan.php -> sel_psn : SELECT * FROM pesanan WHERE pesanan_no_pesanan = 'PSN/20190618/001' [] []
[2019-06-19 21:11:50] RabbitPrint.WARNING:  | | | lihat_pesanan.php -> sel_plg : SELECT pelanggan_nama FROM pelanggan WHERE pelanggan_id = 5 [] []
[2019-06-19 21:11:50] RabbitPrint.WARNING:  | | | lihat_pesanan.php -> sel_detailpsn : SELECT * FROM detail_pesanan WHERE detail_pesanan_no_pesanan = 'PSN/20190618/001' [] []
[2019-06-19 21:12:22] RabbitPrint.WARNING:  | | | daftar_pesanan.php -> membuka halaman [] []
[2019-06-19 21:12:22] RabbitPrint.WARNING:  | | | daftar_pesanan.php -> sel_pesanan : SELECT psn.*, plg.pelanggan_nama	FROM pesanan psn JOIN pelanggan plg ON plg.pelanggan_id = psn.pesanan_pelanggan_id ORDER BY psn.pesanan_id DESC [] []
[2019-06-19 21:12:22] RabbitPrint.WARNING:  | | | daftar_pesanan.php -> jml. pesanan : 0 [] []
[2019-06-19 21:12:28] RabbitPrint.WARNING:  | | | data_pelanggan.php -> sel_pelanggan : SELECT * FROM pelanggan [] []
[2019-06-19 21:12:28] RabbitPrint.WARNING:  | | | data_pelanggan.php -> jml. pelanggan : 1 [] []
[2019-06-19 21:12:28] RabbitPrint.WARNING:  | | | lihat_pesanan.php -> load [] []
[2019-06-19 21:12:28] RabbitPrint.WARNING:  | | | lihat_pesanan.php -> sel_psn : SELECT * FROM pesanan WHERE pesanan_no_pesanan = 'PSN/20190616/003' [] []
[2019-06-19 21:12:28] RabbitPrint.WARNING:  | | | lihat_pesanan.php -> sel_plg : SELECT pelanggan_nama FROM pelanggan WHERE pelanggan_id = 5 [] []
[2019-06-19 21:12:28] RabbitPrint.WARNING:  | | | lihat_pesanan.php -> sel_detailpsn : SELECT * FROM detail_pesanan WHERE detail_pesanan_no_pesanan = 'PSN/20190616/003' [] []
[2019-06-19 21:12:32] RabbitPrint.WARNING:  | | | daftar_pesanan.php -> membuka halaman [] []
[2019-06-19 21:12:32] RabbitPrint.WARNING:  | | | daftar_pesanan.php -> sel_pesanan : SELECT psn.*, plg.pelanggan_nama	FROM pesanan psn JOIN pelanggan plg ON plg.pelanggan_id = psn.pesanan_pelanggan_id ORDER BY psn.pesanan_id DESC [] []
[2019-06-19 21:12:32] RabbitPrint.WARNING:  | | | daftar_pesanan.php -> jml. pesanan : 0 [] []
[2019-06-19 21:12:34] RabbitPrint.WARNING:  | | | data_pelanggan.php -> sel_pelanggan : SELECT * FROM pelanggan [] []
[2019-06-19 21:12:34] RabbitPrint.WARNING:  | | | data_pelanggan.php -> jml. pelanggan : 1 [] []
[2019-06-19 21:12:34] RabbitPrint.WARNING:  | | | lihat_pesanan.php -> load [] []
[2019-06-19 21:12:34] RabbitPrint.WARNING:  | | | lihat_pesanan.php -> sel_psn : SELECT * FROM pesanan WHERE pesanan_no_pesanan = 'PSN/20190616/002' [] []
[2019-06-19 21:12:34] RabbitPrint.WARNING:  | | | lihat_pesanan.php -> sel_plg : SELECT pelanggan_nama FROM pelanggan WHERE pelanggan_id = 6 [] []
[2019-06-19 21:12:34] RabbitPrint.WARNING:  | | | lihat_pesanan.php -> sel_detailpsn : SELECT * FROM detail_pesanan WHERE detail_pesanan_no_pesanan = 'PSN/20190616/002' [] []
[2019-06-19 21:12:42] RabbitPrint.WARNING:  | | | daftar_pesanan.php -> membuka halaman [] []
[2019-06-19 21:12:42] RabbitPrint.WARNING:  | | | daftar_pesanan.php -> sel_pesanan : SELECT psn.*, plg.pelanggan_nama	FROM pesanan psn JOIN pelanggan plg ON plg.pelanggan_id = psn.pesanan_pelanggan_id ORDER BY psn.pesanan_id DESC [] []
[2019-06-19 21:12:42] RabbitPrint.WARNING:  | | | daftar_pesanan.php -> jml. pesanan : 0 [] []
[2019-06-19 21:12:43] RabbitPrint.WARNING:  | | | data_pelanggan.php -> sel_pelanggan : SELECT * FROM pelanggan [] []
[2019-06-19 21:12:43] RabbitPrint.WARNING:  | | | data_pelanggan.php -> jml. pelanggan : 1 [] []
[2019-06-19 21:12:43] RabbitPrint.WARNING:  | | | lihat_pesanan.php -> load [] []
[2019-06-19 21:12:43] RabbitPrint.WARNING:  | | | lihat_pesanan.php -> sel_psn : SELECT * FROM pesanan WHERE pesanan_no_pesanan = 'PSN/20190616/001' [] []
[2019-06-19 21:12:43] RabbitPrint.WARNING:  | | | lihat_pesanan.php -> sel_plg : SELECT pelanggan_nama FROM pelanggan WHERE pelanggan_id = 4 [] []
[2019-06-19 21:12:43] RabbitPrint.WARNING:  | | | lihat_pesanan.php -> sel_detailpsn : SELECT * FROM detail_pesanan WHERE detail_pesanan_no_pesanan = 'PSN/20190616/001' [] []
[2019-06-19 21:13:20] RabbitPrint.WARNING:  | | | daftar_pesanan.php -> membuka halaman [] []
[2019-06-19 21:13:20] RabbitPrint.WARNING:  | | | daftar_pesanan.php -> sel_pesanan : SELECT psn.*, plg.pelanggan_nama	FROM pesanan psn JOIN pelanggan plg ON plg.pelanggan_id = psn.pesanan_pelanggan_id ORDER BY psn.pesanan_id DESC [] []
[2019-06-19 21:13:20] RabbitPrint.WARNING:  | | | daftar_pesanan.php -> jml. pesanan : 0 [] []
[2019-06-19 21:13:37] RabbitPrint.WARNING:  | | | daftar_invoice.php -> membuka halaman [] []
[2019-06-19 21:13:37] RabbitPrint.WARNING:  | | | daftar_invoice.php -> sel_invoice : SELECT inv.*, plg.pelanggan_nama FROM invoice_keluar inv JOIN pelanggan plg ON plg.pelanggan_id = inv.invoice_keluar_pelanggan_id ORDER BY inv.invoice_keluar_id DESC [] []
[2019-06-19 21:13:37] RabbitPrint.WARNING:  | | | data_pelanggan.php -> sel_pelanggan : SELECT p.* FROM pelanggan p JOIN invoice_keluar inv ON p.pelanggan_id = inv.invoice_keluar_pelanggan_id WHERE p.pelanggan_id > 0 GROUP BY p.pelanggan_nama; [] []
[2019-06-19 21:13:43] RabbitPrint.WARNING:  | | | tambah_invoice.php -> membuka halaman [] []
[2019-06-19 21:13:43] RabbitPrint.WARNING:  | | | tambah_invoice.php -> sel_pelanggan : SELECT p.* FROM pelanggan p JOIN surat_jalan sj ON p.pelanggan_id = sj.surat_jalan_pelanggan_id WHERE p.pelanggan_id > 0 AND sj.surat_jalan_status = 'B' GROUP BY p.pelanggan_nama [] []
[2019-06-19 21:13:43] RabbitPrint.WARNING:  | | | tambah_invoice.php -> sel_sj : SELECT p.pelanggan_nama, p.pelanggan_telp, p.pelanggan_alamat, sj.*, sjd.surat_jalan_detail_nama_barang, sjd.surat_jalan_detail_jenis_print, sjd.surat_jalan_detail_satuan_qty FROM surat_jalan sj JOIN surat_jalan_detail sjd ON sjd.surat_jalan_detail_surat_jalan_key = sj.surat_jalan_key JOIN pelanggan p ON p.pelanggan_id = sj.surat_jalan_pelanggan_id WHERE sj.surat_jalan_pelanggan_id = AND sj.surat_jalan_status = 'B' AND sj.surat_jalan_tanggal LIKE '2019-%' GROUP BY sjd.surat_jalan_detail_surat_jalan_key, sjd.surat_jalan_detail_nama_barang ORDER BY sjd.surat_jalan_detail_surat_jalan_key [] []
[2019-06-19 21:22:26] RabbitPrint.WARNING:  | | | daftar_surat_jalan.php -> membuka halaman [] []
[2019-06-19 21:22:26] RabbitPrint.WARNING:  | | | daftar_surat_)jalan.php -> sel_daftar_surat_jalan : SELECT * FROM surat_jalan ORDER BY surat_jalan_id DESC [] []
[2019-06-19 21:22:26] RabbitPrint.WARNING:  | | | daftar_surat_jalan.php -> sel_plg -> SELECT pelanggan_nama FROM pelanggan WHERE pelanggan_id = 5 [] []
[2019-06-19 21:22:26] RabbitPrint.WARNING:  | | | daftar_surat_jalan.php -> sel_user -> SELECT nama FROM s_user WHERE username = 'superuser' [] []
[2019-06-19 21:22:26] RabbitPrint.WARNING:  | | | daftar_surat_jalan.php -> sel_plg -> SELECT pelanggan_nama FROM pelanggan WHERE pelanggan_id = 5 [] []
[2019-06-19 21:22:26] RabbitPrint.WARNING:  | | | daftar_surat_jalan.php -> sel_user -> SELECT nama FROM s_user WHERE username = 'superuser' [] []
[2019-06-19 21:22:26] RabbitPrint.WARNING:  | | | daftar_surat_jalan.php -> sel_plg -> SELECT pelanggan_nama FROM pelanggan WHERE pelanggan_id = 6 [] []
[2019-06-19 21:22:26] RabbitPrint.WARNING:  | | | daftar_surat_jalan.php -> sel_user -> SELECT nama FROM s_user WHERE username = 'superuser' [] []
[2019-06-19 21:22:26] RabbitPrint.WARNING:  | | | daftar_surat_jalan.php -> sel_plg -> SELECT pelanggan_nama FROM pelanggan WHERE pelanggan_id = 4 [] []
[2019-06-19 21:22:26] RabbitPrint.WARNING:  | | | daftar_surat_jalan.php -> sel_user -> SELECT nama FROM s_user WHERE username = 'superuser' [] []
[2019-06-19 21:22:39] RabbitPrint.WARNING:  | | | cetak_surat_jalan.php -> sel_pesanan : SELECT sj.*, p.pelanggan_nama, p.pelanggan_telp, p.pelanggan_alamat, u.nama AS createby FROM surat_jalan sj JOIN pelanggan p ON p.pelanggan_id = sj.surat_jalan_pelanggan_id JOIN s_user u ON u.username = sj.cre_usr WHERE sj.surat_jalan_key = 'SRJ/20190618/001' [] []
[2019-06-19 21:22:39] RabbitPrint.WARNING:  | | | cetak_surat_jalan.php -> sel_detailsj : SELECT sj.*, dp.* FROM surat_jalan_detail sj JOIN detail_pesanan dp ON dp.detail_pesanan_key = sj.surat_jalan_detail_pesanan_key WHERE surat_jalan_detail_surat_jalan_key = 'SRJ/20190618/001' [] []
[2019-06-19 21:25:38] RabbitPrint.WARNING:  | | | cetak_surat_jalan.php -> sel_pesanan : SELECT sj.*, p.pelanggan_nama, p.pelanggan_telp, p.pelanggan_alamat, u.nama AS createby FROM surat_jalan sj JOIN pelanggan p ON p.pelanggan_id = sj.surat_jalan_pelanggan_id JOIN s_user u ON u.username = sj.cre_usr WHERE sj.surat_jalan_key = 'SRJ/20190618/001' [] []
[2019-06-19 21:25:38] RabbitPrint.WARNING:  | | | cetak_surat_jalan.php -> sel_detailsj : SELECT sj.*, dp.* FROM surat_jalan_detail sj JOIN detail_pesanan dp ON dp.detail_pesanan_key = sj.surat_jalan_detail_pesanan_key WHERE surat_jalan_detail_surat_jalan_key = 'SRJ/20190618/001' [] []
[2019-06-19 21:29:49] RabbitPrint.WARNING:  | | | daftar_surat_jalan.php -> membuka halaman [] []
[2019-06-19 21:29:49] RabbitPrint.WARNING:  | | | daftar_surat_)jalan.php -> sel_daftar_surat_jalan : SELECT * FROM surat_jalan ORDER BY surat_jalan_id DESC [] []
[2019-06-19 21:29:49] RabbitPrint.WARNING:  | | | daftar_surat_jalan.php -> sel_plg -> SELECT pelanggan_nama FROM pelanggan WHERE pelanggan_id = 5 [] []
[2019-06-19 21:29:49] RabbitPrint.WARNING:  | | | daftar_surat_jalan.php -> sel_user -> SELECT nama FROM s_user WHERE username = 'superuser' [] []
[2019-06-19 21:29:49] RabbitPrint.WARNING:  | | | daftar_surat_jalan.php -> sel_plg -> SELECT pelanggan_nama FROM pelanggan WHERE pelanggan_id = 5 [] []
[2019-06-19 21:29:49] RabbitPrint.WARNING:  | | | daftar_surat_jalan.php -> sel_user -> SELECT nama FROM s_user WHERE username = 'superuser' [] []
[2019-06-19 21:29:49] RabbitPrint.WARNING:  | | | daftar_surat_jalan.php -> sel_plg -> SELECT pelanggan_nama FROM pelanggan WHERE pelanggan_id = 6 [] []
[2019-06-19 21:29:49] RabbitPrint.WARNING:  | | | daftar_surat_jalan.php -> sel_user -> SELECT nama FROM s_user WHERE username = 'superuser' [] []
[2019-06-19 21:29:49] RabbitPrint.WARNING:  | | | daftar_surat_jalan.php -> sel_plg -> SELECT pelanggan_nama FROM pelanggan WHERE pelanggan_id = 4 [] []
[2019-06-19 21:29:49] RabbitPrint.WARNING:  | | | daftar_surat_jalan.php -> sel_user -> SELECT nama FROM s_user WHERE username = 'superuser' [] []
[2019-06-19 21:29:54] RabbitPrint.WARNING:  | | | cetak_surat_jalan.php -> sel_pesanan : SELECT sj.*, p.pelanggan_nama, p.pelanggan_telp, p.pelanggan_alamat, u.nama AS createby FROM surat_jalan sj JOIN pelanggan p ON p.pelanggan_id = sj.surat_jalan_pelanggan_id JOIN s_user u ON u.username = sj.cre_usr WHERE sj.surat_jalan_key = 'SRJ/20190616/001' [] []
[2019-06-19 21:29:54] RabbitPrint.WARNING:  | | | cetak_surat_jalan.php -> sel_detailsj : SELECT sj.*, dp.* FROM surat_jalan_detail sj JOIN detail_pesanan dp ON dp.detail_pesanan_key = sj.surat_jalan_detail_pesanan_key WHERE surat_jalan_detail_surat_jalan_key = 'SRJ/20190616/001' [] []
[2019-06-19 21:30:03] RabbitPrint.WARNING:  | | | daftar_surat_jalan.php -> membuka halaman [] []
[2019-06-19 21:30:03] RabbitPrint.WARNING:  | | | daftar_surat_)jalan.php -> sel_daftar_surat_jalan : SELECT * FROM surat_jalan ORDER BY surat_jalan_id DESC [] []
[2019-06-19 21:30:03] RabbitPrint.WARNING:  | | | daftar_surat_jalan.php -> sel_plg -> SELECT pelanggan_nama FROM pelanggan WHERE pelanggan_id = 5 [] []
[2019-06-19 21:30:03] RabbitPrint.WARNING:  | | | daftar_surat_jalan.php -> sel_user -> SELECT nama FROM s_user WHERE username = 'superuser' [] []
[2019-06-19 21:30:03] RabbitPrint.WARNING:  | | | daftar_surat_jalan.php -> sel_plg -> SELECT pelanggan_nama FROM pelanggan WHERE pelanggan_id = 5 [] []
[2019-06-19 21:30:03] RabbitPrint.WARNING:  | | | daftar_surat_jalan.php -> sel_user -> SELECT nama FROM s_user WHERE username = 'superuser' [] []
[2019-06-19 21:30:03] RabbitPrint.WARNING:  | | | daftar_surat_jalan.php -> sel_plg -> SELECT pelanggan_nama FROM pelanggan WHERE pelanggan_id = 6 [] []
[2019-06-19 21:30:03] RabbitPrint.WARNING:  | | | daftar_surat_jalan.php -> sel_user -> SELECT nama FROM s_user WHERE username = 'superuser' [] []
[2019-06-19 21:30:03] RabbitPrint.WARNING:  | | | daftar_surat_jalan.php -> sel_plg -> SELECT pelanggan_nama FROM pelanggan WHERE pelanggan_id = 4 [] []
[2019-06-19 21:30:03] RabbitPrint.WARNING:  | | | daftar_surat_jalan.php -> sel_user -> SELECT nama FROM s_user WHERE username = 'superuser' [] []
[2019-06-19 21:30:14] RabbitPrint.WARNING:  | | | daftar_surat_jalan.php -> membuka halaman [] []
[2019-06-19 21:30:14] RabbitPrint.WARNING:  | | | daftar_surat_)jalan.php -> sel_daftar_surat_jalan : SELECT * FROM surat_jalan ORDER BY surat_jalan_id DESC [] []
[2019-06-19 21:30:14] RabbitPrint.WARNING:  | | | daftar_surat_jalan.php -> sel_plg -> SELECT pelanggan_nama FROM pelanggan WHERE pelanggan_id = 5 [] []
[2019-06-19 21:30:14] RabbitPrint.WARNING:  | | | daftar_surat_jalan.php -> sel_user -> SELECT nama FROM s_user WHERE username = 'superuser' [] []
[2019-06-19 21:30:14] RabbitPrint.WARNING:  | | | daftar_surat_jalan.php -> sel_plg -> SELECT pelanggan_nama FROM pelanggan WHERE pelanggan_id = 5 [] []
[2019-06-19 21:30:14] RabbitPrint.WARNING:  | | | daftar_surat_jalan.php -> sel_user -> SELECT nama FROM s_user WHERE username = 'superuser' [] []
[2019-06-19 21:30:14] RabbitPrint.WARNING:  | | | daftar_surat_jalan.php -> sel_plg -> SELECT pelanggan_nama FROM pelanggan WHERE pelanggan_id = 6 [] []
[2019-06-19 21:30:14] RabbitPrint.WARNING:  | | | daftar_surat_jalan.php -> sel_user -> SELECT nama FROM s_user WHERE username = 'superuser' [] []
[2019-06-19 21:30:14] RabbitPrint.WARNING:  | | | daftar_surat_jalan.php -> sel_plg -> SELECT pelanggan_nama FROM pelanggan WHERE pelanggan_id = 4 [] []
[2019-06-19 21:30:14] RabbitPrint.WARNING:  | | | daftar_surat_jalan.php -> sel_user -> SELECT nama FROM s_user WHERE username = 'superuser' [] []
[2019-06-19 21:30:16] RabbitPrint.WARNING:  | | | cetak_surat_jalan.php -> sel_pesanan : SELECT sj.*, p.pelanggan_nama, p.pelanggan_telp, p.pelanggan_alamat, u.nama AS createby FROM surat_jalan sj JOIN pelanggan p ON p.pelanggan_id = sj.surat_jalan_pelanggan_id JOIN s_user u ON u.username = sj.cre_usr WHERE sj.surat_jalan_key = 'SRJ/20190616/001' [] []
[2019-06-19 21:30:16] RabbitPrint.WARNING:  | | | cetak_surat_jalan.php -> sel_detailsj : SELECT sj.*, dp.* FROM surat_jalan_detail sj JOIN detail_pesanan dp ON dp.detail_pesanan_key = sj.surat_jalan_detail_pesanan_key WHERE surat_jalan_detail_surat_jalan_key = 'SRJ/20190616/001' [] []
[2019-06-19 21:30:37] RabbitPrint.WARNING:  | | | daftar_surat_jalan.php -> membuka halaman [] []
[2019-06-19 21:30:37] RabbitPrint.WARNING:  | | | daftar_surat_)jalan.php -> sel_daftar_surat_jalan : SELECT * FROM surat_jalan ORDER BY surat_jalan_id DESC [] []
[2019-06-19 21:30:37] RabbitPrint.WARNING:  | | | daftar_surat_jalan.php -> sel_plg -> SELECT pelanggan_nama FROM pelanggan WHERE pelanggan_id = 5 [] []
[2019-06-19 21:30:37] RabbitPrint.WARNING:  | | | daftar_surat_jalan.php -> sel_user -> SELECT nama FROM s_user WHERE username = 'superuser' [] []
[2019-06-19 21:30:37] RabbitPrint.WARNING:  | | | daftar_surat_jalan.php -> sel_plg -> SELECT pelanggan_nama FROM pelanggan WHERE pelanggan_id = 5 [] []
[2019-06-19 21:30:37] RabbitPrint.WARNING:  | | | daftar_surat_jalan.php -> sel_user -> SELECT nama FROM s_user WHERE username = 'superuser' [] []
[2019-06-19 21:30:37] RabbitPrint.WARNING:  | | | daftar_surat_jalan.php -> sel_plg -> SELECT pelanggan_nama FROM pelanggan WHERE pelanggan_id = 6 [] []
[2019-06-19 21:30:37] RabbitPrint.WARNING:  | | | daftar_surat_jalan.php -> sel_user -> SELECT nama FROM s_user WHERE username = 'superuser' [] []
[2019-06-19 21:30:37] RabbitPrint.WARNING:  | | | daftar_surat_jalan.php -> sel_plg -> SELECT pelanggan_nama FROM pelanggan WHERE pelanggan_id = 4 [] []
[2019-06-19 21:30:37] RabbitPrint.WARNING:  | | | daftar_surat_jalan.php -> sel_user -> SELECT nama FROM s_user WHERE username = 'superuser' [] []
[2019-06-19 21:30:40] RabbitPrint.WARNING:  | | | cetak_surat_jalan.php -> sel_pesanan : SELECT sj.*, p.pelanggan_nama, p.pelanggan_telp, p.pelanggan_alamat, u.nama AS createby FROM surat_jalan sj JOIN pelanggan p ON p.pelanggan_id = sj.surat_jalan_pelanggan_id JOIN s_user u ON u.username = sj.cre_usr WHERE sj.surat_jalan_key = 'SRJ/20190616/001' [] []
[2019-06-19 21:30:40] RabbitPrint.WARNING:  | | | cetak_surat_jalan.php -> sel_detailsj : SELECT sj.*, dp.* FROM surat_jalan_detail sj JOIN detail_pesanan dp ON dp.detail_pesanan_key = sj.surat_jalan_detail_pesanan_key WHERE surat_jalan_detail_surat_jalan_key = 'SRJ/20190616/001' [] []
[2019-06-19 21:30:44] RabbitPrint.WARNING:  | | | daftar_surat_jalan.php -> membuka halaman [] []
[2019-06-19 21:30:44] RabbitPrint.WARNING:  | | | daftar_surat_)jalan.php -> sel_daftar_surat_jalan : SELECT * FROM surat_jalan ORDER BY surat_jalan_id DESC [] []
[2019-06-19 21:30:44] RabbitPrint.WARNING:  | | | daftar_surat_jalan.php -> sel_plg -> SELECT pelanggan_nama FROM pelanggan WHERE pelanggan_id = 5 [] []
[2019-06-19 21:30:44] RabbitPrint.WARNING:  | | | daftar_surat_jalan.php -> sel_user -> SELECT nama FROM s_user WHERE username = 'superuser' [] []
[2019-06-19 21:30:44] RabbitPrint.WARNING:  | | | daftar_surat_jalan.php -> sel_plg -> SELECT pelanggan_nama FROM pelanggan WHERE pelanggan_id = 5 [] []
[2019-06-19 21:30:44] RabbitPrint.WARNING:  | | | daftar_surat_jalan.php -> sel_user -> SELECT nama FROM s_user WHERE username = 'superuser' [] []
[2019-06-19 21:30:44] RabbitPrint.WARNING:  | | | daftar_surat_jalan.php -> sel_plg -> SELECT pelanggan_nama FROM pelanggan WHERE pelanggan_id = 6 [] []
[2019-06-19 21:30:44] RabbitPrint.WARNING:  | | | daftar_surat_jalan.php -> sel_user -> SELECT nama FROM s_user WHERE username = 'superuser' [] []
[2019-06-19 21:30:44] RabbitPrint.WARNING:  | | | daftar_surat_jalan.php -> sel_plg -> SELECT pelanggan_nama FROM pelanggan WHERE pelanggan_id = 4 [] []
[2019-06-19 21:30:44] RabbitPrint.WARNING:  | | | daftar_surat_jalan.php -> sel_user -> SELECT nama FROM s_user WHERE username = 'superuser' [] []
[2019-06-19 21:30:54] RabbitPrint.WARNING:  | | | cetak_surat_jalan.php -> sel_pesanan : SELECT sj.*, p.pelanggan_nama, p.pelanggan_telp, p.pelanggan_alamat, u.nama AS createby FROM surat_jalan sj JOIN pelanggan p ON p.pelanggan_id = sj.surat_jalan_pelanggan_id JOIN s_user u ON u.username = sj.cre_usr WHERE sj.surat_jalan_key = 'SRJ/20190616/001' [] []
[2019-06-19 21:30:54] RabbitPrint.WARNING:  | | | cetak_surat_jalan.php -> sel_detailsj : SELECT sj.*, dp.* FROM surat_jalan_detail sj JOIN detail_pesanan dp ON dp.detail_pesanan_key = sj.surat_jalan_detail_pesanan_key WHERE surat_jalan_detail_surat_jalan_key = 'SRJ/20190616/001' [] []
[2019-06-19 21:30:58] RabbitPrint.WARNING:  | | | daftar_surat_jalan.php -> membuka halaman [] []
[2019-06-19 21:30:58] RabbitPrint.WARNING:  | | | daftar_surat_)jalan.php -> sel_daftar_surat_jalan : SELECT * FROM surat_jalan ORDER BY surat_jalan_id DESC [] []
[2019-06-19 21:30:58] RabbitPrint.WARNING:  | | | daftar_surat_jalan.php -> sel_plg -> SELECT pelanggan_nama FROM pelanggan WHERE pelanggan_id = 5 [] []
[2019-06-19 21:30:58] RabbitPrint.WARNING:  | | | daftar_surat_jalan.php -> sel_user -> SELECT nama FROM s_user WHERE username = 'superuser' [] []
[2019-06-19 21:30:58] RabbitPrint.WARNING:  | | | daftar_surat_jalan.php -> sel_plg -> SELECT pelanggan_nama FROM pelanggan WHERE pelanggan_id = 5 [] []
[2019-06-19 21:30:58] RabbitPrint.WARNING:  | | | daftar_surat_jalan.php -> sel_user -> SELECT nama FROM s_user WHERE username = 'superuser' [] []
[2019-06-19 21:30:58] RabbitPrint.WARNING:  | | | daftar_surat_jalan.php -> sel_plg -> SELECT pelanggan_nama FROM pelanggan WHERE pelanggan_id = 6 [] []
[2019-06-19 21:30:58] RabbitPrint.WARNING:  | | | daftar_surat_jalan.php -> sel_user -> SELECT nama FROM s_user WHERE username = 'superuser' [] []
[2019-06-19 21:30:58] RabbitPrint.WARNING:  | | | daftar_surat_jalan.php -> sel_plg -> SELECT pelanggan_nama FROM pelanggan WHERE pelanggan_id = 4 [] []
[2019-06-19 21:30:58] RabbitPrint.WARNING:  | | | daftar_surat_jalan.php -> sel_user -> SELECT nama FROM s_user WHERE username = 'superuser' [] []
[2019-06-19 21:31:39] RabbitPrint.WARNING:  | | | daftar_surat_jalan.php -> membuka halaman [] []
[2019-06-19 21:31:39] RabbitPrint.WARNING:  | | | daftar_surat_)jalan.php -> sel_daftar_surat_jalan : SELECT * FROM surat_jalan ORDER BY surat_jalan_id DESC [] []
[2019-06-19 21:31:39] RabbitPrint.WARNING:  | | | daftar_surat_jalan.php -> sel_plg -> SELECT pelanggan_nama FROM pelanggan WHERE pelanggan_id = 5 [] []
[2019-06-19 21:31:39] RabbitPrint.WARNING:  | | | daftar_surat_jalan.php -> sel_user -> SELECT nama FROM s_user WHERE username = 'superuser' [] []
[2019-06-19 21:31:39] RabbitPrint.WARNING:  | | | daftar_surat_jalan.php -> sel_plg -> SELECT pelanggan_nama FROM pelanggan WHERE pelanggan_id = 5 [] []
[2019-06-19 21:31:39] RabbitPrint.WARNING:  | | | daftar_surat_jalan.php -> sel_user -> SELECT nama FROM s_user WHERE username = 'superuser' [] []
[2019-06-19 21:31:39] RabbitPrint.WARNING:  | | | daftar_surat_jalan.php -> sel_plg -> SELECT pelanggan_nama FROM pelanggan WHERE pelanggan_id = 6 [] []
[2019-06-19 21:31:39] RabbitPrint.WARNING:  | | | daftar_surat_jalan.php -> sel_user -> SELECT nama FROM s_user WHERE username = 'superuser' [] []
[2019-06-19 21:31:39] RabbitPrint.WARNING:  | | | daftar_surat_jalan.php -> sel_plg -> SELECT pelanggan_nama FROM pelanggan WHERE pelanggan_id = 4 [] []
[2019-06-19 21:31:39] RabbitPrint.WARNING:  | | | daftar_surat_jalan.php -> sel_user -> SELECT nama FROM s_user WHERE username = 'superuser' [] []
[2019-06-19 21:31:42] RabbitPrint.WARNING:  | | | cetak_surat_jalan.php -> sel_pesanan : SELECT sj.*, p.pelanggan_nama, p.pelanggan_telp, p.pelanggan_alamat, u.nama AS createby FROM surat_jalan sj JOIN pelanggan p ON p.pelanggan_id = sj.surat_jalan_pelanggan_id JOIN s_user u ON u.username = sj.cre_usr WHERE sj.surat_jalan_key = 'SRJ/20190616/001' [] []
[2019-06-19 21:31:42] RabbitPrint.WARNING:  | | | cetak_surat_jalan.php -> sel_detailsj : SELECT sj.*, dp.* FROM surat_jalan_detail sj JOIN detail_pesanan dp ON dp.detail_pesanan_key = sj.surat_jalan_detail_pesanan_key WHERE surat_jalan_detail_surat_jalan_key = 'SRJ/20190616/001' [] []
[2019-06-19 21:31:46] RabbitPrint.WARNING:  | | | daftar_surat_jalan.php -> membuka halaman [] []
[2019-06-19 21:31:46] RabbitPrint.WARNING:  | | | daftar_surat_)jalan.php -> sel_daftar_surat_jalan : SELECT * FROM surat_jalan ORDER BY surat_jalan_id DESC [] []
[2019-06-19 21:31:46] RabbitPrint.WARNING:  | | | daftar_surat_jalan.php -> sel_plg -> SELECT pelanggan_nama FROM pelanggan WHERE pelanggan_id = 5 [] []
[2019-06-19 21:31:46] RabbitPrint.WARNING:  | | | daftar_surat_jalan.php -> sel_user -> SELECT nama FROM s_user WHERE username = 'superuser' [] []
[2019-06-19 21:31:46] RabbitPrint.WARNING:  | | | daftar_surat_jalan.php -> sel_plg -> SELECT pelanggan_nama FROM pelanggan WHERE pelanggan_id = 5 [] []
[2019-06-19 21:31:46] RabbitPrint.WARNING:  | | | daftar_surat_jalan.php -> sel_user -> SELECT nama FROM s_user WHERE username = 'superuser' [] []
[2019-06-19 21:31:46] RabbitPrint.WARNING:  | | | daftar_surat_jalan.php -> sel_plg -> SELECT pelanggan_nama FROM pelanggan WHERE pelanggan_id = 6 [] []
[2019-06-19 21:31:46] RabbitPrint.WARNING:  | | | daftar_surat_jalan.php -> sel_user -> SELECT nama FROM s_user WHERE username = 'superuser' [] []
[2019-06-19 21:31:46] RabbitPrint.WARNING:  | | | daftar_surat_jalan.php -> sel_plg -> SELECT pelanggan_nama FROM pelanggan WHERE pelanggan_id = 4 [] []
[2019-06-19 21:31:46] RabbitPrint.WARNING:  | | | daftar_surat_jalan.php -> sel_user -> SELECT nama FROM s_user WHERE username = 'superuser' [] []
[2019-06-19 21:31:51] RabbitPrint.WARNING:  | | | daftar_pesanan.php -> membuka halaman [] []
[2019-06-19 21:31:51] RabbitPrint.WARNING:  | | | daftar_pesanan.php -> sel_pesanan : SELECT psn.*, plg.pelanggan_nama	FROM pesanan psn JOIN pelanggan plg ON plg.pelanggan_id = psn.pesanan_pelanggan_id ORDER BY psn.pesanan_id DESC [] []
[2019-06-19 21:31:51] RabbitPrint.WARNING:  | | | daftar_pesanan.php -> jml. pesanan : 0 [] []
[2019-06-19 21:31:54] RabbitPrint.WARNING:  | | | data_pelanggan.php -> sel_pelanggan : SELECT * FROM pelanggan [] []
[2019-06-19 21:31:54] RabbitPrint.WARNING:  | | | data_pelanggan.php -> jml. pelanggan : 1 [] []
[2019-06-19 21:31:54] RabbitPrint.WARNING:  | | | functions.php -> getDetailPesananKey() -> selectkey : SELECT MAX(detail_pesanan_key) AS detail_key FROM detail_pesanan; [] []
[2019-06-19 21:31:54] RabbitPrint.WARNING:  | | | functions.php -> getDetailPesananKey() -> detail_key : 0000000011 [] []
[2019-06-19 21:31:54] RabbitPrint.WARNING:  | | | pesanan.php -> load [] []
[2019-06-19 21:34:47] RabbitPrint.WARNING:  | | | data_pelanggan.php -> sel_pelanggan : SELECT * FROM pelanggan [] []
[2019-06-19 21:34:47] RabbitPrint.WARNING:  | | | data_pelanggan.php -> jml. pelanggan : 1 [] []
[2019-06-19 21:34:47] RabbitPrint.WARNING:  | | | functions.php -> getDetailPesananKey() -> selectkey : SELECT MAX(detail_pesanan_key) AS detail_key FROM detail_pesanan; [] []
[2019-06-19 21:34:47] RabbitPrint.WARNING:  | | | functions.php -> getDetailPesananKey() -> detail_key : 0000000011 [] []
[2019-06-19 21:34:47] RabbitPrint.WARNING:  | | | pesanan.php -> load [] []
[2019-06-19 21:40:59] RabbitPrint.WARNING:  | | | data_pelanggan.php -> sel_pelanggan : SELECT * FROM pelanggan [] []
[2019-06-19 21:40:59] RabbitPrint.WARNING:  | | | data_pelanggan.php -> jml. pelanggan : 1 [] []
[2019-06-19 21:40:59] RabbitPrint.WARNING:  | | | functions.php -> getDetailPesananKey() -> selectkey : SELECT MAX(detail_pesanan_key) AS detail_key FROM detail_pesanan; [] []
[2019-06-19 21:40:59] RabbitPrint.WARNING:  | | | functions.php -> getDetailPesananKey() -> detail_key : 0000000011 [] []
[2019-06-19 21:40:59] RabbitPrint.WARNING:  | | | pesanan.php -> load [] []
[2019-06-19 21:46:49] RabbitPrint.WARNING:  | | | data_pelanggan.php -> sel_pelanggan : SELECT * FROM pelanggan [] []
[2019-06-19 21:46:49] RabbitPrint.WARNING:  | | | data_pelanggan.php -> jml. pelanggan : 1 [] []
[2019-06-19 21:46:49] RabbitPrint.WARNING:  | | | functions.php -> getDetailPesananKey() -> selectkey : SELECT MAX(detail_pesanan_key) AS detail_key FROM detail_pesanan; [] []
[2019-06-19 21:46:49] RabbitPrint.WARNING:  | | | functions.php -> getDetailPesananKey() -> detail_key : 0000000011 [] []
[2019-06-19 21:46:49] RabbitPrint.WARNING:  | | | pesanan.php -> load [] []
[2019-06-19 21:50:03] RabbitPrint.WARNING:  | | | daftar_invoice.php -> membuka halaman [] []
[2019-06-19 21:50:03] RabbitPrint.WARNING:  | | | daftar_invoice.php -> sel_invoice : SELECT inv.*, plg.pelanggan_nama FROM invoice_keluar inv JOIN pelanggan plg ON plg.pelanggan_id = inv.invoice_keluar_pelanggan_id ORDER BY inv.invoice_keluar_id DESC [] []
[2019-06-19 21:50:03] RabbitPrint.WARNING:  | | | data_pelanggan.php -> sel_pelanggan : SELECT p.* FROM pelanggan p JOIN invoice_keluar inv ON p.pelanggan_id = inv.invoice_keluar_pelanggan_id WHERE p.pelanggan_id > 0 GROUP BY p.pelanggan_nama; [] []
[2019-06-19 21:50:09] RabbitPrint.WARNING:  | | | tambah_invoice.php -> membuka halaman [] []
[2019-06-19 21:50:09] RabbitPrint.WARNING:  | | | tambah_invoice.php -> sel_pelanggan : SELECT p.* FROM pelanggan p JOIN surat_jalan sj ON p.pelanggan_id = sj.surat_jalan_pelanggan_id WHERE p.pelanggan_id > 0 AND sj.surat_jalan_status = 'B' GROUP BY p.pelanggan_nama [] []
[2019-06-19 21:50:09] RabbitPrint.WARNING:  | | | tambah_invoice.php -> sel_sj : SELECT p.pelanggan_nama, p.pelanggan_telp, p.pelanggan_alamat, sj.*, sjd.surat_jalan_detail_nama_barang, sjd.surat_jalan_detail_jenis_print, sjd.surat_jalan_detail_satuan_qty FROM surat_jalan sj JOIN surat_jalan_detail sjd ON sjd.surat_jalan_detail_surat_jalan_key = sj.surat_jalan_key JOIN pelanggan p ON p.pelanggan_id = sj.surat_jalan_pelanggan_id WHERE sj.surat_jalan_pelanggan_id = AND sj.surat_jalan_status = 'B' AND sj.surat_jalan_tanggal LIKE '2019-%' GROUP BY sjd.surat_jalan_detail_surat_jalan_key, sjd.surat_jalan_detail_nama_barang ORDER BY sjd.surat_jalan_detail_surat_jalan_key [] []
[2019-06-19 21:51:51] RabbitPrint.WARNING:  | | | tambah_invoice.php -> membuka halaman [] []
[2019-06-19 21:51:51] RabbitPrint.WARNING:  | | | tambah_invoice.php -> sel_pelanggan : SELECT p.* FROM pelanggan p JOIN surat_jalan sj ON p.pelanggan_id = sj.surat_jalan_pelanggan_id WHERE p.pelanggan_id > 0 AND sj.surat_jalan_status = 'B' GROUP BY p.pelanggan_nama [] []
[2019-06-19 21:51:51] RabbitPrint.WARNING:  | | | tambah_invoice.php -> sel_sj : SELECT p.pelanggan_nama, p.pelanggan_telp, p.pelanggan_alamat, sj.*, sjd.surat_jalan_detail_nama_barang, sjd.surat_jalan_detail_jenis_print, sjd.surat_jalan_detail_satuan_qty FROM surat_jalan sj JOIN surat_jalan_detail sjd ON sjd.surat_jalan_detail_surat_jalan_key = sj.surat_jalan_key JOIN pelanggan p ON p.pelanggan_id = sj.surat_jalan_pelanggan_id WHERE sj.surat_jalan_pelanggan_id = AND sj.surat_jalan_status = 'B' AND sj.surat_jalan_tanggal LIKE '-%' GROUP BY sjd.surat_jalan_detail_surat_jalan_key, sjd.surat_jalan_detail_nama_barang ORDER BY sjd.surat_jalan_detail_surat_jalan_key [] []
[2019-06-19 21:54:13] RabbitPrint.WARNING:  | | | tambah_invoice.php -> membuka halaman [] []
[2019-06-19 21:54:13] RabbitPrint.WARNING:  | | | tambah_invoice.php -> sel_pelanggan : SELECT p.* FROM pelanggan p JOIN surat_jalan sj ON p.pelanggan_id = sj.surat_jalan_pelanggan_id WHERE p.pelanggan_id > 0 AND sj.surat_jalan_status = 'B' GROUP BY p.pelanggan_nama [] []
[2019-06-19 21:54:13] RabbitPrint.WARNING:  | | | tambah_invoice.php -> sel_sj : SELECT p.pelanggan_nama, p.pelanggan_telp, p.pelanggan_alamat, sj.*, sjd.surat_jalan_detail_nama_barang, sjd.surat_jalan_detail_jenis_print, sjd.surat_jalan_detail_satuan_qty FROM surat_jalan sj JOIN surat_jalan_detail sjd ON sjd.surat_jalan_detail_surat_jalan_key = sj.surat_jalan_key JOIN pelanggan p ON p.pelanggan_id = sj.surat_jalan_pelanggan_id WHERE sj.surat_jalan_pelanggan_id = AND sj.surat_jalan_status = 'B' AND sj.surat_jalan_tanggal LIKE '-%' GROUP BY sjd.surat_jalan_detail_surat_jalan_key, sjd.surat_jalan_detail_nama_barang ORDER BY sjd.surat_jalan_detail_surat_jalan_key [] []
[2019-06-19 21:54:23] RabbitPrint.WARNING:  | | | tambah_invoice.php -> membuka halaman [] []
[2019-06-19 21:54:23] RabbitPrint.WARNING:  | | | tambah_invoice.php -> sel_pelanggan : SELECT p.* FROM pelanggan p JOIN surat_jalan sj ON p.pelanggan_id = sj.surat_jalan_pelanggan_id WHERE p.pelanggan_id > 0 AND sj.surat_jalan_status = 'B' GROUP BY p.pelanggan_nama [] []
[2019-06-19 21:54:23] RabbitPrint.WARNING:  | | | tambah_invoice.php -> sel_sj : SELECT p.pelanggan_nama, p.pelanggan_telp, p.pelanggan_alamat, sj.*, sjd.surat_jalan_detail_nama_barang, sjd.surat_jalan_detail_jenis_print, sjd.surat_jalan_detail_satuan_qty FROM surat_jalan sj JOIN surat_jalan_detail sjd ON sjd.surat_jalan_detail_surat_jalan_key = sj.surat_jalan_key JOIN pelanggan p ON p.pelanggan_id = sj.surat_jalan_pelanggan_id WHERE sj.surat_jalan_pelanggan_id = 4 AND sj.surat_jalan_status = 'B' AND sj.surat_jalan_tanggal LIKE '-01%' GROUP BY sjd.surat_jalan_detail_surat_jalan_key, sjd.surat_jalan_detail_nama_barang ORDER BY sjd.surat_jalan_detail_surat_jalan_key [] []
[2019-06-19 21:54:28] RabbitPrint.WARNING:  | | | tambah_invoice.php -> membuka halaman [] []
[2019-06-19 21:54:28] RabbitPrint.WARNING:  | | | tambah_invoice.php -> sel_pelanggan : SELECT p.* FROM pelanggan p JOIN surat_jalan sj ON p.pelanggan_id = sj.surat_jalan_pelanggan_id WHERE p.pelanggan_id > 0 AND sj.surat_jalan_status = 'B' GROUP BY p.pelanggan_nama [] []
[2019-06-19 21:54:28] RabbitPrint.WARNING:  | | | tambah_invoice.php -> sel_sj : SELECT p.pelanggan_nama, p.pelanggan_telp, p.pelanggan_alamat, sj.*, sjd.surat_jalan_detail_nama_barang, sjd.surat_jalan_detail_jenis_print, sjd.surat_jalan_detail_satuan_qty FROM surat_jalan sj JOIN surat_jalan_detail sjd ON sjd.surat_jalan_detail_surat_jalan_key = sj.surat_jalan_key JOIN pelanggan p ON p.pelanggan_id = sj.surat_jalan_pelanggan_id WHERE sj.surat_jalan_pelanggan_id = 4 AND sj.surat_jalan_status = 'B' AND sj.surat_jalan_tanggal LIKE '-01%' GROUP BY sjd.surat_jalan_detail_surat_jalan_key, sjd.surat_jalan_detail_nama_barang ORDER BY sjd.surat_jalan_detail_surat_jalan_key [] []
[2019-06-19 21:54:37] RabbitPrint.WARNING:  | | | tambah_invoice.php -> membuka halaman [] []
[2019-06-19 21:54:37] RabbitPrint.WARNING:  | | | tambah_invoice.php -> sel_pelanggan : SELECT p.* FROM pelanggan p JOIN surat_jalan sj ON p.pelanggan_id = sj.surat_jalan_pelanggan_id WHERE p.pelanggan_id > 0 AND sj.surat_jalan_status = 'B' GROUP BY p.pelanggan_nama [] []
[2019-06-19 21:54:37] RabbitPrint.WARNING:  | | | tambah_invoice.php -> sel_sj : SELECT p.pelanggan_nama, p.pelanggan_telp, p.pelanggan_alamat, sj.*, sjd.surat_jalan_detail_nama_barang, sjd.surat_jalan_detail_jenis_print, sjd.surat_jalan_detail_satuan_qty FROM surat_jalan sj JOIN surat_jalan_detail sjd ON sjd.surat_jalan_detail_surat_jalan_key = sj.surat_jalan_key JOIN pelanggan p ON p.pelanggan_id = sj.surat_jalan_pelanggan_id WHERE sj.surat_jalan_pelanggan_id = 4 AND sj.surat_jalan_status = 'B' AND sj.surat_jalan_tanggal LIKE '-03%' GROUP BY sjd.surat_jalan_detail_surat_jalan_key, sjd.surat_jalan_detail_nama_barang ORDER BY sjd.surat_jalan_detail_surat_jalan_key [] []
[2019-06-19 21:55:34] RabbitPrint.WARNING:  | | | tambah_invoice.php -> membuka halaman [] []
[2019-06-19 21:55:34] RabbitPrint.WARNING:  | | | tambah_invoice.php -> sel_pelanggan : SELECT p.* FROM pelanggan p JOIN surat_jalan sj ON p.pelanggan_id = sj.surat_jalan_pelanggan_id WHERE p.pelanggan_id > 0 AND sj.surat_jalan_status = 'B' GROUP BY p.pelanggan_nama [] []
[2019-06-19 21:55:34] RabbitPrint.WARNING:  | | | tambah_invoice.php -> sel_sj : SELECT p.pelanggan_nama, p.pelanggan_telp, p.pelanggan_alamat, sj.*, sjd.surat_jalan_detail_nama_barang, sjd.surat_jalan_detail_jenis_print, sjd.surat_jalan_detail_satuan_qty FROM surat_jalan sj JOIN surat_jalan_detail sjd ON sjd.surat_jalan_detail_surat_jalan_key = sj.surat_jalan_key JOIN pelanggan p ON p.pelanggan_id = sj.surat_jalan_pelanggan_id WHERE sj.surat_jalan_pelanggan_id = 4 AND sj.surat_jalan_status = 'B' AND sj.surat_jalan_tanggal LIKE '-03%' GROUP BY sjd.surat_jalan_detail_surat_jalan_key, sjd.surat_jalan_detail_nama_barang ORDER BY sjd.surat_jalan_detail_surat_jalan_key [] []
[2019-06-19 21:55:42] RabbitPrint.WARNING:  | | | tambah_invoice.php -> membuka halaman [] []
[2019-06-19 21:55:42] RabbitPrint.WARNING:  | | | tambah_invoice.php -> sel_pelanggan : SELECT p.* FROM pelanggan p JOIN surat_jalan sj ON p.pelanggan_id = sj.surat_jalan_pelanggan_id WHERE p.pelanggan_id > 0 AND sj.surat_jalan_status = 'B' GROUP BY p.pelanggan_nama [] []
[2019-06-19 21:55:42] RabbitPrint.WARNING:  | | | tambah_invoice.php -> sel_sj : SELECT p.pelanggan_nama, p.pelanggan_telp, p.pelanggan_alamat, sj.*, sjd.surat_jalan_detail_nama_barang, sjd.surat_jalan_detail_jenis_print, sjd.surat_jalan_detail_satuan_qty FROM surat_jalan sj JOIN surat_jalan_detail sjd ON sjd.surat_jalan_detail_surat_jalan_key = sj.surat_jalan_key JOIN pelanggan p ON p.pelanggan_id = sj.surat_jalan_pelanggan_id WHERE sj.surat_jalan_pelanggan_id = 4 AND sj.surat_jalan_status = 'B' AND sj.surat_jalan_tanggal LIKE '03-03%' GROUP BY sjd.surat_jalan_detail_surat_jalan_key, sjd.surat_jalan_detail_nama_barang ORDER BY sjd.surat_jalan_detail_surat_jalan_key [] []
[2019-06-19 21:56:11] RabbitPrint.WARNING:  | | | tambah_invoice.php -> membuka halaman [] []
[2019-06-19 21:56:11] RabbitPrint.WARNING:  | | | tambah_invoice.php -> sel_pelanggan : SELECT p.* FROM pelanggan p JOIN surat_jalan sj ON p.pelanggan_id = sj.surat_jalan_pelanggan_id WHERE p.pelanggan_id > 0 AND sj.surat_jalan_status = 'B' GROUP BY p.pelanggan_nama [] []
[2019-06-19 21:56:11] RabbitPrint.WARNING:  | | | tambah_invoice.php -> sel_sj : SELECT p.pelanggan_nama, p.pelanggan_telp, p.pelanggan_alamat, sj.*, sjd.surat_jalan_detail_nama_barang, sjd.surat_jalan_detail_jenis_print, sjd.surat_jalan_detail_satuan_qty FROM surat_jalan sj JOIN surat_jalan_detail sjd ON sjd.surat_jalan_detail_surat_jalan_key = sj.surat_jalan_key JOIN pelanggan p ON p.pelanggan_id = sj.surat_jalan_pelanggan_id WHERE sj.surat_jalan_pelanggan_id = 4 AND sj.surat_jalan_status = 'B' AND sj.surat_jalan_tanggal LIKE '03-03%' GROUP BY sjd.surat_jalan_detail_surat_jalan_key, sjd.surat_jalan_detail_nama_barang ORDER BY sjd.surat_jalan_detail_surat_jalan_key [] []
[2019-06-19 21:56:15] RabbitPrint.WARNING:  | | | tambah_invoice.php -> membuka halaman [] []
[2019-06-19 21:56:15] RabbitPrint.WARNING:  | | | tambah_invoice.php -> sel_pelanggan : SELECT p.* FROM pelanggan p JOIN surat_jalan sj ON p.pelanggan_id = sj.surat_jalan_pelanggan_id WHERE p.pelanggan_id > 0 AND sj.surat_jalan_status = 'B' GROUP BY p.pelanggan_nama [] []
[2019-06-19 21:56:15] RabbitPrint.WARNING:  | | | tambah_invoice.php -> sel_sj : SELECT p.pelanggan_nama, p.pelanggan_telp, p.pelanggan_alamat, sj.*, sjd.surat_jalan_detail_nama_barang, sjd.surat_jalan_detail_jenis_print, sjd.surat_jalan_detail_satuan_qty FROM surat_jalan sj JOIN surat_jalan_detail sjd ON sjd.surat_jalan_detail_surat_jalan_key = sj.surat_jalan_key JOIN pelanggan p ON p.pelanggan_id = sj.surat_jalan_pelanggan_id WHERE sj.surat_jalan_pelanggan_id = 4 AND sj.surat_jalan_status = 'B' AND sj.surat_jalan_tanggal LIKE '2019-03%' GROUP BY sjd.surat_jalan_detail_surat_jalan_key, sjd.surat_jalan_detail_nama_barang ORDER BY sjd.surat_jalan_detail_surat_jalan_key [] []
[2019-06-19 21:56:20] RabbitPrint.WARNING:  | | | tambah_invoice.php -> membuka halaman [] []
[2019-06-19 21:56:20] RabbitPrint.WARNING:  | | | tambah_invoice.php -> sel_pelanggan : SELECT p.* FROM pelanggan p JOIN surat_jalan sj ON p.pelanggan_id = sj.surat_jalan_pelanggan_id WHERE p.pelanggan_id > 0 AND sj.surat_jalan_status = 'B' GROUP BY p.pelanggan_nama [] []
[2019-06-19 21:56:20] RabbitPrint.WARNING:  | | | tambah_invoice.php -> sel_sj : SELECT p.pelanggan_nama, p.pelanggan_telp, p.pelanggan_alamat, sj.*, sjd.surat_jalan_detail_nama_barang, sjd.surat_jalan_detail_jenis_print, sjd.surat_jalan_detail_satuan_qty FROM surat_jalan sj JOIN surat_jalan_detail sjd ON sjd.surat_jalan_detail_surat_jalan_key = sj.surat_jalan_key JOIN pelanggan p ON p.pelanggan_id = sj.surat_jalan_pelanggan_id WHERE sj.surat_jalan_pelanggan_id = 4 AND sj.surat_jalan_status = 'B' AND sj.surat_jalan_tanggal LIKE '2019-05%' GROUP BY sjd.surat_jalan_detail_surat_jalan_key, sjd.surat_jalan_detail_nama_barang ORDER BY sjd.surat_jalan_detail_surat_jalan_key [] []
[2019-06-19 21:56:31] RabbitPrint.WARNING:  | | | tambah_invoice.php -> membuka halaman [] []
[2019-06-19 21:56:31] RabbitPrint.WARNING:  | | | tambah_invoice.php -> sel_pelanggan : SELECT p.* FROM pelanggan p JOIN surat_jalan sj ON p.pelanggan_id = sj.surat_jalan_pelanggan_id WHERE p.pelanggan_id > 0 AND sj.surat_jalan_status = 'B' GROUP BY p.pelanggan_nama [] []
[2019-06-19 21:56:31] RabbitPrint.WARNING:  | | | tambah_invoice.php -> sel_sj : SELECT p.pelanggan_nama, p.pelanggan_telp, p.pelanggan_alamat, sj.*, sjd.surat_jalan_detail_nama_barang, sjd.surat_jalan_detail_jenis_print, sjd.surat_jalan_detail_satuan_qty FROM surat_jalan sj JOIN surat_jalan_detail sjd ON sjd.surat_jalan_detail_surat_jalan_key = sj.surat_jalan_key JOIN pelanggan p ON p.pelanggan_id = sj.surat_jalan_pelanggan_id WHERE sj.surat_jalan_pelanggan_id = 4 AND sj.surat_jalan_status = 'B' AND sj.surat_jalan_tanggal LIKE '2019-06%' GROUP BY sjd.surat_jalan_detail_surat_jalan_key, sjd.surat_jalan_detail_nama_barang ORDER BY sjd.surat_jalan_detail_surat_jalan_key [] []
[2019-06-19 21:56:31] RabbitPrint.WARNING:  | | | tambah_invoice.php -> jml. pelanggan : 0 [] []
[2019-06-19 21:57:39] RabbitPrint.WARNING:  | | | tambah_invoice.php -> membuka halaman [] []
[2019-06-19 21:57:39] RabbitPrint.WARNING:  | | | tambah_invoice.php -> sel_pelanggan : SELECT p.* FROM pelanggan p JOIN surat_jalan sj ON p.pelanggan_id = sj.surat_jalan_pelanggan_id WHERE p.pelanggan_id > 0 AND sj.surat_jalan_status = 'B' GROUP BY p.pelanggan_nama [] []
[2019-06-19 21:57:39] RabbitPrint.WARNING:  | | | tambah_invoice.php -> sel_sj : SELECT p.pelanggan_nama, p.pelanggan_telp, p.pelanggan_alamat, sj.*, sjd.surat_jalan_detail_nama_barang, sjd.surat_jalan_detail_jenis_print, sjd.surat_jalan_detail_satuan_qty FROM surat_jalan sj JOIN surat_jalan_detail sjd ON sjd.surat_jalan_detail_surat_jalan_key = sj.surat_jalan_key JOIN pelanggan p ON p.pelanggan_id = sj.surat_jalan_pelanggan_id WHERE sj.surat_jalan_pelanggan_id = 4 AND sj.surat_jalan_status = 'B' AND sj.surat_jalan_tanggal LIKE '2019-06%' GROUP BY sjd.surat_jalan_detail_surat_jalan_key, sjd.surat_jalan_detail_nama_barang ORDER BY sjd.surat_jalan_detail_surat_jalan_key [] []
[2019-06-19 21:57:39] RabbitPrint.WARNING:  | | | tambah_invoice.php -> jml. pelanggan : 0 [] []
[2019-06-19 21:57:50] RabbitPrint.WARNING:  | | | tambah_invoice.php -> membuka halaman [] []
[2019-06-19 21:57:50] RabbitPrint.WARNING:  | | | tambah_invoice.php -> sel_pelanggan : SELECT p.* FROM pelanggan p JOIN surat_jalan sj ON p.pelanggan_id = sj.surat_jalan_pelanggan_id WHERE p.pelanggan_id > 0 AND sj.surat_jalan_status = 'B' GROUP BY p.pelanggan_nama [] []
[2019-06-19 21:57:50] RabbitPrint.WARNING:  | | | tambah_invoice.php -> sel_sj : SELECT p.pelanggan_nama, p.pelanggan_telp, p.pelanggan_alamat, sj.*, sjd.surat_jalan_detail_nama_barang, sjd.surat_jalan_detail_jenis_print, sjd.surat_jalan_detail_satuan_qty FROM surat_jalan sj JOIN surat_jalan_detail sjd ON sjd.surat_jalan_detail_surat_jalan_key = sj.surat_jalan_key JOIN pelanggan p ON p.pelanggan_id = sj.surat_jalan_pelanggan_id WHERE sj.surat_jalan_pelanggan_id = 4 AND sj.surat_jalan_status = 'B' AND sj.surat_jalan_tanggal LIKE '2019-05%' GROUP BY sjd.surat_jalan_detail_surat_jalan_key, sjd.surat_jalan_detail_nama_barang ORDER BY sjd.surat_jalan_detail_surat_jalan_key [] []
[2019-06-19 21:57:52] RabbitPrint.WARNING:  | | | tambah_invoice.php -> membuka halaman [] []
[2019-06-19 21:57:52] RabbitPrint.WARNING:  | | | tambah_invoice.php -> sel_pelanggan : SELECT p.* FROM pelanggan p JOIN surat_jalan sj ON p.pelanggan_id = sj.surat_jalan_pelanggan_id WHERE p.pelanggan_id > 0 AND sj.surat_jalan_status = 'B' GROUP BY p.pelanggan_nama [] []
[2019-06-19 21:57:52] RabbitPrint.WARNING:  | | | tambah_invoice.php -> sel_sj : SELECT p.pelanggan_nama, p.pelanggan_telp, p.pelanggan_alamat, sj.*, sjd.surat_jalan_detail_nama_barang, sjd.surat_jalan_detail_jenis_print, sjd.surat_jalan_detail_satuan_qty FROM surat_jalan sj JOIN surat_jalan_detail sjd ON sjd.surat_jalan_detail_surat_jalan_key = sj.surat_jalan_key JOIN pelanggan p ON p.pelanggan_id = sj.surat_jalan_pelanggan_id WHERE sj.surat_jalan_pelanggan_id = 4 AND sj.surat_jalan_status = 'B' AND sj.surat_jalan_tanggal LIKE '2019-03%' GROUP BY sjd.surat_jalan_detail_surat_jalan_key, sjd.surat_jalan_detail_nama_barang ORDER BY sjd.surat_jalan_detail_surat_jalan_key [] []
[2019-06-19 21:57:53] RabbitPrint.WARNING:  | | | tambah_invoice.php -> membuka halaman [] []
[2019-06-19 21:57:53] RabbitPrint.WARNING:  | | | tambah_invoice.php -> sel_pelanggan : SELECT p.* FROM pelanggan p JOIN surat_jalan sj ON p.pelanggan_id = sj.surat_jalan_pelanggan_id WHERE p.pelanggan_id > 0 AND sj.surat_jalan_status = 'B' GROUP BY p.pelanggan_nama [] []
[2019-06-19 21:57:53] RabbitPrint.WARNING:  | | | tambah_invoice.php -> sel_sj : SELECT p.pelanggan_nama, p.pelanggan_telp, p.pelanggan_alamat, sj.*, sjd.surat_jalan_detail_nama_barang, sjd.surat_jalan_detail_jenis_print, sjd.surat_jalan_detail_satuan_qty FROM surat_jalan sj JOIN surat_jalan_detail sjd ON sjd.surat_jalan_detail_surat_jalan_key = sj.surat_jalan_key JOIN pelanggan p ON p.pelanggan_id = sj.surat_jalan_pelanggan_id WHERE sj.surat_jalan_pelanggan_id = 4 AND sj.surat_jalan_status = 'B' AND sj.surat_jalan_tanggal LIKE '03-03%' GROUP BY sjd.surat_jalan_detail_surat_jalan_key, sjd.surat_jalan_detail_nama_barang ORDER BY sjd.surat_jalan_detail_surat_jalan_key [] []
[2019-06-19 21:57:54] RabbitPrint.WARNING:  | | | tambah_invoice.php -> membuka halaman [] []
[2019-06-19 21:57:54] RabbitPrint.WARNING:  | | | tambah_invoice.php -> sel_pelanggan : SELECT p.* FROM pelanggan p JOIN surat_jalan sj ON p.pelanggan_id = sj.surat_jalan_pelanggan_id WHERE p.pelanggan_id > 0 AND sj.surat_jalan_status = 'B' GROUP BY p.pelanggan_nama [] []
[2019-06-19 21:57:54] RabbitPrint.WARNING:  | | | tambah_invoice.php -> sel_sj : SELECT p.pelanggan_nama, p.pelanggan_telp, p.pelanggan_alamat, sj.*, sjd.surat_jalan_detail_nama_barang, sjd.surat_jalan_detail_jenis_print, sjd.surat_jalan_detail_satuan_qty FROM surat_jalan sj JOIN surat_jalan_detail sjd ON sjd.surat_jalan_detail_surat_jalan_key = sj.surat_jalan_key JOIN pelanggan p ON p.pelanggan_id = sj.surat_jalan_pelanggan_id WHERE sj.surat_jalan_pelanggan_id = 4 AND sj.surat_jalan_status = 'B' AND sj.surat_jalan_tanggal LIKE '-03%' GROUP BY sjd.surat_jalan_detail_surat_jalan_key, sjd.surat_jalan_detail_nama_barang ORDER BY sjd.surat_jalan_detail_surat_jalan_key [] []
[2019-06-19 21:57:55] RabbitPrint.WARNING:  | | | daftar_invoice.php -> membuka halaman [] []
[2019-06-19 21:57:55] RabbitPrint.WARNING:  | | | daftar_invoice.php -> sel_invoice : SELECT inv.*, plg.pelanggan_nama FROM invoice_keluar inv JOIN pelanggan plg ON plg.pelanggan_id = inv.invoice_keluar_pelanggan_id ORDER BY inv.invoice_keluar_id DESC [] []
[2019-06-19 21:57:55] RabbitPrint.WARNING:  | | | data_pelanggan.php -> sel_pelanggan : SELECT p.* FROM pelanggan p JOIN invoice_keluar inv ON p.pelanggan_id = inv.invoice_keluar_pelanggan_id WHERE p.pelanggan_id > 0 GROUP BY p.pelanggan_nama; [] []
[2019-06-19 21:59:05] RabbitPrint.WARNING:  | | | daftar_invoice.php -> membuka halaman [] []
[2019-06-19 21:59:05] RabbitPrint.WARNING:  | | | daftar_invoice.php -> sel_invoice : SELECT inv.*, plg.pelanggan_nama FROM invoice_keluar inv JOIN pelanggan plg ON plg.pelanggan_id = inv.invoice_keluar_pelanggan_id ORDER BY inv.invoice_keluar_id DESC [] []
[2019-06-19 21:59:05] RabbitPrint.WARNING:  | | | data_pelanggan.php -> sel_pelanggan : SELECT p.* FROM pelanggan p JOIN invoice_keluar inv ON p.pelanggan_id = inv.invoice_keluar_pelanggan_id WHERE p.pelanggan_id > 0 GROUP BY p.pelanggan_nama; [] []
[2019-06-19 21:59:07] RabbitPrint.WARNING:  | | | tambah_invoice.php -> membuka halaman [] []
[2019-06-19 21:59:07] RabbitPrint.WARNING:  | | | tambah_invoice.php -> sel_pelanggan : SELECT p.* FROM pelanggan p JOIN surat_jalan sj ON p.pelanggan_id = sj.surat_jalan_pelanggan_id WHERE p.pelanggan_id > 0 AND sj.surat_jalan_status = 'B' GROUP BY p.pelanggan_nama [] []
[2019-06-19 21:59:07] RabbitPrint.WARNING:  | | | tambah_invoice.php -> sel_sj : SELECT p.pelanggan_nama, p.pelanggan_telp, p.pelanggan_alamat, sj.*, sjd.surat_jalan_detail_nama_barang, sjd.surat_jalan_detail_jenis_print, sjd.surat_jalan_detail_satuan_qty FROM surat_jalan sj JOIN surat_jalan_detail sjd ON sjd.surat_jalan_detail_surat_jalan_key = sj.surat_jalan_key JOIN pelanggan p ON p.pelanggan_id = sj.surat_jalan_pelanggan_id WHERE sj.surat_jalan_pelanggan_id = AND sj.surat_jalan_status = 'B' AND sj.surat_jalan_tanggal LIKE '-%' GROUP BY sjd.surat_jalan_detail_surat_jalan_key, sjd.surat_jalan_detail_nama_barang ORDER BY sjd.surat_jalan_detail_surat_jalan_key [] []
[2019-06-19 21:59:10] RabbitPrint.WARNING:  | | | daftar_invoice.php -> membuka halaman [] []
[2019-06-19 21:59:10] RabbitPrint.WARNING:  | | | daftar_invoice.php -> sel_invoice : SELECT inv.*, plg.pelanggan_nama FROM invoice_keluar inv JOIN pelanggan plg ON plg.pelanggan_id = inv.invoice_keluar_pelanggan_id ORDER BY inv.invoice_keluar_id DESC [] []
[2019-06-19 21:59:10] RabbitPrint.WARNING:  | | | data_pelanggan.php -> sel_pelanggan : SELECT p.* FROM pelanggan p JOIN invoice_keluar inv ON p.pelanggan_id = inv.invoice_keluar_pelanggan_id WHERE p.pelanggan_id > 0 GROUP BY p.pelanggan_nama; [] []
[2019-06-19 21:59:12] RabbitPrint.WARNING:  | | | tambah_invoice.php -> membuka halaman [] []
[2019-06-19 21:59:12] RabbitPrint.WARNING:  | | | tambah_invoice.php -> sel_pelanggan : SELECT p.* FROM pelanggan p JOIN surat_jalan sj ON p.pelanggan_id = sj.surat_jalan_pelanggan_id WHERE p.pelanggan_id > 0 AND sj.surat_jalan_status = 'B' GROUP BY p.pelanggan_nama [] []
[2019-06-19 21:59:12] RabbitPrint.WARNING:  | | | tambah_invoice.php -> sel_sj : SELECT p.pelanggan_nama, p.pelanggan_telp, p.pelanggan_alamat, sj.*, sjd.surat_jalan_detail_nama_barang, sjd.surat_jalan_detail_jenis_print, sjd.surat_jalan_detail_satuan_qty FROM surat_jalan sj JOIN surat_jalan_detail sjd ON sjd.surat_jalan_detail_surat_jalan_key = sj.surat_jalan_key JOIN pelanggan p ON p.pelanggan_id = sj.surat_jalan_pelanggan_id WHERE sj.surat_jalan_pelanggan_id = AND sj.surat_jalan_status = 'B' AND sj.surat_jalan_tanggal LIKE '-%' GROUP BY sjd.surat_jalan_detail_surat_jalan_key, sjd.surat_jalan_detail_nama_barang ORDER BY sjd.surat_jalan_detail_surat_jalan_key [] []
[2019-06-19 21:59:29] RabbitPrint.WARNING:  | | | tambah_invoice.php -> membuka halaman [] []
[2019-06-19 21:59:29] RabbitPrint.WARNING:  | | | tambah_invoice.php -> sel_pelanggan : SELECT p.* FROM pelanggan p JOIN surat_jalan sj ON p.pelanggan_id = sj.surat_jalan_pelanggan_id WHERE p.pelanggan_id > 0 AND sj.surat_jalan_status = 'B' GROUP BY p.pelanggan_nama [] []
[2019-06-19 21:59:29] RabbitPrint.WARNING:  | | | tambah_invoice.php -> sel_sj : SELECT p.pelanggan_nama, p.pelanggan_telp, p.pelanggan_alamat, sj.*, sjd.surat_jalan_detail_nama_barang, sjd.surat_jalan_detail_jenis_print, sjd.surat_jalan_detail_satuan_qty FROM surat_jalan sj JOIN surat_jalan_detail sjd ON sjd.surat_jalan_detail_surat_jalan_key = sj.surat_jalan_key JOIN pelanggan p ON p.pelanggan_id = sj.surat_jalan_pelanggan_id WHERE sj.surat_jalan_pelanggan_id = AND sj.surat_jalan_status = 'B' AND sj.surat_jalan_tanggal LIKE '2019-06%' GROUP BY sjd.surat_jalan_detail_surat_jalan_key, sjd.surat_jalan_detail_nama_barang ORDER BY sjd.surat_jalan_detail_surat_jalan_key [] []
[2019-06-19 21:59:36] RabbitPrint.WARNING:  | | | tambah_invoice.php -> membuka halaman [] []
[2019-06-19 21:59:36] RabbitPrint.WARNING:  | | | tambah_invoice.php -> sel_pelanggan : SELECT p.* FROM pelanggan p JOIN surat_jalan sj ON p.pelanggan_id = sj.surat_jalan_pelanggan_id WHERE p.pelanggan_id > 0 AND sj.surat_jalan_status = 'B' GROUP BY p.pelanggan_nama [] []
[2019-06-19 21:59:36] RabbitPrint.WARNING:  | | | tambah_invoice.php -> sel_sj : SELECT p.pelanggan_nama, p.pelanggan_telp, p.pelanggan_alamat, sj.*, sjd.surat_jalan_detail_nama_barang, sjd.surat_jalan_detail_jenis_print, sjd.surat_jalan_detail_satuan_qty FROM surat_jalan sj JOIN surat_jalan_detail sjd ON sjd.surat_jalan_detail_surat_jalan_key = sj.surat_jalan_key JOIN pelanggan p ON p.pelanggan_id = sj.surat_jalan_pelanggan_id WHERE sj.surat_jalan_pelanggan_id = 4 AND sj.surat_jalan_status = 'B' AND sj.surat_jalan_tanggal LIKE '2019-06%' GROUP BY sjd.surat_jalan_detail_surat_jalan_key, sjd.surat_jalan_detail_nama_barang ORDER BY sjd.surat_jalan_detail_surat_jalan_key [] []
[2019-06-19 21:59:36] RabbitPrint.WARNING:  | | | tambah_invoice.php -> jml. pelanggan : 0 [] []
[2019-06-19 21:59:43] RabbitPrint.WARNING:  | | | functions.php -> getKodeInvoice() -> selectkey : SELECT MAX(inv.invoice_keluar_no_invoice) AS psnkey FROM invoice_keluar inv WHERE inv.invoice_keluar_no_invoice LIKE '%INV/20190619/%' [] []
[2019-06-19 21:59:43] RabbitPrint.WARNING:  | | | functions.php -> getKodeInvoice() -> psn_key : INV/20190619/001 [] []
[2019-06-19 21:59:43] RabbitPrint.WARNING:  | | | tambah_invoice.php -> simpan_invoice [START] [] []
[2019-06-19 21:59:43] RabbitPrint.WARNING:  | | | tambah_invoice.php -> insert ke invoice -> sql : INSERT INTO invoice_keluar (cre_tms, upd_tms, cre_usr, upd_usr, invoice_keluar_no_invoice, invoice_keluar_pelanggan_id, invoice_keluar_tanggal_kirim, invoice_keluar_total_harga) VALUES (NOW(), NOW(), 'superuser', 'superuser', 'INV/20190619/001', 4, '2019-06-19', 1200000) [] []
[2019-06-19 21:59:43] RabbitPrint.WARNING:  | | | tambah_invoice.php -> insert ke invoice_keluar_detail -> sql_detail : INSERT INTO invoice_keluar_detail (cre_tms, upd_tms, cre_usr, upd_usr, invoice_keluar_detail_no_invoice, invoice_keluar_detail_surat_jalan_nomor, invoice_keluar_detail_jenis_print, invoice_keluar_detail_total_barang, invoice_keluar_detail_satuan, invoice_keluar_detail_harga, invoice_keluar_detail_subtotal_harga) VALUES ( NOW(), NOW(), 'superuser', 'superuser', 'INV/20190619/001', 'SRJ/20190616/001', 'PAPAPA', 60, 'PS', 20000, 1200000) [] []
[2019-06-19 21:59:43] RabbitPrint.WARNING:  | | | tambah_invoice.php -> query_upd : UPDATE surat_jalan s SET s.surat_jalan_status = 'I' WHERE s.surat_jalan_key IN ('SRJ/20190616/001') [] []
[2019-06-19 21:59:43] RabbitPrint.WARNING:  | | | tambah_invoice.php -> insert ke invoice_keluar_detail -> BERHASIL [] []
[2019-06-19 21:59:43] RabbitPrint.WARNING:  | | | tambah_invoice.php -> simpan_invoice [END] [] []
[2019-06-19 21:59:44] RabbitPrint.WARNING:  | | | tambah_invoice.php -> membuka halaman [] []
[2019-06-19 21:59:44] RabbitPrint.WARNING:  | | | tambah_invoice.php -> sel_pelanggan : SELECT p.* FROM pelanggan p JOIN surat_jalan sj ON p.pelanggan_id = sj.surat_jalan_pelanggan_id WHERE p.pelanggan_id > 0 AND sj.surat_jalan_status = 'B' GROUP BY p.pelanggan_nama [] []
[2019-06-19 21:59:44] RabbitPrint.WARNING:  | | | tambah_invoice.php -> sel_sj : SELECT p.pelanggan_nama, p.pelanggan_telp, p.pelanggan_alamat, sj.*, sjd.surat_jalan_detail_nama_barang, sjd.surat_jalan_detail_jenis_print, sjd.surat_jalan_detail_satuan_qty FROM surat_jalan sj JOIN surat_jalan_detail sjd ON sjd.surat_jalan_detail_surat_jalan_key = sj.surat_jalan_key JOIN pelanggan p ON p.pelanggan_id = sj.surat_jalan_pelanggan_id WHERE sj.surat_jalan_pelanggan_id = AND sj.surat_jalan_status = 'B' AND sj.surat_jalan_tanggal LIKE '-%' GROUP BY sjd.surat_jalan_detail_surat_jalan_key, sjd.surat_jalan_detail_nama_barang ORDER BY sjd.surat_jalan_detail_surat_jalan_key [] []
[2019-06-19 21:59:46] RabbitPrint.WARNING:  | | | daftar_invoice.php -> membuka halaman [] []
[2019-06-19 21:59:46] RabbitPrint.WARNING:  | | | daftar_invoice.php -> sel_invoice : SELECT inv.*, plg.pelanggan_nama FROM invoice_keluar inv JOIN pelanggan plg ON plg.pelanggan_id = inv.invoice_keluar_pelanggan_id ORDER BY inv.invoice_keluar_id DESC [] []
[2019-06-19 21:59:46] RabbitPrint.WARNING:  | | | data_pelanggan.php -> sel_pelanggan : SELECT p.* FROM pelanggan p JOIN invoice_keluar inv ON p.pelanggan_id = inv.invoice_keluar_pelanggan_id WHERE p.pelanggan_id > 0 GROUP BY p.pelanggan_nama; [] []
[2019-06-19 21:59:46] RabbitPrint.WARNING:  | | | daftar_invoice.php -> jml. invoice : 0 [] []
[2019-06-19 21:59:46] RabbitPrint.WARNING:  | | | data_pelanggan.php -> jml. pelanggan : 1 [] []
[2019-06-19 21:59:59] RabbitPrint.WARNING:  | | | cetak_invoice.php -> sel_invoice : SELECT dinv.*, inv.*, sj.surat_jalan_nomor, sj.surat_jalan_tanggal FROM invoice_keluar inv JOIN invoice_keluar_detail dinv ON dinv.invoice_keluar_detail_no_invoice = inv.invoice_keluar_no_invoice JOIN surat_jalan sj ON sj.surat_jalan_key = dinv.invoice_keluar_detail_surat_jalan_nomor WHERE inv.invoice_keluar_tanggal_kirim BETWEEN '2019-06-01' AND '2019-06-30' AND inv.invoice_keluar_pelanggan_id = 4 [] []
[2019-06-19 21:59:59] RabbitPrint.WARNING:  | | | cetak_invoice.php -> sel_plg : SELECT pelanggan_nama FROM pelanggan WHERE pelanggan_id = 4 [] []
[2019-06-19 22:00:06] RabbitPrint.WARNING:  | | | daftar_invoice.php -> membuka halaman [] []
[2019-06-19 22:00:06] RabbitPrint.WARNING:  | | | daftar_invoice.php -> sel_invoice : SELECT inv.*, plg.pelanggan_nama FROM invoice_keluar inv JOIN pelanggan plg ON plg.pelanggan_id = inv.invoice_keluar_pelanggan_id ORDER BY inv.invoice_keluar_id DESC [] []
[2019-06-19 22:00:06] RabbitPrint.WARNING:  | | | data_pelanggan.php -> sel_pelanggan : SELECT p.* FROM pelanggan p JOIN invoice_keluar inv ON p.pelanggan_id = inv.invoice_keluar_pelanggan_id WHERE p.pelanggan_id > 0 GROUP BY p.pelanggan_nama; [] []
[2019-06-19 22:00:06] RabbitPrint.WARNING:  | | | daftar_invoice.php -> jml. invoice : 0 [] []
[2019-06-19 22:00:06] RabbitPrint.WARNING:  | | | data_pelanggan.php -> jml. pelanggan : 1 [] []
[2019-06-19 22:00:13] RabbitPrint.WARNING:  | | | cetak_invoice.php -> sel_invoice : SELECT SUM(inv.invoice_keluar_total_harga) AS total, plg.pelanggan_nama FROM invoice_keluar inv JOIN pelanggan plg ON plg.pelanggan_id = inv.invoice_keluar_pelanggan_id WHERE inv.invoice_keluar_tanggal_kirim BETWEEN '2019-06-01' AND '2019-06-30' GROUP BY plg.pelanggan_nama [] []
[2019-06-19 22:00:18] RabbitPrint.WARNING:  | | | daftar_invoice.php -> membuka halaman [] []
[2019-06-19 22:00:18] RabbitPrint.WARNING:  | | | daftar_invoice.php -> sel_invoice : SELECT inv.*, plg.pelanggan_nama FROM invoice_keluar inv JOIN pelanggan plg ON plg.pelanggan_id = inv.invoice_keluar_pelanggan_id ORDER BY inv.invoice_keluar_id DESC [] []
[2019-06-19 22:00:18] RabbitPrint.WARNING:  | | | data_pelanggan.php -> sel_pelanggan : SELECT p.* FROM pelanggan p JOIN invoice_keluar inv ON p.pelanggan_id = inv.invoice_keluar_pelanggan_id WHERE p.pelanggan_id > 0 GROUP BY p.pelanggan_nama; [] []
[2019-06-19 22:00:18] RabbitPrint.WARNING:  | | | daftar_invoice.php -> jml. invoice : 0 [] []
[2019-06-19 22:00:18] RabbitPrint.WARNING:  | | | data_pelanggan.php -> jml. pelanggan : 1 [] []
[2019-06-19 22:04:12] RabbitPrint.WARNING:  | | | tambah_invoice.php -> membuka halaman [] []
[2019-06-19 22:04:12] RabbitPrint.WARNING:  | | | tambah_invoice.php -> sel_pelanggan : SELECT p.* FROM pelanggan p JOIN surat_jalan sj ON p.pelanggan_id = sj.surat_jalan_pelanggan_id WHERE p.pelanggan_id > 0 AND sj.surat_jalan_status = 'B' GROUP BY p.pelanggan_nama [] []
[2019-06-19 22:04:12] RabbitPrint.WARNING:  | | | tambah_invoice.php -> sel_sj : SELECT p.pelanggan_nama, p.pelanggan_telp, p.pelanggan_alamat, sj.*, sjd.surat_jalan_detail_nama_barang, sjd.surat_jalan_detail_jenis_print, sjd.surat_jalan_detail_satuan_qty FROM surat_jalan sj JOIN surat_jalan_detail sjd ON sjd.surat_jalan_detail_surat_jalan_key = sj.surat_jalan_key JOIN pelanggan p ON p.pelanggan_id = sj.surat_jalan_pelanggan_id WHERE sj.surat_jalan_pelanggan_id = AND sj.surat_jalan_status = 'B' AND sj.surat_jalan_tanggal LIKE '-%' GROUP BY sjd.surat_jalan_detail_surat_jalan_key, sjd.surat_jalan_detail_nama_barang ORDER BY sjd.surat_jalan_detail_surat_jalan_key [] []
[2019-06-19 22:04:16] RabbitPrint.WARNING:  | | | daftar_invoice.php -> membuka halaman [] []
[2019-06-19 22:04:16] RabbitPrint.WARNING:  | | | daftar_invoice.php -> sel_invoice : SELECT inv.*, plg.pelanggan_nama FROM invoice_keluar inv JOIN pelanggan plg ON plg.pelanggan_id = inv.invoice_keluar_pelanggan_id ORDER BY inv.invoice_keluar_id DESC [] []
[2019-06-19 22:04:16] RabbitPrint.WARNING:  | | | data_pelanggan.php -> sel_pelanggan : SELECT p.* FROM pelanggan p JOIN invoice_keluar inv ON p.pelanggan_id = inv.invoice_keluar_pelanggan_id WHERE p.pelanggan_id > 0 GROUP BY p.pelanggan_nama; [] []
[2019-06-19 22:04:16] RabbitPrint.WARNING:  | | | daftar_invoice.php -> jml. invoice : 0 [] []
[2019-06-19 22:04:16] RabbitPrint.WARNING:  | | | data_pelanggan.php -> jml. pelanggan : 1 [] []
[2019-06-19 22:05:38] RabbitPrint.WARNING:  | | | daftar_invoice.php -> membuka halaman [] []
[2019-06-19 22:05:38] RabbitPrint.WARNING:  | | | daftar_invoice.php -> sel_invoice : SELECT inv.*, plg.pelanggan_nama FROM invoice_keluar inv JOIN pelanggan plg ON plg.pelanggan_id = inv.invoice_keluar_pelanggan_id ORDER BY inv.invoice_keluar_id DESC [] []
[2019-06-19 22:05:38] RabbitPrint.WARNING:  | | | data_pelanggan.php -> sel_pelanggan : SELECT p.* FROM pelanggan p JOIN invoice_keluar inv ON p.pelanggan_id = inv.invoice_keluar_pelanggan_id WHERE p.pelanggan_id > 0 GROUP BY p.pelanggan_nama; [] []
[2019-06-19 22:05:38] RabbitPrint.WARNING:  | | | daftar_invoice.php -> jml. invoice : 0 [] []
[2019-06-19 22:05:38] RabbitPrint.WARNING:  | | | data_pelanggan.php -> jml. pelanggan : 1 [] []
[2019-06-19 22:05:41] RabbitPrint.WARNING:  | | | tambah_invoice.php -> membuka halaman [] []
[2019-06-19 22:05:41] RabbitPrint.WARNING:  | | | tambah_invoice.php -> sel_pelanggan : SELECT p.* FROM pelanggan p JOIN surat_jalan sj ON p.pelanggan_id = sj.surat_jalan_pelanggan_id WHERE p.pelanggan_id > 0 AND sj.surat_jalan_status = 'B' GROUP BY p.pelanggan_nama [] []
[2019-06-19 22:05:41] RabbitPrint.WARNING:  | | | tambah_invoice.php -> sel_sj : SELECT p.pelanggan_nama, p.pelanggan_telp, p.pelanggan_alamat, sj.*, sjd.surat_jalan_detail_nama_barang, sjd.surat_jalan_detail_jenis_print, sjd.surat_jalan_detail_satuan_qty FROM surat_jalan sj JOIN surat_jalan_detail sjd ON sjd.surat_jalan_detail_surat_jalan_key = sj.surat_jalan_key JOIN pelanggan p ON p.pelanggan_id = sj.surat_jalan_pelanggan_id WHERE sj.surat_jalan_pelanggan_id = AND sj.surat_jalan_status = 'B' AND sj.surat_jalan_tanggal LIKE '-%' GROUP BY sjd.surat_jalan_detail_surat_jalan_key, sjd.surat_jalan_detail_nama_barang ORDER BY sjd.surat_jalan_detail_surat_jalan_key [] []
[2019-06-19 22:08:53] RabbitPrint.WARNING:  | | | daftar_invoice.php -> membuka halaman [] []
[2019-06-19 22:08:53] RabbitPrint.WARNING:  | | | daftar_invoice.php -> sel_invoice : SELECT inv.*, plg.pelanggan_nama FROM invoice_keluar inv JOIN pelanggan plg ON plg.pelanggan_id = inv.invoice_keluar_pelanggan_id ORDER BY inv.invoice_keluar_id DESC [] []
[2019-06-19 22:08:53] RabbitPrint.WARNING:  | | | data_pelanggan.php -> sel_pelanggan : SELECT p.* FROM pelanggan p JOIN invoice_keluar inv ON p.pelanggan_id = inv.invoice_keluar_pelanggan_id WHERE p.pelanggan_id > 0 GROUP BY p.pelanggan_nama; [] []
[2019-06-19 22:08:53] RabbitPrint.WARNING:  | | | daftar_invoice.php -> jml. invoice : 0 [] []
[2019-06-19 22:08:53] RabbitPrint.WARNING:  | | | data_pelanggan.php -> jml. pelanggan : 1 [] []
[2019-06-19 22:09:01] RabbitPrint.WARNING:  | | | daftar_surat_jalan.php -> membuka halaman [] []
[2019-06-19 22:09:01] RabbitPrint.WARNING:  | | | daftar_surat_)jalan.php -> sel_daftar_surat_jalan : SELECT * FROM surat_jalan ORDER BY surat_jalan_id DESC [] []
[2019-06-19 22:09:01] RabbitPrint.WARNING:  | | | daftar_surat_jalan.php -> sel_plg -> SELECT pelanggan_nama FROM pelanggan WHERE pelanggan_id = 5 [] []
[2019-06-19 22:09:01] RabbitPrint.WARNING:  | | | daftar_surat_jalan.php -> sel_user -> SELECT nama FROM s_user WHERE username = 'superuser' [] []
[2019-06-19 22:09:01] RabbitPrint.WARNING:  | | | daftar_surat_jalan.php -> sel_plg -> SELECT pelanggan_nama FROM pelanggan WHERE pelanggan_id = 5 [] []
[2019-06-19 22:09:01] RabbitPrint.WARNING:  | | | daftar_surat_jalan.php -> sel_user -> SELECT nama FROM s_user WHERE username = 'superuser' [] []
[2019-06-19 22:09:01] RabbitPrint.WARNING:  | | | daftar_surat_jalan.php -> sel_plg -> SELECT pelanggan_nama FROM pelanggan WHERE pelanggan_id = 6 [] []
[2019-06-19 22:09:01] RabbitPrint.WARNING:  | | | daftar_surat_jalan.php -> sel_user -> SELECT nama FROM s_user WHERE username = 'superuser' [] []
[2019-06-19 22:09:01] RabbitPrint.WARNING:  | | | daftar_surat_jalan.php -> sel_plg -> SELECT pelanggan_nama FROM pelanggan WHERE pelanggan_id = 4 [] []
[2019-06-19 22:09:01] RabbitPrint.WARNING:  | | | daftar_surat_jalan.php -> sel_user -> SELECT nama FROM s_user WHERE username = 'superuser' [] []
[2019-06-19 22:09:04] RabbitPrint.WARNING:  | | | cetak_surat_jalan.php -> sel_pesanan : SELECT sj.*, p.pelanggan_nama, p.pelanggan_telp, p.pelanggan_alamat, u.nama AS createby FROM surat_jalan sj JOIN pelanggan p ON p.pelanggan_id = sj.surat_jalan_pelanggan_id JOIN s_user u ON u.username = sj.cre_usr WHERE sj.surat_jalan_key = 'SRJ/20190618/002' [] []
[2019-06-19 22:09:04] RabbitPrint.WARNING:  | | | cetak_surat_jalan.php -> sel_detailsj : SELECT sj.*, dp.* FROM surat_jalan_detail sj JOIN detail_pesanan dp ON dp.detail_pesanan_key = sj.surat_jalan_detail_pesanan_key WHERE surat_jalan_detail_surat_jalan_key = 'SRJ/20190618/002' [] []
[2019-06-19 22:12:05] RabbitPrint.WARNING:  | | | cetak_surat_jalan.php -> sel_pesanan : SELECT sj.*, p.pelanggan_nama, p.pelanggan_telp, p.pelanggan_alamat, u.nama AS createby FROM surat_jalan sj JOIN pelanggan p ON p.pelanggan_id = sj.surat_jalan_pelanggan_id JOIN s_user u ON u.username = sj.cre_usr WHERE sj.surat_jalan_key = 'SRJ/20190618/002' [] []
[2019-06-19 22:12:05] RabbitPrint.WARNING:  | | | cetak_surat_jalan.php -> sel_detailsj : SELECT sj.*, dp.* FROM surat_jalan_detail sj JOIN detail_pesanan dp ON dp.detail_pesanan_key = sj.surat_jalan_detail_pesanan_key WHERE surat_jalan_detail_surat_jalan_key = 'SRJ/20190618/002' [] []
[2019-06-19 22:13:39] RabbitPrint.WARNING:  | | | cetak_surat_jalan.php -> sel_pesanan : SELECT sj.*, p.pelanggan_nama, p.pelanggan_telp, p.pelanggan_alamat, u.nama AS createby FROM surat_jalan sj JOIN pelanggan p ON p.pelanggan_id = sj.surat_jalan_pelanggan_id JOIN s_user u ON u.username = sj.cre_usr WHERE sj.surat_jalan_key = 'SRJ/20190618/002' [] []
[2019-06-19 22:13:39] RabbitPrint.WARNING:  | | | cetak_surat_jalan.php -> sel_detailsj : SELECT sj.*, dp.* FROM surat_jalan_detail sj JOIN detail_pesanan dp ON dp.detail_pesanan_key = sj.surat_jalan_detail_pesanan_key WHERE surat_jalan_detail_surat_jalan_key = 'SRJ/20190618/002' [] []
[2019-06-19 23:04:37] RabbitPrint.WARNING:  | | | daftar_surat_jalan.php -> membuka halaman [] []
[2019-06-19 23:04:37] RabbitPrint.WARNING:  | | | daftar_surat_)jalan.php -> sel_daftar_surat_jalan : SELECT * FROM surat_jalan ORDER BY surat_jalan_id DESC [] []
[2019-06-19 23:04:37] RabbitPrint.WARNING:  | | | daftar_surat_jalan.php -> sel_plg -> SELECT pelanggan_nama FROM pelanggan WHERE pelanggan_id = 5 [] []
[2019-06-19 23:04:37] RabbitPrint.WARNING:  | | | daftar_surat_jalan.php -> sel_user -> SELECT nama FROM s_user WHERE username = 'superuser' [] []
[2019-06-19 23:04:37] RabbitPrint.WARNING:  | | | daftar_surat_jalan.php -> sel_plg -> SELECT pelanggan_nama FROM pelanggan WHERE pelanggan_id = 5 [] []
[2019-06-19 23:04:37] RabbitPrint.WARNING:  | | | daftar_surat_jalan.php -> sel_user -> SELECT nama FROM s_user WHERE username = 'superuser' [] []
[2019-06-19 23:04:37] RabbitPrint.WARNING:  | | | daftar_surat_jalan.php -> sel_plg -> SELECT pelanggan_nama FROM pelanggan WHERE pelanggan_id = 6 [] []
[2019-06-19 23:04:37] RabbitPrint.WARNING:  | | | daftar_surat_jalan.php -> sel_user -> SELECT nama FROM s_user WHERE username = 'superuser' [] []
[2019-06-19 23:04:37] RabbitPrint.WARNING:  | | | daftar_surat_jalan.php -> sel_plg -> SELECT pelanggan_nama FROM pelanggan WHERE pelanggan_id = 4 [] []
[2019-06-19 23:04:37] RabbitPrint.WARNING:  | | | daftar_surat_jalan.php -> sel_user -> SELECT nama FROM s_user WHERE username = 'superuser' [] []
