[2019-07-27 12:28:43] RabbitPrint.WARNING:  | | | proses_login.php -> cek user -> sql_user : SELECT * FROM s_user WHERE username LIKE 'gudang' AND password LIKE '21232f297a57a5a743894a0e4a801fc3' LIMIT 1 [] []
[2019-07-27 12:28:43] RabbitPrint.WARNING:  | | | proses_login.php -> id_user : 2 [] []
[2019-07-27 12:28:43] RabbitPrint.WARNING:  | | | proses_login.php -> insert ke s_login -> sql_login : INSERT INTO s_login (key_login, id_user, waktu_login, waktu_kadaluarsa, status, ip, pc_dan_browser) VALUES ('15642053233804', '2', '2019-07-27 12:28:43', '2019-07-28 12:28:43', '1', '::1', 'mozilla/5.0 (windows nt 10.0; win64; x64) applewebkit/537.36 (khtml, like gecko) chrome/75.0.3770.142 safari/537.36') [] []
[2019-07-27 12:28:43] RabbitPrint.WARNING:  | | | proses_login.php -> insert ke s_login -> SUCCESS [] []
[2019-07-27 12:28:43] RabbitPrint.WARNING:  | | | proses_login.php -> LOGIN SUKSES!! [] []
[2019-07-27 12:50:52] RabbitPrint.WARNING:  | | | logout.php -> user akan logout : 1 [] []
[2019-07-27 12:50:52] RabbitPrint.WARNING:  | | | logout.php -> upd_login : UPDATE s_login SET status = 0 WHERE id_user = 1 [] []
[2019-07-27 12:50:52] RabbitPrint.WARNING:  | | | logout.php -> LOGOUT SUCCESS! [] []
[2019-07-27 12:51:13] RabbitPrint.WARNING:  | | | proses_login.php -> cek user -> sql_user : SELECT * FROM s_user WHERE username LIKE 'gudang' AND password LIKE '21232f297a57a5a743894a0e4a801fc3' LIMIT 1 [] []
[2019-07-27 12:51:13] RabbitPrint.WARNING:  | | | proses_login.php -> id_user : 2 [] []
[2019-07-27 12:51:13] RabbitPrint.WARNING:  | | | proses_login.php -> insert ke s_login -> sql_login : INSERT INTO s_login (key_login, id_user, waktu_login, waktu_kadaluarsa, status, ip, pc_dan_browser) VALUES ('15642066735907', '2', '2019-07-27 12:51:13', '2019-07-28 12:51:13', '1', '::1', 'mozilla/5.0 (windows nt 10.0; win64; x64) applewebkit/537.36 (khtml, like gecko) chrome/75.0.3770.142 safari/537.36') [] []
[2019-07-27 12:51:13] RabbitPrint.WARNING:  | | | proses_login.php -> insert ke s_login -> SUCCESS [] []
[2019-07-27 12:51:13] RabbitPrint.WARNING:  | | | proses_login.php -> LOGIN SUKSES!! [] []
[2019-07-27 21:11:30] RabbitPrint.WARNING:  | | | proses_login.php -> cek user -> sql_user : SELECT * FROM s_user WHERE username LIKE 'superuser' AND password LIKE '21232f297a57a5a743894a0e4a801fc3' LIMIT 1 [] []
[2019-07-27 21:11:30] RabbitPrint.WARNING:  | | | proses_login.php -> id_user : 1 [] []
[2019-07-27 21:11:30] RabbitPrint.WARNING:  | | | proses_login.php -> insert ke s_login -> sql_login : INSERT INTO s_login (key_login, id_user, waktu_login, waktu_kadaluarsa, status, ip, pc_dan_browser) VALUES ('15642366902856', '1', '2019-07-27 21:11:30', '2019-07-28 21:11:30', '1', '::1', 'mozilla/5.0 (windows nt 10.0; win64; x64; rv:68.0) gecko/20100101 firefox/68.0') [] []
[2019-07-27 21:11:30] RabbitPrint.WARNING:  | | | proses_login.php -> insert ke s_login -> SUCCESS [] []
[2019-07-27 21:11:30] RabbitPrint.WARNING:  | | | proses_login.php -> LOGIN SUKSES!! [] []
[2019-07-27 21:12:22] RabbitPrint.WARNING:  | | | daftar_surat_jalan.php -> membuka halaman [] []
[2019-07-27 21:12:22] RabbitPrint.WARNING:  | | | daftar_surat_)jalan.php -> sel_daftar_surat_jalan : SELECT * FROM surat_jalan ORDER BY surat_jalan_id DESC [] []
[2019-07-27 21:12:22] RabbitPrint.WARNING:  | | | daftar_surat_jalan.php -> sel_plg -> SELECT pelanggan_nama FROM pelanggan WHERE pelanggan_id = 3 [] []
[2019-07-27 21:12:22] RabbitPrint.WARNING:  | | | daftar_surat_jalan.php -> sel_user -> SELECT nama FROM s_user WHERE username = 'superuser' [] []
[2019-07-27 21:12:26] RabbitPrint.WARNING:  | | | cetak_surat_jalan.php -> sel_pesanan : SELECT sj.*, p.pelanggan_nama, p.pelanggan_telp, p.pelanggan_alamat, u.nama AS createby FROM surat_jalan sj JOIN pelanggan p ON p.pelanggan_id = sj.surat_jalan_pelanggan_id JOIN s_user u ON u.username = sj.cre_usr WHERE sj.surat_jalan_key = 'SRJ/20190721/001' [] []
[2019-07-27 21:12:26] RabbitPrint.WARNING:  | | | cetak_surat_jalan.php -> sel_detailsj : SELECT sj.*, dp.* FROM surat_jalan_detail sj JOIN detail_pesanan dp ON dp.detail_pesanan_key = sj.surat_jalan_detail_pesanan_key WHERE surat_jalan_detail_surat_jalan_key = 'SRJ/20190721/001' [] []
[2019-07-27 21:12:34] RabbitPrint.WARNING:  | | | cetak_surat_jalan.php -> sel_pesanan : SELECT sj.*, p.pelanggan_nama, p.pelanggan_telp, p.pelanggan_alamat, u.nama AS createby FROM surat_jalan sj JOIN pelanggan p ON p.pelanggan_id = sj.surat_jalan_pelanggan_id JOIN s_user u ON u.username = sj.cre_usr WHERE sj.surat_jalan_key = 'SRJ/20190721/001' [] []
[2019-07-27 21:12:34] RabbitPrint.WARNING:  | | | cetak_surat_jalan.php -> sel_detailsj : SELECT sj.*, dp.* FROM surat_jalan_detail sj JOIN detail_pesanan dp ON dp.detail_pesanan_key = sj.surat_jalan_detail_pesanan_key WHERE surat_jalan_detail_surat_jalan_key = 'SRJ/20190721/001' [] []
[2019-07-27 21:17:33] RabbitPrint.WARNING:  | | | daftar_pesanan.php -> membuka halaman [] []
[2019-07-27 21:17:33] RabbitPrint.WARNING:  | | | daftar_pesanan.php -> sel_pesanan : SELECT psn.*, plg.pelanggan_nama	FROM pesanan psn JOIN pelanggan plg ON plg.pelanggan_id = psn.pesanan_pelanggan_id ORDER BY psn.pesanan_id DESC [] []
[2019-07-27 21:17:33] RabbitPrint.WARNING:  | | | daftar_pesanan.php -> jml. pesanan : 0 [] []
[2019-07-27 21:17:36] RabbitPrint.WARNING:  | | | data_pelanggan.php -> sel_pelanggan : SELECT * FROM pelanggan [] []
[2019-07-27 21:17:36] RabbitPrint.WARNING:  | | | data_pelanggan.php -> jml. pelanggan : 1 [] []
[2019-07-27 21:17:36] RabbitPrint.WARNING:  | | | functions.php -> getDetailPesananKey() -> selectkey : SELECT MAX(detail_pesanan_key) AS detail_key FROM detail_pesanan; [] []
[2019-07-27 21:17:36] RabbitPrint.WARNING:  | | | functions.php -> getDetailPesananKey() -> detail_key : 0000000004 [] []
[2019-07-27 21:17:36] RabbitPrint.WARNING:  | | | pesanan.php -> load [] []
[2019-07-27 21:19:45] RabbitPrint.WARNING:  | | | functions.php -> getKodePesanan() -> selectkey : SELECT MAX(pesanan.pesanan_no_pesanan) AS psnkey FROM pesanan WHERE pesanan.pesanan_no_pesanan LIKE '%PSN/20190727/%' [] []
[2019-07-27 21:19:45] RabbitPrint.WARNING:  | | | functions.php -> getKodePesanan() -> psn_key : PSN/20190727/001 [] []
[2019-07-27 21:19:45] RabbitPrint.WARNING:  | | | proses_pesanan.php -> load.. [] []
[2019-07-27 21:19:45] RabbitPrint.WARNING:  | | | proses_pesanan.php -> string query detail_pesanan -> sql_detail : INSERT INTO detail_pesanan (cre_tms, upd_tms, cre_usr, upd_usr, detail_pesanan_no_pesanan, detail_pesanan_key, detail_pesanan_nama_barang, detail_pesanan_jenis_print, detail_pesanan_warna, detail_pesanan_detail_kain, detail_pesanan_nama_warna, detail_pesanan_ukuran, detail_pesanan_sisi_kanan, detail_pesanan_sisi_kiri, detail_pesanan_sisi_blkng, detail_pesanan_qty, detail_pesanan_satuan, detail_pesanan_qty_packing, detail_pesanan_jenis_packing, detail_pesanan_keterangan) VALUES ( NOW(), NOW(), 'superuser', 'superuser', 'PSN/20190727/001', '0000000004', 'KAKAKA', 'KAKAKA', 2, 'KAKA20', 'BIRU', 'XS', 20, 20, 20, 20, 'PS', 60, 'PT', '1 BP KANAN'),( NOW(), NOW(), 'superuser', 'superuser', 'PSN/20190727/001', '0000000005', 'KAKAKA', 'KAKAKA', 2, 'KAKA20', 'BIRU', 'S', 20, 20, 20, 20, 'PS', 60, 'PT', ''),( NOW(), NOW(), 'superuser', 'superuser', 'PSN/20190727/001', '0000000006', 'KAKAKA', 'KAKAKA', 2, 'KAKA20', 'BIRU', 'M', 20, 20, 20, 20, 'PS', 60, 'PT', ''),( NOW(), NOW(), 'superuser', 'superuser', 'PSN/20190727/001', '0000000007', 'KAKAKA', 'KAKAKA', 2, 'P911', 'MERAH', 'M', 25, 25, 25, 25, 'PS', 75, 'PT', ''),( NOW(), NOW(), 'superuser', 'superuser', 'PSN/20190727/001', '0000000008', 'KAKAKA', 'KAKAKA', 2, 'P911', 'MERAH', 'L', 25, 25, 25, 25, 'PS', 75, 'PT', ''),( NOW(), NOW(), 'superuser', 'superuser', 'PSN/20190727/001', '0000000009', 'KAKAKA', 'KAKAKA', 2, 'P911', 'MERAH', 'XL', 25, 25, 25, 25, 'PS', 75, 'PT', '') [] []
[2019-07-27 21:19:45] RabbitPrint.WARNING:  | | | proses_pesanan.php -> string query pesanan -> sql_pesanan : INSERT INTO pesanan (cre_tms, upd_tms, cre_usr, upd_usr, pesanan_no_pesanan, pesanan_no_surat_jalan_masuk, pesanan_jenis_pesanan, pesanan_tanggal_pesanan, pesanan_pelanggan_id, pesanan_total_qty, pesanan_total_qty_packing) VALUES (NOW(), NOW(), 'superuser', 'superuser', 'PSN/20190727/001', 'JH6786', 'A', '2019-07-27', '6', 135, 405) [] []
[2019-07-27 21:19:45] RabbitPrint.WARNING:  | | | proses_pesanan.php -> insert ke pesanan -> sql_pesanan : INSERT INTO pesanan (cre_tms, upd_tms, cre_usr, upd_usr, pesanan_no_pesanan, pesanan_no_surat_jalan_masuk, pesanan_jenis_pesanan, pesanan_tanggal_pesanan, pesanan_pelanggan_id, pesanan_total_qty, pesanan_total_qty_packing) VALUES (NOW(), NOW(), 'superuser', 'superuser', 'PSN/20190727/001', 'JH6786', 'A', '2019-07-27', '6', 135, 405) [] []
[2019-07-27 21:19:45] RabbitPrint.WARNING:  | | | proses_pesanan.php -> insert ke pesanan -> BERHASIL [] []
[2019-07-27 21:19:45] RabbitPrint.WARNING:  | | | proses_pesanan.php -> insert ke detail_pesanan -> BERHASIL [] []
[2019-07-27 21:19:49] RabbitPrint.WARNING:  | | | data_pelanggan.php -> sel_pelanggan : SELECT * FROM pelanggan [] []
[2019-07-27 21:19:49] RabbitPrint.WARNING:  | | | data_pelanggan.php -> jml. pelanggan : 1 [] []
[2019-07-27 21:19:49] RabbitPrint.WARNING:  | | | functions.php -> getDetailPesananKey() -> selectkey : SELECT MAX(detail_pesanan_key) AS detail_key FROM detail_pesanan; [] []
[2019-07-27 21:19:49] RabbitPrint.WARNING:  | | | functions.php -> getDetailPesananKey() -> detail_key : 0000000010 [] []
[2019-07-27 21:19:49] RabbitPrint.WARNING:  | | | pesanan.php -> load [] []
[2019-07-27 21:19:55] RabbitPrint.WARNING:  | | | daftar_pesanan.php -> membuka halaman [] []
[2019-07-27 21:19:55] RabbitPrint.WARNING:  | | | daftar_pesanan.php -> sel_pesanan : SELECT psn.*, plg.pelanggan_nama	FROM pesanan psn JOIN pelanggan plg ON plg.pelanggan_id = psn.pesanan_pelanggan_id ORDER BY psn.pesanan_id DESC [] []
[2019-07-27 21:19:55] RabbitPrint.WARNING:  | | | daftar_pesanan.php -> jml. pesanan : 0 [] []
[2019-07-27 21:19:58] RabbitPrint.WARNING:  | | | surat_jalan.php -> load [] []
[2019-07-27 21:19:58] RabbitPrint.WARNING:  | | | lihat_pesanan.php -> sel_psn : SELECT psn.*, dps.*, plg.pelanggan_nama AS pesanan_nama_plg, sj.surat_jalan_detail_subtotal_pack FROM pesanan psn JOIN detail_pesanan dps ON dps.detail_pesanan_no_pesanan = psn.pesanan_no_pesanan JOIN pelanggan plg ON plg.pelanggan_id = psn.pesanan_pelanggan_id LEFT JOIN surat_jalan_detail sj ON sj.surat_jalan_detail_pesanan_key = dps.detail_pesanan_key WHERE psn.pesanan_no_pesanan = 'PSN/20190727/001' [] []
[2019-07-27 21:20:05] RabbitPrint.WARNING:  | | | proses_surat_jalan.php -> buat_suratjalan [] []
[2019-07-27 21:20:05] RabbitPrint.WARNING:  | | | functions.php -> getKodeSuratJalan() -> selectkey : SELECT MAX(surat_jalan.surat_jalan_key) AS psnkey FROM surat_jalan WHERE surat_jalan.surat_jalan_key LIKE '%SRJ/20190727/%' [] []
[2019-07-27 21:20:05] RabbitPrint.WARNING:  | | | functions.php -> getKodeSuratJalan() -> psn_key : SRJ/20190727/001 [] []
[2019-07-27 21:20:05] RabbitPrint.WARNING:  | | | proses_surat_jalan.php -> list_barang : [{"surat_jalan_detail_pesanan_key":"0000000004","surat_jalan_detail_nama_barang":"KAKAKA","surat_jalan_detail_jenis_print":"KAKAKA","surat_jalan_detail_warna":"2","surat_jalan_detail_kain":"KAKA20","surat_jalan_detail_nama_warna":"BIRU","surat_jalan_detail_ukuran":"XS","surat_jalan_detail_subtotal_qty":"20","surat_jalan_detail_satuan_qty":"PS","surat_jalan_detail_subtotal_pack":"60","surat_jalan_detail_satuan_pack":"PT"},{"surat_jalan_detail_pesanan_key":"0000000005","surat_jalan_detail_nama_barang":"KAKAKA","surat_jalan_detail_jenis_print":"KAKAKA","surat_jalan_detail_warna":"2","surat_jalan_detail_kain":"KAKA20","surat_jalan_detail_nama_warna":"BIRU","surat_jalan_detail_ukuran":"S","surat_jalan_detail_subtotal_qty":"20","surat_jalan_detail_satuan_qty":"PS","surat_jalan_detail_subtotal_pack":"60","surat_jalan_detail_satuan_pack":"PT"},{"surat_jalan_detail_pesanan_key":"0000000006","surat_jalan_detail_nama_barang":"KAKAKA","surat_jalan_detail_jenis_print":"KAKAKA","surat_jalan_detail_warna":"2","surat_jalan_detail_kain":"KAKA20","surat_jalan_detail_nama_warna":"BIRU","surat_jalan_detail_ukuran":"M","surat_jalan_detail_subtotal_qty":"20","surat_jalan_detail_satuan_qty":"PS","surat_jalan_detail_subtotal_pack":"60","surat_jalan_detail_satuan_pack":"PT"},{"surat_jalan_detail_pesanan_key":"0000000007","surat_jalan_detail_nama_barang":"KAKAKA","surat_jalan_detail_jenis_print":"KAKAKA","surat_jalan_detail_warna":"2","surat_jalan_detail_kain":"P911","surat_jalan_detail_nama_warna":"MERAH","surat_jalan_detail_ukuran":"M","surat_jalan_detail_subtotal_qty":"25","surat_jalan_detail_satuan_qty":"PS","surat_jalan_detail_subtotal_pack":"75","surat_jalan_detail_satuan_pack":"PT"},{"surat_jalan_detail_pesanan_key":"0000000008","surat_jalan_detail_nama_barang":"KAKAKA","surat_jalan_detail_jenis_print":"KAKAKA","surat_jalan_detail_warna":"2","surat_jalan_detail_kain":"P911","surat_jalan_detail_nama_warna":"MERAH","surat_jalan_detail_ukuran":"L","surat_jalan_detail_subtotal_qty":"25","surat_jalan_detail_satuan_qty":"PS","surat_jalan_detail_subtotal_pack":"75","surat_jalan_detail_satuan_pack":"PT"},{"surat_jalan_detail_pesanan_key":"0000000009","surat_jalan_detail_nama_barang":"KAKAKA","surat_jalan_detail_jenis_print":"KAKAKA","surat_jalan_detail_warna":"2","surat_jalan_detail_kain":"P911","surat_jalan_detail_nama_warna":"MERAH","surat_jalan_detail_ukuran":"XL","surat_jalan_detail_subtotal_qty":"25","surat_jalan_detail_satuan_qty":"PS","surat_jalan_detail_subtotal_pack":"75","surat_jalan_detail_satuan_pack":"PT"}] [] []
[2019-07-27 21:20:05] RabbitPrint.WARNING:  | | | proses_surat_jalan.php -> insert ke surat_jalan -> sql_pesanan :  [] []
[2019-07-27 21:20:05] RabbitPrint.WARNING:  | | | proses_surat_jalan.php -> insert ke surat_jalan -> BERHASIL [] []
[2019-07-27 21:20:05] RabbitPrint.WARNING:  | | | proses_surat_jalan.php -> insert ke surat_jalan_detail -> sql_detail : INSERT INTO surat_jalan_detail (cre_tms, upd_tms, cre_usr, upd_usr, surat_jalan_detail_surat_jalan_key, surat_jalan_detail_kain, surat_jalan_detail_nama_warna, surat_jalan_detail_pesanan_key, surat_jalan_detail_nama_barang, surat_jalan_detail_jenis_print, surat_jalan_detail_warna, surat_jalan_detail_ukuran, surat_jalan_detail_subtotal_qty, surat_jalan_detail_satuan_qty, surat_jalan_detail_subtotal_pack, surat_jalan_detail_satuan_pack, surat_jalan_detail_keterangan) VALUES ( NOW(), NOW(), 'superuser', 'superuser', 'SRJ/20190727/001', 'KAKA20', 'BIRU', '0000000004', 'KAKAKA', 'KAKAKA', 2, 'XS', 20, 'PS', 60, 'PT', ''),( NOW(), NOW(), 'superuser', 'superuser', 'SRJ/20190727/001', 'KAKA20', 'BIRU', '0000000005', 'KAKAKA', 'KAKAKA', 2, 'S', 20, 'PS', 60, 'PT', ''),( NOW(), NOW(), 'superuser', 'superuser', 'SRJ/20190727/001', 'KAKA20', 'BIRU', '0000000006', 'KAKAKA', 'KAKAKA', 2, 'M', 20, 'PS', 60, 'PT', ''),( NOW(), NOW(), 'superuser', 'superuser', 'SRJ/20190727/001', 'P911', 'MERAH', '0000000007', 'KAKAKA', 'KAKAKA', 2, 'M', 25, 'PS', 75, 'PT', ''),( NOW(), NOW(), 'superuser', 'superuser', 'SRJ/20190727/001', 'P911', 'MERAH', '0000000008', 'KAKAKA', 'KAKAKA', 2, 'L', 25, 'PS', 75, 'PT', ''),( NOW(), NOW(), 'superuser', 'superuser', 'SRJ/20190727/001', 'P911', 'MERAH', '0000000009', 'KAKAKA', 'KAKAKA', 2, 'XL', 25, 'PS', 75, 'PT', '') [] []
[2019-07-27 21:20:05] RabbitPrint.WARNING:  | | | proses_surat_jalan.php -> insert ke surat_jalan_detail -> BERHASIL [] []
[2019-07-27 21:20:05] RabbitPrint.WARNING:  | | | proses_surat_jalan.php -> response : Array [] []
[2019-07-27 21:20:05] RabbitPrint.WARNING:  | | | proses_surat_jalan.php -> sql_pesanan : INSERT INTO surat_jalan (cre_tms, upd_tms, cre_usr, upd_usr, surat_jalan_key, surat_jalan_nomor, surat_jalan_tanggal, surat_jalan_jenis_pesanan, surat_jalan_pelanggan_id, surat_jalan_no_pesanan, surat_jalan_total, surat_jalan_status) VALUES (NOW(), NOW(), 'superuser', 'superuser', 'SRJ/20190727/001', 'JH6786', '2019-07-27', 'A', 6, 'PSN/20190727/001', 135, 'B') [] []
[2019-07-27 21:20:05] RabbitPrint.WARNING:  | | | proses_surat_jalan.php -> insert ke surat_jalan -> BERHASIL [] []
[2019-07-27 21:20:05] RabbitPrint.WARNING:  | | | proses_surat_jalan.php -> response : Array [] []
[2019-07-27 21:20:06] RabbitPrint.WARNING:  | | | cetak_surat_jalan.php -> sel_pesanan : SELECT sj.*, p.pelanggan_nama, p.pelanggan_telp, p.pelanggan_alamat, u.nama AS createby FROM surat_jalan sj JOIN pelanggan p ON p.pelanggan_id = sj.surat_jalan_pelanggan_id JOIN s_user u ON u.username = sj.cre_usr WHERE sj.surat_jalan_key = 'SRJ/20190727/001' [] []
[2019-07-27 21:20:06] RabbitPrint.WARNING:  | | | cetak_surat_jalan.php -> sel_detailsj : SELECT sj.*, dp.* FROM surat_jalan_detail sj JOIN detail_pesanan dp ON dp.detail_pesanan_key = sj.surat_jalan_detail_pesanan_key WHERE surat_jalan_detail_surat_jalan_key = 'SRJ/20190727/001' [] []
[2019-07-27 21:23:37] RabbitPrint.WARNING:  | | | surat_jalan.php -> load [] []
[2019-07-27 21:23:37] RabbitPrint.WARNING:  | | | lihat_pesanan.php -> sel_psn : SELECT psn.*, dps.*, plg.pelanggan_nama AS pesanan_nama_plg, sj.surat_jalan_detail_subtotal_pack FROM pesanan psn JOIN detail_pesanan dps ON dps.detail_pesanan_no_pesanan = psn.pesanan_no_pesanan JOIN pelanggan plg ON plg.pelanggan_id = psn.pesanan_pelanggan_id LEFT JOIN surat_jalan_detail sj ON sj.surat_jalan_detail_pesanan_key = dps.detail_pesanan_key WHERE psn.pesanan_no_pesanan = 'PSN/20190727/001' [] []
[2019-07-27 21:24:58] RabbitPrint.WARNING:  | | | daftar_surat_jalan.php -> membuka halaman [] []
[2019-07-27 21:24:58] RabbitPrint.WARNING:  | | | daftar_surat_)jalan.php -> sel_daftar_surat_jalan : SELECT * FROM surat_jalan ORDER BY surat_jalan_id DESC [] []
[2019-07-27 21:25:01] RabbitPrint.WARNING:  | | | daftar_pesanan.php -> membuka halaman [] []
[2019-07-27 21:25:01] RabbitPrint.WARNING:  | | | daftar_pesanan.php -> sel_pesanan : SELECT psn.*, plg.pelanggan_nama	FROM pesanan psn JOIN pelanggan plg ON plg.pelanggan_id = psn.pesanan_pelanggan_id ORDER BY psn.pesanan_id DESC [] []
[2019-07-27 21:25:01] RabbitPrint.WARNING:  | | | daftar_pesanan.php -> jml. pesanan : 0 [] []
[2019-07-27 21:25:04] RabbitPrint.WARNING:  | | | surat_jalan.php -> load [] []
[2019-07-27 21:25:04] RabbitPrint.WARNING:  | | | lihat_pesanan.php -> sel_psn : SELECT psn.*, dps.*, plg.pelanggan_nama AS pesanan_nama_plg, sj.surat_jalan_detail_subtotal_pack FROM pesanan psn JOIN detail_pesanan dps ON dps.detail_pesanan_no_pesanan = psn.pesanan_no_pesanan JOIN pelanggan plg ON plg.pelanggan_id = psn.pesanan_pelanggan_id LEFT JOIN surat_jalan_detail sj ON sj.surat_jalan_detail_pesanan_key = dps.detail_pesanan_key WHERE psn.pesanan_no_pesanan = 'PSN/20190727/001' [] []
[2019-07-27 21:25:09] RabbitPrint.WARNING:  | | | proses_surat_jalan.php -> buat_suratjalan [] []
[2019-07-27 21:25:09] RabbitPrint.WARNING:  | | | functions.php -> getKodeSuratJalan() -> selectkey : SELECT MAX(surat_jalan.surat_jalan_key) AS psnkey FROM surat_jalan WHERE surat_jalan.surat_jalan_key LIKE '%SRJ/20190727/%' [] []
[2019-07-27 21:25:09] RabbitPrint.WARNING:  | | | functions.php -> getKodeSuratJalan() -> psn_key : SRJ/20190727/001 [] []
[2019-07-27 21:25:09] RabbitPrint.WARNING:  | | | proses_surat_jalan.php -> list_barang : [{"surat_jalan_detail_pesanan_key":"0000000004","surat_jalan_detail_nama_barang":"KAKAKA","surat_jalan_detail_jenis_print":"KAKAKA","surat_jalan_detail_warna":"2","surat_jalan_detail_kain":"KAKA20","surat_jalan_detail_nama_warna":"BIRU","surat_jalan_detail_ukuran":"XS","surat_jalan_detail_subtotal_qty":"20","surat_jalan_detail_satuan_qty":"PS","surat_jalan_detail_subtotal_pack":"60","surat_jalan_detail_satuan_pack":"PT","surat_jalan_detail_keterangan":"1 BP KANAN"},{"surat_jalan_detail_pesanan_key":"0000000005","surat_jalan_detail_nama_barang":"KAKAKA","surat_jalan_detail_jenis_print":"KAKAKA","surat_jalan_detail_warna":"2","surat_jalan_detail_kain":"KAKA20","surat_jalan_detail_nama_warna":"BIRU","surat_jalan_detail_ukuran":"S","surat_jalan_detail_subtotal_qty":"20","surat_jalan_detail_satuan_qty":"PS","surat_jalan_detail_subtotal_pack":"60","surat_jalan_detail_satuan_pack":"PT","surat_jalan_detail_keterangan":""},{"surat_jalan_detail_pesanan_key":"0000000006","surat_jalan_detail_nama_barang":"KAKAKA","surat_jalan_detail_jenis_print":"KAKAKA","surat_jalan_detail_warna":"2","surat_jalan_detail_kain":"KAKA20","surat_jalan_detail_nama_warna":"BIRU","surat_jalan_detail_ukuran":"M","surat_jalan_detail_subtotal_qty":"20","surat_jalan_detail_satuan_qty":"PS","surat_jalan_detail_subtotal_pack":"60","surat_jalan_detail_satuan_pack":"PT","surat_jalan_detail_keterangan":""},{"surat_jalan_detail_pesanan_key":"0000000007","surat_jalan_detail_nama_barang":"KAKAKA","surat_jalan_detail_jenis_print":"KAKAKA","surat_jalan_detail_warna":"2","surat_jalan_detail_kain":"P911","surat_jalan_detail_nama_warna":"MERAH","surat_jalan_detail_ukuran":"M","surat_jalan_detail_subtotal_qty":"25","surat_jalan_detail_satuan_qty":"PS","surat_jalan_detail_subtotal_pack":"75","surat_jalan_detail_satuan_pack":"PT","surat_jalan_detail_keterangan":""},{"surat_jalan_detail_pesanan_key":"0000000008","surat_jalan_detail_nama_barang":"KAKAKA","surat_jalan_detail_jenis_print":"KAKAKA","surat_jalan_detail_warna":"2","surat_jalan_detail_kain":"P911","surat_jalan_detail_nama_warna":"MERAH","surat_jalan_detail_ukuran":"L","surat_jalan_detail_subtotal_qty":"25","surat_jalan_detail_satuan_qty":"PS","surat_jalan_detail_subtotal_pack":"75","surat_jalan_detail_satuan_pack":"PT","surat_jalan_detail_keterangan":""},{"surat_jalan_detail_pesanan_key":"0000000009","surat_jalan_detail_nama_barang":"KAKAKA","surat_jalan_detail_jenis_print":"KAKAKA","surat_jalan_detail_warna":"2","surat_jalan_detail_kain":"P911","surat_jalan_detail_nama_warna":"MERAH","surat_jalan_detail_ukuran":"XL","surat_jalan_detail_subtotal_qty":"25","surat_jalan_detail_satuan_qty":"PS","surat_jalan_detail_subtotal_pack":"75","surat_jalan_detail_satuan_pack":"PT","surat_jalan_detail_keterangan":""}] [] []
[2019-07-27 21:25:09] RabbitPrint.WARNING:  | | | proses_surat_jalan.php -> insert ke surat_jalan -> sql_pesanan :  [] []
[2019-07-27 21:25:09] RabbitPrint.WARNING:  | | | proses_surat_jalan.php -> insert ke surat_jalan -> BERHASIL [] []
[2019-07-27 21:25:09] RabbitPrint.WARNING:  | | | proses_surat_jalan.php -> insert ke surat_jalan_detail -> sql_detail : INSERT INTO surat_jalan_detail (cre_tms, upd_tms, cre_usr, upd_usr, surat_jalan_detail_surat_jalan_key, surat_jalan_detail_kain, surat_jalan_detail_nama_warna, surat_jalan_detail_pesanan_key, surat_jalan_detail_nama_barang, surat_jalan_detail_jenis_print, surat_jalan_detail_warna, surat_jalan_detail_ukuran, surat_jalan_detail_subtotal_qty, surat_jalan_detail_satuan_qty, surat_jalan_detail_subtotal_pack, surat_jalan_detail_satuan_pack, surat_jalan_detail_keterangan) VALUES ( NOW(), NOW(), 'superuser', 'superuser', 'SRJ/20190727/001', 'KAKA20', 'BIRU', '0000000004', 'KAKAKA', 'KAKAKA', 2, 'XS', 20, 'PS', 60, 'PT', '1 BP KANAN'),( NOW(), NOW(), 'superuser', 'superuser', 'SRJ/20190727/001', 'KAKA20', 'BIRU', '0000000005', 'KAKAKA', 'KAKAKA', 2, 'S', 20, 'PS', 60, 'PT', ''),( NOW(), NOW(), 'superuser', 'superuser', 'SRJ/20190727/001', 'KAKA20', 'BIRU', '0000000006', 'KAKAKA', 'KAKAKA', 2, 'M', 20, 'PS', 60, 'PT', ''),( NOW(), NOW(), 'superuser', 'superuser', 'SRJ/20190727/001', 'P911', 'MERAH', '0000000007', 'KAKAKA', 'KAKAKA', 2, 'M', 25, 'PS', 75, 'PT', ''),( NOW(), NOW(), 'superuser', 'superuser', 'SRJ/20190727/001', 'P911', 'MERAH', '0000000008', 'KAKAKA', 'KAKAKA', 2, 'L', 25, 'PS', 75, 'PT', ''),( NOW(), NOW(), 'superuser', 'superuser', 'SRJ/20190727/001', 'P911', 'MERAH', '0000000009', 'KAKAKA', 'KAKAKA', 2, 'XL', 25, 'PS', 75, 'PT', '') [] []
[2019-07-27 21:25:09] RabbitPrint.WARNING:  | | | proses_surat_jalan.php -> insert ke surat_jalan_detail -> BERHASIL [] []
[2019-07-27 21:25:09] RabbitPrint.WARNING:  | | | proses_surat_jalan.php -> response : Array [] []
[2019-07-27 21:25:09] RabbitPrint.WARNING:  | | | proses_surat_jalan.php -> sql_pesanan : INSERT INTO surat_jalan (cre_tms, upd_tms, cre_usr, upd_usr, surat_jalan_key, surat_jalan_nomor, surat_jalan_tanggal, surat_jalan_jenis_pesanan, surat_jalan_pelanggan_id, surat_jalan_no_pesanan, surat_jalan_total, surat_jalan_status) VALUES (NOW(), NOW(), 'superuser', 'superuser', 'SRJ/20190727/001', 'JH6786', '2019-07-27', 'A', 6, 'PSN/20190727/001', 135, 'B') [] []
[2019-07-27 21:25:09] RabbitPrint.WARNING:  | | | proses_surat_jalan.php -> insert ke surat_jalan -> BERHASIL [] []
[2019-07-27 21:25:09] RabbitPrint.WARNING:  | | | proses_surat_jalan.php -> response : Array [] []
[2019-07-27 21:25:10] RabbitPrint.WARNING:  | | | cetak_surat_jalan.php -> sel_pesanan : SELECT sj.*, p.pelanggan_nama, p.pelanggan_telp, p.pelanggan_alamat, u.nama AS createby FROM surat_jalan sj JOIN pelanggan p ON p.pelanggan_id = sj.surat_jalan_pelanggan_id JOIN s_user u ON u.username = sj.cre_usr WHERE sj.surat_jalan_key = 'SRJ/20190727/001' [] []
[2019-07-27 21:25:10] RabbitPrint.WARNING:  | | | cetak_surat_jalan.php -> sel_detailsj : SELECT sj.*, dp.* FROM surat_jalan_detail sj JOIN detail_pesanan dp ON dp.detail_pesanan_key = sj.surat_jalan_detail_pesanan_key WHERE surat_jalan_detail_surat_jalan_key = 'SRJ/20190727/001' [] []
[2019-07-27 21:31:58] RabbitPrint.WARNING:  | | | cetak_surat_jalan.php -> sel_pesanan : SELECT sj.*, p.pelanggan_nama, p.pelanggan_telp, p.pelanggan_alamat, u.nama AS createby FROM surat_jalan sj JOIN pelanggan p ON p.pelanggan_id = sj.surat_jalan_pelanggan_id JOIN s_user u ON u.username = sj.cre_usr WHERE sj.surat_jalan_key = 'SRJ/20190727/001' [] []
[2019-07-27 21:31:58] RabbitPrint.WARNING:  | | | cetak_surat_jalan.php -> sel_detailsj : SELECT sj.*, dp.* FROM surat_jalan_detail sj JOIN detail_pesanan dp ON dp.detail_pesanan_key = sj.surat_jalan_detail_pesanan_key WHERE surat_jalan_detail_surat_jalan_key = 'SRJ/20190727/001' [] []
[2019-07-27 21:33:14] RabbitPrint.WARNING:  | | | surat_jalan.php -> load [] []
[2019-07-27 21:33:14] RabbitPrint.WARNING:  | | | lihat_pesanan.php -> sel_psn : SELECT psn.*, dps.*, plg.pelanggan_nama AS pesanan_nama_plg, sj.surat_jalan_detail_subtotal_pack FROM pesanan psn JOIN detail_pesanan dps ON dps.detail_pesanan_no_pesanan = psn.pesanan_no_pesanan JOIN pelanggan plg ON plg.pelanggan_id = psn.pesanan_pelanggan_id LEFT JOIN surat_jalan_detail sj ON sj.surat_jalan_detail_pesanan_key = dps.detail_pesanan_key WHERE psn.pesanan_no_pesanan = 'PSN/20190727/001' [] []
[2019-07-27 21:33:24] RabbitPrint.WARNING:  | | | daftar_surat_jalan.php -> membuka halaman [] []
[2019-07-27 21:33:24] RabbitPrint.WARNING:  | | | daftar_surat_)jalan.php -> sel_daftar_surat_jalan : SELECT * FROM surat_jalan ORDER BY surat_jalan_id DESC [] []
[2019-07-27 21:33:24] RabbitPrint.WARNING:  | | | daftar_surat_jalan.php -> sel_plg -> SELECT pelanggan_nama FROM pelanggan WHERE pelanggan_id = 6 [] []
[2019-07-27 21:33:24] RabbitPrint.WARNING:  | | | daftar_surat_jalan.php -> sel_user -> SELECT nama FROM s_user WHERE username = 'superuser' [] []
[2019-07-27 21:33:28] RabbitPrint.WARNING:  | | | daftar_pesanan.php -> membuka halaman [] []
[2019-07-27 21:33:28] RabbitPrint.WARNING:  | | | daftar_pesanan.php -> sel_pesanan : SELECT psn.*, plg.pelanggan_nama	FROM pesanan psn JOIN pelanggan plg ON plg.pelanggan_id = psn.pesanan_pelanggan_id ORDER BY psn.pesanan_id DESC [] []
[2019-07-27 21:33:28] RabbitPrint.WARNING:  | | | daftar_pesanan.php -> jml. pesanan : 0 [] []
[2019-07-27 21:33:32] RabbitPrint.WARNING:  | | | surat_jalan.php -> load [] []
[2019-07-27 21:33:32] RabbitPrint.WARNING:  | | | lihat_pesanan.php -> sel_psn : SELECT psn.*, dps.*, plg.pelanggan_nama AS pesanan_nama_plg, sj.surat_jalan_detail_subtotal_pack FROM pesanan psn JOIN detail_pesanan dps ON dps.detail_pesanan_no_pesanan = psn.pesanan_no_pesanan JOIN pelanggan plg ON plg.pelanggan_id = psn.pesanan_pelanggan_id LEFT JOIN surat_jalan_detail sj ON sj.surat_jalan_detail_pesanan_key = dps.detail_pesanan_key WHERE psn.pesanan_no_pesanan = 'PSN/20190721/001' [] []
[2019-07-27 21:33:45] RabbitPrint.WARNING:  | | | daftar_pesanan.php -> membuka halaman [] []
[2019-07-27 21:33:45] RabbitPrint.WARNING:  | | | daftar_pesanan.php -> sel_pesanan : SELECT psn.*, plg.pelanggan_nama	FROM pesanan psn JOIN pelanggan plg ON plg.pelanggan_id = psn.pesanan_pelanggan_id ORDER BY psn.pesanan_id DESC [] []
[2019-07-27 21:33:45] RabbitPrint.WARNING:  | | | daftar_pesanan.php -> jml. pesanan : 0 [] []
[2019-07-27 21:42:17] RabbitPrint.WARNING:  | | | surat_jalan.php -> load [] []
[2019-07-27 21:42:17] RabbitPrint.WARNING:  | | | lihat_pesanan.php -> sel_psn : SELECT psn.*, dps.*, plg.pelanggan_nama AS pesanan_nama_plg, sj.surat_jalan_detail_subtotal_pack FROM pesanan psn JOIN detail_pesanan dps ON dps.detail_pesanan_no_pesanan = psn.pesanan_no_pesanan JOIN pelanggan plg ON plg.pelanggan_id = psn.pesanan_pelanggan_id LEFT JOIN surat_jalan_detail sj ON sj.surat_jalan_detail_pesanan_key = dps.detail_pesanan_key WHERE psn.pesanan_no_pesanan = 'PSN/20190727/001' [] []
[2019-07-27 21:42:28] RabbitPrint.WARNING:  | | | daftar_surat_jalan.php -> membuka halaman [] []
[2019-07-27 21:42:28] RabbitPrint.WARNING:  | | | daftar_surat_)jalan.php -> sel_daftar_surat_jalan : SELECT * FROM surat_jalan ORDER BY surat_jalan_id DESC [] []
[2019-07-27 21:42:28] RabbitPrint.WARNING:  | | | daftar_surat_jalan.php -> sel_plg -> SELECT pelanggan_nama FROM pelanggan WHERE pelanggan_id = 6 [] []
[2019-07-27 21:42:28] RabbitPrint.WARNING:  | | | daftar_surat_jalan.php -> sel_user -> SELECT nama FROM s_user WHERE username = 'superuser' [] []
[2019-07-27 21:42:31] RabbitPrint.WARNING:  | | | cetak_surat_jalan.php -> sel_pesanan : SELECT sj.*, p.pelanggan_nama, p.pelanggan_telp, p.pelanggan_alamat, u.nama AS createby FROM surat_jalan sj JOIN pelanggan p ON p.pelanggan_id = sj.surat_jalan_pelanggan_id JOIN s_user u ON u.username = sj.cre_usr WHERE sj.surat_jalan_key = 'SRJ/20190727/001' [] []
[2019-07-27 21:42:31] RabbitPrint.WARNING:  | | | cetak_surat_jalan.php -> sel_detailsj : SELECT sj.*, dp.* FROM surat_jalan_detail sj JOIN detail_pesanan dp ON dp.detail_pesanan_key = sj.surat_jalan_detail_pesanan_key WHERE surat_jalan_detail_surat_jalan_key = 'SRJ/20190727/001' [] []
[2019-07-27 21:42:59] RabbitPrint.WARNING:  | | | cetak_surat_jalan.php -> sel_pesanan : SELECT sj.*, p.pelanggan_nama, p.pelanggan_telp, p.pelanggan_alamat, u.nama AS createby FROM surat_jalan sj JOIN pelanggan p ON p.pelanggan_id = sj.surat_jalan_pelanggan_id JOIN s_user u ON u.username = sj.cre_usr WHERE sj.surat_jalan_key = 'SRJ/20190727/001' [] []
[2019-07-27 21:42:59] RabbitPrint.WARNING:  | | | cetak_surat_jalan.php -> sel_detailsj : SELECT sj.*, dp.* FROM surat_jalan_detail sj JOIN detail_pesanan dp ON dp.detail_pesanan_key = sj.surat_jalan_detail_pesanan_key WHERE surat_jalan_detail_surat_jalan_key = 'SRJ/20190727/001' [] []
[2019-07-27 21:43:25] RabbitPrint.WARNING:  | | | cetak_surat_jalan.php -> sel_pesanan : SELECT sj.*, p.pelanggan_nama, p.pelanggan_telp, p.pelanggan_alamat, u.nama AS createby FROM surat_jalan sj JOIN pelanggan p ON p.pelanggan_id = sj.surat_jalan_pelanggan_id JOIN s_user u ON u.username = sj.cre_usr WHERE sj.surat_jalan_key = 'SRJ/20190727/001' [] []
[2019-07-27 21:43:25] RabbitPrint.WARNING:  | | | cetak_surat_jalan.php -> sel_detailsj : SELECT sj.*, dp.* FROM surat_jalan_detail sj JOIN detail_pesanan dp ON dp.detail_pesanan_key = sj.surat_jalan_detail_pesanan_key WHERE surat_jalan_detail_surat_jalan_key = 'SRJ/20190727/001' [] []
[2019-07-27 21:43:55] RabbitPrint.WARNING:  | | | cetak_surat_jalan.php -> sel_pesanan : SELECT sj.*, p.pelanggan_nama, p.pelanggan_telp, p.pelanggan_alamat, u.nama AS createby FROM surat_jalan sj JOIN pelanggan p ON p.pelanggan_id = sj.surat_jalan_pelanggan_id JOIN s_user u ON u.username = sj.cre_usr WHERE sj.surat_jalan_key = 'SRJ/20190727/001' [] []
[2019-07-27 21:43:55] RabbitPrint.WARNING:  | | | cetak_surat_jalan.php -> sel_detailsj : SELECT sj.*, dp.* FROM surat_jalan_detail sj JOIN detail_pesanan dp ON dp.detail_pesanan_key = sj.surat_jalan_detail_pesanan_key WHERE surat_jalan_detail_surat_jalan_key = 'SRJ/20190727/001' [] []
[2019-07-27 21:44:51] RabbitPrint.WARNING:  | | | cetak_surat_jalan.php -> sel_pesanan : SELECT sj.*, p.pelanggan_nama, p.pelanggan_telp, p.pelanggan_alamat, u.nama AS createby FROM surat_jalan sj JOIN pelanggan p ON p.pelanggan_id = sj.surat_jalan_pelanggan_id JOIN s_user u ON u.username = sj.cre_usr WHERE sj.surat_jalan_key = 'SRJ/20190727/001' [] []
[2019-07-27 21:44:51] RabbitPrint.WARNING:  | | | cetak_surat_jalan.php -> sel_detailsj : SELECT sj.*, dp.* FROM surat_jalan_detail sj JOIN detail_pesanan dp ON dp.detail_pesanan_key = sj.surat_jalan_detail_pesanan_key WHERE surat_jalan_detail_surat_jalan_key = 'SRJ/20190727/001' [] []
[2019-07-27 21:46:55] RabbitPrint.WARNING:  | | | daftar_invoice.php -> membuka halaman [] []
[2019-07-27 21:46:55] RabbitPrint.WARNING:  | | | daftar_invoice.php -> sel_invoice : SELECT inv.*, plg.pelanggan_nama FROM invoice_keluar inv JOIN pelanggan plg ON plg.pelanggan_id = inv.invoice_keluar_pelanggan_id ORDER BY inv.invoice_keluar_id DESC [] []
[2019-07-27 21:46:55] RabbitPrint.WARNING:  | | | data_pelanggan.php -> sel_pelanggan : SELECT p.* FROM pelanggan p JOIN invoice_keluar inv ON p.pelanggan_id = inv.invoice_keluar_pelanggan_id WHERE p.pelanggan_id > 0 GROUP BY p.pelanggan_nama; [] []
[2019-07-27 21:46:58] RabbitPrint.WARNING:  | | | tambah_invoice.php -> membuka halaman [] []
[2019-07-27 21:46:58] RabbitPrint.WARNING:  | | | tambah_invoice.php -> sel_pelanggan : SELECT p.* FROM pelanggan p JOIN surat_jalan sj ON p.pelanggan_id = sj.surat_jalan_pelanggan_id WHERE p.pelanggan_id > 0 AND sj.surat_jalan_status = 'B' GROUP BY p.pelanggan_nama [] []
[2019-07-27 21:46:58] RabbitPrint.WARNING:  | | | tambah_invoice.php -> sel_sj : SELECT p.pelanggan_nama, p.pelanggan_telp, p.pelanggan_alamat, sj.*, sjd.surat_jalan_detail_nama_barang, sjd.surat_jalan_detail_jenis_print, sjd.surat_jalan_detail_satuan_qty FROM surat_jalan sj JOIN surat_jalan_detail sjd ON sjd.surat_jalan_detail_surat_jalan_key = sj.surat_jalan_key JOIN pelanggan p ON p.pelanggan_id = sj.surat_jalan_pelanggan_id WHERE sj.surat_jalan_pelanggan_id = AND sj.surat_jalan_status = 'B' AND sj.surat_jalan_tanggal LIKE '-%' GROUP BY sjd.surat_jalan_detail_surat_jalan_key, sjd.surat_jalan_detail_nama_barang ORDER BY sjd.surat_jalan_detail_surat_jalan_key [] []
[2019-07-27 21:47:08] RabbitPrint.WARNING:  | | | tambah_invoice.php -> membuka halaman [] []
[2019-07-27 21:47:08] RabbitPrint.WARNING:  | | | tambah_invoice.php -> sel_pelanggan : SELECT p.* FROM pelanggan p JOIN surat_jalan sj ON p.pelanggan_id = sj.surat_jalan_pelanggan_id WHERE p.pelanggan_id > 0 AND sj.surat_jalan_status = 'B' GROUP BY p.pelanggan_nama [] []
[2019-07-27 21:47:08] RabbitPrint.WARNING:  | | | tambah_invoice.php -> sel_sj : SELECT p.pelanggan_nama, p.pelanggan_telp, p.pelanggan_alamat, sj.*, sjd.surat_jalan_detail_nama_barang, sjd.surat_jalan_detail_jenis_print, sjd.surat_jalan_detail_satuan_qty FROM surat_jalan sj JOIN surat_jalan_detail sjd ON sjd.surat_jalan_detail_surat_jalan_key = sj.surat_jalan_key JOIN pelanggan p ON p.pelanggan_id = sj.surat_jalan_pelanggan_id WHERE sj.surat_jalan_pelanggan_id = 6 AND sj.surat_jalan_status = 'B' AND sj.surat_jalan_tanggal LIKE '2019-07%' GROUP BY sjd.surat_jalan_detail_surat_jalan_key, sjd.surat_jalan_detail_nama_barang ORDER BY sjd.surat_jalan_detail_surat_jalan_key [] []
[2019-07-27 21:47:08] RabbitPrint.WARNING:  | | | tambah_invoice.php -> jml. pelanggan : 0 [] []
[2019-07-27 21:47:20] RabbitPrint.WARNING:  | | | functions.php -> getKodeInvoice() -> selectkey : SELECT MAX(inv.invoice_keluar_no_invoice) AS psnkey FROM invoice_keluar inv WHERE inv.invoice_keluar_no_invoice LIKE '%INV/20190727/%' [] []
[2019-07-27 21:47:20] RabbitPrint.WARNING:  | | | functions.php -> getKodeInvoice() -> psn_key : INV/20190727/001 [] []
[2019-07-27 21:47:20] RabbitPrint.WARNING:  | | | tambah_invoice.php -> simpan_invoice [START] [] []
[2019-07-27 21:47:20] RabbitPrint.WARNING:  | | | tambah_invoice.php -> insert ke invoice -> sql : INSERT INTO invoice_keluar (cre_tms, upd_tms, cre_usr, upd_usr, invoice_keluar_no_invoice, invoice_keluar_pelanggan_id, invoice_keluar_tanggal_kirim, invoice_keluar_total_harga) VALUES (NOW(), NOW(), 'superuser', 'superuser', 'INV/20190727/001', 6, '2019-07-27', 2700000) [] []
[2019-07-27 21:47:20] RabbitPrint.WARNING:  | | | tambah_invoice.php -> insert ke invoice_keluar_detail -> sql_detail : INSERT INTO invoice_keluar_detail (cre_tms, upd_tms, cre_usr, upd_usr, invoice_keluar_detail_no_invoice, invoice_keluar_detail_surat_jalan_nomor, invoice_keluar_detail_jenis_print, invoice_keluar_detail_total_barang, invoice_keluar_detail_satuan, invoice_keluar_detail_harga, invoice_keluar_detail_subtotal_harga) VALUES ( NOW(), NOW(), 'superuser', 'superuser', 'INV/20190727/001', 'SRJ/20190727/001', 'KAKAKA', 135, 'PS', 20000, 2700000) [] []
[2019-07-27 21:47:20] RabbitPrint.WARNING:  | | | tambah_invoice.php -> query_upd : UPDATE surat_jalan s SET s.surat_jalan_status = 'I' WHERE s.surat_jalan_key IN ('SRJ/20190727/001') [] []
[2019-07-27 21:47:20] RabbitPrint.WARNING:  | | | tambah_invoice.php -> insert ke invoice_keluar_detail -> BERHASIL [] []
[2019-07-27 21:47:20] RabbitPrint.WARNING:  | | | tambah_invoice.php -> simpan_invoice [END] [] []
[2019-07-27 21:47:22] RabbitPrint.WARNING:  | | | tambah_invoice.php -> membuka halaman [] []
[2019-07-27 21:47:22] RabbitPrint.WARNING:  | | | tambah_invoice.php -> sel_pelanggan : SELECT p.* FROM pelanggan p JOIN surat_jalan sj ON p.pelanggan_id = sj.surat_jalan_pelanggan_id WHERE p.pelanggan_id > 0 AND sj.surat_jalan_status = 'B' GROUP BY p.pelanggan_nama [] []
[2019-07-27 21:47:22] RabbitPrint.WARNING:  | | | tambah_invoice.php -> sel_sj : SELECT p.pelanggan_nama, p.pelanggan_telp, p.pelanggan_alamat, sj.*, sjd.surat_jalan_detail_nama_barang, sjd.surat_jalan_detail_jenis_print, sjd.surat_jalan_detail_satuan_qty FROM surat_jalan sj JOIN surat_jalan_detail sjd ON sjd.surat_jalan_detail_surat_jalan_key = sj.surat_jalan_key JOIN pelanggan p ON p.pelanggan_id = sj.surat_jalan_pelanggan_id WHERE sj.surat_jalan_pelanggan_id = AND sj.surat_jalan_status = 'B' AND sj.surat_jalan_tanggal LIKE '-%' GROUP BY sjd.surat_jalan_detail_surat_jalan_key, sjd.surat_jalan_detail_nama_barang ORDER BY sjd.surat_jalan_detail_surat_jalan_key [] []
[2019-07-27 21:47:26] RabbitPrint.WARNING:  | | | daftar_invoice.php -> membuka halaman [] []
[2019-07-27 21:47:26] RabbitPrint.WARNING:  | | | daftar_invoice.php -> sel_invoice : SELECT inv.*, plg.pelanggan_nama FROM invoice_keluar inv JOIN pelanggan plg ON plg.pelanggan_id = inv.invoice_keluar_pelanggan_id ORDER BY inv.invoice_keluar_id DESC [] []
[2019-07-27 21:47:26] RabbitPrint.WARNING:  | | | data_pelanggan.php -> sel_pelanggan : SELECT p.* FROM pelanggan p JOIN invoice_keluar inv ON p.pelanggan_id = inv.invoice_keluar_pelanggan_id WHERE p.pelanggan_id > 0 GROUP BY p.pelanggan_nama; [] []
[2019-07-27 21:47:26] RabbitPrint.WARNING:  | | | daftar_invoice.php -> jml. invoice : 0 [] []
[2019-07-27 21:47:26] RabbitPrint.WARNING:  | | | data_pelanggan.php -> jml. pelanggan : 1 [] []
[2019-07-27 21:47:43] RabbitPrint.WARNING:  | | | cetak_invoice.php -> sel_invoice : SELECT dinv.*, inv.*, sj.surat_jalan_nomor, sj.surat_jalan_tanggal FROM invoice_keluar inv JOIN invoice_keluar_detail dinv ON dinv.invoice_keluar_detail_no_invoice = inv.invoice_keluar_no_invoice JOIN surat_jalan sj ON sj.surat_jalan_key = dinv.invoice_keluar_detail_surat_jalan_nomor WHERE inv.invoice_keluar_tanggal_kirim BETWEEN '2019-07-01' AND '2019-07-31' AND inv.invoice_keluar_pelanggan_id = 6 [] []
[2019-07-27 21:47:43] RabbitPrint.WARNING:  | | | cetak_invoice.php -> sel_plg : SELECT pelanggan_nama FROM pelanggan WHERE pelanggan_id = 6 [] []
[2019-07-27 21:47:53] RabbitPrint.WARNING:  | | | daftar_invoice.php -> membuka halaman [] []
[2019-07-27 21:47:53] RabbitPrint.WARNING:  | | | daftar_invoice.php -> sel_invoice : SELECT inv.*, plg.pelanggan_nama FROM invoice_keluar inv JOIN pelanggan plg ON plg.pelanggan_id = inv.invoice_keluar_pelanggan_id ORDER BY inv.invoice_keluar_id DESC [] []
[2019-07-27 21:47:53] RabbitPrint.WARNING:  | | | data_pelanggan.php -> sel_pelanggan : SELECT p.* FROM pelanggan p JOIN invoice_keluar inv ON p.pelanggan_id = inv.invoice_keluar_pelanggan_id WHERE p.pelanggan_id > 0 GROUP BY p.pelanggan_nama; [] []
[2019-07-27 21:47:53] RabbitPrint.WARNING:  | | | daftar_invoice.php -> jml. invoice : 0 [] []
[2019-07-27 21:47:53] RabbitPrint.WARNING:  | | | data_pelanggan.php -> jml. pelanggan : 1 [] []
[2019-07-27 21:48:23] RabbitPrint.WARNING:  | | | daftar_invoice.php -> membuka halaman [] []
[2019-07-27 21:48:23] RabbitPrint.WARNING:  | | | daftar_invoice.php -> sel_invoice : SELECT inv.*, plg.pelanggan_nama FROM invoice_keluar inv JOIN pelanggan plg ON plg.pelanggan_id = inv.invoice_keluar_pelanggan_id ORDER BY inv.invoice_keluar_id DESC [] []
[2019-07-27 21:48:23] RabbitPrint.WARNING:  | | | data_pelanggan.php -> sel_pelanggan : SELECT p.* FROM pelanggan p JOIN invoice_keluar inv ON p.pelanggan_id = inv.invoice_keluar_pelanggan_id WHERE p.pelanggan_id > 0 GROUP BY p.pelanggan_nama; [] []
[2019-07-27 21:48:23] RabbitPrint.WARNING:  | | | daftar_invoice.php -> jml. invoice : 0 [] []
[2019-07-27 21:48:23] RabbitPrint.WARNING:  | | | data_pelanggan.php -> jml. pelanggan : 1 [] []
[2019-07-27 21:48:35] RabbitPrint.WARNING:  | | | proses_login.php -> cek user -> sql_user : SELECT * FROM s_user WHERE username LIKE 'superuser' AND password LIKE '21232f297a57a5a743894a0e4a801fc3' LIMIT 1 [] []
[2019-07-27 21:48:35] RabbitPrint.WARNING:  | | | proses_login.php -> id_user : 1 [] []
[2019-07-27 21:48:35] RabbitPrint.WARNING:  | | | proses_login.php -> insert ke s_login -> sql_login : INSERT INTO s_login (key_login, id_user, waktu_login, waktu_kadaluarsa, status, ip, pc_dan_browser) VALUES ('15642389155380', '1', '2019-07-27 21:48:35', '2019-07-28 21:48:35', '1', '::1', 'mozilla/5.0 (windows nt 10.0; win64; x64) applewebkit/537.36 (khtml, like gecko) chrome/75.0.3770.142 safari/537.36') [] []
[2019-07-27 21:48:35] RabbitPrint.WARNING:  | | | proses_login.php -> insert ke s_login -> SUCCESS [] []
[2019-07-27 21:48:35] RabbitPrint.WARNING:  | | | proses_login.php -> LOGIN SUKSES!! [] []
[2019-07-27 21:48:43] RabbitPrint.WARNING:  | | | daftar_invoice.php -> membuka halaman [] []
[2019-07-27 21:48:43] RabbitPrint.WARNING:  | | | daftar_invoice.php -> sel_invoice : SELECT inv.*, plg.pelanggan_nama FROM invoice_keluar inv JOIN pelanggan plg ON plg.pelanggan_id = inv.invoice_keluar_pelanggan_id ORDER BY inv.invoice_keluar_id DESC [] []
[2019-07-27 21:48:43] RabbitPrint.WARNING:  | | | data_pelanggan.php -> sel_pelanggan : SELECT p.* FROM pelanggan p JOIN invoice_keluar inv ON p.pelanggan_id = inv.invoice_keluar_pelanggan_id WHERE p.pelanggan_id > 0 GROUP BY p.pelanggan_nama; [] []
[2019-07-27 21:48:43] RabbitPrint.WARNING:  | | | daftar_invoice.php -> jml. invoice : 0 [] []
[2019-07-27 21:48:43] RabbitPrint.WARNING:  | | | data_pelanggan.php -> jml. pelanggan : 1 [] []
[2019-07-27 21:48:54] RabbitPrint.WARNING:  | | | cetak_invoice.php -> sel_invoice : SELECT dinv.*, inv.*, sj.surat_jalan_nomor, sj.surat_jalan_tanggal FROM invoice_keluar inv JOIN invoice_keluar_detail dinv ON dinv.invoice_keluar_detail_no_invoice = inv.invoice_keluar_no_invoice JOIN surat_jalan sj ON sj.surat_jalan_key = dinv.invoice_keluar_detail_surat_jalan_nomor WHERE inv.invoice_keluar_tanggal_kirim BETWEEN '2019-07-01' AND '2019-07-31' AND inv.invoice_keluar_pelanggan_id = 6 [] []
[2019-07-27 21:48:54] RabbitPrint.WARNING:  | | | cetak_invoice.php -> sel_plg : SELECT pelanggan_nama FROM pelanggan WHERE pelanggan_id = 6 [] []
[2019-07-27 21:49:14] RabbitPrint.WARNING:  | | | daftar_invoice.php -> membuka halaman [] []
[2019-07-27 21:49:14] RabbitPrint.WARNING:  | | | daftar_invoice.php -> sel_invoice : SELECT inv.*, plg.pelanggan_nama FROM invoice_keluar inv JOIN pelanggan plg ON plg.pelanggan_id = inv.invoice_keluar_pelanggan_id ORDER BY inv.invoice_keluar_id DESC [] []
[2019-07-27 21:49:14] RabbitPrint.WARNING:  | | | data_pelanggan.php -> sel_pelanggan : SELECT p.* FROM pelanggan p JOIN invoice_keluar inv ON p.pelanggan_id = inv.invoice_keluar_pelanggan_id WHERE p.pelanggan_id > 0 GROUP BY p.pelanggan_nama; [] []
[2019-07-27 21:49:14] RabbitPrint.WARNING:  | | | daftar_invoice.php -> jml. invoice : 0 [] []
[2019-07-27 21:49:14] RabbitPrint.WARNING:  | | | data_pelanggan.php -> jml. pelanggan : 1 [] []
[2019-07-27 21:49:24] RabbitPrint.WARNING:  | | | cetak_invoice.php -> sel_invoice : SELECT SUM(inv.invoice_keluar_total_harga) AS total, plg.pelanggan_nama FROM invoice_keluar inv JOIN pelanggan plg ON plg.pelanggan_id = inv.invoice_keluar_pelanggan_id WHERE inv.invoice_keluar_tanggal_kirim BETWEEN '01-07-2019' AND '31-07-2019' GROUP BY plg.pelanggan_nama [] []
[2019-07-27 21:49:30] RabbitPrint.WARNING:  | | | daftar_invoice.php -> membuka halaman [] []
[2019-07-27 21:49:30] RabbitPrint.WARNING:  | | | daftar_invoice.php -> sel_invoice : SELECT inv.*, plg.pelanggan_nama FROM invoice_keluar inv JOIN pelanggan plg ON plg.pelanggan_id = inv.invoice_keluar_pelanggan_id ORDER BY inv.invoice_keluar_id DESC [] []
[2019-07-27 21:49:30] RabbitPrint.WARNING:  | | | data_pelanggan.php -> sel_pelanggan : SELECT p.* FROM pelanggan p JOIN invoice_keluar inv ON p.pelanggan_id = inv.invoice_keluar_pelanggan_id WHERE p.pelanggan_id > 0 GROUP BY p.pelanggan_nama; [] []
[2019-07-27 21:49:30] RabbitPrint.WARNING:  | | | daftar_invoice.php -> jml. invoice : 0 [] []
[2019-07-27 21:49:30] RabbitPrint.WARNING:  | | | data_pelanggan.php -> jml. pelanggan : 1 [] []
[2019-07-27 21:49:36] RabbitPrint.WARNING:  | | | daftar_surat_jalan.php -> membuka halaman [] []
[2019-07-27 21:49:36] RabbitPrint.WARNING:  | | | daftar_surat_)jalan.php -> sel_daftar_surat_jalan : SELECT * FROM surat_jalan ORDER BY surat_jalan_id DESC [] []
[2019-07-27 21:49:36] RabbitPrint.WARNING:  | | | daftar_surat_jalan.php -> sel_plg -> SELECT pelanggan_nama FROM pelanggan WHERE pelanggan_id = 6 [] []
[2019-07-27 21:49:36] RabbitPrint.WARNING:  | | | daftar_surat_jalan.php -> sel_user -> SELECT nama FROM s_user WHERE username = 'superuser' [] []
[2019-07-27 21:49:40] RabbitPrint.WARNING:  | | | daftar_pesanan.php -> membuka halaman [] []
[2019-07-27 21:49:40] RabbitPrint.WARNING:  | | | daftar_pesanan.php -> sel_pesanan : SELECT psn.*, plg.pelanggan_nama	FROM pesanan psn JOIN pelanggan plg ON plg.pelanggan_id = psn.pesanan_pelanggan_id ORDER BY psn.pesanan_id DESC [] []
[2019-07-27 21:49:40] RabbitPrint.WARNING:  | | | daftar_pesanan.php -> jml. pesanan : 0 [] []
[2019-07-27 21:50:07] RabbitPrint.WARNING:  | | | surat_jalan.php -> load [] []
[2019-07-27 21:50:07] RabbitPrint.WARNING:  | | | lihat_pesanan.php -> sel_psn : SELECT psn.*, dps.*, plg.pelanggan_nama AS pesanan_nama_plg, sj.surat_jalan_detail_subtotal_pack FROM pesanan psn JOIN detail_pesanan dps ON dps.detail_pesanan_no_pesanan = psn.pesanan_no_pesanan JOIN pelanggan plg ON plg.pelanggan_id = psn.pesanan_pelanggan_id LEFT JOIN surat_jalan_detail sj ON sj.surat_jalan_detail_pesanan_key = dps.detail_pesanan_key WHERE psn.pesanan_no_pesanan = 'PSN/20190727/001' [] []
[2019-07-27 21:50:12] RabbitPrint.WARNING:  | | | daftar_surat_jalan.php -> membuka halaman [] []
[2019-07-27 21:50:12] RabbitPrint.WARNING:  | | | daftar_surat_)jalan.php -> sel_daftar_surat_jalan : SELECT * FROM surat_jalan ORDER BY surat_jalan_id DESC [] []
[2019-07-27 21:50:12] RabbitPrint.WARNING:  | | | daftar_surat_jalan.php -> sel_plg -> SELECT pelanggan_nama FROM pelanggan WHERE pelanggan_id = 6 [] []
[2019-07-27 21:50:12] RabbitPrint.WARNING:  | | | daftar_surat_jalan.php -> sel_user -> SELECT nama FROM s_user WHERE username = 'superuser' [] []
[2019-07-27 21:50:17] RabbitPrint.WARNING:  | | | daftar_pesanan.php -> membuka halaman [] []
[2019-07-27 21:50:17] RabbitPrint.WARNING:  | | | daftar_pesanan.php -> sel_pesanan : SELECT psn.*, plg.pelanggan_nama	FROM pesanan psn JOIN pelanggan plg ON plg.pelanggan_id = psn.pesanan_pelanggan_id ORDER BY psn.pesanan_id DESC [] []
[2019-07-27 21:50:17] RabbitPrint.WARNING:  | | | daftar_pesanan.php -> jml. pesanan : 0 [] []
[2019-07-27 21:50:19] RabbitPrint.WARNING:  | | | surat_jalan.php -> load [] []
[2019-07-27 21:50:19] RabbitPrint.WARNING:  | | | lihat_pesanan.php -> sel_psn : SELECT psn.*, dps.*, plg.pelanggan_nama AS pesanan_nama_plg, sj.surat_jalan_detail_subtotal_pack FROM pesanan psn JOIN detail_pesanan dps ON dps.detail_pesanan_no_pesanan = psn.pesanan_no_pesanan JOIN pelanggan plg ON plg.pelanggan_id = psn.pesanan_pelanggan_id LEFT JOIN surat_jalan_detail sj ON sj.surat_jalan_detail_pesanan_key = dps.detail_pesanan_key WHERE psn.pesanan_no_pesanan = 'PSN/20190721/001' [] []
[2019-07-27 21:50:23] RabbitPrint.WARNING:  | | | proses_surat_jalan.php -> buat_suratjalan [] []
[2019-07-27 21:50:23] RabbitPrint.WARNING:  | | | functions.php -> getKodeSuratJalan() -> selectkey : SELECT MAX(surat_jalan.surat_jalan_key) AS psnkey FROM surat_jalan WHERE surat_jalan.surat_jalan_key LIKE '%SRJ/20190727/%' [] []
[2019-07-27 21:50:23] RabbitPrint.WARNING:  | | | functions.php -> getKodeSuratJalan() -> psn_key : SRJ/20190727/002 [] []
[2019-07-27 21:50:23] RabbitPrint.WARNING:  | | | proses_surat_jalan.php -> list_barang : [{"surat_jalan_detail_pesanan_key":"0000000001","surat_jalan_detail_nama_barang":"AAAAA","surat_jalan_detail_jenis_print":"ADSASDASD","surat_jalan_detail_warna":"3","surat_jalan_detail_kain":"ASDASD","surat_jalan_detail_nama_warna":"QWE","surat_jalan_detail_ukuran":"XS","surat_jalan_detail_subtotal_qty":"10","surat_jalan_detail_satuan_qty":"PS","surat_jalan_detail_subtotal_pack":"30","surat_jalan_detail_satuan_pack":"PT","surat_jalan_detail_keterangan":""},{"surat_jalan_detail_pesanan_key":"0000000002","surat_jalan_detail_nama_barang":"AAAAA","surat_jalan_detail_jenis_print":"ADSASDASD","surat_jalan_detail_warna":"3","surat_jalan_detail_kain":"ASDASD","surat_jalan_detail_nama_warna":"QWE","surat_jalan_detail_ukuran":"S","surat_jalan_detail_subtotal_qty":"10","surat_jalan_detail_satuan_qty":"PS","surat_jalan_detail_subtotal_pack":"30","surat_jalan_detail_satuan_pack":"PT","surat_jalan_detail_keterangan":""},{"surat_jalan_detail_pesanan_key":"0000000003","surat_jalan_detail_nama_barang":"AAAAA","surat_jalan_detail_jenis_print":"ADSASDASD","surat_jalan_detail_warna":"3","surat_jalan_detail_kain":"ASDASD","surat_jalan_detail_nama_warna":"QWE","surat_jalan_detail_ukuran":"M","surat_jalan_detail_subtotal_qty":"10","surat_jalan_detail_satuan_qty":"PS","surat_jalan_detail_subtotal_pack":"30","surat_jalan_detail_satuan_pack":"PT","surat_jalan_detail_keterangan":""}] [] []
[2019-07-27 21:50:23] RabbitPrint.WARNING:  | | | proses_surat_jalan.php -> insert ke surat_jalan -> sql_pesanan :  [] []
[2019-07-27 21:50:23] RabbitPrint.WARNING:  | | | proses_surat_jalan.php -> insert ke surat_jalan -> BERHASIL [] []
[2019-07-27 21:50:23] RabbitPrint.WARNING:  | | | proses_surat_jalan.php -> insert ke surat_jalan_detail -> sql_detail : INSERT INTO surat_jalan_detail (cre_tms, upd_tms, cre_usr, upd_usr, surat_jalan_detail_surat_jalan_key, surat_jalan_detail_kain, surat_jalan_detail_nama_warna, surat_jalan_detail_pesanan_key, surat_jalan_detail_nama_barang, surat_jalan_detail_jenis_print, surat_jalan_detail_warna, surat_jalan_detail_ukuran, surat_jalan_detail_subtotal_qty, surat_jalan_detail_satuan_qty, surat_jalan_detail_subtotal_pack, surat_jalan_detail_satuan_pack, surat_jalan_detail_keterangan) VALUES ( NOW(), NOW(), 'superuser', 'superuser', 'SRJ/20190727/002', 'ASDASD', 'QWE', '0000000001', 'AAAAA', 'ADSASDASD', 3, 'XS', 10, 'PS', 30, 'PT', ''),( NOW(), NOW(), 'superuser', 'superuser', 'SRJ/20190727/002', 'ASDASD', 'QWE', '0000000002', 'AAAAA', 'ADSASDASD', 3, 'S', 10, 'PS', 30, 'PT', ''),( NOW(), NOW(), 'superuser', 'superuser', 'SRJ/20190727/002', 'ASDASD', 'QWE', '0000000003', 'AAAAA', 'ADSASDASD', 3, 'M', 10, 'PS', 30, 'PT', '') [] []
[2019-07-27 21:50:23] RabbitPrint.WARNING:  | | | proses_surat_jalan.php -> insert ke surat_jalan_detail -> BERHASIL [] []
[2019-07-27 21:50:23] RabbitPrint.WARNING:  | | | proses_surat_jalan.php -> response : Array [] []
[2019-07-27 21:50:23] RabbitPrint.WARNING:  | | | proses_surat_jalan.php -> sql_pesanan : INSERT INTO surat_jalan (cre_tms, upd_tms, cre_usr, upd_usr, surat_jalan_key, surat_jalan_nomor, surat_jalan_tanggal, surat_jalan_jenis_pesanan, surat_jalan_pelanggan_id, surat_jalan_no_pesanan, surat_jalan_total, surat_jalan_status) VALUES (NOW(), NOW(), 'superuser', 'superuser', 'SRJ/20190727/002', 'QE123', '2019-07-27', 'A', 3, 'PSN/20190721/001', 30, 'B') [] []
[2019-07-27 21:50:23] RabbitPrint.WARNING:  | | | proses_surat_jalan.php -> insert ke surat_jalan -> BERHASIL [] []
[2019-07-27 21:50:23] RabbitPrint.WARNING:  | | | proses_surat_jalan.php -> response : Array [] []
[2019-07-27 21:50:24] RabbitPrint.WARNING:  | | | cetak_surat_jalan.php -> sel_pesanan : SELECT sj.*, p.pelanggan_nama, p.pelanggan_telp, p.pelanggan_alamat, u.nama AS createby FROM surat_jalan sj JOIN pelanggan p ON p.pelanggan_id = sj.surat_jalan_pelanggan_id JOIN s_user u ON u.username = sj.cre_usr WHERE sj.surat_jalan_key = 'SRJ/20190727/002' [] []
[2019-07-27 21:50:25] RabbitPrint.WARNING:  | | | cetak_surat_jalan.php -> sel_detailsj : SELECT sj.*, dp.* FROM surat_jalan_detail sj JOIN detail_pesanan dp ON dp.detail_pesanan_key = sj.surat_jalan_detail_pesanan_key WHERE surat_jalan_detail_surat_jalan_key = 'SRJ/20190727/002' [] []
[2019-07-27 21:50:59] RabbitPrint.WARNING:  | | | surat_jalan.php -> load [] []
[2019-07-27 21:50:59] RabbitPrint.WARNING:  | | | lihat_pesanan.php -> sel_psn : SELECT psn.*, dps.*, plg.pelanggan_nama AS pesanan_nama_plg, sj.surat_jalan_detail_subtotal_pack FROM pesanan psn JOIN detail_pesanan dps ON dps.detail_pesanan_no_pesanan = psn.pesanan_no_pesanan JOIN pelanggan plg ON plg.pelanggan_id = psn.pesanan_pelanggan_id LEFT JOIN surat_jalan_detail sj ON sj.surat_jalan_detail_pesanan_key = dps.detail_pesanan_key WHERE psn.pesanan_no_pesanan = 'PSN/20190721/001' [] []
[2019-07-27 21:51:43] RabbitPrint.WARNING:  | | | daftar_surat_jalan.php -> membuka halaman [] []
[2019-07-27 21:51:43] RabbitPrint.WARNING:  | | | daftar_surat_)jalan.php -> sel_daftar_surat_jalan : SELECT * FROM surat_jalan ORDER BY surat_jalan_id DESC [] []
[2019-07-27 21:51:43] RabbitPrint.WARNING:  | | | daftar_surat_jalan.php -> sel_plg -> SELECT pelanggan_nama FROM pelanggan WHERE pelanggan_id = 3 [] []
[2019-07-27 21:51:43] RabbitPrint.WARNING:  | | | daftar_surat_jalan.php -> sel_user -> SELECT nama FROM s_user WHERE username = 'superuser' [] []
[2019-07-27 21:51:43] RabbitPrint.WARNING:  | | | daftar_surat_jalan.php -> sel_plg -> SELECT pelanggan_nama FROM pelanggan WHERE pelanggan_id = 6 [] []
[2019-07-27 21:51:43] RabbitPrint.WARNING:  | | | daftar_surat_jalan.php -> sel_user -> SELECT nama FROM s_user WHERE username = 'superuser' [] []
