[2019-05-01 13:33:29] RabbitPrint.WARNING:  | | | proses_login.php -> cek user -> sql_user : SELECT * FROM s_user WHERE username LIKE 'superuser' AND password LIKE '21232f297a57a5a743894a0e4a801fc3' LIMIT 1 [] []
[2019-05-01 13:33:29] RabbitPrint.WARNING:  | | | proses_login.php -> id_user : 1 [] []
[2019-05-01 13:33:29] RabbitPrint.WARNING:  | | | proses_login.php -> insert ke s_login -> sql_login : INSERT INTO s_login (key_login, id_user, waktu_login, waktu_kadaluarsa, status, ip, pc_dan_browser) VALUES ('15566924093062', '1', '2019-05-01 13:33:29', '2019-05-02 13:33:29', '1', '::1', 'mozilla/5.0 (windows nt 10.0; win64; x64) applewebkit/537.36 (khtml, like gecko) chrome/73.0.3683.103 safari/537.36') [] []
[2019-05-01 13:33:29] RabbitPrint.WARNING:  | | | proses_login.php -> insert ke s_login -> SUCCESS [] []
[2019-05-01 13:33:29] RabbitPrint.WARNING:  | | | proses_login.php -> LOGIN SUKSES!! [] []
[2019-05-01 13:33:36] RabbitPrint.WARNING:  | | | data_pelanggan.php -> sel_pelanggan : SELECT * FROM pelanggan [] []
[2019-05-01 13:33:36] RabbitPrint.WARNING:  | | | data_pelanggan.php -> jml. pelanggan : 1 [] []
[2019-05-01 13:33:36] RabbitPrint.WARNING:  | | | functions.php -> getDetailPesananKey() -> selectkey : SELECT MAX(detail_pesanan_key) AS detail_key FROM detail_pesanan; [] []
[2019-05-01 13:33:36] RabbitPrint.WARNING:  | | | functions.php -> getDetailPesananKey() -> detail_key : 0000000024 [] []
[2019-05-01 13:33:36] RabbitPrint.WARNING:  | | | pesanan.php -> load [] []
[2019-05-01 15:43:31] RabbitPrint.WARNING:  | | | functions.php -> getKodePesanan() -> selectkey : SELECT MAX(pesanan.pesanan_no_pesanan) AS psnkey FROM pesanan WHERE pesanan.pesanan_no_pesanan LIKE '%PSN-220519%' [] []
[2019-05-01 15:43:31] RabbitPrint.WARNING:  | | | functions.php -> getKodePesanan() -> psn_key : PSN-220519-001 [] []
[2019-05-01 15:43:31] RabbitPrint.WARNING:  | | | proses_pesanan.php -> load.. [] []
[2019-05-01 15:43:31] RabbitPrint.WARNING:  | | | proses_pesanan.php -> list_barang : Array [] []
[2019-05-01 15:43:31] RabbitPrint.WARNING:  | | | proses_pesanan.php -> insert ke pesanan -> sql_pesanan : INSERT INTO pesanan (cre_tms, upd_tms, cre_usr, upd_usr, pesanan_no_pesanan, pesanan_no_surat_jalan_masuk, pesanan_jenis_pesanan, pesanan_tanggal_pesanan, pesanan_pelanggan_id, pesanan_total_qty, pesanan_total_qty_packing) VALUES (NOW(), NOW(), 'superuser', 'superuser', 'PSN-220519-001', '123123', 'Pesanan Baru', '2019-05-22', '3', 0, 0) [] []
[2019-05-01 15:43:31] RabbitPrint.WARNING:  | | | proses_pesanan.php -> insert ke pesanan -> BERHASIL [] []
[2019-05-01 15:43:31] RabbitPrint.WARNING:  | | | proses_pesanan.php -> insert ke detail_pesanan -> sql_detail : INSERT INTO detail_pesanan (cre_tms, upd_tms, cre_usr, upd_usr, detail_pesanan_no_pesanan, detail_pesanan_key, detail_pesanan_nama_barang, detail_pesanan_jenis_print, detail_pesanan_detail_kain, detail_pesanan_qty, detail_pesanan_satuan, detail_pesanan_jenis_packing, detail_pesanan_qty_packing, detail_pesanan_warna, detail_pesanan_keterangan) VALUES ( NOW(), NOW(), 'superuser', 'superuser', 'PSN-220519-001', '0000000024', 'asd', 'asd', '12', 12, 'Kg', 'Roll', 3, 3, ''),( NOW(), NOW(), 'superuser', 'superuser', 'PSN-220519-001', '0000000026', 'asd', 'asd', '11', 15, 'Kg', 'Roll', 2, 3, '') [] []
[2019-05-01 15:43:31] RabbitPrint.WARNING:  | | | proses_pesanan.php -> insert ke detail_pesanan -> BERHASIL [] []
[2019-05-01 15:43:33] RabbitPrint.WARNING:  | | | data_pelanggan.php -> sel_pelanggan : SELECT * FROM pelanggan [] []
[2019-05-01 15:43:33] RabbitPrint.WARNING:  | | | data_pelanggan.php -> jml. pelanggan : 1 [] []
[2019-05-01 15:43:33] RabbitPrint.WARNING:  | | | functions.php -> getDetailPesananKey() -> selectkey : SELECT MAX(detail_pesanan_key) AS detail_key FROM detail_pesanan; [] []
[2019-05-01 15:43:33] RabbitPrint.WARNING:  | | | functions.php -> getDetailPesananKey() -> detail_key : 0000000027 [] []
[2019-05-01 15:43:33] RabbitPrint.WARNING:  | | | pesanan.php -> load [] []
[2019-05-01 15:43:41] RabbitPrint.WARNING:  | | | daftar_surat_jalan.php -> membuka halaman [] []
[2019-05-01 15:43:41] RabbitPrint.WARNING:  | | | daftar_surat_)jalan.php -> sel_daftar_surat_jalan : SELECT * FROM surat_jalan ORDER BY surat_jalan_id DESC [] []
[2019-05-01 15:43:41] RabbitPrint.WARNING:  | | | daftar_surat_jalan.php -> sel_plg -> SELECT pelanggan_nama FROM pelanggan WHERE pelanggan_id = 5 [] []
[2019-05-01 15:43:41] RabbitPrint.WARNING:  | | | daftar_surat_jalan.php -> sel_user -> SELECT nama FROM s_user WHERE username = 'superuser' [] []
[2019-05-01 15:43:41] RabbitPrint.WARNING:  | | | daftar_surat_jalan.php -> sel_plg -> SELECT pelanggan_nama FROM pelanggan WHERE pelanggan_id = 7 [] []
[2019-05-01 15:43:41] RabbitPrint.WARNING:  | | | daftar_surat_jalan.php -> sel_user -> SELECT nama FROM s_user WHERE username = 'superuser' [] []
[2019-05-01 15:43:47] RabbitPrint.WARNING:  | | | daftar_pesanan.php -> membuka halaman [] []
[2019-05-01 15:43:47] RabbitPrint.WARNING:  | | | daftar_pesanan.php -> sel_pesanan : SELECT psn.*, plg.pelanggan_nama	FROM pesanan psn JOIN pelanggan plg ON plg.pelanggan_id = psn.pesanan_pelanggan_id ORDER BY psn.pesanan_id DESC [] []
[2019-05-01 15:43:47] RabbitPrint.WARNING:  | | | daftar_pesanan.php -> jml. pesanan : 0 [] []
[2019-05-01 15:43:51] RabbitPrint.WARNING:  | | | data_pelanggan.php -> sel_pelanggan : SELECT * FROM pelanggan [] []
[2019-05-01 15:43:51] RabbitPrint.WARNING:  | | | data_pelanggan.php -> jml. pelanggan : 1 [] []
[2019-05-01 15:43:51] RabbitPrint.WARNING:  | | | lihat_pesanan.php -> load [] []
[2019-05-01 15:43:51] RabbitPrint.WARNING:  | | | lihat_pesanan.php -> sel_psn : SELECT * FROM pesanan WHERE pesanan_no_pesanan = 'PSN-220519-001' [] []
[2019-05-01 15:43:51] RabbitPrint.WARNING:  | | | lihat_pesanan.php -> sel_plg : SELECT pelanggan_nama FROM pelanggan WHERE pelanggan_id = 3 [] []
[2019-05-01 15:43:51] RabbitPrint.WARNING:  | | | lihat_pesanan.php -> sel_detailpsn : SELECT * FROM detail_pesanan WHERE detail_pesanan_no_pesanan = 'PSN-220519-001' [] []
[2019-05-01 15:43:54] RabbitPrint.WARNING:  | | | proses_daftar_pesanan.php -> buat_suratjalan [] []
[2019-05-01 15:43:54] RabbitPrint.WARNING:  | | | functions.php -> getKodeSuratJalan() -> selectkey : SELECT MAX(surat_jalan.surat_jalan_key) AS psnkey FROM surat_jalan WHERE surat_jalan.surat_jalan_key LIKE '%SRJ-010519%' [] []
[2019-05-01 15:43:54] RabbitPrint.WARNING:  | | | functions.php -> getKodeSuratJalan() -> psn_key : SRJ-010519-001 [] []
[2019-05-01 15:43:54] RabbitPrint.WARNING:  | | | proses_daftar_pesanan.php -> list_barang : {"0":{"surat_jalan_detail_nama_barang":"asd","surat_jalan_detail_jenis_print":"asd","surat_jalan_detail_warna":"3","surat_jalan_detail_subtotal_qty":"66","surat_jalan_detail_satuan_qty":"Kg","surat_jalan_detail_subtotal_pack":"5","surat_jalan_detail_satuan_pack":"Roll","surat_jalan_detail_keterangan":"12 - 12 x 3\n11 - 15 x 2"}} [] []
[2019-05-01 15:43:54] RabbitPrint.WARNING:  | | | proses_daftar_pesanan.php -> insert ke surat_jalan -> sql_pesanan : INSERT INTO surat_jalan (cre_tms, upd_tms, cre_usr, upd_usr, surat_jalan_key, surat_jalan_nomor, surat_jalan_tanggal, surat_jalan_pelanggan_id, surat_jalan_no_pesanan, surat_jalan_status) VALUES (NOW(), NOW(), 'superuser', 'superuser', 'SRJ-010519-001', '123123', '2019-05-01', 3, 'PSN-220519-001', 'B') [] []
[2019-05-01 15:43:54] RabbitPrint.WARNING:  | | | proses_daftar_pesanan.php -> insert ke surat_jalan -> BERHASIL [] []
[2019-05-01 15:43:54] RabbitPrint.WARNING:  | | | proses_daftar_pesanan.php -> insert ke surat_jalan_detail -> sql_detail : INSERT INTO surat_jalan_detail (cre_tms, upd_tms, cre_usr, upd_usr, surat_jalan_detail_surat_jalan_key, surat_jalan_detail_nama_barang, surat_jalan_detail_jenis_print, surat_jalan_detail_warna, surat_jalan_detail_subtotal_qty, surat_jalan_detail_satuan_qty, surat_jalan_detail_subtotal_pack, surat_jalan_detail_satuan_pack, surat_jalan_detail_keterangan) VALUES ( NOW(), NOW(), 'superuser', 'superuser', 'SRJ-010519-001', 'asd', 'asd', 3, 66, 'Kg', 5, 'Roll', '12 - 12 x 3 11 - 15 x 2' '') [] []
[2019-05-01 15:43:55] RabbitPrint.WARNING:  | | | proses_daftar_pesanan.php -> upd_psn : UPDATE detail_pesanan p SET p.upd_tms = NOW(), p.upd_usr = 'superuser', p.detail_pesanan_status = 'SRJ-010519-001' WHERE p.detail_pesanan_no_pesanan = 'PSN-220519-001' AND p.detail_pesanan_nama_barang = 'asd' AND p.detail_pesanan_jenis_print = 'asd' [] []
[2019-05-01 15:43:55] RabbitPrint.WARNING:  | | | proses_daftar_pesanan.php -> insert ke surat_jalan_detail -> BERHASIL [] []
[2019-05-01 15:43:55] RabbitPrint.WARNING:  | | | proses_daftar_pesanan.php -> response : Array [] []
[2019-05-01 15:43:56] RabbitPrint.WARNING:  | | | cetak_surat_jalan.php -> sel_pesanan : SELECT sj.*, p.pelanggan_nama, p.pelanggan_telp, p.pelanggan_alamat, u.nama AS createby FROM surat_jalan sj JOIN pelanggan p ON p.pelanggan_id = sj.surat_jalan_pelanggan_id JOIN s_user u ON u.username = sj.cre_usr WHERE sj.surat_jalan_key = 'SRJ-010519-001' [] []
[2019-05-01 15:43:56] RabbitPrint.WARNING:  | | | cetak_surat_jalan.php -> sel_detailsj : SELECT * FROM surat_jalan_detail WHERE surat_jalan_detail_surat_jalan_key = 'SRJ-010519-001' [] []
[2019-05-01 15:44:26] RabbitPrint.WARNING:  | | | daftar_surat_jalan.php -> membuka halaman [] []
[2019-05-01 15:44:26] RabbitPrint.WARNING:  | | | daftar_surat_)jalan.php -> sel_daftar_surat_jalan : SELECT * FROM surat_jalan ORDER BY surat_jalan_id DESC [] []
[2019-05-01 15:44:26] RabbitPrint.WARNING:  | | | daftar_surat_jalan.php -> sel_plg -> SELECT pelanggan_nama FROM pelanggan WHERE pelanggan_id = 3 [] []
[2019-05-01 15:44:26] RabbitPrint.WARNING:  | | | daftar_surat_jalan.php -> sel_user -> SELECT nama FROM s_user WHERE username = 'superuser' [] []
[2019-05-01 15:44:26] RabbitPrint.WARNING:  | | | daftar_surat_jalan.php -> sel_plg -> SELECT pelanggan_nama FROM pelanggan WHERE pelanggan_id = 5 [] []
[2019-05-01 15:44:26] RabbitPrint.WARNING:  | | | daftar_surat_jalan.php -> sel_user -> SELECT nama FROM s_user WHERE username = 'superuser' [] []
[2019-05-01 15:44:26] RabbitPrint.WARNING:  | | | daftar_surat_jalan.php -> sel_plg -> SELECT pelanggan_nama FROM pelanggan WHERE pelanggan_id = 7 [] []
[2019-05-01 15:44:26] RabbitPrint.WARNING:  | | | daftar_surat_jalan.php -> sel_user -> SELECT nama FROM s_user WHERE username = 'superuser' [] []
[2019-05-01 16:33:52] RabbitPrint.WARNING:  | | | cetak_surat_jalan.php -> sel_pesanan : SELECT sj.*, p.pelanggan_nama, p.pelanggan_telp, p.pelanggan_alamat, u.nama AS createby FROM surat_jalan sj JOIN pelanggan p ON p.pelanggan_id = sj.surat_jalan_pelanggan_id JOIN s_user u ON u.username = sj.cre_usr WHERE sj.surat_jalan_key = 'SRJ-260419-004' [] []
[2019-05-01 16:33:52] RabbitPrint.WARNING:  | | | cetak_surat_jalan.php -> sel_detailsj : SELECT * FROM surat_jalan_detail WHERE surat_jalan_detail_surat_jalan_key = 'SRJ-260419-004' [] []
[2019-05-01 16:34:01] RabbitPrint.WARNING:  | | | daftar_surat_jalan.php -> membuka halaman [] []
[2019-05-01 16:34:01] RabbitPrint.WARNING:  | | | daftar_surat_)jalan.php -> sel_daftar_surat_jalan : SELECT * FROM surat_jalan ORDER BY surat_jalan_id DESC [] []
[2019-05-01 16:34:01] RabbitPrint.WARNING:  | | | daftar_surat_jalan.php -> sel_plg -> SELECT pelanggan_nama FROM pelanggan WHERE pelanggan_id = 3 [] []
[2019-05-01 16:34:01] RabbitPrint.WARNING:  | | | daftar_surat_jalan.php -> sel_user -> SELECT nama FROM s_user WHERE username = 'superuser' [] []
[2019-05-01 16:34:01] RabbitPrint.WARNING:  | | | daftar_surat_jalan.php -> sel_plg -> SELECT pelanggan_nama FROM pelanggan WHERE pelanggan_id = 5 [] []
[2019-05-01 16:34:01] RabbitPrint.WARNING:  | | | daftar_surat_jalan.php -> sel_user -> SELECT nama FROM s_user WHERE username = 'superuser' [] []
[2019-05-01 16:34:01] RabbitPrint.WARNING:  | | | daftar_surat_jalan.php -> sel_plg -> SELECT pelanggan_nama FROM pelanggan WHERE pelanggan_id = 7 [] []
[2019-05-01 16:34:01] RabbitPrint.WARNING:  | | | daftar_surat_jalan.php -> sel_user -> SELECT nama FROM s_user WHERE username = 'superuser' [] []
[2019-05-01 16:36:40] RabbitPrint.WARNING:  | | | cetak_surat_jalan.php -> sel_pesanan : SELECT sj.*, p.pelanggan_nama, p.pelanggan_telp, p.pelanggan_alamat, u.nama AS createby FROM surat_jalan sj JOIN pelanggan p ON p.pelanggan_id = sj.surat_jalan_pelanggan_id JOIN s_user u ON u.username = sj.cre_usr WHERE sj.surat_jalan_key = 'SRJ-010519-001' [] []
[2019-05-01 16:36:40] RabbitPrint.WARNING:  | | | cetak_surat_jalan.php -> sel_detailsj : SELECT * FROM surat_jalan_detail WHERE surat_jalan_detail_surat_jalan_key = 'SRJ-010519-001' [] []
[2019-05-01 16:36:51] RabbitPrint.WARNING:  | | | daftar_surat_jalan.php -> membuka halaman [] []
[2019-05-01 16:36:51] RabbitPrint.WARNING:  | | | daftar_surat_)jalan.php -> sel_daftar_surat_jalan : SELECT * FROM surat_jalan ORDER BY surat_jalan_id DESC [] []
[2019-05-01 16:36:51] RabbitPrint.WARNING:  | | | daftar_surat_jalan.php -> sel_plg -> SELECT pelanggan_nama FROM pelanggan WHERE pelanggan_id = 3 [] []
[2019-05-01 16:36:51] RabbitPrint.WARNING:  | | | daftar_surat_jalan.php -> sel_user -> SELECT nama FROM s_user WHERE username = 'superuser' [] []
[2019-05-01 16:36:51] RabbitPrint.WARNING:  | | | daftar_surat_jalan.php -> sel_plg -> SELECT pelanggan_nama FROM pelanggan WHERE pelanggan_id = 5 [] []
[2019-05-01 16:36:51] RabbitPrint.WARNING:  | | | daftar_surat_jalan.php -> sel_user -> SELECT nama FROM s_user WHERE username = 'superuser' [] []
[2019-05-01 16:36:51] RabbitPrint.WARNING:  | | | daftar_surat_jalan.php -> sel_plg -> SELECT pelanggan_nama FROM pelanggan WHERE pelanggan_id = 7 [] []
[2019-05-01 16:36:51] RabbitPrint.WARNING:  | | | daftar_surat_jalan.php -> sel_user -> SELECT nama FROM s_user WHERE username = 'superuser' [] []
[2019-05-01 16:59:01] RabbitPrint.WARNING:  | | | data_pelanggan.php -> sel_pelanggan : SELECT * FROM pelanggan [] []
[2019-05-01 16:59:01] RabbitPrint.WARNING:  | | | data_pelanggan.php -> jml. pelanggan : 1 [] []
[2019-05-01 16:59:01] RabbitPrint.WARNING:  | | | functions.php -> getDetailPesananKey() -> selectkey : SELECT MAX(detail_pesanan_key) AS detail_key FROM detail_pesanan; [] []
[2019-05-01 16:59:01] RabbitPrint.WARNING:  | | | functions.php -> getDetailPesananKey() -> detail_key : 0000000027 [] []
[2019-05-01 16:59:01] RabbitPrint.WARNING:  | | | pesanan.php -> load [] []
[2019-05-01 16:59:11] RabbitPrint.WARNING:  | | | data_pelanggan.php -> sel_pelanggan : SELECT * FROM pelanggan [] []
[2019-05-01 16:59:11] RabbitPrint.WARNING:  | | | data_pelanggan.php -> jml. pelanggan : 1 [] []
[2019-05-01 16:59:11] RabbitPrint.WARNING:  | | | functions.php -> getDetailPesananKey() -> selectkey : SELECT MAX(detail_pesanan_key) AS detail_key FROM detail_pesanan; [] []
[2019-05-01 16:59:11] RabbitPrint.WARNING:  | | | functions.php -> getDetailPesananKey() -> detail_key : 0000000027 [] []
[2019-05-01 16:59:11] RabbitPrint.WARNING:  | | | pesanan.php -> load [] []
[2019-05-01 17:23:57] RabbitPrint.WARNING:  | | | data_pelanggan.php -> sel_pelanggan : SELECT * FROM pelanggan [] []
[2019-05-01 17:23:57] RabbitPrint.WARNING:  | | | data_pelanggan.php -> jml. pelanggan : 1 [] []
[2019-05-01 17:23:57] RabbitPrint.WARNING:  | | | functions.php -> getDetailPesananKey() -> selectkey : SELECT MAX(detail_pesanan_key) AS detail_key FROM detail_pesanan; [] []
[2019-05-01 17:23:57] RabbitPrint.WARNING:  | | | functions.php -> getDetailPesananKey() -> detail_key : 0000000027 [] []
[2019-05-01 17:23:57] RabbitPrint.WARNING:  | | | pesanan.php -> load [] []
[2019-05-01 17:24:14] RabbitPrint.WARNING:  | | | data_pelanggan.php -> sel_pelanggan : SELECT * FROM pelanggan [] []
[2019-05-01 17:24:14] RabbitPrint.WARNING:  | | | data_pelanggan.php -> jml. pelanggan : 1 [] []
[2019-05-01 17:24:14] RabbitPrint.WARNING:  | | | functions.php -> getDetailPesananKey() -> selectkey : SELECT MAX(detail_pesanan_key) AS detail_key FROM detail_pesanan; [] []
[2019-05-01 17:24:14] RabbitPrint.WARNING:  | | | functions.php -> getDetailPesananKey() -> detail_key : 0000000027 [] []
[2019-05-01 17:24:14] RabbitPrint.WARNING:  | | | pesanan.php -> load [] []
[2019-05-01 17:24:17] RabbitPrint.WARNING:  | | | data_pelanggan.php -> sel_pelanggan : SELECT * FROM pelanggan [] []
[2019-05-01 17:24:17] RabbitPrint.WARNING:  | | | data_pelanggan.php -> jml. pelanggan : 1 [] []
[2019-05-01 17:24:17] RabbitPrint.WARNING:  | | | functions.php -> getDetailPesananKey() -> selectkey : SELECT MAX(detail_pesanan_key) AS detail_key FROM detail_pesanan; [] []
[2019-05-01 17:24:17] RabbitPrint.WARNING:  | | | functions.php -> getDetailPesananKey() -> detail_key : 0000000027 [] []
[2019-05-01 17:24:17] RabbitPrint.WARNING:  | | | pesanan.php -> load [] []
[2019-05-01 17:24:18] RabbitPrint.WARNING:  | | | data_pelanggan.php -> sel_pelanggan : SELECT * FROM pelanggan [] []
[2019-05-01 17:24:18] RabbitPrint.WARNING:  | | | data_pelanggan.php -> jml. pelanggan : 1 [] []
[2019-05-01 17:24:18] RabbitPrint.WARNING:  | | | functions.php -> getDetailPesananKey() -> selectkey : SELECT MAX(detail_pesanan_key) AS detail_key FROM detail_pesanan; [] []
[2019-05-01 17:24:18] RabbitPrint.WARNING:  | | | functions.php -> getDetailPesananKey() -> detail_key : 0000000027 [] []
[2019-05-01 17:24:18] RabbitPrint.WARNING:  | | | pesanan.php -> load [] []
[2019-05-01 17:24:19] RabbitPrint.WARNING:  | | | data_pelanggan.php -> sel_pelanggan : SELECT * FROM pelanggan [] []
[2019-05-01 17:24:19] RabbitPrint.WARNING:  | | | data_pelanggan.php -> jml. pelanggan : 1 [] []
[2019-05-01 17:24:19] RabbitPrint.WARNING:  | | | functions.php -> getDetailPesananKey() -> selectkey : SELECT MAX(detail_pesanan_key) AS detail_key FROM detail_pesanan; [] []
[2019-05-01 17:24:19] RabbitPrint.WARNING:  | | | functions.php -> getDetailPesananKey() -> detail_key : 0000000027 [] []
[2019-05-01 17:24:19] RabbitPrint.WARNING:  | | | pesanan.php -> load [] []
[2019-05-01 17:24:20] RabbitPrint.WARNING:  | | | data_pelanggan.php -> sel_pelanggan : SELECT * FROM pelanggan [] []
[2019-05-01 17:24:20] RabbitPrint.WARNING:  | | | data_pelanggan.php -> jml. pelanggan : 1 [] []
[2019-05-01 17:24:20] RabbitPrint.WARNING:  | | | functions.php -> getDetailPesananKey() -> selectkey : SELECT MAX(detail_pesanan_key) AS detail_key FROM detail_pesanan; [] []
[2019-05-01 17:24:20] RabbitPrint.WARNING:  | | | functions.php -> getDetailPesananKey() -> detail_key : 0000000027 [] []
[2019-05-01 17:24:20] RabbitPrint.WARNING:  | | | pesanan.php -> load [] []
[2019-05-01 17:24:21] RabbitPrint.WARNING:  | | | data_pelanggan.php -> sel_pelanggan : SELECT * FROM pelanggan [] []
[2019-05-01 17:24:21] RabbitPrint.WARNING:  | | | data_pelanggan.php -> jml. pelanggan : 1 [] []
[2019-05-01 17:24:21] RabbitPrint.WARNING:  | | | functions.php -> getDetailPesananKey() -> selectkey : SELECT MAX(detail_pesanan_key) AS detail_key FROM detail_pesanan; [] []
[2019-05-01 17:24:21] RabbitPrint.WARNING:  | | | functions.php -> getDetailPesananKey() -> detail_key : 0000000027 [] []
[2019-05-01 17:24:21] RabbitPrint.WARNING:  | | | pesanan.php -> load [] []
[2019-05-01 17:24:22] RabbitPrint.WARNING:  | | | data_pelanggan.php -> sel_pelanggan : SELECT * FROM pelanggan [] []
[2019-05-01 17:24:22] RabbitPrint.WARNING:  | | | data_pelanggan.php -> jml. pelanggan : 1 [] []
[2019-05-01 17:24:22] RabbitPrint.WARNING:  | | | functions.php -> getDetailPesananKey() -> selectkey : SELECT MAX(detail_pesanan_key) AS detail_key FROM detail_pesanan; [] []
[2019-05-01 17:24:22] RabbitPrint.WARNING:  | | | functions.php -> getDetailPesananKey() -> detail_key : 0000000027 [] []
[2019-05-01 17:24:22] RabbitPrint.WARNING:  | | | pesanan.php -> load [] []
[2019-05-01 17:24:23] RabbitPrint.WARNING:  | | | data_pelanggan.php -> sel_pelanggan : SELECT * FROM pelanggan [] []
[2019-05-01 17:24:23] RabbitPrint.WARNING:  | | | data_pelanggan.php -> jml. pelanggan : 1 [] []
[2019-05-01 17:24:23] RabbitPrint.WARNING:  | | | functions.php -> getDetailPesananKey() -> selectkey : SELECT MAX(detail_pesanan_key) AS detail_key FROM detail_pesanan; [] []
[2019-05-01 17:24:23] RabbitPrint.WARNING:  | | | functions.php -> getDetailPesananKey() -> detail_key : 0000000027 [] []
[2019-05-01 17:24:23] RabbitPrint.WARNING:  | | | pesanan.php -> load [] []
[2019-05-01 17:24:24] RabbitPrint.WARNING:  | | | data_pelanggan.php -> sel_pelanggan : SELECT * FROM pelanggan [] []
[2019-05-01 17:24:24] RabbitPrint.WARNING:  | | | data_pelanggan.php -> jml. pelanggan : 1 [] []
[2019-05-01 17:24:24] RabbitPrint.WARNING:  | | | functions.php -> getDetailPesananKey() -> selectkey : SELECT MAX(detail_pesanan_key) AS detail_key FROM detail_pesanan; [] []
[2019-05-01 17:24:24] RabbitPrint.WARNING:  | | | functions.php -> getDetailPesananKey() -> detail_key : 0000000027 [] []
[2019-05-01 17:24:24] RabbitPrint.WARNING:  | | | pesanan.php -> load [] []
[2019-05-01 17:24:25] RabbitPrint.WARNING:  | | | data_pelanggan.php -> sel_pelanggan : SELECT * FROM pelanggan [] []
[2019-05-01 17:24:25] RabbitPrint.WARNING:  | | | data_pelanggan.php -> jml. pelanggan : 1 [] []
[2019-05-01 17:24:25] RabbitPrint.WARNING:  | | | functions.php -> getDetailPesananKey() -> selectkey : SELECT MAX(detail_pesanan_key) AS detail_key FROM detail_pesanan; [] []
[2019-05-01 17:24:25] RabbitPrint.WARNING:  | | | functions.php -> getDetailPesananKey() -> detail_key : 0000000027 [] []
[2019-05-01 17:24:25] RabbitPrint.WARNING:  | | | pesanan.php -> load [] []
[2019-05-01 17:24:26] RabbitPrint.WARNING:  | | | data_pelanggan.php -> sel_pelanggan : SELECT * FROM pelanggan [] []
[2019-05-01 17:24:26] RabbitPrint.WARNING:  | | | data_pelanggan.php -> jml. pelanggan : 1 [] []
[2019-05-01 17:24:26] RabbitPrint.WARNING:  | | | functions.php -> getDetailPesananKey() -> selectkey : SELECT MAX(detail_pesanan_key) AS detail_key FROM detail_pesanan; [] []
[2019-05-01 17:24:26] RabbitPrint.WARNING:  | | | functions.php -> getDetailPesananKey() -> detail_key : 0000000027 [] []
[2019-05-01 17:24:26] RabbitPrint.WARNING:  | | | pesanan.php -> load [] []
[2019-05-01 17:24:27] RabbitPrint.WARNING:  | | | data_pelanggan.php -> sel_pelanggan : SELECT * FROM pelanggan [] []
[2019-05-01 17:24:27] RabbitPrint.WARNING:  | | | data_pelanggan.php -> jml. pelanggan : 1 [] []
[2019-05-01 17:24:27] RabbitPrint.WARNING:  | | | functions.php -> getDetailPesananKey() -> selectkey : SELECT MAX(detail_pesanan_key) AS detail_key FROM detail_pesanan; [] []
[2019-05-01 17:24:27] RabbitPrint.WARNING:  | | | functions.php -> getDetailPesananKey() -> detail_key : 0000000027 [] []
[2019-05-01 17:24:27] RabbitPrint.WARNING:  | | | pesanan.php -> load [] []
[2019-05-01 17:24:28] RabbitPrint.WARNING:  | | | data_pelanggan.php -> sel_pelanggan : SELECT * FROM pelanggan [] []
[2019-05-01 17:24:28] RabbitPrint.WARNING:  | | | data_pelanggan.php -> jml. pelanggan : 1 [] []
[2019-05-01 17:24:28] RabbitPrint.WARNING:  | | | functions.php -> getDetailPesananKey() -> selectkey : SELECT MAX(detail_pesanan_key) AS detail_key FROM detail_pesanan; [] []
[2019-05-01 17:24:28] RabbitPrint.WARNING:  | | | functions.php -> getDetailPesananKey() -> detail_key : 0000000027 [] []
[2019-05-01 17:24:28] RabbitPrint.WARNING:  | | | pesanan.php -> load [] []
[2019-05-01 17:24:29] RabbitPrint.WARNING:  | | | data_pelanggan.php -> sel_pelanggan : SELECT * FROM pelanggan [] []
[2019-05-01 17:24:29] RabbitPrint.WARNING:  | | | data_pelanggan.php -> jml. pelanggan : 1 [] []
[2019-05-01 17:24:29] RabbitPrint.WARNING:  | | | functions.php -> getDetailPesananKey() -> selectkey : SELECT MAX(detail_pesanan_key) AS detail_key FROM detail_pesanan; [] []
[2019-05-01 17:24:29] RabbitPrint.WARNING:  | | | functions.php -> getDetailPesananKey() -> detail_key : 0000000027 [] []
[2019-05-01 17:24:29] RabbitPrint.WARNING:  | | | pesanan.php -> load [] []
[2019-05-01 17:24:30] RabbitPrint.WARNING:  | | | data_pelanggan.php -> sel_pelanggan : SELECT * FROM pelanggan [] []
[2019-05-01 17:24:30] RabbitPrint.WARNING:  | | | data_pelanggan.php -> jml. pelanggan : 1 [] []
[2019-05-01 17:24:30] RabbitPrint.WARNING:  | | | functions.php -> getDetailPesananKey() -> selectkey : SELECT MAX(detail_pesanan_key) AS detail_key FROM detail_pesanan; [] []
[2019-05-01 17:24:30] RabbitPrint.WARNING:  | | | functions.php -> getDetailPesananKey() -> detail_key : 0000000027 [] []
[2019-05-01 17:24:30] RabbitPrint.WARNING:  | | | pesanan.php -> load [] []
[2019-05-01 17:24:33] RabbitPrint.WARNING:  | | | data_pelanggan.php -> sel_pelanggan : SELECT * FROM pelanggan [] []
[2019-05-01 17:24:33] RabbitPrint.WARNING:  | | | data_pelanggan.php -> jml. pelanggan : 1 [] []
[2019-05-01 17:24:33] RabbitPrint.WARNING:  | | | functions.php -> getDetailPesananKey() -> selectkey : SELECT MAX(detail_pesanan_key) AS detail_key FROM detail_pesanan; [] []
[2019-05-01 17:24:33] RabbitPrint.WARNING:  | | | functions.php -> getDetailPesananKey() -> detail_key : 0000000027 [] []
[2019-05-01 17:24:33] RabbitPrint.WARNING:  | | | pesanan.php -> load [] []
[2019-05-01 17:25:40] RabbitPrint.WARNING:  | | | data_pelanggan.php -> sel_pelanggan : SELECT * FROM pelanggan [] []
[2019-05-01 17:25:40] RabbitPrint.WARNING:  | | | data_pelanggan.php -> jml. pelanggan : 1 [] []
[2019-05-01 17:25:40] RabbitPrint.WARNING:  | | | functions.php -> getDetailPesananKey() -> selectkey : SELECT MAX(detail_pesanan_key) AS detail_key FROM detail_pesanan; [] []
[2019-05-01 17:25:40] RabbitPrint.WARNING:  | | | functions.php -> getDetailPesananKey() -> detail_key : 0000000027 [] []
[2019-05-01 17:25:40] RabbitPrint.WARNING:  | | | pesanan.php -> load [] []
[2019-05-01 17:27:29] RabbitPrint.WARNING:  | | | proses_login.php -> cek user -> sql_user : SELECT * FROM s_user WHERE username LIKE 'superuser' AND password LIKE '21232f297a57a5a743894a0e4a801fc3' LIMIT 1 [] []
[2019-05-01 17:27:29] RabbitPrint.WARNING:  | | | proses_login.php -> id_user : 1 [] []
[2019-05-01 17:27:29] RabbitPrint.WARNING:  | | | proses_login.php -> insert ke s_login -> sql_login : INSERT INTO s_login (key_login, id_user, waktu_login, waktu_kadaluarsa, status, ip, pc_dan_browser) VALUES ('15567064494889', '1', '2019-05-01 17:27:29', '2019-05-02 17:27:29', '1', '127.0.0.1', 'mozilla/5.0 (windows nt 10.0; win64; x64) applewebkit/537.36 (khtml, like gecko) chrome/73.0.3683.103 safari/537.36') [] []
[2019-05-01 17:27:29] RabbitPrint.WARNING:  | | | proses_login.php -> insert ke s_login -> SUCCESS [] []
[2019-05-01 17:27:29] RabbitPrint.WARNING:  | | | proses_login.php -> LOGIN SUKSES!! [] []
[2019-05-01 17:34:35] RabbitPrint.WARNING:  | | | daftar_pesanan.php -> membuka halaman [] []
[2019-05-01 17:34:35] RabbitPrint.WARNING:  | | | daftar_pesanan.php -> sel_pesanan : SELECT psn.*, plg.pelanggan_nama	FROM pesanan psn JOIN pelanggan plg ON plg.pelanggan_id = psn.pesanan_pelanggan_id ORDER BY psn.pesanan_id DESC [] []
[2019-05-01 17:34:35] RabbitPrint.WARNING:  | | | daftar_pesanan.php -> jml. pesanan : 0 [] []
[2019-05-01 17:34:39] RabbitPrint.WARNING:  | | | data_pelanggan.php -> sel_pelanggan : SELECT * FROM pelanggan [] []
[2019-05-01 17:34:39] RabbitPrint.WARNING:  | | | data_pelanggan.php -> jml. pelanggan : 1 [] []
[2019-05-01 17:34:39] RabbitPrint.WARNING:  | | | functions.php -> getDetailPesananKey() -> selectkey : SELECT MAX(detail_pesanan_key) AS detail_key FROM detail_pesanan; [] []
[2019-05-01 17:34:39] RabbitPrint.WARNING:  | | | functions.php -> getDetailPesananKey() -> detail_key : 0000000027 [] []
[2019-05-01 17:34:39] RabbitPrint.WARNING:  | | | pesanan.php -> load [] []
[2019-05-01 17:37:19] RabbitPrint.WARNING:  | | | data_pelanggan.php -> sel_pelanggan : SELECT * FROM pelanggan [] []
[2019-05-01 17:37:19] RabbitPrint.WARNING:  | | | data_pelanggan.php -> jml. pelanggan : 1 [] []
[2019-05-01 17:37:19] RabbitPrint.WARNING:  | | | functions.php -> getDetailPesananKey() -> selectkey : SELECT MAX(detail_pesanan_key) AS detail_key FROM detail_pesanan; [] []
[2019-05-01 17:37:19] RabbitPrint.WARNING:  | | | functions.php -> getDetailPesananKey() -> detail_key : 0000000027 [] []
[2019-05-01 17:37:19] RabbitPrint.WARNING:  | | | pesanan.php -> load [] []
[2019-05-01 17:49:58] RabbitPrint.WARNING:  | | | data_pelanggan.php -> sel_pelanggan : SELECT * FROM pelanggan [] []
[2019-05-01 17:49:58] RabbitPrint.WARNING:  | | | data_pelanggan.php -> jml. pelanggan : 1 [] []
[2019-05-01 17:49:58] RabbitPrint.WARNING:  | | | functions.php -> getDetailPesananKey() -> selectkey : SELECT MAX(detail_pesanan_key) AS detail_key FROM detail_pesanan; [] []
[2019-05-01 17:49:58] RabbitPrint.WARNING:  | | | functions.php -> getDetailPesananKey() -> detail_key : 0000000027 [] []
[2019-05-01 17:49:58] RabbitPrint.WARNING:  | | | pesanan.php -> load [] []
[2019-05-01 17:52:06] RabbitPrint.WARNING:  | | | data_pelanggan.php -> sel_pelanggan : SELECT * FROM pelanggan [] []
[2019-05-01 17:52:06] RabbitPrint.WARNING:  | | | data_pelanggan.php -> jml. pelanggan : 1 [] []
[2019-05-01 17:52:06] RabbitPrint.WARNING:  | | | functions.php -> getDetailPesananKey() -> selectkey : SELECT MAX(detail_pesanan_key) AS detail_key FROM detail_pesanan; [] []
[2019-05-01 17:52:06] RabbitPrint.WARNING:  | | | functions.php -> getDetailPesananKey() -> detail_key : 0000000027 [] []
[2019-05-01 17:52:06] RabbitPrint.WARNING:  | | | pesanan.php -> load [] []
[2019-05-01 17:52:43] RabbitPrint.WARNING:  | | | data_pelanggan.php -> sel_pelanggan : SELECT * FROM pelanggan [] []
[2019-05-01 17:52:43] RabbitPrint.WARNING:  | | | data_pelanggan.php -> jml. pelanggan : 1 [] []
[2019-05-01 17:52:43] RabbitPrint.WARNING:  | | | functions.php -> getDetailPesananKey() -> selectkey : SELECT MAX(detail_pesanan_key) AS detail_key FROM detail_pesanan; [] []
[2019-05-01 17:52:43] RabbitPrint.WARNING:  | | | functions.php -> getDetailPesananKey() -> detail_key : 0000000027 [] []
[2019-05-01 17:52:43] RabbitPrint.WARNING:  | | | pesanan.php -> load [] []
[2019-05-01 17:53:01] RabbitPrint.WARNING:  | | | data_pelanggan.php -> sel_pelanggan : SELECT * FROM pelanggan [] []
[2019-05-01 17:53:01] RabbitPrint.WARNING:  | | | data_pelanggan.php -> jml. pelanggan : 1 [] []
[2019-05-01 17:53:01] RabbitPrint.WARNING:  | | | functions.php -> getDetailPesananKey() -> selectkey : SELECT MAX(detail_pesanan_key) AS detail_key FROM detail_pesanan; [] []
[2019-05-01 17:53:01] RabbitPrint.WARNING:  | | | functions.php -> getDetailPesananKey() -> detail_key : 0000000027 [] []
[2019-05-01 17:53:01] RabbitPrint.WARNING:  | | | pesanan.php -> load [] []
[2019-05-01 17:53:27] RabbitPrint.WARNING:  | | | data_pelanggan.php -> sel_pelanggan : SELECT * FROM pelanggan [] []
[2019-05-01 17:53:27] RabbitPrint.WARNING:  | | | data_pelanggan.php -> jml. pelanggan : 1 [] []
[2019-05-01 17:53:27] RabbitPrint.WARNING:  | | | functions.php -> getDetailPesananKey() -> selectkey : SELECT MAX(detail_pesanan_key) AS detail_key FROM detail_pesanan; [] []
[2019-05-01 17:53:27] RabbitPrint.WARNING:  | | | functions.php -> getDetailPesananKey() -> detail_key : 0000000027 [] []
[2019-05-01 17:53:27] RabbitPrint.WARNING:  | | | pesanan.php -> load [] []
[2019-05-01 17:54:12] RabbitPrint.WARNING:  | | | data_pelanggan.php -> sel_pelanggan : SELECT * FROM pelanggan [] []
[2019-05-01 17:54:12] RabbitPrint.WARNING:  | | | data_pelanggan.php -> jml. pelanggan : 1 [] []
[2019-05-01 17:54:12] RabbitPrint.WARNING:  | | | functions.php -> getDetailPesananKey() -> selectkey : SELECT MAX(detail_pesanan_key) AS detail_key FROM detail_pesanan; [] []
[2019-05-01 17:54:12] RabbitPrint.WARNING:  | | | functions.php -> getDetailPesananKey() -> detail_key : 0000000027 [] []
[2019-05-01 17:54:12] RabbitPrint.WARNING:  | | | pesanan.php -> load [] []
[2019-05-01 17:54:26] RabbitPrint.WARNING:  | | | data_pelanggan.php -> sel_pelanggan : SELECT * FROM pelanggan [] []
[2019-05-01 17:54:26] RabbitPrint.WARNING:  | | | data_pelanggan.php -> jml. pelanggan : 1 [] []
[2019-05-01 17:54:26] RabbitPrint.WARNING:  | | | functions.php -> getDetailPesananKey() -> selectkey : SELECT MAX(detail_pesanan_key) AS detail_key FROM detail_pesanan; [] []
[2019-05-01 17:54:26] RabbitPrint.WARNING:  | | | functions.php -> getDetailPesananKey() -> detail_key : 0000000027 [] []
[2019-05-01 17:54:26] RabbitPrint.WARNING:  | | | pesanan.php -> load [] []
[2019-05-01 17:55:20] RabbitPrint.WARNING:  | | | data_pelanggan.php -> sel_pelanggan : SELECT * FROM pelanggan [] []
[2019-05-01 17:55:20] RabbitPrint.WARNING:  | | | data_pelanggan.php -> jml. pelanggan : 1 [] []
[2019-05-01 17:55:20] RabbitPrint.WARNING:  | | | functions.php -> getDetailPesananKey() -> selectkey : SELECT MAX(detail_pesanan_key) AS detail_key FROM detail_pesanan; [] []
[2019-05-01 17:55:20] RabbitPrint.WARNING:  | | | functions.php -> getDetailPesananKey() -> detail_key : 0000000027 [] []
[2019-05-01 17:55:20] RabbitPrint.WARNING:  | | | pesanan.php -> load [] []
[2019-05-01 17:56:30] RabbitPrint.WARNING:  | | | data_pelanggan.php -> sel_pelanggan : SELECT * FROM pelanggan [] []
[2019-05-01 17:56:30] RabbitPrint.WARNING:  | | | data_pelanggan.php -> jml. pelanggan : 1 [] []
[2019-05-01 17:56:30] RabbitPrint.WARNING:  | | | functions.php -> getDetailPesananKey() -> selectkey : SELECT MAX(detail_pesanan_key) AS detail_key FROM detail_pesanan; [] []
[2019-05-01 17:56:30] RabbitPrint.WARNING:  | | | functions.php -> getDetailPesananKey() -> detail_key : 0000000027 [] []
[2019-05-01 17:56:30] RabbitPrint.WARNING:  | | | pesanan.php -> load [] []
[2019-05-01 17:57:02] RabbitPrint.WARNING:  | | | data_pelanggan.php -> sel_pelanggan : SELECT * FROM pelanggan [] []
[2019-05-01 17:57:02] RabbitPrint.WARNING:  | | | data_pelanggan.php -> jml. pelanggan : 1 [] []
[2019-05-01 17:57:02] RabbitPrint.WARNING:  | | | functions.php -> getDetailPesananKey() -> selectkey : SELECT MAX(detail_pesanan_key) AS detail_key FROM detail_pesanan; [] []
[2019-05-01 17:57:02] RabbitPrint.WARNING:  | | | functions.php -> getDetailPesananKey() -> detail_key : 0000000027 [] []
[2019-05-01 17:57:02] RabbitPrint.WARNING:  | | | pesanan.php -> load [] []
[2019-05-01 17:57:24] RabbitPrint.WARNING:  | | | data_pelanggan.php -> sel_pelanggan : SELECT * FROM pelanggan [] []
[2019-05-01 17:57:24] RabbitPrint.WARNING:  | | | data_pelanggan.php -> jml. pelanggan : 1 [] []
[2019-05-01 17:57:24] RabbitPrint.WARNING:  | | | functions.php -> getDetailPesananKey() -> selectkey : SELECT MAX(detail_pesanan_key) AS detail_key FROM detail_pesanan; [] []
[2019-05-01 17:57:24] RabbitPrint.WARNING:  | | | functions.php -> getDetailPesananKey() -> detail_key : 0000000027 [] []
[2019-05-01 17:57:24] RabbitPrint.WARNING:  | | | pesanan.php -> load [] []
[2019-05-01 17:57:57] RabbitPrint.WARNING:  | | | data_pelanggan.php -> sel_pelanggan : SELECT * FROM pelanggan [] []
[2019-05-01 17:57:57] RabbitPrint.WARNING:  | | | data_pelanggan.php -> jml. pelanggan : 1 [] []
[2019-05-01 17:57:57] RabbitPrint.WARNING:  | | | functions.php -> getDetailPesananKey() -> selectkey : SELECT MAX(detail_pesanan_key) AS detail_key FROM detail_pesanan; [] []
[2019-05-01 17:57:57] RabbitPrint.WARNING:  | | | functions.php -> getDetailPesananKey() -> detail_key : 0000000027 [] []
[2019-05-01 17:57:57] RabbitPrint.WARNING:  | | | pesanan.php -> load [] []
[2019-05-01 17:58:55] RabbitPrint.WARNING:  | | | data_pelanggan.php -> sel_pelanggan : SELECT * FROM pelanggan [] []
[2019-05-01 17:58:55] RabbitPrint.WARNING:  | | | data_pelanggan.php -> jml. pelanggan : 1 [] []
[2019-05-01 17:58:55] RabbitPrint.WARNING:  | | | functions.php -> getDetailPesananKey() -> selectkey : SELECT MAX(detail_pesanan_key) AS detail_key FROM detail_pesanan; [] []
[2019-05-01 17:58:55] RabbitPrint.WARNING:  | | | functions.php -> getDetailPesananKey() -> detail_key : 0000000027 [] []
[2019-05-01 17:58:55] RabbitPrint.WARNING:  | | | pesanan.php -> load [] []
[2019-05-01 17:59:24] RabbitPrint.WARNING:  | | | data_pelanggan.php -> sel_pelanggan : SELECT * FROM pelanggan [] []
[2019-05-01 17:59:24] RabbitPrint.WARNING:  | | | data_pelanggan.php -> jml. pelanggan : 1 [] []
[2019-05-01 17:59:24] RabbitPrint.WARNING:  | | | functions.php -> getDetailPesananKey() -> selectkey : SELECT MAX(detail_pesanan_key) AS detail_key FROM detail_pesanan; [] []
[2019-05-01 17:59:24] RabbitPrint.WARNING:  | | | functions.php -> getDetailPesananKey() -> detail_key : 0000000027 [] []
[2019-05-01 17:59:24] RabbitPrint.WARNING:  | | | pesanan.php -> load [] []
[2019-05-01 18:03:35] RabbitPrint.WARNING:  | | | data_pelanggan.php -> sel_pelanggan : SELECT * FROM pelanggan [] []
[2019-05-01 18:03:35] RabbitPrint.WARNING:  | | | data_pelanggan.php -> jml. pelanggan : 1 [] []
[2019-05-01 18:03:35] RabbitPrint.WARNING:  | | | functions.php -> getDetailPesananKey() -> selectkey : SELECT MAX(detail_pesanan_key) AS detail_key FROM detail_pesanan; [] []
[2019-05-01 18:03:35] RabbitPrint.WARNING:  | | | functions.php -> getDetailPesananKey() -> detail_key : 0000000027 [] []
[2019-05-01 18:03:35] RabbitPrint.WARNING:  | | | pesanan.php -> load [] []
[2019-05-01 18:04:07] RabbitPrint.WARNING:  | | | data_pelanggan.php -> sel_pelanggan : SELECT * FROM pelanggan [] []
[2019-05-01 18:04:07] RabbitPrint.WARNING:  | | | data_pelanggan.php -> jml. pelanggan : 1 [] []
[2019-05-01 18:04:07] RabbitPrint.WARNING:  | | | functions.php -> getDetailPesananKey() -> selectkey : SELECT MAX(detail_pesanan_key) AS detail_key FROM detail_pesanan; [] []
[2019-05-01 18:04:07] RabbitPrint.WARNING:  | | | functions.php -> getDetailPesananKey() -> detail_key : 0000000027 [] []
[2019-05-01 18:04:07] RabbitPrint.WARNING:  | | | pesanan.php -> load [] []
[2019-05-01 18:09:16] RabbitPrint.WARNING:  | | | data_pelanggan.php -> sel_pelanggan : SELECT * FROM pelanggan [] []
[2019-05-01 18:09:16] RabbitPrint.WARNING:  | | | data_pelanggan.php -> jml. pelanggan : 1 [] []
[2019-05-01 18:09:16] RabbitPrint.WARNING:  | | | functions.php -> getDetailPesananKey() -> selectkey : SELECT MAX(detail_pesanan_key) AS detail_key FROM detail_pesanan; [] []
[2019-05-01 18:09:16] RabbitPrint.WARNING:  | | | functions.php -> getDetailPesananKey() -> detail_key : 0000000027 [] []
[2019-05-01 18:09:16] RabbitPrint.WARNING:  | | | pesanan.php -> load [] []
[2019-05-01 18:10:52] RabbitPrint.WARNING:  | | | data_pelanggan.php -> sel_pelanggan : SELECT * FROM pelanggan [] []
[2019-05-01 18:10:52] RabbitPrint.WARNING:  | | | data_pelanggan.php -> jml. pelanggan : 1 [] []
[2019-05-01 18:10:52] RabbitPrint.WARNING:  | | | functions.php -> getDetailPesananKey() -> selectkey : SELECT MAX(detail_pesanan_key) AS detail_key FROM detail_pesanan; [] []
[2019-05-01 18:10:52] RabbitPrint.WARNING:  | | | functions.php -> getDetailPesananKey() -> detail_key : 0000000027 [] []
[2019-05-01 18:10:52] RabbitPrint.WARNING:  | | | pesanan.php -> load [] []
[2019-05-01 18:11:22] RabbitPrint.WARNING:  | | | data_pelanggan.php -> sel_pelanggan : SELECT * FROM pelanggan [] []
[2019-05-01 18:11:22] RabbitPrint.WARNING:  | | | data_pelanggan.php -> jml. pelanggan : 1 [] []
[2019-05-01 18:11:22] RabbitPrint.WARNING:  | | | functions.php -> getDetailPesananKey() -> selectkey : SELECT MAX(detail_pesanan_key) AS detail_key FROM detail_pesanan; [] []
[2019-05-01 18:11:22] RabbitPrint.WARNING:  | | | functions.php -> getDetailPesananKey() -> detail_key : 0000000027 [] []
[2019-05-01 18:11:22] RabbitPrint.WARNING:  | | | pesanan.php -> load [] []
[2019-05-01 18:11:43] RabbitPrint.WARNING:  | | | data_pelanggan.php -> sel_pelanggan : SELECT * FROM pelanggan [] []
[2019-05-01 18:11:43] RabbitPrint.WARNING:  | | | data_pelanggan.php -> jml. pelanggan : 1 [] []
[2019-05-01 18:11:43] RabbitPrint.WARNING:  | | | functions.php -> getDetailPesananKey() -> selectkey : SELECT MAX(detail_pesanan_key) AS detail_key FROM detail_pesanan; [] []
[2019-05-01 18:11:43] RabbitPrint.WARNING:  | | | functions.php -> getDetailPesananKey() -> detail_key : 0000000027 [] []
[2019-05-01 18:11:43] RabbitPrint.WARNING:  | | | pesanan.php -> load [] []
[2019-05-01 18:22:28] RabbitPrint.WARNING:  | | | data_pelanggan.php -> sel_pelanggan : SELECT * FROM pelanggan [] []
[2019-05-01 18:22:28] RabbitPrint.WARNING:  | | | data_pelanggan.php -> jml. pelanggan : 1 [] []
[2019-05-01 18:22:28] RabbitPrint.WARNING:  | | | functions.php -> getDetailPesananKey() -> selectkey : SELECT MAX(detail_pesanan_key) AS detail_key FROM detail_pesanan; [] []
[2019-05-01 18:22:28] RabbitPrint.WARNING:  | | | functions.php -> getDetailPesananKey() -> detail_key : 0000000027 [] []
[2019-05-01 18:22:28] RabbitPrint.WARNING:  | | | pesanan.php -> load [] []
[2019-05-01 18:23:05] RabbitPrint.WARNING:  | | | data_pelanggan.php -> sel_pelanggan : SELECT * FROM pelanggan [] []
[2019-05-01 18:23:05] RabbitPrint.WARNING:  | | | data_pelanggan.php -> jml. pelanggan : 1 [] []
[2019-05-01 18:23:05] RabbitPrint.WARNING:  | | | functions.php -> getDetailPesananKey() -> selectkey : SELECT MAX(detail_pesanan_key) AS detail_key FROM detail_pesanan; [] []
[2019-05-01 18:23:05] RabbitPrint.WARNING:  | | | functions.php -> getDetailPesananKey() -> detail_key : 0000000027 [] []
[2019-05-01 18:23:05] RabbitPrint.WARNING:  | | | pesanan.php -> load [] []
[2019-05-01 18:23:41] RabbitPrint.WARNING:  | | | data_pelanggan.php -> sel_pelanggan : SELECT * FROM pelanggan [] []
[2019-05-01 18:23:41] RabbitPrint.WARNING:  | | | data_pelanggan.php -> jml. pelanggan : 1 [] []
[2019-05-01 18:23:41] RabbitPrint.WARNING:  | | | functions.php -> getDetailPesananKey() -> selectkey : SELECT MAX(detail_pesanan_key) AS detail_key FROM detail_pesanan; [] []
[2019-05-01 18:23:41] RabbitPrint.WARNING:  | | | functions.php -> getDetailPesananKey() -> detail_key : 0000000027 [] []
[2019-05-01 18:23:41] RabbitPrint.WARNING:  | | | pesanan.php -> load [] []
[2019-05-01 18:32:50] RabbitPrint.WARNING:  | | | data_pelanggan.php -> sel_pelanggan : SELECT * FROM pelanggan [] []
[2019-05-01 18:32:50] RabbitPrint.WARNING:  | | | data_pelanggan.php -> jml. pelanggan : 1 [] []
[2019-05-01 18:32:50] RabbitPrint.WARNING:  | | | functions.php -> getDetailPesananKey() -> selectkey : SELECT MAX(detail_pesanan_key) AS detail_key FROM detail_pesanan; [] []
[2019-05-01 18:32:50] RabbitPrint.WARNING:  | | | functions.php -> getDetailPesananKey() -> detail_key : 0000000001 [] []
[2019-05-01 18:32:50] RabbitPrint.WARNING:  | | | pesanan.php -> load [] []
[2019-05-01 18:38:39] RabbitPrint.WARNING:  | | | data_pelanggan.php -> sel_pelanggan : SELECT * FROM pelanggan [] []
[2019-05-01 18:38:39] RabbitPrint.WARNING:  | | | data_pelanggan.php -> jml. pelanggan : 1 [] []
[2019-05-01 18:38:39] RabbitPrint.WARNING:  | | | functions.php -> getDetailPesananKey() -> selectkey : SELECT MAX(detail_pesanan_key) AS detail_key FROM detail_pesanan; [] []
[2019-05-01 18:38:39] RabbitPrint.WARNING:  | | | functions.php -> getDetailPesananKey() -> detail_key : 0000000001 [] []
[2019-05-01 18:38:39] RabbitPrint.WARNING:  | | | pesanan.php -> load [] []
[2019-05-01 18:43:39] RabbitPrint.WARNING:  | | | data_pelanggan.php -> sel_pelanggan : SELECT * FROM pelanggan [] []
[2019-05-01 18:43:39] RabbitPrint.WARNING:  | | | data_pelanggan.php -> jml. pelanggan : 1 [] []
[2019-05-01 18:43:39] RabbitPrint.WARNING:  | | | functions.php -> getDetailPesananKey() -> selectkey : SELECT MAX(detail_pesanan_key) AS detail_key FROM detail_pesanan; [] []
[2019-05-01 18:43:39] RabbitPrint.WARNING:  | | | functions.php -> getDetailPesananKey() -> detail_key : 0000000001 [] []
[2019-05-01 18:43:39] RabbitPrint.WARNING:  | | | pesanan.php -> load [] []
[2019-05-01 19:54:29] RabbitPrint.WARNING:  | | | data_pelanggan.php -> sel_pelanggan : SELECT * FROM pelanggan [] []
[2019-05-01 19:54:29] RabbitPrint.WARNING:  | | | data_pelanggan.php -> jml. pelanggan : 1 [] []
[2019-05-01 19:54:29] RabbitPrint.WARNING:  | | | functions.php -> getDetailPesananKey() -> selectkey : SELECT MAX(detail_pesanan_key) AS detail_key FROM detail_pesanan; [] []
[2019-05-01 19:54:29] RabbitPrint.WARNING:  | | | functions.php -> getDetailPesananKey() -> detail_key : 0000000001 [] []
[2019-05-01 19:54:29] RabbitPrint.WARNING:  | | | pesanan.php -> load [] []
[2019-05-01 19:56:45] RabbitPrint.WARNING:  | | | data_pelanggan.php -> sel_pelanggan : SELECT * FROM pelanggan [] []
[2019-05-01 19:56:45] RabbitPrint.WARNING:  | | | data_pelanggan.php -> jml. pelanggan : 1 [] []
[2019-05-01 19:56:45] RabbitPrint.WARNING:  | | | functions.php -> getDetailPesananKey() -> selectkey : SELECT MAX(detail_pesanan_key) AS detail_key FROM detail_pesanan; [] []
[2019-05-01 19:56:45] RabbitPrint.WARNING:  | | | functions.php -> getDetailPesananKey() -> detail_key : 0000000001 [] []
[2019-05-01 19:56:45] RabbitPrint.WARNING:  | | | pesanan.php -> load [] []
[2019-05-01 19:59:19] RabbitPrint.WARNING:  | | | data_pelanggan.php -> sel_pelanggan : SELECT * FROM pelanggan [] []
[2019-05-01 19:59:19] RabbitPrint.WARNING:  | | | data_pelanggan.php -> jml. pelanggan : 1 [] []
[2019-05-01 19:59:19] RabbitPrint.WARNING:  | | | functions.php -> getDetailPesananKey() -> selectkey : SELECT MAX(detail_pesanan_key) AS detail_key FROM detail_pesanan; [] []
[2019-05-01 19:59:19] RabbitPrint.WARNING:  | | | functions.php -> getDetailPesananKey() -> detail_key : 0000000001 [] []
[2019-05-01 19:59:19] RabbitPrint.WARNING:  | | | pesanan.php -> load [] []
[2019-05-01 20:01:06] RabbitPrint.WARNING:  | | | data_pelanggan.php -> sel_pelanggan : SELECT * FROM pelanggan [] []
[2019-05-01 20:01:06] RabbitPrint.WARNING:  | | | data_pelanggan.php -> jml. pelanggan : 1 [] []
[2019-05-01 20:01:06] RabbitPrint.WARNING:  | | | functions.php -> getDetailPesananKey() -> selectkey : SELECT MAX(detail_pesanan_key) AS detail_key FROM detail_pesanan; [] []
[2019-05-01 20:01:06] RabbitPrint.WARNING:  | | | functions.php -> getDetailPesananKey() -> detail_key : 0000000001 [] []
[2019-05-01 20:01:06] RabbitPrint.WARNING:  | | | pesanan.php -> load [] []
[2019-05-01 20:02:01] RabbitPrint.WARNING:  | | | functions.php -> getKodePesanan() -> selectkey : SELECT MAX(pesanan.pesanan_no_pesanan) AS psnkey FROM pesanan WHERE pesanan.pesanan_no_pesanan LIKE '%PSN-230519%' [] []
[2019-05-01 20:02:01] RabbitPrint.WARNING:  | | | functions.php -> getKodePesanan() -> psn_key : PSN-230519-001 [] []
[2019-05-01 20:02:01] RabbitPrint.WARNING:  | | | proses_pesanan.php -> load.. [] []
[2019-05-01 20:02:01] RabbitPrint.WARNING:  | | | proses_pesanan.php -> list_barang : Array [] []
[2019-05-01 20:02:01] RabbitPrint.WARNING:  | | | proses_pesanan.php -> insert ke pesanan -> sql_pesanan : INSERT INTO pesanan (cre_tms, upd_tms, cre_usr, upd_usr, pesanan_no_pesanan, pesanan_no_surat_jalan_masuk, pesanan_jenis_pesanan, pesanan_tanggal_pesanan, pesanan_pelanggan_id, pesanan_total_qty, pesanan_total_qty_packing) VALUES (NOW(), NOW(), 'superuser', 'superuser', 'PSN-230519-001', 'ASD123', 'Pesanan Baru', '2019-05-23', '1', 0, 0) [] []
[2019-05-01 20:02:01] RabbitPrint.WARNING:  | | | proses_pesanan.php -> insert ke pesanan -> BERHASIL [] []
[2019-05-01 20:02:01] RabbitPrint.WARNING:  | | | proses_pesanan.php -> page close. [] []
[2019-05-01 20:04:35] RabbitPrint.WARNING:  | | | data_pelanggan.php -> sel_pelanggan : SELECT * FROM pelanggan [] []
[2019-05-01 20:04:35] RabbitPrint.WARNING:  | | | data_pelanggan.php -> jml. pelanggan : 1 [] []
[2019-05-01 20:04:35] RabbitPrint.WARNING:  | | | functions.php -> getDetailPesananKey() -> selectkey : SELECT MAX(detail_pesanan_key) AS detail_key FROM detail_pesanan; [] []
[2019-05-01 20:04:35] RabbitPrint.WARNING:  | | | functions.php -> getDetailPesananKey() -> detail_key : 0000000001 [] []
[2019-05-01 20:04:35] RabbitPrint.WARNING:  | | | pesanan.php -> load [] []
[2019-05-01 20:05:11] RabbitPrint.WARNING:  | | | functions.php -> getKodePesanan() -> selectkey : SELECT MAX(pesanan.pesanan_no_pesanan) AS psnkey FROM pesanan WHERE pesanan.pesanan_no_pesanan LIKE '%PSN-300519%' [] []
[2019-05-01 20:05:11] RabbitPrint.WARNING:  | | | functions.php -> getKodePesanan() -> psn_key : PSN-300519-001 [] []
[2019-05-01 20:05:11] RabbitPrint.WARNING:  | | | proses_pesanan.php -> load.. [] []
[2019-05-01 20:05:11] RabbitPrint.WARNING:  | | | proses_pesanan.php -> list_barang : Array [] []
[2019-05-01 20:05:11] RabbitPrint.WARNING:  | | | proses_pesanan.php -> insert ke pesanan -> sql_pesanan : INSERT INTO pesanan (cre_tms, upd_tms, cre_usr, upd_usr, pesanan_no_pesanan, pesanan_no_surat_jalan_masuk, pesanan_jenis_pesanan, pesanan_tanggal_pesanan, pesanan_pelanggan_id, pesanan_total_qty, pesanan_total_qty_packing) VALUES (NOW(), NOW(), 'superuser', 'superuser', 'PSN-300519-001', 'ASD123', 'Pesanan Baru', '2019-05-30', '7', 0, 0) [] []
[2019-05-01 20:05:11] RabbitPrint.WARNING:  | | | proses_pesanan.php -> insert ke pesanan -> BERHASIL [] []
[2019-05-01 20:05:11] RabbitPrint.WARNING:  | | | proses_pesanan.php -> insert ke detail_pesanan -> sql_detail : INSERT INTO detail_pesanan (cre_tms, upd_tms, cre_usr, upd_usr, detail_pesanan_no_pesanan, detail_pesanan_key, detail_pesanan_nama_barang, detail_pesanan_jenis_print, detail_pesanan_detail_kain, detail_pesanan_nama_warna, detail_pesanan_qty, detail_pesanan_satuan, detail_pesanan_jenis_packing, detail_pesanan_qty_packing, detail_pesanan_warna, detail_pesanan_keterangan) VALUES ( NOW(), NOW(), 'superuser', 'superuser', 'PSN-300519-001', '0000000001', 'asdasd', 'asdasd', '1231', 'kuning', 12, 'Kg', 'Roll', 2, 3, ''),( NOW(), NOW(), 'superuser', 'superuser', 'PSN-300519-001', '0000000002', 'asdasd', 'asdasd', '1231', 'kuning', 15, 'Kg', 'Roll', 2, 3, '') [] []
[2019-05-01 20:05:11] RabbitPrint.WARNING:  | | | proses_pesanan.php -> insert ke detail_pesanan -> BERHASIL [] []
[2019-05-01 20:05:13] RabbitPrint.WARNING:  | | | data_pelanggan.php -> sel_pelanggan : SELECT * FROM pelanggan [] []
[2019-05-01 20:05:13] RabbitPrint.WARNING:  | | | data_pelanggan.php -> jml. pelanggan : 1 [] []
[2019-05-01 20:05:13] RabbitPrint.WARNING:  | | | functions.php -> getDetailPesananKey() -> selectkey : SELECT MAX(detail_pesanan_key) AS detail_key FROM detail_pesanan; [] []
[2019-05-01 20:05:13] RabbitPrint.WARNING:  | | | functions.php -> getDetailPesananKey() -> detail_key : 0000000003 [] []
[2019-05-01 20:05:13] RabbitPrint.WARNING:  | | | pesanan.php -> load [] []
[2019-05-01 20:08:15] RabbitPrint.WARNING:  | | | functions.php -> getKodePesanan() -> selectkey : SELECT MAX(pesanan.pesanan_no_pesanan) AS psnkey FROM pesanan WHERE pesanan.pesanan_no_pesanan LIKE '%PSN-090219%' [] []
[2019-05-01 20:08:15] RabbitPrint.WARNING:  | | | functions.php -> getKodePesanan() -> psn_key : PSN-090219-001 [] []
[2019-05-01 20:08:15] RabbitPrint.WARNING:  | | | proses_pesanan.php -> load.. [] []
[2019-05-01 20:08:15] RabbitPrint.WARNING:  | | | proses_pesanan.php -> list_barang : Array [] []
[2019-05-01 20:08:15] RabbitPrint.WARNING:  | | | proses_pesanan.php -> insert ke pesanan -> sql_pesanan : INSERT INTO pesanan (cre_tms, upd_tms, cre_usr, upd_usr, pesanan_no_pesanan, pesanan_no_surat_jalan_masuk, pesanan_jenis_pesanan, pesanan_tanggal_pesanan, pesanan_pelanggan_id, pesanan_total_qty, pesanan_total_qty_packing) VALUES (NOW(), NOW(), 'superuser', 'superuser', 'PSN-090219-001', '9-02-19', 'Pesanan Baru', '2019-02-09', '13', 0, 0) [] []
[2019-05-01 20:08:15] RabbitPrint.WARNING:  | | | proses_pesanan.php -> insert ke pesanan -> BERHASIL [] []
[2019-05-01 20:08:15] RabbitPrint.WARNING:  | | | proses_pesanan.php -> insert ke detail_pesanan -> sql_detail : INSERT INTO detail_pesanan (cre_tms, upd_tms, cre_usr, upd_usr, detail_pesanan_no_pesanan, detail_pesanan_key, detail_pesanan_nama_barang, detail_pesanan_jenis_print, detail_pesanan_detail_kain, detail_pesanan_nama_warna, detail_pesanan_qty, detail_pesanan_satuan, detail_pesanan_jenis_packing, detail_pesanan_qty_packing, detail_pesanan_warna, detail_pesanan_keterangan) VALUES ( NOW(), NOW(), 'superuser', 'superuser', 'PSN-090219-001', '0000000003', 'potongan handuk cream (60x120)', 'Bear love', '', 'biru', 360, 'PT', 'PT', 1, 6, ''),( NOW(), NOW(), 'superuser', 'superuser', 'PSN-090219-001', '0000000004', 'potongan handuk cream (60x120)', 'Bear love', '', 'pink', 360, 'PT', 'PT', 1, 6, '') [] []
[2019-05-01 20:08:15] RabbitPrint.WARNING:  | | | proses_pesanan.php -> insert ke detail_pesanan -> BERHASIL [] []
[2019-05-01 20:08:17] RabbitPrint.WARNING:  | | | data_pelanggan.php -> sel_pelanggan : SELECT * FROM pelanggan [] []
[2019-05-01 20:08:17] RabbitPrint.WARNING:  | | | data_pelanggan.php -> jml. pelanggan : 1 [] []
[2019-05-01 20:08:17] RabbitPrint.WARNING:  | | | functions.php -> getDetailPesananKey() -> selectkey : SELECT MAX(detail_pesanan_key) AS detail_key FROM detail_pesanan; [] []
[2019-05-01 20:08:17] RabbitPrint.WARNING:  | | | functions.php -> getDetailPesananKey() -> detail_key : 0000000005 [] []
[2019-05-01 20:08:17] RabbitPrint.WARNING:  | | | pesanan.php -> load [] []
[2019-05-01 20:10:56] RabbitPrint.WARNING:  | | | data_pelanggan.php -> sel_pelanggan : SELECT * FROM pelanggan [] []
[2019-05-01 20:10:56] RabbitPrint.WARNING:  | | | data_pelanggan.php -> jml. pelanggan : 1 [] []
[2019-05-01 20:10:56] RabbitPrint.WARNING:  | | | functions.php -> getDetailPesananKey() -> selectkey : SELECT MAX(detail_pesanan_key) AS detail_key FROM detail_pesanan; [] []
[2019-05-01 20:10:56] RabbitPrint.WARNING:  | | | functions.php -> getDetailPesananKey() -> detail_key : 0000000005 [] []
[2019-05-01 20:10:56] RabbitPrint.WARNING:  | | | pesanan.php -> load [] []
[2019-05-01 20:11:19] RabbitPrint.WARNING:  | | | logout.php -> user akan logout : 1 [] []
[2019-05-01 20:11:19] RabbitPrint.WARNING:  | | | logout.php -> upd_login : UPDATE s_login SET status = 0 WHERE id_user = 1 [] []
[2019-05-01 20:11:19] RabbitPrint.WARNING:  | | | logout.php -> LOGOUT SUCCESS! [] []
